#
# There is insufficient memory for the Java Runtime Environment to continue.
# Native memory allocation (mmap) failed to map 13631488 bytes for G1 virtual space
# Possible reasons:
#   The system is out of physical RAM or swap space
#   The process is running with CompressedOops enabled, and the Java Heap may be blocking the growth of the native heap
# Possible solutions:
#   Reduce memory load on the system
#   Increase physical memory or swap space
#   Check if swap backing store is full
#   Decrease Java heap size (-Xmx/-Xms)
#   Decrease number of Java threads
#   Decrease Java thread stack sizes (-Xss)
#   Set larger code cache with -XX:ReservedCodeCacheSize=
#   JVM is running with Unscaled Compressed Oops mode in which the Java heap is
#     placed in the first 4GB address space. The Java Heap base address is the
#     maximum limit for the native heap growth. Please use -XX:HeapBaseMinAddress
#     to set the Java Heap base and to place the Java Heap above 4GB virtual address.
# This output file may be truncated or incomplete.
#
#  Out of Memory Error (os_windows.cpp:3528), pid=12088, tid=12560
#
# JRE version: Java(TM) SE Runtime Environment (20.0.1+9) (build 20.0.1+9-29)
# Java VM: Java HotSpot(TM) 64-Bit Server VM (20.0.1+9-29, mixed mode, sharing, tiered, compressed oops, compressed class ptrs, g1 gc, windows-amd64)
# No core dump will be written. Minidumps are not enabled by default on client versions of Windows
#

---------------  S U M M A R Y ------------

Command Line: -Dfile.encoding=UTF-8 -Dstdout.encoding=UTF-8 -Dstderr.encoding=UTF-8 --module-path=C:\Users\Melissa Morgan\Documents\GitHub\Pig_CPS261_Final\pig\bin;C:\Users\Melissa Morgan\Documents\javafx-sdk-21\lib\javafx.base.jar;C:\Users\Melissa Morgan\Documents\javafx-sdk-21\lib\javafx.controls.jar;C:\Users\Melissa Morgan\Documents\javafx-sdk-21\lib\javafx.fxml.jar;C:\Users\Melissa Morgan\Documents\javafx-sdk-21\lib\javafx.graphics.jar;C:\Users\Melissa Morgan\Documents\javafx-sdk-21\lib\javafx.media.jar;C:\Users\Melissa Morgan\Documents\javafx-sdk-21\lib\javafx.swing.jar;C:\Users\Melissa Morgan\Documents\javafx-sdk-21\lib\javafx.web.jar;C:\Users\Melissa Morgan\Documents\javafx-sdk-21\lib\javafx-swt.jar;C:\Users\Melissa Morgan\.p2\pool\plugins\org.eclipse.fx.ide.css.jfx8_3.10.0.202303150700.jar -XX:+ShowCodeDetailsInExceptionMessages -Djdk.module.main=pig pig/application.Main

Host: Intel(R) Pentium(R) CPU 4415Y @ 1.60GHz, 4 cores, 3G,  Windows 10 , 64 bit Build 19041 (10.0.19041.3031)
Time: Mon Nov 20 14:06:58 2023 Eastern Standard Time elapsed time: 4.697496 seconds (0d 0h 0m 4s)

---------------  T H R E A D  ---------------

Current thread (0x00000206c12a05a0):  VMThread "VM Thread" [stack: 0x000000362e500000,0x000000362e600000] [id=12560]

Stack: [0x000000362e500000,0x000000362e600000]
Native frames: (J=compiled Java code, j=interpreted, Vv=VM code, C=native code)
V  [jvm.dll+0x6bb95a]
V  [jvm.dll+0x8485fa]
V  [jvm.dll+0x84a1f5]
V  [jvm.dll+0x84a8f3]
V  [jvm.dll+0x280b0f]
V  [jvm.dll+0x6b86e9]
V  [jvm.dll+0x6ad2da]
V  [jvm.dll+0x35adf5]
V  [jvm.dll+0x363016]
V  [jvm.dll+0x3b3b3e]
V  [jvm.dll+0x3b3dc5]
V  [jvm.dll+0x32b50a]
V  [jvm.dll+0x32b5b7]
V  [jvm.dll+0x373942]
V  [jvm.dll+0x372140]
V  [jvm.dll+0x32ac51]
V  [jvm.dll+0x371836]
V  [jvm.dll+0x85023e]
V  [jvm.dll+0x851351]
V  [jvm.dll+0x851859]
V  [jvm.dll+0x851ad3]
V  [jvm.dll+0x7f4b56]
V  [jvm.dll+0x6ba5cb]
C  [ucrtbase.dll+0x21bb2]
C  [KERNEL32.DLL+0x17614]
C  [ntdll.dll+0x526f1]

VM_Operation (0x000000362f3c1950): G1CollectForAllocation, mode: safepoint, requested by thread 0x00000206e021b000


---------------  P R O C E S S  ---------------

Threads class SMR info:
_java_thread_list=0x00000206e0878600, length=17, elements={
0x00000206c11dbdd0, 0x00000206dbc8c470, 0x00000206dbc8d620, 0x00000206dbc90960,
0x00000206dbc92660, 0x00000206dbc94bc0, 0x00000206dbc9a8d0, 0x00000206dbc9edf0,
0x00000206dbc9fb20, 0x00000206e006e760, 0x00000206e01dae40, 0x00000206e0348cc0,
0x00000206e03d2d20, 0x00000206e021b000, 0x00000206e05ed7f0, 0x00000206e06425d0,
0x00000206e083d7d0
}

Java Threads: ( => current thread )
  0x00000206c11dbdd0 JavaThread "main" [_thread_blocked, id=12348, stack(0x000000362df00000,0x000000362e000000)]
  0x00000206dbc8c470 JavaThread "Reference Handler" daemon [_thread_blocked, id=8584, stack(0x000000362e600000,0x000000362e700000)]
  0x00000206dbc8d620 JavaThread "Finalizer" daemon [_thread_blocked, id=12968, stack(0x000000362e700000,0x000000362e800000)]
  0x00000206dbc90960 JavaThread "Signal Dispatcher" daemon [_thread_blocked, id=9896, stack(0x000000362e800000,0x000000362e900000)]
  0x00000206dbc92660 JavaThread "Attach Listener" daemon [_thread_blocked, id=8812, stack(0x000000362e900000,0x000000362ea00000)]
  0x00000206dbc94bc0 JavaThread "Service Thread" daemon [_thread_blocked, id=13156, stack(0x000000362ea00000,0x000000362eb00000)]
  0x00000206dbc9a8d0 JavaThread "Monitor Deflation Thread" daemon [_thread_blocked, id=2628, stack(0x000000362eb00000,0x000000362ec00000)]
  0x00000206dbc9edf0 JavaThread "C2 CompilerThread0" daemon [_thread_blocked, id=11980, stack(0x000000362ec00000,0x000000362ed00000)]
  0x00000206dbc9fb20 JavaThread "C1 CompilerThread0" daemon [_thread_blocked, id=5980, stack(0x000000362ed00000,0x000000362ee00000)]
  0x00000206e006e760 JavaThread "Common-Cleaner" daemon [_thread_blocked, id=1468, stack(0x000000362ee00000,0x000000362ef00000)]
  0x00000206e01dae40 JavaThread "Notification Thread" daemon [_thread_blocked, id=9444, stack(0x000000362ef00000,0x000000362f000000)]
  0x00000206e0348cc0 JavaThread "QuantumRenderer-0" daemon [_thread_blocked, id=10060, stack(0x000000362f100000,0x000000362f200000)]
  0x00000206e03d2d20 JavaThread "InvokeLaterDispatcher" daemon [_thread_blocked, id=2016, stack(0x000000362f200000,0x000000362f300000)]
  0x00000206e021b000 JavaThread "JavaFX Application Thread" [_thread_blocked, id=12864, stack(0x000000362f300000,0x000000362f400000)]
  0x00000206e05ed7f0 JavaThread "Thread-1" daemon [_thread_blocked, id=5376, stack(0x000000362f700000,0x000000362f800000)]
  0x00000206e06425d0 JavaThread "JavaFX-Launcher" [_thread_blocked, id=12868, stack(0x000000362f800000,0x000000362f900000)]
  0x00000206e083d7d0 JavaThread "Prism Font Disposer" daemon [_thread_blocked, id=8340, stack(0x000000362f900000,0x000000362fa00000)]

Other Threads:
=>0x00000206c12a05a0 VMThread "VM Thread" [stack: 0x000000362e500000,0x000000362e600000] [id=12560]
  0x00000206c11dc870 WatcherThread "VM Periodic Task Thread" [stack: 0x000000362f000000,0x000000362f100000] [id=11692]
  0x00000206c121cfb0 WorkerThread "GC Thread#0" [stack: 0x000000362e000000,0x000000362e100000] [id=12416]
  0x00000206e03572c0 WorkerThread "GC Thread#1" [stack: 0x000000362f400000,0x000000362f500000] [id=2888]
  0x00000206e0356a50 WorkerThread "GC Thread#2" [stack: 0x000000362f500000,0x000000362f600000] [id=3964]
  0x00000206e0357590 WorkerThread "GC Thread#3" [stack: 0x000000362f600000,0x000000362f700000] [id=2344]
  0x00000206c1225c70 ConcurrentGCThread "G1 Main Marker" [stack: 0x000000362e100000,0x000000362e200000] [id=2256]
  0x00000206c1228500 WorkerThread "G1 Conc#0" [stack: 0x000000362e200000,0x000000362e300000] [id=10748]
  0x00000206c127c400 ConcurrentGCThread "G1 Refine#0" [stack: 0x000000362e300000,0x000000362e400000] [id=5184]
  0x00000206c127e170 ConcurrentGCThread "G1 Service" [stack: 0x000000362e400000,0x000000362e500000] [id=12712]

Threads with active compile tasks:
C2 CompilerThread0     4792 2589       4       java.util.HashMap$EntryIterator::next (5 bytes)

VM state: at safepoint (normal execution)

VM Mutex/Monitor currently owned by a thread:  ([mutex/lock_event])
[0x00000206c11dafe0] Threads_lock - owner thread: 0x00000206c12a05a0
[0x00000206c11da4a0] Heap_lock - owner thread: 0x00000206e021b000

Heap address: 0x00000000c1c00000, size: 996 MB, Compressed Oops mode: 32-bit

CDS archive(s) mapped at: [0x0000000800000000-0x0000000800c60000-0x0000000800c60000), size 12976128, SharedBaseAddress: 0x0000000800000000, ArchiveRelocationMode: 0.
Compressed class space mapped at: 0x0000000801000000-0x0000000841000000, reserved size: 1073741824
Narrow klass base: 0x0000000800000000, Narrow klass shift: 0, Narrow klass range: 0x100000000

GC Precious Log:
 CardTable entry size: 512
 Card Set container configuration: InlinePtr #cards 5 size 8 Array Of Cards #cards 12 size 40 Howl #buckets 4 coarsen threshold 1843 Howl Bitmap #cards 512 size 80 coarsen threshold 460 Card regions per heap region 1 cards per card region 2048
 CPUs: 4 total, 4 available
 Memory: 3980M
 Large Page Support: Disabled
 NUMA Support: Disabled
 Compressed Oops: Enabled (32-bit)
 Heap Region Size: 1M
 Heap Min Capacity: 8M
 Heap Initial Capacity: 64M
 Heap Max Capacity: 996M
 Pre-touch: Disabled
 Parallel Workers: 4
 Concurrent Workers: 1
 Concurrent Refinement Workers: 4
 Periodic GC: Disabled

Heap:
 garbage-first heap   total 65536K, used 35818K [0x00000000c1c00000, 0x0000000100000000)
  region size 1024K, 3 young (3072K), 3 survivors (3072K)
 Metaspace       used 10702K, committed 11072K, reserved 1114112K
  class space    used 1390K, committed 1536K, reserved 1048576K

Heap Regions: E=young(eden), S=young(survivor), O=old, HS=humongous(starts), HC=humongous(continues), CS=collection set, F=free, OA=open archive, CA=closed archive, TAMS=top-at-mark-start, PB=parsable bottom
|   0|0x00000000c1c00000, 0x00000000c1d00000, 0x00000000c1d00000|100%| O|  |TAMS 0x00000000c1c00000| PB 0x00000000c1c00000| Untracked 
|   1|0x00000000c1d00000, 0x00000000c1e00000, 0x00000000c1e00000|100%| O|  |TAMS 0x00000000c1d00000| PB 0x00000000c1d00000| Untracked 
|   2|0x00000000c1e00000, 0x00000000c1f00000, 0x00000000c1f00000|100%| O|  |TAMS 0x00000000c1e00000| PB 0x00000000c1e00000| Untracked 
|   3|0x00000000c1f00000, 0x00000000c2000000, 0x00000000c2000000|100%| O|  |TAMS 0x00000000c1f00000| PB 0x00000000c1f00000| Untracked 
|   4|0x00000000c2000000, 0x00000000c2100000, 0x00000000c2100000|100%| O|  |TAMS 0x00000000c2000000| PB 0x00000000c2000000| Untracked 
|   5|0x00000000c2100000, 0x00000000c2200000, 0x00000000c2200000|100%| O|  |TAMS 0x00000000c2100000| PB 0x00000000c2100000| Untracked 
|   6|0x00000000c2200000, 0x00000000c2300000, 0x00000000c2300000|100%| O|  |TAMS 0x00000000c2200000| PB 0x00000000c2200000| Untracked 
|   7|0x00000000c2300000, 0x00000000c2400000, 0x00000000c2400000|100%| O|  |TAMS 0x00000000c2300000| PB 0x00000000c2300000| Untracked 
|   8|0x00000000c2400000, 0x00000000c2500000, 0x00000000c2500000|100%| O|  |TAMS 0x00000000c2400000| PB 0x00000000c2400000| Untracked 
|   9|0x00000000c2500000, 0x00000000c2600000, 0x00000000c2600000|100%| O|  |TAMS 0x00000000c2500000| PB 0x00000000c2500000| Untracked 
|  10|0x00000000c2600000, 0x00000000c2700000, 0x00000000c2700000|100%| O|  |TAMS 0x00000000c2600000| PB 0x00000000c2600000| Untracked 
|  11|0x00000000c2700000, 0x00000000c2800000, 0x00000000c2800000|100%| O|  |TAMS 0x00000000c2700000| PB 0x00000000c2700000| Untracked 
|  12|0x00000000c2800000, 0x00000000c2900000, 0x00000000c2900000|100%| O|  |TAMS 0x00000000c2800000| PB 0x00000000c2800000| Untracked 
|  13|0x00000000c2900000, 0x00000000c2a00000, 0x00000000c2a00000|100%| O|  |TAMS 0x00000000c2900000| PB 0x00000000c2900000| Untracked 
|  14|0x00000000c2a00000, 0x00000000c2b00000, 0x00000000c2b00000|100%| O|  |TAMS 0x00000000c2a00000| PB 0x00000000c2a00000| Untracked 
|  15|0x00000000c2b00000, 0x00000000c2c00000, 0x00000000c2c00000|100%| O|  |TAMS 0x00000000c2b00000| PB 0x00000000c2b00000| Untracked 
|  16|0x00000000c2c00000, 0x00000000c2d00000, 0x00000000c2d00000|100%| O|  |TAMS 0x00000000c2c00000| PB 0x00000000c2c00000| Untracked 
|  17|0x00000000c2d00000, 0x00000000c2e00000, 0x00000000c2e00000|100%| O|  |TAMS 0x00000000c2d00000| PB 0x00000000c2d00000| Untracked 
|  18|0x00000000c2e00000, 0x00000000c2f00000, 0x00000000c2f00000|100%| O|  |TAMS 0x00000000c2e00000| PB 0x00000000c2e00000| Untracked 
|  19|0x00000000c2f00000, 0x00000000c3000000, 0x00000000c3000000|100%| O|  |TAMS 0x00000000c2f00000| PB 0x00000000c2f00000| Untracked 
|  20|0x00000000c3000000, 0x00000000c3100000, 0x00000000c3100000|100%| O|  |TAMS 0x00000000c3000000| PB 0x00000000c3000000| Untracked 
|  21|0x00000000c3100000, 0x00000000c3200000, 0x00000000c3200000|100%| O|  |TAMS 0x00000000c3100000| PB 0x00000000c3100000| Untracked 
|  22|0x00000000c3200000, 0x00000000c3300000, 0x00000000c3300000|100%| O|  |TAMS 0x00000000c3200000| PB 0x00000000c3200000| Untracked 
|  23|0x00000000c3300000, 0x00000000c3400000, 0x00000000c3400000|100%| O|  |TAMS 0x00000000c3300000| PB 0x00000000c3300000| Untracked 
|  24|0x00000000c3400000, 0x00000000c3500000, 0x00000000c3500000|100%| O|  |TAMS 0x00000000c3400000| PB 0x00000000c3400000| Untracked 
|  25|0x00000000c3500000, 0x00000000c3600000, 0x00000000c3600000|100%| O|  |TAMS 0x00000000c3500000| PB 0x00000000c3500000| Untracked 
|  26|0x00000000c3600000, 0x00000000c3700000, 0x00000000c3700000|100%| O|  |TAMS 0x00000000c3600000| PB 0x00000000c3600000| Untracked 
|  27|0x00000000c3700000, 0x00000000c3800000, 0x00000000c3800000|100%| O|  |TAMS 0x00000000c3700000| PB 0x00000000c3700000| Untracked 
|  28|0x00000000c3800000, 0x00000000c3900000, 0x00000000c3900000|100%| O|  |TAMS 0x00000000c3800000| PB 0x00000000c3800000| Untracked 
|  29|0x00000000c3900000, 0x00000000c3a00000, 0x00000000c3a00000|100%| O|  |TAMS 0x00000000c3900000| PB 0x00000000c3900000| Untracked 
|  30|0x00000000c3a00000, 0x00000000c3b00000, 0x00000000c3b00000|100%| O|  |TAMS 0x00000000c3a00000| PB 0x00000000c3a00000| Untracked 
|  31|0x00000000c3b00000, 0x00000000c3bfa800, 0x00000000c3c00000| 97%| O|  |TAMS 0x00000000c3b00000| PB 0x00000000c3b00000| Untracked 
|  32|0x00000000c3c00000, 0x00000000c3c00000, 0x00000000c3d00000|  0%| F|  |TAMS 0x00000000c3c00000| PB 0x00000000c3c00000| Untracked 
|  33|0x00000000c3d00000, 0x00000000c3d00000, 0x00000000c3e00000|  0%| F|  |TAMS 0x00000000c3d00000| PB 0x00000000c3d00000| Untracked 
|  34|0x00000000c3e00000, 0x00000000c3e00000, 0x00000000c3f00000|  0%| F|  |TAMS 0x00000000c3e00000| PB 0x00000000c3e00000| Untracked 
|  35|0x00000000c3f00000, 0x00000000c3f00000, 0x00000000c4000000|  0%| F|  |TAMS 0x00000000c3f00000| PB 0x00000000c3f00000| Untracked 
|  36|0x00000000c4000000, 0x00000000c4000000, 0x00000000c4100000|  0%| F|  |TAMS 0x00000000c4000000| PB 0x00000000c4000000| Untracked 
|  37|0x00000000c4100000, 0x00000000c4100000, 0x00000000c4200000|  0%| F|  |TAMS 0x00000000c4100000| PB 0x00000000c4100000| Untracked 
|  38|0x00000000c4200000, 0x00000000c4200000, 0x00000000c4300000|  0%| F|  |TAMS 0x00000000c4200000| PB 0x00000000c4200000| Untracked 
|  39|0x00000000c4300000, 0x00000000c4300000, 0x00000000c4400000|  0%| F|  |TAMS 0x00000000c4300000| PB 0x00000000c4300000| Untracked 
|  40|0x00000000c4400000, 0x00000000c4500000, 0x00000000c4500000|100%| S|CS|TAMS 0x00000000c4400000| PB 0x00000000c4400000| Complete 
|  41|0x00000000c4500000, 0x00000000c4500000, 0x00000000c4600000|  0%| F|  |TAMS 0x00000000c4500000| PB 0x00000000c4500000| Untracked 
|  42|0x00000000c4600000, 0x00000000c4600000, 0x00000000c4700000|  0%| F|  |TAMS 0x00000000c4600000| PB 0x00000000c4600000| Untracked 
|  43|0x00000000c4700000, 0x00000000c4800000, 0x00000000c4800000|100%| S|CS|TAMS 0x00000000c4700000| PB 0x00000000c4700000| Complete 
|  44|0x00000000c4800000, 0x00000000c4900000, 0x00000000c4900000|100%| S|CS|TAMS 0x00000000c4800000| PB 0x00000000c4800000| Complete 
|  45|0x00000000c4900000, 0x00000000c4900000, 0x00000000c4a00000|  0%| F|  |TAMS 0x00000000c4900000| PB 0x00000000c4900000| Untracked 
|  46|0x00000000c4a00000, 0x00000000c4a00000, 0x00000000c4b00000|  0%| F|  |TAMS 0x00000000c4a00000| PB 0x00000000c4a00000| Untracked 
|  47|0x00000000c4b00000, 0x00000000c4b00000, 0x00000000c4c00000|  0%| F|  |TAMS 0x00000000c4b00000| PB 0x00000000c4b00000| Untracked 
|  48|0x00000000c4c00000, 0x00000000c4c00000, 0x00000000c4d00000|  0%| F|  |TAMS 0x00000000c4c00000| PB 0x00000000c4c00000| Untracked 
|  49|0x00000000c4d00000, 0x00000000c4d00000, 0x00000000c4e00000|  0%| F|  |TAMS 0x00000000c4d00000| PB 0x00000000c4d00000| Untracked 
|  50|0x00000000c4e00000, 0x00000000c4e00000, 0x00000000c4f00000|  0%| F|  |TAMS 0x00000000c4e00000| PB 0x00000000c4e00000| Untracked 
|  51|0x00000000c4f00000, 0x00000000c4f00000, 0x00000000c5000000|  0%| F|  |TAMS 0x00000000c4f00000| PB 0x00000000c4f00000| Untracked 
|  52|0x00000000c5000000, 0x00000000c5000000, 0x00000000c5100000|  0%| F|  |TAMS 0x00000000c5000000| PB 0x00000000c5000000| Untracked 
|  53|0x00000000c5100000, 0x00000000c5100000, 0x00000000c5200000|  0%| F|  |TAMS 0x00000000c5100000| PB 0x00000000c5100000| Untracked 
|  54|0x00000000c5200000, 0x00000000c5200000, 0x00000000c5300000|  0%| F|  |TAMS 0x00000000c5200000| PB 0x00000000c5200000| Untracked 
|  55|0x00000000c5300000, 0x00000000c5300000, 0x00000000c5400000|  0%| F|  |TAMS 0x00000000c5300000| PB 0x00000000c5300000| Untracked 
|  56|0x00000000c5400000, 0x00000000c5400000, 0x00000000c5500000|  0%| F|  |TAMS 0x00000000c5400000| PB 0x00000000c5400000| Untracked 
|  57|0x00000000c5500000, 0x00000000c5500000, 0x00000000c5600000|  0%| F|  |TAMS 0x00000000c5500000| PB 0x00000000c5500000| Untracked 
|  58|0x00000000c5600000, 0x00000000c5600000, 0x00000000c5700000|  0%| F|  |TAMS 0x00000000c5600000| PB 0x00000000c5600000| Untracked 
|  59|0x00000000c5700000, 0x00000000c5700000, 0x00000000c5800000|  0%| F|  |TAMS 0x00000000c5700000| PB 0x00000000c5700000| Untracked 
|  60|0x00000000c5800000, 0x00000000c5800000, 0x00000000c5900000|  0%| F|  |TAMS 0x00000000c5800000| PB 0x00000000c5800000| Untracked 
|  61|0x00000000c5900000, 0x00000000c5900000, 0x00000000c5a00000|  0%| F|  |TAMS 0x00000000c5900000| PB 0x00000000c5900000| Untracked 
|  62|0x00000000c5a00000, 0x00000000c5a00000, 0x00000000c5b00000|  0%| F|  |TAMS 0x00000000c5a00000| PB 0x00000000c5a00000| Untracked 
|  63|0x00000000c5b00000, 0x00000000c5b00000, 0x00000000c5c00000|  0%| F|  |TAMS 0x00000000c5b00000| PB 0x00000000c5b00000| Untracked 

Card table byte_map: [0x00000206d84a0000,0x00000206d86a0000] _byte_map_base: 0x00000206d7e92000

Marking Bits: (CMBitMap*) 0x00000206c121d4f0
 Bits: [0x00000206d88a0000, 0x00000206d9830000)

Polling page: 0x00000206c09b0000

Metaspace:

Usage:
  Non-class:      9.09 MB used.
      Class:      1.36 MB used.
       Both:     10.45 MB used.

Virtual space:
  Non-class space:       64.00 MB reserved,       9.31 MB ( 15%) committed,  1 nodes.
      Class space:        1.00 GB reserved,       1.50 MB ( <1%) committed,  1 nodes.
             Both:        1.06 GB reserved,      10.81 MB ( <1%) committed. 

Chunk freelists:
   Non-Class:  2.23 MB
       Class:  2.33 MB
        Both:  4.56 MB

MaxMetaspaceSize: unlimited
CompressedClassSpaceSize: 1.00 GB
Initial GC threshold: 21.00 MB
Current GC threshold: 21.00 MB
CDS: on
MetaspaceReclaimPolicy: balanced
 - commit_granule_bytes: 65536.
 - commit_granule_words: 8192.
 - virtual_space_node_default_size: 8388608.
 - enlarge_chunks_in_place: 1.
 - new_chunks_are_fully_committed: 0.
 - uncommit_free_chunks: 1.
 - use_allocation_guard: 0.


Internal statistics:

num_allocs_failed_limit: 0.
num_arena_births: 366.
num_arena_deaths: 0.
num_vsnodes_births: 2.
num_vsnodes_deaths: 0.
num_space_committed: 173.
num_space_uncommitted: 0.
num_chunks_returned_to_freelist: 0.
num_chunks_taken_from_freelist: 730.
num_chunk_merges: 0.
num_chunk_splits: 479.
num_chunks_enlarged: 309.
num_inconsistent_stats: 0.

CodeHeap 'non-profiled nmethods': size=120000Kb used=814Kb max_used=814Kb free=119185Kb
 bounds [0x00000206d0d70000, 0x00000206d0fe0000, 0x00000206d82a0000]
CodeHeap 'profiled nmethods': size=120000Kb used=5591Kb max_used=5591Kb free=114409Kb
 bounds [0x00000206c92a0000, 0x00000206c9820000, 0x00000206d07d0000]
CodeHeap 'non-nmethods': size=5760Kb used=1574Kb max_used=1605Kb free=4185Kb
 bounds [0x00000206d07d0000, 0x00000206d0a40000, 0x00000206d0d70000]
 total_blobs=3177 nmethods=2588 adapters=500
 compilation: enabled
              stopped_count=0, restarted_count=0
 full_count=0

Compilation events (20 events):
Event: 4.643 Thread 0x00000206dbc9fb20 nmethod 2579 0x00000206c9812290 code [0x00000206c9812420, 0x00000206c98125d0]
Event: 4.648 Thread 0x00000206dbc9edf0 2580       4       java.lang.Class::getReflectionFactory (28 bytes)
Event: 4.649 Thread 0x00000206dbc9fb20 2581       3       javafx.beans.property.ReadOnlyIntegerProperty::<init> (5 bytes)
Event: 4.649 Thread 0x00000206dbc9fb20 nmethod 2581 0x00000206c9812690 code [0x00000206c9812820, 0x00000206c9812a48]
Event: 4.649 Thread 0x00000206dbc9edf0 nmethod 2580 0x00000206d0e3af10 code [0x00000206d0e3b080, 0x00000206d0e3b110]
Event: 4.649 Thread 0x00000206dbc9fb20 2582       3       javafx.beans.binding.IntegerExpression::<init> (5 bytes)
Event: 4.650 Thread 0x00000206dbc9fb20 nmethod 2582 0x00000206c9812b90 code [0x00000206c9812d20, 0x00000206c9812ee8]
Event: 4.658 Thread 0x00000206dbc9fb20 2583       3       javafx.scene.layout.Region::getSnapScaleX (8 bytes)
Event: 4.659 Thread 0x00000206dbc9fb20 nmethod 2583 0x00000206c9813010 code [0x00000206c9813240, 0x00000206c98139a8]
Event: 4.659 Thread 0x00000206dbc9fb20 2584       3       javafx.scene.layout.Region::_getSnapScaleXimpl (22 bytes)
Event: 4.660 Thread 0x00000206dbc9fb20 nmethod 2584 0x00000206c9813c10 code [0x00000206c9813e20, 0x00000206c9814328]
Event: 4.662 Thread 0x00000206dbc9fb20 2585       3       sun.nio.fs.WindowsPath::toWindowsPath (32 bytes)
Event: 4.662 Thread 0x00000206dbc9fb20 nmethod 2585 0x00000206c9814490 code [0x00000206c9814660, 0x00000206c9814af0]
Event: 4.671 Thread 0x00000206dbc9edf0 2586       4       java.lang.reflect.Constructor::copy (72 bytes)
Event: 4.671 Thread 0x00000206dbc9fb20 2587       3       java.util.TreeSet::addAll (82 bytes)
Event: 4.672 Thread 0x00000206dbc9fb20 nmethod 2587 0x00000206c9814c10 code [0x00000206c9814e40, 0x00000206c9815970]
Event: 4.676 Thread 0x00000206dbc9edf0 nmethod 2586 0x00000206d0e3b210 code [0x00000206d0e3b380, 0x00000206d0e3b658]
Event: 4.676 Thread 0x00000206dbc9edf0 2588       4       com.sun.org.apache.xerces.internal.util.NamespaceSupport::getURI (38 bytes)
Event: 4.680 Thread 0x00000206dbc9edf0 nmethod 2588 0x00000206d0e3b710 code [0x00000206d0e3b880, 0x00000206d0e3ba08]
Event: 4.680 Thread 0x00000206dbc9edf0 2589       4       java.util.HashMap$EntryIterator::next (5 bytes)

GC Heap History (11 events):
Event: 0.930 GC heap before
{Heap before GC invocations=0 (full 0):
 garbage-first heap   total 65536K, used 13312K [0x00000000c1c00000, 0x0000000100000000)
  region size 1024K, 13 young (13312K), 0 survivors (0K)
 Metaspace       used 2799K, committed 2944K, reserved 1114112K
  class space    used 303K, committed 384K, reserved 1048576K
}
Event: 0.935 GC heap after
{Heap after GC invocations=1 (full 0):
 garbage-first heap   total 65536K, used 1640K [0x00000000c1c00000, 0x0000000100000000)
  region size 1024K, 2 young (2048K), 2 survivors (2048K)
 Metaspace       used 2799K, committed 2944K, reserved 1114112K
  class space    used 303K, committed 384K, reserved 1048576K
}
Event: 2.097 GC heap before
{Heap before GC invocations=1 (full 0):
 garbage-first heap   total 65536K, used 20072K [0x00000000c1c00000, 0x0000000100000000)
  region size 1024K, 20 young (20480K), 2 survivors (2048K)
 Metaspace       used 8612K, committed 8896K, reserved 1114112K
  class space    used 1141K, committed 1280K, reserved 1048576K
}
Event: 2.110 GC heap after
{Heap after GC invocations=2 (full 0):
 garbage-first heap   total 65536K, used 4770K [0x00000000c1c00000, 0x0000000100000000)
  region size 1024K, 3 young (3072K), 3 survivors (3072K)
 Metaspace       used 8612K, committed 8896K, reserved 1114112K
  class space    used 1141K, committed 1280K, reserved 1048576K
}
Event: 3.593 GC heap before
{Heap before GC invocations=2 (full 0):
 garbage-first heap   total 65536K, used 39586K [0x00000000c1c00000, 0x0000000100000000)
  region size 1024K, 38 young (38912K), 3 survivors (3072K)
 Metaspace       used 10440K, committed 10816K, reserved 1114112K
  class space    used 1381K, committed 1536K, reserved 1048576K
}
Event: 3.613 GC heap after
{Heap after GC invocations=3 (full 0):
 garbage-first heap   total 65536K, used 17980K [0x00000000c1c00000, 0x0000000100000000)
  region size 1024K, 5 young (5120K), 5 survivors (5120K)
 Metaspace       used 10440K, committed 10816K, reserved 1114112K
  class space    used 1381K, committed 1536K, reserved 1048576K
}
Event: 4.015 GC heap before
{Heap before GC invocations=3 (full 0):
 garbage-first heap   total 65536K, used 41532K [0x00000000c1c00000, 0x0000000100000000)
  region size 1024K, 28 young (28672K), 5 survivors (5120K)
 Metaspace       used 10557K, committed 10880K, reserved 1114112K
  class space    used 1384K, committed 1536K, reserved 1048576K
}
Event: 4.028 GC heap after
{Heap after GC invocations=4 (full 0):
 garbage-first heap   total 65536K, used 25268K [0x00000000c1c00000, 0x0000000100000000)
  region size 1024K, 4 young (4096K), 4 survivors (4096K)
 Metaspace       used 10557K, committed 10880K, reserved 1114112K
  class space    used 1384K, committed 1536K, reserved 1048576K
}
Event: 4.363 GC heap before
{Heap before GC invocations=4 (full 0):
 garbage-first heap   total 65536K, used 45748K [0x00000000c1c00000, 0x0000000100000000)
  region size 1024K, 25 young (25600K), 4 survivors (4096K)
 Metaspace       used 10629K, committed 10944K, reserved 1114112K
  class space    used 1390K, committed 1536K, reserved 1048576K
}
Event: 4.369 GC heap after
{Heap after GC invocations=5 (full 0):
 garbage-first heap   total 65536K, used 30976K [0x00000000c1c00000, 0x0000000100000000)
  region size 1024K, 4 young (4096K), 4 survivors (4096K)
 Metaspace       used 10629K, committed 10944K, reserved 1114112K
  class space    used 1390K, committed 1536K, reserved 1048576K
}
Event: 4.681 GC heap before
{Heap before GC invocations=5 (full 0):
 garbage-first heap   total 65536K, used 49408K [0x00000000c1c00000, 0x0000000100000000)
  region size 1024K, 23 young (23552K), 4 survivors (4096K)
 Metaspace       used 10702K, committed 11072K, reserved 1114112K
  class space    used 1390K, committed 1536K, reserved 1048576K
}

Dll operation events (20 events):
Event: 0.703 Loaded shared library C:\Users\Melissa Morgan\Documents\javafx-sdk-21\bin\api-ms-win-crt-locale-l1-1-0.dll
Event: 0.705 Loaded shared library C:\Users\Melissa Morgan\Documents\javafx-sdk-21\bin\api-ms-win-crt-math-l1-1-0.dll
Event: 0.707 Loaded shared library C:\Users\Melissa Morgan\Documents\javafx-sdk-21\bin\api-ms-win-crt-multibyte-l1-1-0.dll
Event: 0.710 Loaded shared library C:\Users\Melissa Morgan\Documents\javafx-sdk-21\bin\api-ms-win-crt-private-l1-1-0.dll
Event: 0.713 Loaded shared library C:\Users\Melissa Morgan\Documents\javafx-sdk-21\bin\api-ms-win-crt-process-l1-1-0.dll
Event: 0.715 Loaded shared library C:\Users\Melissa Morgan\Documents\javafx-sdk-21\bin\api-ms-win-crt-runtime-l1-1-0.dll
Event: 0.717 Loaded shared library C:\Users\Melissa Morgan\Documents\javafx-sdk-21\bin\api-ms-win-crt-stdio-l1-1-0.dll
Event: 0.720 Loaded shared library C:\Users\Melissa Morgan\Documents\javafx-sdk-21\bin\api-ms-win-crt-string-l1-1-0.dll
Event: 0.722 Loaded shared library C:\Users\Melissa Morgan\Documents\javafx-sdk-21\bin\api-ms-win-crt-time-l1-1-0.dll
Event: 0.724 Loaded shared library C:\Users\Melissa Morgan\Documents\javafx-sdk-21\bin\api-ms-win-crt-utility-l1-1-0.dll
Event: 0.727 Loaded shared library C:\Users\Melissa Morgan\Documents\javafx-sdk-21\bin\ucrtbase.dll
Event: 0.730 Loaded shared library C:\Users\Melissa Morgan\Documents\javafx-sdk-21\bin\vcruntime140.dll
Event: 0.733 Loaded shared library C:\Users\Melissa Morgan\Documents\javafx-sdk-21\bin\vcruntime140_1.dll
Event: 0.737 Loaded shared library C:\Users\Melissa Morgan\Documents\javafx-sdk-21\bin\msvcp140.dll
Event: 0.739 Loaded shared library C:\Users\Melissa Morgan\Documents\javafx-sdk-21\bin\msvcp140_1.dll
Event: 0.742 Loaded shared library C:\Users\Melissa Morgan\Documents\javafx-sdk-21\bin\msvcp140_2.dll
Event: 0.814 Loaded shared library C:\Users\Melissa Morgan\Documents\javafx-sdk-21\bin\prism_d3d.dll
Event: 0.861 Loaded shared library C:\Users\Melissa Morgan\Documents\javafx-sdk-21\bin\glass.dll
Event: 1.095 Loaded shared library C:\Program Files\Java\jdk-20\bin\jimage.dll
Event: 1.517 Loaded shared library C:\Users\Melissa Morgan\Documents\javafx-sdk-21\bin\javafx_font.dll

Deoptimization events (20 events):
Event: 2.681 Thread 0x00000206e021b000 DEOPT PACKING pc=0x00000206c95369ea sp=0x000000362f3fa700
Event: 2.681 Thread 0x00000206e021b000 DEOPT UNPACKING pc=0x00000206d083a4a3 sp=0x000000362f3f9b90 mode 0
Event: 2.682 Thread 0x00000206e021b000 DEOPT PACKING pc=0x00000206c9537d0a sp=0x000000362f3fa700
Event: 2.682 Thread 0x00000206e021b000 DEOPT UNPACKING pc=0x00000206d083a4a3 sp=0x000000362f3f9b90 mode 0
Event: 2.711 Thread 0x00000206e021b000 DEOPT PACKING pc=0x00000206c95369ea sp=0x000000362f3f9b30
Event: 2.711 Thread 0x00000206e021b000 DEOPT UNPACKING pc=0x00000206d083a4a3 sp=0x000000362f3f8fc0 mode 0
Event: 2.712 Thread 0x00000206e021b000 DEOPT PACKING pc=0x00000206c9537d0a sp=0x000000362f3f9b30
Event: 2.712 Thread 0x00000206e021b000 DEOPT UNPACKING pc=0x00000206d083a4a3 sp=0x000000362f3f8fc0 mode 0
Event: 2.927 Thread 0x00000206e021b000 DEOPT PACKING pc=0x00000206c95a4632 sp=0x000000362f3f5620
Event: 2.927 Thread 0x00000206e021b000 DEOPT UNPACKING pc=0x00000206d083a4a3 sp=0x000000362f3f4ab0 mode 0
Event: 2.931 Thread 0x00000206e021b000 DEOPT PACKING pc=0x00000206c95a4632 sp=0x000000362f3f5620
Event: 2.931 Thread 0x00000206e021b000 DEOPT UNPACKING pc=0x00000206d083a4a3 sp=0x000000362f3f4ab0 mode 0
Event: 2.953 Thread 0x00000206e021b000 DEOPT PACKING pc=0x00000206c95a4632 sp=0x000000362f3f4b70
Event: 2.953 Thread 0x00000206e021b000 DEOPT UNPACKING pc=0x00000206d083a4a3 sp=0x000000362f3f4000 mode 0
Event: 2.975 Thread 0x00000206e021b000 DEOPT PACKING pc=0x00000206c95a4632 sp=0x000000362f3f40c0
Event: 2.975 Thread 0x00000206e021b000 DEOPT UNPACKING pc=0x00000206d083a4a3 sp=0x000000362f3f3550 mode 0
Event: 3.280 Thread 0x00000206e021b000 DEOPT PACKING pc=0x00000206c934faae sp=0x000000362f3ebfd0
Event: 3.280 Thread 0x00000206e021b000 DEOPT UNPACKING pc=0x00000206d083a4a3 sp=0x000000362f3eb470 mode 0
Event: 3.355 Thread 0x00000206e021b000 DEOPT PACKING pc=0x00000206c934faae sp=0x000000362f3e9fc0
Event: 3.355 Thread 0x00000206e021b000 DEOPT UNPACKING pc=0x00000206d083a4a3 sp=0x000000362f3e9460 mode 0

Classes loaded (20 events):
Event: 2.256 Loading class sun/nio/cs/UnicodeDecoder done
Event: 2.256 Loading class sun/nio/cs/UTF_16BE$Decoder done
Event: 2.417 Loading class java/lang/Byte$ByteCache
Event: 2.417 Loading class java/lang/Byte$ByteCache done
Event: 2.418 Loading class java/lang/Short$ShortCache
Event: 2.418 Loading class java/lang/Short$ShortCache done
Event: 2.421 Loading class java/util/LinkedHashMap$LinkedKeySet
Event: 2.421 Loading class java/util/LinkedHashMap$LinkedKeySet done
Event: 2.422 Loading class java/util/LinkedHashMap$LinkedKeyIterator
Event: 2.422 Loading class java/util/LinkedHashMap$LinkedKeyIterator done
Event: 2.475 Loading class com/sun/org/apache/xerces/internal/impl/io/MalformedByteSequenceException
Event: 2.475 Loading class java/io/CharConversionException
Event: 2.476 Loading class java/io/CharConversionException done
Event: 2.476 Loading class com/sun/org/apache/xerces/internal/impl/io/MalformedByteSequenceException done
Event: 3.935 Loading class jdk/internal/foreign/MemorySessionImpl
Event: 3.935 Loading class java/lang/foreign/SegmentScope
Event: 3.935 Loading class java/lang/foreign/SegmentScope done
Event: 3.935 Loading class java/lang/foreign/SegmentAllocator
Event: 3.935 Loading class java/lang/foreign/SegmentAllocator done
Event: 3.935 Loading class jdk/internal/foreign/MemorySessionImpl done

Classes unloaded (0 events):
No events

Classes redefined (0 events):
No events

Internal exceptions (20 events):
Event: 4.288 Thread 0x00000206e021b000 Exception <a 'java/io/FileNotFoundException'{0x00000000c4db3ba8}> (0x00000000c4db3ba8) 
thrown [s\open\src\hotspot\share\prims\jni.cpp, line 519]
Event: 4.304 Thread 0x00000206e021b000 Exception <a 'java/io/FileNotFoundException'{0x00000000c4b058c8}> (0x00000000c4b058c8) 
thrown [s\open\src\hotspot\share\prims\jni.cpp, line 519]
Event: 4.321 Thread 0x00000206e021b000 Exception <a 'java/io/FileNotFoundException'{0x00000000c4a57368}> (0x00000000c4a57368) 
thrown [s\open\src\hotspot\share\prims\jni.cpp, line 519]
Event: 4.337 Thread 0x00000206e021b000 Exception <a 'java/io/FileNotFoundException'{0x00000000c49a8df0}> (0x00000000c49a8df0) 
thrown [s\open\src\hotspot\share\prims\jni.cpp, line 519]
Event: 4.353 Thread 0x00000206e021b000 Exception <a 'java/io/FileNotFoundException'{0x00000000c48fa8c0}> (0x00000000c48fa8c0) 
thrown [s\open\src\hotspot\share\prims\jni.cpp, line 519]
Event: 4.376 Thread 0x00000206e021b000 Exception <a 'java/io/FileNotFoundException'{0x00000000c5b4c808}> (0x00000000c5b4c808) 
thrown [s\open\src\hotspot\share\prims\jni.cpp, line 519]
Event: 4.396 Thread 0x00000206e021b000 Exception <a 'java/io/FileNotFoundException'{0x00000000c5aa8018}> (0x00000000c5aa8018) 
thrown [s\open\src\hotspot\share\prims\jni.cpp, line 519]
Event: 4.415 Thread 0x00000206e021b000 Exception <a 'java/io/FileNotFoundException'{0x00000000c59f9860}> (0x00000000c59f9860) 
thrown [s\open\src\hotspot\share\prims\jni.cpp, line 519]
Event: 4.437 Thread 0x00000206e021b000 Exception <a 'java/io/FileNotFoundException'{0x00000000c574ba08}> (0x00000000c574ba08) 
thrown [s\open\src\hotspot\share\prims\jni.cpp, line 519]
Event: 4.454 Thread 0x00000206e021b000 Exception <a 'java/io/FileNotFoundException'{0x00000000c569d940}> (0x00000000c569d940) 
thrown [s\open\src\hotspot\share\prims\jni.cpp, line 519]
Event: 4.469 Thread 0x00000206e021b000 Exception <a 'java/io/FileNotFoundException'{0x00000000c55ef2b0}> (0x00000000c55ef2b0) 
thrown [s\open\src\hotspot\share\prims\jni.cpp, line 519]
Event: 4.484 Thread 0x00000206e021b000 Exception <a 'java/io/FileNotFoundException'{0x00000000c5340cc8}> (0x00000000c5340cc8) 
thrown [s\open\src\hotspot\share\prims\jni.cpp, line 519]
Event: 4.510 Thread 0x00000206e021b000 Exception <a 'java/io/FileNotFoundException'{0x00000000c52926d8}> (0x00000000c52926d8) 
thrown [s\open\src\hotspot\share\prims\jni.cpp, line 519]
Event: 4.536 Thread 0x00000206e021b000 Exception <a 'java/io/FileNotFoundException'{0x00000000c51e3e60}> (0x00000000c51e3e60) 
thrown [s\open\src\hotspot\share\prims\jni.cpp, line 519]
Event: 4.555 Thread 0x00000206e021b000 Exception <a 'java/io/FileNotFoundException'{0x00000000c4f35870}> (0x00000000c4f35870) 
thrown [s\open\src\hotspot\share\prims\jni.cpp, line 519]
Event: 4.582 Thread 0x00000206e021b000 Exception <a 'java/io/FileNotFoundException'{0x00000000c4e87330}> (0x00000000c4e87330) 
thrown [s\open\src\hotspot\share\prims\jni.cpp, line 519]
Event: 4.613 Thread 0x00000206e021b000 Exception <a 'java/io/FileNotFoundException'{0x00000000c4dd8b50}> (0x00000000c4dd8b50) 
thrown [s\open\src\hotspot\share\prims\jni.cpp, line 519]
Event: 4.643 Thread 0x00000206e021b000 Exception <a 'java/io/FileNotFoundException'{0x00000000c4b2a540}> (0x00000000c4b2a540) 
thrown [s\open\src\hotspot\share\prims\jni.cpp, line 519]
Event: 4.665 Thread 0x00000206e021b000 Exception <a 'java/io/FileNotFoundException'{0x00000000c4a7bf50}> (0x00000000c4a7bf50) 
thrown [s\open\src\hotspot\share\prims\jni.cpp, line 519]
Event: 4.680 Thread 0x00000206e021b000 Exception <a 'java/io/FileNotFoundException'{0x00000000c49cd848}> (0x00000000c49cd848) 
thrown [s\open\src\hotspot\share\prims\jni.cpp, line 519]

VM Operations (20 events):
Event: 1.527 Executing VM operation: HandshakeAllThreads done
Event: 2.007 Executing VM operation: ICBufferFull
Event: 2.007 Executing VM operation: ICBufferFull done
Event: 2.097 Executing VM operation: G1CollectForAllocation
Event: 2.110 Executing VM operation: G1CollectForAllocation done
Event: 2.423 Executing VM operation: HandshakeAllThreads
Event: 2.423 Executing VM operation: HandshakeAllThreads done
Event: 2.426 Executing VM operation: HandshakeAllThreads
Event: 2.426 Executing VM operation: HandshakeAllThreads done
Event: 2.572 Executing VM operation: HandshakeAllThreads
Event: 2.572 Executing VM operation: HandshakeAllThreads done
Event: 3.102 Executing VM operation: ICBufferFull
Event: 3.102 Executing VM operation: ICBufferFull done
Event: 3.593 Executing VM operation: G1CollectForAllocation
Event: 3.613 Executing VM operation: G1CollectForAllocation done
Event: 4.015 Executing VM operation: G1CollectForAllocation
Event: 4.028 Executing VM operation: G1CollectForAllocation done
Event: 4.363 Executing VM operation: G1CollectForAllocation
Event: 4.369 Executing VM operation: G1CollectForAllocation done
Event: 4.681 Executing VM operation: G1CollectForAllocation

Events (17 events):
Event: 0.046 Thread 0x00000206c11dbdd0 Thread added: 0x00000206c11dbdd0
Event: 0.084 Thread 0x00000206dbc8c470 Thread added: 0x00000206dbc8c470
Event: 0.085 Thread 0x00000206dbc8d620 Thread added: 0x00000206dbc8d620
Event: 0.085 Thread 0x00000206dbc90960 Thread added: 0x00000206dbc90960
Event: 0.086 Thread 0x00000206dbc92660 Thread added: 0x00000206dbc92660
Event: 0.086 Thread 0x00000206dbc94bc0 Thread added: 0x00000206dbc94bc0
Event: 0.086 Thread 0x00000206dbc9a8d0 Thread added: 0x00000206dbc9a8d0
Event: 0.086 Thread 0x00000206dbc9edf0 Thread added: 0x00000206dbc9edf0
Event: 0.087 Thread 0x00000206dbc9fb20 Thread added: 0x00000206dbc9fb20
Event: 0.187 Thread 0x00000206e006e760 Thread added: 0x00000206e006e760
Event: 0.487 Thread 0x00000206e01dae40 Thread added: 0x00000206e01dae40
Event: 0.803 Thread 0x00000206e0348cc0 Thread added: 0x00000206e0348cc0
Event: 0.865 Thread 0x00000206e03d2d20 Thread added: 0x00000206e03d2d20
Event: 0.874 Thread 0x00000206e021b000 Thread added: 0x00000206e021b000
Event: 0.988 Thread 0x00000206e05ed7f0 Thread added: 0x00000206e05ed7f0
Event: 1.025 Thread 0x00000206e06425d0 Thread added: 0x00000206e06425d0
Event: 2.283 Thread 0x00000206e083d7d0 Thread added: 0x00000206e083d7d0


Dynamic libraries:
0x00007ff7f34e0000 - 0x00007ff7f34f0000 	C:\Program Files\Java\jdk-20\bin\javaw.exe
0x00007ffe6a570000 - 0x00007ffe6a768000 	C:\WINDOWS\SYSTEM32\ntdll.dll
0x00007ffe686d0000 - 0x00007ffe6878f000 	C:\WINDOWS\System32\KERNEL32.DLL
0x00007ffe67db0000 - 0x00007ffe680a6000 	C:\WINDOWS\System32\KERNELBASE.dll
0x00007ffe68420000 - 0x00007ffe68520000 	C:\WINDOWS\System32\ucrtbase.dll
0x00007ffe5b460000 - 0x00007ffe5b479000 	C:\Program Files\Java\jdk-20\bin\jli.dll
0x00007ffe563a0000 - 0x00007ffe563bb000 	C:\Program Files\Java\jdk-20\bin\VCRUNTIME140.dll
0x00007ffe688d0000 - 0x00007ffe6897f000 	C:\WINDOWS\System32\ADVAPI32.dll
0x00007ffe68630000 - 0x00007ffe686ce000 	C:\WINDOWS\System32\msvcrt.dll
0x00007ffe68d60000 - 0x00007ffe68dfc000 	C:\WINDOWS\System32\sechost.dll
0x00007ffe68ea0000 - 0x00007ffe68fc6000 	C:\WINDOWS\System32\RPCRT4.dll
0x00007ffe69760000 - 0x00007ffe698fd000 	C:\WINDOWS\System32\USER32.dll
0x00007ffe67c50000 - 0x00007ffe67c72000 	C:\WINDOWS\System32\win32u.dll
0x00007ffe68e70000 - 0x00007ffe68e9c000 	C:\WINDOWS\System32\GDI32.dll
0x00007ffe68120000 - 0x00007ffe68235000 	C:\WINDOWS\System32\gdi32full.dll
0x00007ffe66fa0000 - 0x00007ffe6723a000 	C:\WINDOWS\WinSxS\amd64_microsoft.windows.common-controls_6595b64144ccf1df_6.0.19041.1110_none_60b5254171f9507e\COMCTL32.dll
0x00007ffe67c80000 - 0x00007ffe67d1d000 	C:\WINDOWS\System32\msvcp_win.dll
0x00007ffe64d30000 - 0x00007ffe64d3a000 	C:\WINDOWS\SYSTEM32\VERSION.dll
0x00007ffe68790000 - 0x00007ffe687c0000 	C:\WINDOWS\System32\IMM32.DLL
0x00007ffe5f7b0000 - 0x00007ffe5f7bc000 	C:\Program Files\Java\jdk-20\bin\vcruntime140_1.dll
0x00007ffe3d840000 - 0x00007ffe3d8ce000 	C:\Program Files\Java\jdk-20\bin\msvcp140.dll
0x00007ffe26f80000 - 0x00007ffe27c17000 	C:\Program Files\Java\jdk-20\bin\server\jvm.dll
0x00007ffe4d360000 - 0x00007ffe4d387000 	C:\WINDOWS\SYSTEM32\WINMM.dll
0x00007ffe4fcb0000 - 0x00007ffe4fcb9000 	C:\WINDOWS\SYSTEM32\WSOCK32.dll
0x00007ffe68e00000 - 0x00007ffe68e6b000 	C:\WINDOWS\System32\WS2_32.dll
0x00007ffe64cc0000 - 0x00007ffe64cd2000 	C:\WINDOWS\SYSTEM32\kernel.appcore.dll
0x00007ffe65750000 - 0x00007ffe6575a000 	C:\Program Files\Java\jdk-20\bin\jimage.dll
0x00007ffe676d0000 - 0x00007ffe678b4000 	C:\WINDOWS\SYSTEM32\DBGHELP.DLL
0x00007ffe67460000 - 0x00007ffe67494000 	C:\WINDOWS\SYSTEM32\dbgcore.DLL
0x00007ffe67d20000 - 0x00007ffe67da2000 	C:\WINDOWS\System32\bcryptPrimitives.dll
0x00007ffe5c950000 - 0x00007ffe5c976000 	C:\Program Files\Java\jdk-20\bin\java.dll
0x00007ffe5b4c0000 - 0x00007ffe5b597000 	C:\Program Files\Java\jdk-20\bin\jsvml.dll
0x00007ffe69ad0000 - 0x00007ffe6a214000 	C:\WINDOWS\System32\SHELL32.dll
0x00007ffe64f00000 - 0x00007ffe65693000 	C:\WINDOWS\SYSTEM32\windows.storage.dll
0x00007ffe68980000 - 0x00007ffe68cd4000 	C:\WINDOWS\System32\combase.dll
0x00007ffe67240000 - 0x00007ffe6726e000 	C:\WINDOWS\SYSTEM32\Wldp.dll
0x00007ffe687c0000 - 0x00007ffe6886d000 	C:\WINDOWS\System32\SHCORE.dll
0x00007ffe68fd0000 - 0x00007ffe69025000 	C:\WINDOWS\System32\shlwapi.dll
0x00007ffe67b90000 - 0x00007ffe67baf000 	C:\WINDOWS\SYSTEM32\profapi.dll
0x00007ffe5c930000 - 0x00007ffe5c943000 	C:\Program Files\Java\jdk-20\bin\net.dll
0x00007ffe5e780000 - 0x00007ffe5e88a000 	C:\WINDOWS\SYSTEM32\WINHTTP.dll
0x00007ffe66be0000 - 0x00007ffe66c4a000 	C:\WINDOWS\system32\mswsock.dll
0x00007ffe5c910000 - 0x00007ffe5c926000 	C:\Program Files\Java\jdk-20\bin\nio.dll
0x00007ffe5c8f0000 - 0x00007ffe5c908000 	C:\Program Files\Java\jdk-20\bin\zip.dll
0x00000206c1150000 - 0x00000206c1153000 	C:\Users\Melissa Morgan\Documents\javafx-sdk-21\bin\api-ms-win-core-console-l1-1-0.dll
0x00000206c1160000 - 0x00000206c1163000 	C:\Users\Melissa Morgan\Documents\javafx-sdk-21\bin\api-ms-win-core-console-l1-2-0.dll
0x00000206c1170000 - 0x00000206c1173000 	C:\Users\Melissa Morgan\Documents\javafx-sdk-21\bin\api-ms-win-core-datetime-l1-1-0.dll
0x00000206c1180000 - 0x00000206c1183000 	C:\Users\Melissa Morgan\Documents\javafx-sdk-21\bin\api-ms-win-core-debug-l1-1-0.dll
0x00000206c1190000 - 0x00000206c1193000 	C:\Users\Melissa Morgan\Documents\javafx-sdk-21\bin\api-ms-win-core-errorhandling-l1-1-0.dll
0x00000206c11a0000 - 0x00000206c11a4000 	C:\Users\Melissa Morgan\Documents\javafx-sdk-21\bin\api-ms-win-core-file-l1-1-0.dll
0x00000206dbe60000 - 0x00000206dbe63000 	C:\Users\Melissa Morgan\Documents\javafx-sdk-21\bin\api-ms-win-core-file-l1-2-0.dll
0x00000206dbe70000 - 0x00000206dbe73000 	C:\Users\Melissa Morgan\Documents\javafx-sdk-21\bin\api-ms-win-core-file-l2-1-0.dll
0x00000206dbe80000 - 0x00000206dbe83000 	C:\Users\Melissa Morgan\Documents\javafx-sdk-21\bin\api-ms-win-core-handle-l1-1-0.dll
0x00000206dbe90000 - 0x00000206dbe93000 	C:\Users\Melissa Morgan\Documents\javafx-sdk-21\bin\api-ms-win-core-heap-l1-1-0.dll
0x00000206dbea0000 - 0x00000206dbea3000 	C:\Users\Melissa Morgan\Documents\javafx-sdk-21\bin\api-ms-win-core-interlocked-l1-1-0.dll
0x00000206dbeb0000 - 0x00000206dbeb3000 	C:\Users\Melissa Morgan\Documents\javafx-sdk-21\bin\api-ms-win-core-libraryloader-l1-1-0.dll
0x00000206dbec0000 - 0x00000206dbec3000 	C:\Users\Melissa Morgan\Documents\javafx-sdk-21\bin\api-ms-win-core-localization-l1-2-0.dll
0x00000206dbed0000 - 0x00000206dbed3000 	C:\Users\Melissa Morgan\Documents\javafx-sdk-21\bin\api-ms-win-core-memory-l1-1-0.dll
0x00000206dbee0000 - 0x00000206dbee3000 	C:\Users\Melissa Morgan\Documents\javafx-sdk-21\bin\api-ms-win-core-namedpipe-l1-1-0.dll
0x00000206dbef0000 - 0x00000206dbef3000 	C:\Users\Melissa Morgan\Documents\javafx-sdk-21\bin\api-ms-win-core-processenvironment-l1-1-0.dll
0x00000206dbf00000 - 0x00000206dbf03000 	C:\Users\Melissa Morgan\Documents\javafx-sdk-21\bin\api-ms-win-core-processthreads-l1-1-0.dll
0x00000206dbf10000 - 0x00000206dbf13000 	C:\Users\Melissa Morgan\Documents\javafx-sdk-21\bin\api-ms-win-core-processthreads-l1-1-1.dll
0x00000206dbf20000 - 0x00000206dbf23000 	C:\Users\Melissa Morgan\Documents\javafx-sdk-21\bin\api-ms-win-core-profile-l1-1-0.dll
0x00000206dbf30000 - 0x00000206dbf33000 	C:\Users\Melissa Morgan\Documents\javafx-sdk-21\bin\api-ms-win-core-rtlsupport-l1-1-0.dll
0x00000206dbf40000 - 0x00000206dbf43000 	C:\Users\Melissa Morgan\Documents\javafx-sdk-21\bin\api-ms-win-core-string-l1-1-0.dll
0x00000206dbf50000 - 0x00000206dbf53000 	C:\Users\Melissa Morgan\Documents\javafx-sdk-21\bin\api-ms-win-core-synch-l1-1-0.dll
0x00000206dbf60000 - 0x00000206dbf63000 	C:\Users\Melissa Morgan\Documents\javafx-sdk-21\bin\api-ms-win-core-synch-l1-2-0.dll
0x00000206dbf70000 - 0x00000206dbf73000 	C:\Users\Melissa Morgan\Documents\javafx-sdk-21\bin\api-ms-win-core-sysinfo-l1-1-0.dll
0x00000206dbf80000 - 0x00000206dbf83000 	C:\Users\Melissa Morgan\Documents\javafx-sdk-21\bin\api-ms-win-core-timezone-l1-1-0.dll
0x00000206dbf90000 - 0x00000206dbf93000 	C:\Users\Melissa Morgan\Documents\javafx-sdk-21\bin\api-ms-win-core-util-l1-1-0.dll
0x00000206dbfa0000 - 0x00000206dbfa3000 	C:\Users\Melissa Morgan\Documents\javafx-sdk-21\bin\api-ms-win-crt-conio-l1-1-0.dll
0x00000206dbfb0000 - 0x00000206dbfb4000 	C:\Users\Melissa Morgan\Documents\javafx-sdk-21\bin\api-ms-win-crt-convert-l1-1-0.dll
0x00000206dbfc0000 - 0x00000206dbfc3000 	C:\Users\Melissa Morgan\Documents\javafx-sdk-21\bin\api-ms-win-crt-environment-l1-1-0.dll
0x00000206dbfd0000 - 0x00000206dbfd3000 	C:\Users\Melissa Morgan\Documents\javafx-sdk-21\bin\api-ms-win-crt-filesystem-l1-1-0.dll
0x00000206dbfe0000 - 0x00000206dbfe3000 	C:\Users\Melissa Morgan\Documents\javafx-sdk-21\bin\api-ms-win-crt-heap-l1-1-0.dll
0x00000206dbff0000 - 0x00000206dbff3000 	C:\Users\Melissa Morgan\Documents\javafx-sdk-21\bin\api-ms-win-crt-locale-l1-1-0.dll
0x00000206e0400000 - 0x00000206e0405000 	C:\Users\Melissa Morgan\Documents\javafx-sdk-21\bin\api-ms-win-crt-math-l1-1-0.dll
0x00000206e0410000 - 0x00000206e0415000 	C:\Users\Melissa Morgan\Documents\javafx-sdk-21\bin\api-ms-win-crt-multibyte-l1-1-0.dll
0x00000206e0420000 - 0x00000206e0430000 	C:\Users\Melissa Morgan\Documents\javafx-sdk-21\bin\api-ms-win-crt-private-l1-1-0.dll
0x00000206e0430000 - 0x00000206e0433000 	C:\Users\Melissa Morgan\Documents\javafx-sdk-21\bin\api-ms-win-crt-process-l1-1-0.dll
0x00000206e0440000 - 0x00000206e0444000 	C:\Users\Melissa Morgan\Documents\javafx-sdk-21\bin\api-ms-win-crt-runtime-l1-1-0.dll
0x00000206e0450000 - 0x00000206e0454000 	C:\Users\Melissa Morgan\Documents\javafx-sdk-21\bin\api-ms-win-crt-stdio-l1-1-0.dll
0x00000206e0460000 - 0x00000206e0464000 	C:\Users\Melissa Morgan\Documents\javafx-sdk-21\bin\api-ms-win-crt-string-l1-1-0.dll
0x00000206e0470000 - 0x00000206e0473000 	C:\Users\Melissa Morgan\Documents\javafx-sdk-21\bin\api-ms-win-crt-time-l1-1-0.dll
0x00000206e0480000 - 0x00000206e0483000 	C:\Users\Melissa Morgan\Documents\javafx-sdk-21\bin\api-ms-win-crt-utility-l1-1-0.dll
0x00007ffe28610000 - 0x00007ffe2870c000 	C:\Users\Melissa Morgan\Documents\javafx-sdk-21\bin\ucrtbase.dll
0x00007ffe5b3f0000 - 0x00007ffe5b40b000 	C:\Users\Melissa Morgan\Documents\javafx-sdk-21\bin\vcruntime140.dll
0x00007ffe53180000 - 0x00007ffe5318c000 	C:\Users\Melissa Morgan\Documents\javafx-sdk-21\bin\vcruntime140_1.dll
0x00007ffe37f50000 - 0x00007ffe37fde000 	C:\Users\Melissa Morgan\Documents\javafx-sdk-21\bin\msvcp140.dll
0x00007ffe6a220000 - 0x00007ffe6a34a000 	C:\WINDOWS\System32\ole32.dll
0x00007ffe50da0000 - 0x00007ffe50da9000 	C:\Users\Melissa Morgan\Documents\javafx-sdk-21\bin\msvcp140_1.dll
0x00007ffe4b0e0000 - 0x00007ffe4b10f000 	C:\Users\Melissa Morgan\Documents\javafx-sdk-21\bin\msvcp140_2.dll
0x00007ffe3fac0000 - 0x00007ffe3faef000 	C:\Users\Melissa Morgan\Documents\javafx-sdk-21\bin\prism_d3d.dll
0x00007ffe33f60000 - 0x00007ffe3412d000 	C:\WINDOWS\system32\d3d9.dll
0x00007ffe64ab0000 - 0x00007ffe64adf000 	C:\WINDOWS\SYSTEM32\dwmapi.dll
0x00007ffe65d80000 - 0x00007ffe65e1e000 	C:\WINDOWS\system32\uxtheme.dll
0x00007ffe37b40000 - 0x00007ffe37ca3000 	C:\WINDOWS\System32\DriverStore\FileRepository\iigd_dch.inf_amd64_dc16e5f1dbf8051f\igdumdim64.dll
0x00007ffe07450000 - 0x00007ffe0ae54000 	C:\WINDOWS\System32\DriverStore\FileRepository\iigd_dch.inf_amd64_dc16e5f1dbf8051f\igd9dxva64.dll
0x00007ffe6a360000 - 0x00007ffe6a42d000 	C:\WINDOWS\System32\OLEAUT32.dll
0x00007ffe69090000 - 0x00007ffe694f8000 	C:\WINDOWS\System32\SETUPAPI.dll
0x00007ffe683d0000 - 0x00007ffe6841e000 	C:\WINDOWS\System32\cfgmgr32.dll
0x00007ffe68240000 - 0x00007ffe68267000 	C:\WINDOWS\System32\bcrypt.dll
0x00007ffe59760000 - 0x00007ffe5999f000 	C:\WINDOWS\System32\DriverStore\FileRepository\iigd_dch.inf_amd64_dc16e5f1dbf8051f\igdgmm64.dll
0x00007ffe37f00000 - 0x00007ffe37f42000 	C:\Users\Melissa Morgan\Documents\javafx-sdk-21\bin\glass.dll
0x00007ffe6a450000 - 0x00007ffe6a52a000 	C:\WINDOWS\System32\COMDLG32.dll
0x00007ffe699b0000 - 0x00007ffe69ac4000 	C:\WINDOWS\System32\MSCTF.dll
0x00007ffe541a0000 - 0x00007ffe541c7000 	C:\WINDOWS\System32\DriverStore\FileRepository\iigd_dch.inf_amd64_dc16e5f1dbf8051f\igdinfo64.dll
0x00007ffe3fa80000 - 0x00007ffe3fa94000 	C:\Users\Melissa Morgan\Documents\javafx-sdk-21\bin\javafx_font.dll
0x00007ffe53b20000 - 0x00007ffe53d9f000 	C:\WINDOWS\SYSTEM32\dwrite.dll

dbghelp: loaded successfully - version: 4.0.5 - missing functions: none
symbol engine: initialized successfully - sym options: 0x614 - pdb path: .;C:\Program Files\Java\jdk-20\bin;C:\WINDOWS\SYSTEM32;C:\WINDOWS\WinSxS\amd64_microsoft.windows.common-controls_6595b64144ccf1df_6.0.19041.1110_none_60b5254171f9507e;C:\Program Files\Java\jdk-20\bin\server;C:\Users\Melissa Morgan\Documents\javafx-sdk-21\bin;C:\WINDOWS\System32\DriverStore\FileRepository\iigd_dch.inf_amd64_dc16e5f1dbf8051f

VM Arguments:
jvm_args: -Dfile.encoding=UTF-8 -Dstdout.encoding=UTF-8 -Dstderr.encoding=UTF-8 --module-path=C:\Users\Melissa Morgan\Documents\GitHub\Pig_CPS261_Final\pig\bin;C:\Users\Melissa Morgan\Documents\javafx-sdk-21\lib\javafx.base.jar;C:\Users\Melissa Morgan\Documents\javafx-sdk-21\lib\javafx.controls.jar;C:\Users\Melissa Morgan\Documents\javafx-sdk-21\lib\javafx.fxml.jar;C:\Users\Melissa Morgan\Documents\javafx-sdk-21\lib\javafx.graphics.jar;C:\Users\Melissa Morgan\Documents\javafx-sdk-21\lib\javafx.media.jar;C:\Users\Melissa Morgan\Documents\javafx-sdk-21\lib\javafx.swing.jar;C:\Users\Melissa Morgan\Documents\javafx-sdk-21\lib\javafx.web.jar;C:\Users\Melissa Morgan\Documents\javafx-sdk-21\lib\javafx-swt.jar;C:\Users\Melissa Morgan\.p2\pool\plugins\org.eclipse.fx.ide.css.jfx8_3.10.0.202303150700.jar -XX:+ShowCodeDetailsInExceptionMessages -Djdk.module.main=pig 
java_command: pig/application.Main
java_class_path (initial): <not set>
Launcher Type: SUN_STANDARD

[Global flags]
     intx CICompilerCount                          = 3                                         {product} {ergonomic}
     uint ConcGCThreads                            = 1                                         {product} {ergonomic}
     uint G1ConcRefinementThreads                  = 4                                         {product} {ergonomic}
   size_t G1HeapRegionSize                         = 1048576                                   {product} {ergonomic}
    uintx GCDrainStackTargetSize                   = 64                                        {product} {ergonomic}
   size_t InitialHeapSize                          = 67108864                                  {product} {ergonomic}
   size_t MarkStackSize                            = 4194304                                   {product} {ergonomic}
   size_t MaxHeapSize                              = 1044381696                                {product} {ergonomic}
   size_t MaxNewSize                               = 625999872                                 {product} {ergonomic}
   size_t MinHeapDeltaBytes                        = 1048576                                   {product} {ergonomic}
   size_t MinHeapSize                              = 8388608                                   {product} {ergonomic}
    uintx NonNMethodCodeHeapSize                   = 5832780                                {pd product} {ergonomic}
    uintx NonProfiledCodeHeapSize                  = 122912730                              {pd product} {ergonomic}
    uintx ProfiledCodeHeapSize                     = 122912730                              {pd product} {ergonomic}
    uintx ReservedCodeCacheSize                    = 251658240                              {pd product} {ergonomic}
     bool SegmentedCodeCache                       = true                                      {product} {ergonomic}
     bool ShowCodeDetailsInExceptionMessages       = true                                   {manageable} {command line}
   size_t SoftMaxHeapSize                          = 1044381696                             {manageable} {ergonomic}
     bool UseCompressedClassPointers               = true                           {product lp64_product} {ergonomic}
     bool UseCompressedOops                        = true                           {product lp64_product} {ergonomic}
     bool UseG1GC                                  = true                                      {product} {ergonomic}
     bool UseLargePagesIndividualAllocation        = false                                  {pd product} {ergonomic}

Logging:
Log output configuration:
 #0: stdout all=warning uptime,level,tags foldmultilines=false
 #1: stderr all=off uptime,level,tags foldmultilines=false

Environment Variables:
PATH=C:/Program Files/Java/jdk-20/bin/server;C:/Program Files/Java/jdk-20/bin;C:\Program Files\Common Files\Oracle\Java\javapath;C:\WINDOWS\system32;C:\WINDOWS;C:\WINDOWS\System32\Wbem;C:\WINDOWS\System32\WindowsPowerShell\v1.0\;C:\WINDOWS\System32\OpenSSH\;C:\Program Files\Git\cmd;C:\Program Files\Microsoft SQL Server\Client SDK\ODBC\170\Tools\Binn\;C:\Program Files (x86)\Microsoft SQL Server\150\Tools\Binn\;C:\Program Files\Microsoft SQL Server\150\Tools\Binn\;C:\Program Files\Microsoft SQL Server\150\DTS\Binn\;C:\Program Files (x86)\Microsoft SQL Server\160\DTS\Binn\;C:\Program Files\Azure Data Studio\bin;C:\Users\Melissa Morgan\AppData\Local\Programs\Python\Python311\Scripts\;C:\Users\Melissa Morgan\AppData\Local\Programs\Python\Python311\;C:\Users\Melissa Morgan\AppData\Local\Microsoft\WindowsApps;C:\msys64\mingw64\bin;C:\Users\Melissa Morgan\AppData\Local\GitHubDesktop\bin;C:\Users\Melissa Morgan\AppData\Local\Programs\Microsoft VS Code\bin;C:\Program Files\Azure Data Studio\bin;C:\WINDOWS\system32;
USERNAME=Melissa Morgan
OS=Windows_NT
PROCESSOR_IDENTIFIER=Intel64 Family 6 Model 142 Stepping 9, GenuineIntel
TMP=C:\Users\MELISS~1\AppData\Local\Temp
TEMP=C:\Users\MELISS~1\AppData\Local\Temp




---------------  S Y S T E M  ---------------

OS:
 Windows 10 , 64 bit Build 19041 (10.0.19041.3031)
OS uptime: 0 days 18:54 hours

CPU: total 4 (initial active 4) (2 cores per cpu, 2 threads per core) family 6 model 142 stepping 9 microcode 0xf0, cx8, cmov, fxsr, ht, mmx, 3dnowpref, sse, sse2, sse3, ssse3, sse4.1, sse4.2, popcnt, lzcnt, tsc, tscinvbit, aes, erms, clmul, clflush, clflushopt, rdtscp

Memory: 4k page, system-wide physical 3980M (297M free)
TotalPageFile size 5380M (AvailPageFile size 14M)
current process WorkingSet (physical memory assigned to process): 130M, peak: 131M
current process commit charge ("private bytes"): 169M, peak: 183M

vm_info: Java HotSpot(TM) 64-Bit Server VM (20.0.1+9-29) for windows-amd64 JRE (20.0.1+9-29), built on 2023-03-07T13:56:11Z by "mach5one" with MS VC++ 17.1 (VS2022)

END.
