#
# There is insufficient memory for the Java Runtime Environment to continue.
# Native memory allocation (malloc) failed to allocate 1512384 bytes for Chunk::new
# Possible reasons:
#   The system is out of physical RAM or swap space
#   The process is running with CompressedOops enabled, and the Java Heap may be blocking the growth of the native heap
# Possible solutions:
#   Reduce memory load on the system
#   Increase physical memory or swap space
#   Check if swap backing store is full
#   Decrease Java heap size (-Xmx/-Xms)
#   Decrease number of Java threads
#   Decrease Java thread stack sizes (-Xss)
#   Set larger code cache with -XX:ReservedCodeCacheSize=
#   JVM is running with Unscaled Compressed Oops mode in which the Java heap is
#     placed in the first 4GB address space. The Java Heap base address is the
#     maximum limit for the native heap growth. Please use -XX:HeapBaseMinAddress
#     to set the Java Heap base and to place the Java Heap above 4GB virtual address.
# This output file may be truncated or incomplete.
#
#  Out of Memory Error (arena.cpp:184), pid=6020, tid=7728
#
# JRE version: Java(TM) SE Runtime Environment (20.0.1+9) (build 20.0.1+9-29)
# Java VM: Java HotSpot(TM) 64-Bit Server VM (20.0.1+9-29, mixed mode, sharing, tiered, compressed oops, compressed class ptrs, g1 gc, windows-amd64)
# No core dump will be written. Minidumps are not enabled by default on client versions of Windows
#

---------------  S U M M A R Y ------------

Command Line: -Dfile.encoding=UTF-8 -Dstdout.encoding=UTF-8 -Dstderr.encoding=UTF-8 --module-path=C:\Users\Melissa Morgan\Documents\GitHub\Pig_CPS261_Final\pig\bin;C:\Users\Melissa Morgan\Documents\javafx-sdk-21\lib\javafx.base.jar;C:\Users\Melissa Morgan\Documents\javafx-sdk-21\lib\javafx.controls.jar;C:\Users\Melissa Morgan\Documents\javafx-sdk-21\lib\javafx.fxml.jar;C:\Users\Melissa Morgan\Documents\javafx-sdk-21\lib\javafx.graphics.jar;C:\Users\Melissa Morgan\Documents\javafx-sdk-21\lib\javafx.media.jar;C:\Users\Melissa Morgan\Documents\javafx-sdk-21\lib\javafx.swing.jar;C:\Users\Melissa Morgan\Documents\javafx-sdk-21\lib\javafx.web.jar;C:\Users\Melissa Morgan\Documents\javafx-sdk-21\lib\javafx-swt.jar;C:\Users\Melissa Morgan\.p2\pool\plugins\org.eclipse.fx.ide.css.jfx8_3.10.0.202303150700.jar -XX:+ShowCodeDetailsInExceptionMessages -Djdk.module.main=pig pig/application.Main

Host: Intel(R) Pentium(R) CPU 4415Y @ 1.60GHz, 4 cores, 3G,  Windows 10 , 64 bit Build 19041 (10.0.19041.3031)
Time: Sun Nov 19 19:51:48 2023 Eastern Standard Time elapsed time: 3.582121 seconds (0d 0h 0m 3s)

---------------  T H R E A D  ---------------

Current thread (0x0000020083400cf0):  JavaThread "C2 CompilerThread0" daemon [_thread_in_native, id=7728, stack(0x000000e052800000,0x000000e052900000)]


Current CompileTask:
C2:   3582 2023       4       java.lang.invoke.MethodType::methodType (69 bytes)

Stack: [0x000000e052800000,0x000000e052900000]
Native frames: (J=compiled Java code, j=interpreted, Vv=VM code, C=native code)
V  [jvm.dll+0x6bb95a]
V  [jvm.dll+0x8485fa]
V  [jvm.dll+0x84a1f5]
V  [jvm.dll+0x84a8f3]
V  [jvm.dll+0x280b0f]
V  [jvm.dll+0xc2b11]
V  [jvm.dll+0xc2e35]
V  [jvm.dll+0x3bb17c]
V  [jvm.dll+0x3857f5]
V  [jvm.dll+0x384c6a]
V  [jvm.dll+0x24b259]
V  [jvm.dll+0x24a651]
V  [jvm.dll+0x1ce491]
V  [jvm.dll+0x259e1b]
V  [jvm.dll+0x2584f0]
V  [jvm.dll+0x3f2895]
V  [jvm.dll+0x7f4b56]
V  [jvm.dll+0x6ba5cb]
C  [ucrtbase.dll+0x21bb2]
C  [KERNEL32.DLL+0x17614]
C  [ntdll.dll+0x526f1]


---------------  P R O C E S S  ---------------

Threads class SMR info:
_java_thread_list=0x0000020088289500, length=17, elements={
0x00000200e68abf70, 0x00000200833f1be0, 0x00000200833f2df0, 0x00000200833f4080,
0x00000200833f59d0, 0x00000200833f6310, 0x00000200833ffc70, 0x0000020083400cf0,
0x0000020083420340, 0x00000200834b8c30, 0x0000020087b697b0, 0x0000020087b60f30,
0x0000020087cf0140, 0x0000020087ce5ca0, 0x0000020087f2af90, 0x0000020087e66290,
0x0000020087ff5060
}

Java Threads: ( => current thread )
  0x00000200e68abf70 JavaThread "main" [_thread_blocked, id=3044, stack(0x000000e051b00000,0x000000e051c00000)]
  0x00000200833f1be0 JavaThread "Reference Handler" daemon [_thread_blocked, id=9432, stack(0x000000e052200000,0x000000e052300000)]
  0x00000200833f2df0 JavaThread "Finalizer" daemon [_thread_blocked, id=4604, stack(0x000000e052300000,0x000000e052400000)]
  0x00000200833f4080 JavaThread "Signal Dispatcher" daemon [_thread_blocked, id=6156, stack(0x000000e052400000,0x000000e052500000)]
  0x00000200833f59d0 JavaThread "Attach Listener" daemon [_thread_blocked, id=9092, stack(0x000000e052500000,0x000000e052600000)]
  0x00000200833f6310 JavaThread "Service Thread" daemon [_thread_blocked, id=8632, stack(0x000000e052600000,0x000000e052700000)]
  0x00000200833ffc70 JavaThread "Monitor Deflation Thread" daemon [_thread_blocked, id=4232, stack(0x000000e052700000,0x000000e052800000)]
=>0x0000020083400cf0 JavaThread "C2 CompilerThread0" daemon [_thread_in_native, id=7728, stack(0x000000e052800000,0x000000e052900000)]
  0x0000020083420340 JavaThread "C1 CompilerThread0" daemon [_thread_blocked, id=10068, stack(0x000000e052900000,0x000000e052a00000)]
  0x00000200834b8c30 JavaThread "Common-Cleaner" daemon [_thread_blocked, id=3848, stack(0x000000e052a00000,0x000000e052b00000)]
  0x0000020087b697b0 JavaThread "Notification Thread" daemon [_thread_blocked, id=9968, stack(0x000000e052c00000,0x000000e052d00000)]
  0x0000020087b60f30 JavaThread "QuantumRenderer-0" daemon [_thread_blocked, id=2084, stack(0x000000e052b00000,0x000000e052c00000)]
  0x0000020087cf0140 JavaThread "InvokeLaterDispatcher" daemon [_thread_blocked, id=12128, stack(0x000000e052e00000,0x000000e052f00000)]
  0x0000020087ce5ca0 JavaThread "JavaFX Application Thread" [_thread_in_native, id=11800, stack(0x000000e052f00000,0x000000e053000000)]
  0x0000020087f2af90 JavaThread "Thread-1" daemon [_thread_in_native, id=2772, stack(0x000000e053600000,0x000000e053700000)]
  0x0000020087e66290 JavaThread "JavaFX-Launcher" [_thread_blocked, id=7704, stack(0x000000e053700000,0x000000e053800000)]
  0x0000020087ff5060 JavaThread "Prism Font Disposer" daemon [_thread_blocked, id=10444, stack(0x000000e053800000,0x000000e053900000)]

Other Threads:
  0x00000200e8942b20 VMThread "VM Thread" [stack: 0x000000e052100000,0x000000e052200000] [id=7200]
  0x0000020087a71f60 WatcherThread "VM Periodic Task Thread" [stack: 0x000000e052d00000,0x000000e052e00000] [id=1820]
  0x00000200e88c0dd0 WorkerThread "GC Thread#0" [stack: 0x000000e051c00000,0x000000e051d00000] [id=11888]
  0x0000020087e4a100 WorkerThread "GC Thread#1" [stack: 0x000000e053300000,0x000000e053400000] [id=8356]
  0x0000020087e58040 WorkerThread "GC Thread#2" [stack: 0x000000e053400000,0x000000e053500000] [id=9312]
  0x0000020087e56f60 WorkerThread "GC Thread#3" [stack: 0x000000e053500000,0x000000e053600000] [id=1796]
  0x00000200e88ca1b0 ConcurrentGCThread "G1 Main Marker" [stack: 0x000000e051d00000,0x000000e051e00000] [id=7964]
  0x00000200e88caaf0 WorkerThread "G1 Conc#0" [stack: 0x000000e051e00000,0x000000e051f00000] [id=2240]
  0x00000200e8921990 ConcurrentGCThread "G1 Refine#0" [stack: 0x000000e051f00000,0x000000e052000000] [id=10640]
  0x00000200e8924250 ConcurrentGCThread "G1 Service" [stack: 0x000000e052000000,0x000000e052100000] [id=11812]

Threads with active compile tasks:
C2 CompilerThread0     3687 2023       4       java.lang.invoke.MethodType::methodType (69 bytes)

VM state: not at safepoint (normal execution)

VM Mutex/Monitor currently owned by a thread: None

Heap address: 0x00000000c1c00000, size: 996 MB, Compressed Oops mode: 32-bit

CDS archive(s) mapped at: [0x0000000800000000-0x0000000800c60000-0x0000000800c60000), size 12976128, SharedBaseAddress: 0x0000000800000000, ArchiveRelocationMode: 0.
Compressed class space mapped at: 0x0000000801000000-0x0000000841000000, reserved size: 1073741824
Narrow klass base: 0x0000000800000000, Narrow klass shift: 0, Narrow klass range: 0x100000000

GC Precious Log:
 CardTable entry size: 512
 Card Set container configuration: InlinePtr #cards 5 size 8 Array Of Cards #cards 12 size 40 Howl #buckets 4 coarsen threshold 1843 Howl Bitmap #cards 512 size 80 coarsen threshold 460 Card regions per heap region 1 cards per card region 2048
 CPUs: 4 total, 4 available
 Memory: 3980M
 Large Page Support: Disabled
 NUMA Support: Disabled
 Compressed Oops: Enabled (32-bit)
 Heap Region Size: 1M
 Heap Min Capacity: 8M
 Heap Initial Capacity: 64M
 Heap Max Capacity: 996M
 Pre-touch: Disabled
 Parallel Workers: 4
 Concurrent Workers: 1
 Concurrent Refinement Workers: 4
 Periodic GC: Disabled

Heap:
 garbage-first heap   total 65536K, used 33704K [0x00000000c1c00000, 0x0000000100000000)
  region size 1024K, 33 young (33792K), 3 survivors (3072K)
 Metaspace       used 16169K, committed 16512K, reserved 1114112K
  class space    used 2565K, committed 2752K, reserved 1048576K

Heap Regions: E=young(eden), S=young(survivor), O=old, HS=humongous(starts), HC=humongous(continues), CS=collection set, F=free, OA=open archive, CA=closed archive, TAMS=top-at-mark-start, PB=parsable bottom
|   0|0x00000000c1c00000, 0x00000000c1d00000, 0x00000000c1d00000|100%| O|  |TAMS 0x00000000c1c00000| PB 0x00000000c1c00000| Untracked 
|   1|0x00000000c1d00000, 0x00000000c1dea200, 0x00000000c1e00000| 91%| O|  |TAMS 0x00000000c1d00000| PB 0x00000000c1d00000| Untracked 
|   2|0x00000000c1e00000, 0x00000000c1e00000, 0x00000000c1f00000|  0%| F|  |TAMS 0x00000000c1e00000| PB 0x00000000c1e00000| Untracked 
|   3|0x00000000c1f00000, 0x00000000c1f00000, 0x00000000c2000000|  0%| F|  |TAMS 0x00000000c1f00000| PB 0x00000000c1f00000| Untracked 
|   4|0x00000000c2000000, 0x00000000c2000000, 0x00000000c2100000|  0%| F|  |TAMS 0x00000000c2000000| PB 0x00000000c2000000| Untracked 
|   5|0x00000000c2100000, 0x00000000c2100000, 0x00000000c2200000|  0%| F|  |TAMS 0x00000000c2100000| PB 0x00000000c2100000| Untracked 
|   6|0x00000000c2200000, 0x00000000c2200000, 0x00000000c2300000|  0%| F|  |TAMS 0x00000000c2200000| PB 0x00000000c2200000| Untracked 
|   7|0x00000000c2300000, 0x00000000c2300000, 0x00000000c2400000|  0%| F|  |TAMS 0x00000000c2300000| PB 0x00000000c2300000| Untracked 
|   8|0x00000000c2400000, 0x00000000c2400000, 0x00000000c2500000|  0%| F|  |TAMS 0x00000000c2400000| PB 0x00000000c2400000| Untracked 
|   9|0x00000000c2500000, 0x00000000c2500000, 0x00000000c2600000|  0%| F|  |TAMS 0x00000000c2500000| PB 0x00000000c2500000| Untracked 
|  10|0x00000000c2600000, 0x00000000c2600000, 0x00000000c2700000|  0%| F|  |TAMS 0x00000000c2600000| PB 0x00000000c2600000| Untracked 
|  11|0x00000000c2700000, 0x00000000c2700000, 0x00000000c2800000|  0%| F|  |TAMS 0x00000000c2700000| PB 0x00000000c2700000| Untracked 
|  12|0x00000000c2800000, 0x00000000c2800000, 0x00000000c2900000|  0%| F|  |TAMS 0x00000000c2800000| PB 0x00000000c2800000| Untracked 
|  13|0x00000000c2900000, 0x00000000c2900000, 0x00000000c2a00000|  0%| F|  |TAMS 0x00000000c2900000| PB 0x00000000c2900000| Untracked 
|  14|0x00000000c2a00000, 0x00000000c2a00000, 0x00000000c2b00000|  0%| F|  |TAMS 0x00000000c2a00000| PB 0x00000000c2a00000| Untracked 
|  15|0x00000000c2b00000, 0x00000000c2b00000, 0x00000000c2c00000|  0%| F|  |TAMS 0x00000000c2b00000| PB 0x00000000c2b00000| Untracked 
|  16|0x00000000c2c00000, 0x00000000c2c00000, 0x00000000c2d00000|  0%| F|  |TAMS 0x00000000c2c00000| PB 0x00000000c2c00000| Untracked 
|  17|0x00000000c2d00000, 0x00000000c2d00000, 0x00000000c2e00000|  0%| F|  |TAMS 0x00000000c2d00000| PB 0x00000000c2d00000| Untracked 
|  18|0x00000000c2e00000, 0x00000000c2e00000, 0x00000000c2f00000|  0%| F|  |TAMS 0x00000000c2e00000| PB 0x00000000c2e00000| Untracked 
|  19|0x00000000c2f00000, 0x00000000c2f00000, 0x00000000c3000000|  0%| F|  |TAMS 0x00000000c2f00000| PB 0x00000000c2f00000| Untracked 
|  20|0x00000000c3000000, 0x00000000c3000000, 0x00000000c3100000|  0%| F|  |TAMS 0x00000000c3000000| PB 0x00000000c3000000| Untracked 
|  21|0x00000000c3100000, 0x00000000c3100000, 0x00000000c3200000|  0%| F|  |TAMS 0x00000000c3100000| PB 0x00000000c3100000| Untracked 
|  22|0x00000000c3200000, 0x00000000c3200000, 0x00000000c3300000|  0%| F|  |TAMS 0x00000000c3200000| PB 0x00000000c3200000| Untracked 
|  23|0x00000000c3300000, 0x00000000c3300000, 0x00000000c3400000|  0%| F|  |TAMS 0x00000000c3300000| PB 0x00000000c3300000| Untracked 
|  24|0x00000000c3400000, 0x00000000c3400000, 0x00000000c3500000|  0%| F|  |TAMS 0x00000000c3400000| PB 0x00000000c3400000| Untracked 
|  25|0x00000000c3500000, 0x00000000c3500000, 0x00000000c3600000|  0%| F|  |TAMS 0x00000000c3500000| PB 0x00000000c3500000| Untracked 
|  26|0x00000000c3600000, 0x00000000c3600000, 0x00000000c3700000|  0%| F|  |TAMS 0x00000000c3600000| PB 0x00000000c3600000| Untracked 
|  27|0x00000000c3700000, 0x00000000c3700000, 0x00000000c3800000|  0%| F|  |TAMS 0x00000000c3700000| PB 0x00000000c3700000| Untracked 
|  28|0x00000000c3800000, 0x00000000c3800000, 0x00000000c3900000|  0%| F|  |TAMS 0x00000000c3800000| PB 0x00000000c3800000| Untracked 
|  29|0x00000000c3900000, 0x00000000c3900000, 0x00000000c3a00000|  0%| F|  |TAMS 0x00000000c3900000| PB 0x00000000c3900000| Untracked 
|  30|0x00000000c3a00000, 0x00000000c3a00000, 0x00000000c3b00000|  0%| F|  |TAMS 0x00000000c3a00000| PB 0x00000000c3a00000| Untracked 
|  31|0x00000000c3b00000, 0x00000000c3b7fb98, 0x00000000c3c00000| 49%| E|  |TAMS 0x00000000c3b00000| PB 0x00000000c3b00000| Complete 
|  32|0x00000000c3c00000, 0x00000000c3d00000, 0x00000000c3d00000|100%| E|CS|TAMS 0x00000000c3c00000| PB 0x00000000c3c00000| Complete 
|  33|0x00000000c3d00000, 0x00000000c3e00000, 0x00000000c3e00000|100%| E|CS|TAMS 0x00000000c3d00000| PB 0x00000000c3d00000| Complete 
|  34|0x00000000c3e00000, 0x00000000c3f00000, 0x00000000c3f00000|100%| E|CS|TAMS 0x00000000c3e00000| PB 0x00000000c3e00000| Complete 
|  35|0x00000000c3f00000, 0x00000000c4000000, 0x00000000c4000000|100%| E|CS|TAMS 0x00000000c3f00000| PB 0x00000000c3f00000| Complete 
|  36|0x00000000c4000000, 0x00000000c4100000, 0x00000000c4100000|100%| E|CS|TAMS 0x00000000c4000000| PB 0x00000000c4000000| Complete 
|  37|0x00000000c4100000, 0x00000000c4200000, 0x00000000c4200000|100%| E|CS|TAMS 0x00000000c4100000| PB 0x00000000c4100000| Complete 
|  38|0x00000000c4200000, 0x00000000c4300000, 0x00000000c4300000|100%| E|CS|TAMS 0x00000000c4200000| PB 0x00000000c4200000| Complete 
|  39|0x00000000c4300000, 0x00000000c4400000, 0x00000000c4400000|100%| E|  |TAMS 0x00000000c4300000| PB 0x00000000c4300000| Complete 
|  40|0x00000000c4400000, 0x00000000c4500000, 0x00000000c4500000|100%| E|CS|TAMS 0x00000000c4400000| PB 0x00000000c4400000| Complete 
|  41|0x00000000c4500000, 0x00000000c4600000, 0x00000000c4600000|100%| S|CS|TAMS 0x00000000c4500000| PB 0x00000000c4500000| Complete 
|  42|0x00000000c4600000, 0x00000000c4700000, 0x00000000c4700000|100%| S|CS|TAMS 0x00000000c4600000| PB 0x00000000c4600000| Complete 
|  43|0x00000000c4700000, 0x00000000c4800000, 0x00000000c4800000|100%| S|CS|TAMS 0x00000000c4700000| PB 0x00000000c4700000| Complete 
|  44|0x00000000c4800000, 0x00000000c4900000, 0x00000000c4900000|100%| E|CS|TAMS 0x00000000c4800000| PB 0x00000000c4800000| Complete 
|  45|0x00000000c4900000, 0x00000000c4a00000, 0x00000000c4a00000|100%| E|CS|TAMS 0x00000000c4900000| PB 0x00000000c4900000| Complete 
|  46|0x00000000c4a00000, 0x00000000c4b00000, 0x00000000c4b00000|100%| E|CS|TAMS 0x00000000c4a00000| PB 0x00000000c4a00000| Complete 
|  47|0x00000000c4b00000, 0x00000000c4c00000, 0x00000000c4c00000|100%| E|CS|TAMS 0x00000000c4b00000| PB 0x00000000c4b00000| Complete 
|  48|0x00000000c4c00000, 0x00000000c4d00000, 0x00000000c4d00000|100%| E|CS|TAMS 0x00000000c4c00000| PB 0x00000000c4c00000| Complete 
|  49|0x00000000c4d00000, 0x00000000c4e00000, 0x00000000c4e00000|100%| E|CS|TAMS 0x00000000c4d00000| PB 0x00000000c4d00000| Complete 
|  50|0x00000000c4e00000, 0x00000000c4f00000, 0x00000000c4f00000|100%| E|CS|TAMS 0x00000000c4e00000| PB 0x00000000c4e00000| Complete 
|  51|0x00000000c4f00000, 0x00000000c5000000, 0x00000000c5000000|100%| E|CS|TAMS 0x00000000c4f00000| PB 0x00000000c4f00000| Complete 
|  52|0x00000000c5000000, 0x00000000c5100000, 0x00000000c5100000|100%| E|CS|TAMS 0x00000000c5000000| PB 0x00000000c5000000| Complete 
|  53|0x00000000c5100000, 0x00000000c5200000, 0x00000000c5200000|100%| E|CS|TAMS 0x00000000c5100000| PB 0x00000000c5100000| Complete 
|  54|0x00000000c5200000, 0x00000000c5300000, 0x00000000c5300000|100%| E|CS|TAMS 0x00000000c5200000| PB 0x00000000c5200000| Complete 
|  55|0x00000000c5300000, 0x00000000c5400000, 0x00000000c5400000|100%| E|CS|TAMS 0x00000000c5300000| PB 0x00000000c5300000| Complete 
|  56|0x00000000c5400000, 0x00000000c5500000, 0x00000000c5500000|100%| E|CS|TAMS 0x00000000c5400000| PB 0x00000000c5400000| Complete 
|  57|0x00000000c5500000, 0x00000000c5600000, 0x00000000c5600000|100%| E|CS|TAMS 0x00000000c5500000| PB 0x00000000c5500000| Complete 
|  58|0x00000000c5600000, 0x00000000c5700000, 0x00000000c5700000|100%| E|CS|TAMS 0x00000000c5600000| PB 0x00000000c5600000| Complete 
|  59|0x00000000c5700000, 0x00000000c5800000, 0x00000000c5800000|100%| E|CS|TAMS 0x00000000c5700000| PB 0x00000000c5700000| Complete 
|  60|0x00000000c5800000, 0x00000000c5900000, 0x00000000c5900000|100%| E|CS|TAMS 0x00000000c5800000| PB 0x00000000c5800000| Complete 
|  61|0x00000000c5900000, 0x00000000c5a00000, 0x00000000c5a00000|100%| E|CS|TAMS 0x00000000c5900000| PB 0x00000000c5900000| Complete 
|  62|0x00000000c5a00000, 0x00000000c5b00000, 0x00000000c5b00000|100%| E|CS|TAMS 0x00000000c5a00000| PB 0x00000000c5a00000| Complete 
|  63|0x00000000c5b00000, 0x00000000c5c00000, 0x00000000c5c00000|100%| E|CS|TAMS 0x00000000c5b00000| PB 0x00000000c5b00000| Complete 

Card table byte_map: [0x00000200ffb40000,0x00000200ffd40000] _byte_map_base: 0x00000200ff532000

Marking Bits: (CMBitMap*) 0x00000200e88c1310
 Bits: [0x0000020080000000, 0x0000020080f90000)

Polling page: 0x00000200e6790000

Metaspace:

Usage:
  Non-class:     13.28 MB used.
      Class:      2.51 MB used.
       Both:     15.79 MB used.

Virtual space:
  Non-class space:       64.00 MB reserved,      13.44 MB ( 21%) committed,  1 nodes.
      Class space:        1.00 GB reserved,       2.69 MB ( <1%) committed,  1 nodes.
             Both:        1.06 GB reserved,      16.12 MB (  1%) committed. 

Chunk freelists:
   Non-Class:  2.44 MB
       Class:  1.25 MB
        Both:  3.68 MB

MaxMetaspaceSize: unlimited
CompressedClassSpaceSize: 1.00 GB
Initial GC threshold: 21.00 MB
Current GC threshold: 21.00 MB
CDS: on
MetaspaceReclaimPolicy: balanced
 - commit_granule_bytes: 65536.
 - commit_granule_words: 8192.
 - virtual_space_node_default_size: 8388608.
 - enlarge_chunks_in_place: 1.
 - new_chunks_are_fully_committed: 0.
 - uncommit_free_chunks: 1.
 - use_allocation_guard: 0.


Internal statistics:

num_allocs_failed_limit: 0.
num_arena_births: 380.
num_arena_deaths: 0.
num_vsnodes_births: 2.
num_vsnodes_deaths: 0.
num_space_committed: 258.
num_space_uncommitted: 0.
num_chunks_returned_to_freelist: 0.
num_chunks_taken_from_freelist: 939.
num_chunk_merges: 0.
num_chunk_splits: 637.
num_chunks_enlarged: 457.
num_inconsistent_stats: 0.

CodeHeap 'non-profiled nmethods': size=120000Kb used=680Kb max_used=680Kb free=119319Kb
 bounds [0x00000200f8410000, 0x00000200f8680000, 0x00000200ff940000]
CodeHeap 'profiled nmethods': size=120000Kb used=4188Kb max_used=4188Kb free=115811Kb
 bounds [0x00000200f0940000, 0x00000200f0d60000, 0x00000200f7e70000]
CodeHeap 'non-nmethods': size=5760Kb used=1803Kb max_used=1803Kb free=3956Kb
 bounds [0x00000200f7e70000, 0x00000200f80e0000, 0x00000200f8410000]
 total_blobs=2979 nmethods=2209 adapters=681
 compilation: enabled
              stopped_count=0, restarted_count=0
 full_count=0

Compilation events (20 events):
Event: 3.546 Thread 0x0000020083420340 2199       1       javafx.scene.layout.CornerRadii::getBottomRightVerticalRadius (5 bytes)
Event: 3.546 Thread 0x0000020083420340 nmethod 2199 0x00000200f84b7e10 code [0x00000200f84b7f80, 0x00000200f84b8048]
Event: 3.546 Thread 0x0000020083420340 2200       1       javafx.scene.layout.CornerRadii::getBottomRightHorizontalRadius (5 bytes)
Event: 3.546 Thread 0x0000020083420340 nmethod 2200 0x00000200f84b8110 code [0x00000200f84b8280, 0x00000200f84b8348]
Event: 3.546 Thread 0x0000020083420340 2201       1       javafx.scene.layout.CornerRadii::getBottomLeftVerticalRadius (5 bytes)
Event: 3.547 Thread 0x0000020083420340 nmethod 2201 0x00000200f84b8410 code [0x00000200f84b8580, 0x00000200f84b8648]
Event: 3.547 Thread 0x0000020083420340 2202       1       javafx.scene.layout.CornerRadii::getBottomLeftHorizontalRadius (5 bytes)
Event: 3.547 Thread 0x0000020083420340 nmethod 2202 0x00000200f84b8710 code [0x00000200f84b8880, 0x00000200f84b8948]
Event: 3.547 Thread 0x0000020083420340 2208       1       javafx.scene.layout.Border::getOutsets (5 bytes)
Event: 3.547 Thread 0x0000020083420340 nmethod 2208 0x00000200f84b8a10 code [0x00000200f84b8b80, 0x00000200f84b8c48]
Event: 3.547 Thread 0x0000020083420340 2192       1       com.sun.javafx.geom.RectBounds::getMinZ (2 bytes)
Event: 3.547 Thread 0x0000020083420340 nmethod 2192 0x00000200f84b8d10 code [0x00000200f84b8e80, 0x00000200f84b8f48]
Event: 3.547 Thread 0x0000020083420340 2204       1       com.sun.javafx.geom.transform.Translate2D::getMxt (5 bytes)
Event: 3.548 Thread 0x0000020083420340 nmethod 2204 0x00000200f84b9010 code [0x00000200f84b9180, 0x00000200f84b9248]
Event: 3.548 Thread 0x0000020083420340 2205       1       com.sun.javafx.geom.transform.Translate2D::getMyt (5 bytes)
Event: 3.548 Thread 0x0000020083420340 nmethod 2205 0x00000200f84b9310 code [0x00000200f84b9480, 0x00000200f84b9548]
Event: 3.548 Thread 0x0000020083420340 2193       1       com.sun.javafx.geom.RectBounds::getMaxZ (2 bytes)
Event: 3.548 Thread 0x0000020083420340 nmethod 2193 0x00000200f84b9610 code [0x00000200f84b9780, 0x00000200f84b9848]
Event: 3.548 Thread 0x0000020083420340 2209       1       java.util.Collections$EmptyList::size (2 bytes)
Event: 3.548 Thread 0x0000020083420340 nmethod 2209 0x00000200f84b9910 code [0x00000200f84b9a80, 0x00000200f84b9b48]

GC Heap History (4 events):
Event: 1.052 GC heap before
{Heap before GC invocations=0 (full 0):
 garbage-first heap   total 65536K, used 13312K [0x00000000c1c00000, 0x0000000100000000)
  region size 1024K, 13 young (13312K), 0 survivors (0K)
 Metaspace       used 2754K, committed 2944K, reserved 1114112K
  class space    used 298K, committed 384K, reserved 1048576K
}
Event: 1.059 GC heap after
{Heap after GC invocations=1 (full 0):
 garbage-first heap   total 65536K, used 1958K [0x00000000c1c00000, 0x0000000100000000)
  region size 1024K, 2 young (2048K), 2 survivors (2048K)
 Metaspace       used 2754K, committed 2944K, reserved 1114112K
  class space    used 298K, committed 384K, reserved 1048576K
}
Event: 1.743 GC heap before
{Heap before GC invocations=1 (full 0):
 garbage-first heap   total 65536K, used 19366K [0x00000000c1c00000, 0x0000000100000000)
  region size 1024K, 20 young (20480K), 2 survivors (2048K)
 Metaspace       used 8528K, committed 8768K, reserved 1114112K
  class space    used 1076K, committed 1216K, reserved 1048576K
}
Event: 1.753 GC heap after
{Heap after GC invocations=2 (full 0):
 garbage-first heap   total 65536K, used 5032K [0x00000000c1c00000, 0x0000000100000000)
  region size 1024K, 3 young (3072K), 3 survivors (3072K)
 Metaspace       used 8528K, committed 8768K, reserved 1114112K
  class space    used 1076K, committed 1216K, reserved 1048576K
}

Dll operation events (20 events):
Event: 0.808 Loaded shared library C:\Users\Melissa Morgan\Documents\javafx-sdk-21\bin\api-ms-win-crt-locale-l1-1-0.dll
Event: 0.811 Loaded shared library C:\Users\Melissa Morgan\Documents\javafx-sdk-21\bin\api-ms-win-crt-math-l1-1-0.dll
Event: 0.813 Loaded shared library C:\Users\Melissa Morgan\Documents\javafx-sdk-21\bin\api-ms-win-crt-multibyte-l1-1-0.dll
Event: 0.816 Loaded shared library C:\Users\Melissa Morgan\Documents\javafx-sdk-21\bin\api-ms-win-crt-private-l1-1-0.dll
Event: 0.818 Loaded shared library C:\Users\Melissa Morgan\Documents\javafx-sdk-21\bin\api-ms-win-crt-process-l1-1-0.dll
Event: 0.821 Loaded shared library C:\Users\Melissa Morgan\Documents\javafx-sdk-21\bin\api-ms-win-crt-runtime-l1-1-0.dll
Event: 0.823 Loaded shared library C:\Users\Melissa Morgan\Documents\javafx-sdk-21\bin\api-ms-win-crt-stdio-l1-1-0.dll
Event: 0.825 Loaded shared library C:\Users\Melissa Morgan\Documents\javafx-sdk-21\bin\api-ms-win-crt-string-l1-1-0.dll
Event: 0.828 Loaded shared library C:\Users\Melissa Morgan\Documents\javafx-sdk-21\bin\api-ms-win-crt-time-l1-1-0.dll
Event: 0.830 Loaded shared library C:\Users\Melissa Morgan\Documents\javafx-sdk-21\bin\api-ms-win-crt-utility-l1-1-0.dll
Event: 0.833 Loaded shared library C:\Users\Melissa Morgan\Documents\javafx-sdk-21\bin\ucrtbase.dll
Event: 0.835 Loaded shared library C:\Users\Melissa Morgan\Documents\javafx-sdk-21\bin\vcruntime140.dll
Event: 0.838 Loaded shared library C:\Users\Melissa Morgan\Documents\javafx-sdk-21\bin\vcruntime140_1.dll
Event: 0.842 Loaded shared library C:\Users\Melissa Morgan\Documents\javafx-sdk-21\bin\msvcp140.dll
Event: 0.845 Loaded shared library C:\Users\Melissa Morgan\Documents\javafx-sdk-21\bin\msvcp140_1.dll
Event: 0.847 Loaded shared library C:\Users\Melissa Morgan\Documents\javafx-sdk-21\bin\msvcp140_2.dll
Event: 0.927 Loaded shared library C:\Users\Melissa Morgan\Documents\javafx-sdk-21\bin\prism_d3d.dll
Event: 0.987 Loaded shared library C:\Users\Melissa Morgan\Documents\javafx-sdk-21\bin\glass.dll
Event: 1.233 Loaded shared library C:\Program Files\Java\jdk-20\bin\jimage.dll
Event: 1.538 Loaded shared library C:\Users\Melissa Morgan\Documents\javafx-sdk-21\bin\javafx_font.dll

Deoptimization events (20 events):
Event: 3.046 Thread 0x0000020087ce5ca0 DEOPT PACKING pc=0x00000200f0a7edbe sp=0x000000e052ffd9f0
Event: 3.046 Thread 0x0000020087ce5ca0 DEOPT UNPACKING pc=0x00000200f7eda4a3 sp=0x000000e052ffce80 mode 0
Event: 3.047 Thread 0x0000020087ce5ca0 DEOPT PACKING pc=0x00000200f0a7edbe sp=0x000000e052ffd9f0
Event: 3.047 Thread 0x0000020087ce5ca0 DEOPT UNPACKING pc=0x00000200f7eda4a3 sp=0x000000e052ffce80 mode 0
Event: 3.049 Thread 0x0000020087ce5ca0 DEOPT PACKING pc=0x00000200f0a7edbe sp=0x000000e052ffd9f0
Event: 3.049 Thread 0x0000020087ce5ca0 DEOPT UNPACKING pc=0x00000200f7eda4a3 sp=0x000000e052ffce80 mode 0
Event: 3.049 Thread 0x0000020087ce5ca0 DEOPT PACKING pc=0x00000200f0a7edbe sp=0x000000e052ffd9f0
Event: 3.049 Thread 0x0000020087ce5ca0 DEOPT UNPACKING pc=0x00000200f7eda4a3 sp=0x000000e052ffce80 mode 0
Event: 3.050 Thread 0x0000020087ce5ca0 DEOPT PACKING pc=0x00000200f0a7edbe sp=0x000000e052ffd9f0
Event: 3.050 Thread 0x0000020087ce5ca0 DEOPT UNPACKING pc=0x00000200f7eda4a3 sp=0x000000e052ffce80 mode 0
Event: 3.056 Thread 0x0000020087ce5ca0 DEOPT PACKING pc=0x00000200f0a7edbe sp=0x000000e052ffd9f0
Event: 3.056 Thread 0x0000020087ce5ca0 DEOPT UNPACKING pc=0x00000200f7eda4a3 sp=0x000000e052ffce80 mode 0
Event: 3.056 Thread 0x0000020087ce5ca0 DEOPT PACKING pc=0x00000200f0a7edbe sp=0x000000e052ffd9f0
Event: 3.056 Thread 0x0000020087ce5ca0 DEOPT UNPACKING pc=0x00000200f7eda4a3 sp=0x000000e052ffce80 mode 0
Event: 3.057 Thread 0x0000020087ce5ca0 DEOPT PACKING pc=0x00000200f0a7edbe sp=0x000000e052ffd9f0
Event: 3.057 Thread 0x0000020087ce5ca0 DEOPT UNPACKING pc=0x00000200f7eda4a3 sp=0x000000e052ffce80 mode 0
Event: 3.216 Thread 0x0000020087ce5ca0 Uncommon trap: trap_request=0xffffff45 fr.pc=0x00000200f847e4f0 relative=0x0000000000000070
Event: 3.216 Thread 0x0000020087ce5ca0 Uncommon trap: reason=unstable_if action=reinterpret pc=0x00000200f847e4f0 method=java.util.stream.StreamOpFlag.fromCharacteristics(Ljava/util/Spliterator;)I @ 10 c2
Event: 3.216 Thread 0x0000020087ce5ca0 DEOPT PACKING pc=0x00000200f847e4f0 sp=0x000000e052ffd6a0
Event: 3.216 Thread 0x0000020087ce5ca0 DEOPT UNPACKING pc=0x00000200f7ed9d1c sp=0x000000e052ffd638 mode 2

Classes loaded (20 events):
Event: 2.906 Loading class jdk/internal/foreign/MemorySessionImpl
Event: 2.906 Loading class java/lang/foreign/SegmentScope
Event: 2.906 Loading class java/lang/foreign/SegmentScope done
Event: 2.906 Loading class java/lang/foreign/SegmentAllocator
Event: 2.906 Loading class java/lang/foreign/SegmentAllocator done
Event: 2.906 Loading class jdk/internal/foreign/MemorySessionImpl done
Event: 2.908 Loading class jdk/internal/icu/text/UTF16
Event: 2.908 Loading class jdk/internal/icu/text/UTF16 done
Event: 2.908 Loading class jdk/internal/icu/text/BidiLine
Event: 2.909 Loading class jdk/internal/icu/text/BidiLine done
Event: 2.922 Loading class java/util/BitSet
Event: 2.923 Loading class java/util/BitSet done
Event: 3.215 Loading class java/util/BitSet$1BitSetSpliterator
Event: 3.216 Loading class java/util/BitSet$1BitSetSpliterator done
Event: 3.218 Loading class java/util/stream/IntPipeline$1
Event: 3.218 Loading class java/util/stream/IntPipeline$1 done
Event: 3.218 Loading class java/util/stream/IntPipeline$1$1
Event: 3.218 Loading class java/util/stream/IntPipeline$1$1 done
Event: 3.284 Loading class java/lang/ArrayIndexOutOfBoundsException
Event: 3.285 Loading class java/lang/ArrayIndexOutOfBoundsException done

Classes unloaded (0 events):
No events

Classes redefined (0 events):
No events

Internal exceptions (20 events):
Event: 1.838 Thread 0x0000020087ce5ca0 Exception <a 'java/lang/NoSuchMethodError'{0x00000000c5a97258}: 'void java.lang.invoke.Invokers$Holder.invokeExact_MT(java.lang.Object, java.lang.Object, java.lang.Object, java.lang.Object)'> (0x00000000c5a97258) 
thrown [s\open\src\hotspot\share\interpreter\linkResolver.cpp, line 773]
Event: 1.878 Thread 0x0000020087ce5ca0 Exception <a 'sun/nio/fs/WindowsException'{0x00000000c597a2b0}> (0x00000000c597a2b0) 
thrown [s\open\src\hotspot\share\prims\jni.cpp, line 519]
Event: 2.036 Thread 0x0000020087ce5ca0 Exception <a 'java/lang/NoSuchMethodError'{0x00000000c5619038}: 'java.lang.Object java.lang.invoke.DelegatingMethodHandle$Holder.reinvoke_L(java.lang.Object, double, double, double, double)'> (0x00000000c5619038) 
thrown [s\open\src\hotspot\share\interpreter\linkResolver.cpp, line 773]
Event: 2.039 Thread 0x0000020087ce5ca0 Exception <a 'java/lang/NoSuchMethodError'{0x00000000c5623d78}: 'java.lang.Object java.lang.invoke.DirectMethodHandle$Holder.invokeStatic(java.lang.Object, java.lang.Object, int)'> (0x00000000c5623d78) 
thrown [s\open\src\hotspot\share\interpreter\linkResolver.cpp, line 773]
Event: 2.039 Thread 0x0000020087ce5ca0 Exception <a 'java/lang/NoSuchMethodError'{0x00000000c5627950}: 'void java.lang.invoke.DirectMethodHandle$Holder.invokeStatic(java.lang.Object, java.lang.Object, int, java.lang.Object)'> (0x00000000c5627950) 
thrown [s\open\src\hotspot\share\interpreter\linkResolver.cpp, line 773]
Event: 2.040 Thread 0x0000020087ce5ca0 Exception <a 'java/lang/NoSuchMethodError'{0x00000000c562e3c0}: 'void java.lang.invoke.DelegatingMethodHandle$Holder.delegate(java.lang.Object, java.lang.Object, int, java.lang.Object)'> (0x00000000c562e3c0) 
thrown [s\open\src\hotspot\share\interpreter\linkResolver.cpp, line 773]
Event: 2.143 Thread 0x0000020087ce5ca0 Exception <a 'sun/nio/fs/WindowsException'{0x00000000c54770b8}> (0x00000000c54770b8) 
thrown [s\open\src\hotspot\share\prims\jni.cpp, line 519]
Event: 2.159 Thread 0x0000020087ce5ca0 Implicit null exception at 0x00000200f8431546 to 0x00000200f84315e2
Event: 2.404 Thread 0x0000020087ce5ca0 Implicit null exception at 0x00000200f8466572 to 0x00000200f8466ba0
Event: 2.426 Thread 0x0000020087ce5ca0 Exception <a 'java/io/FileNotFoundException'{0x00000000c50c2a68}> (0x00000000c50c2a68) 
thrown [s\open\src\hotspot\share\prims\jni.cpp, line 519]
Event: 2.506 Thread 0x0000020087ce5ca0 Exception <a 'java/lang/NoSuchMethodError'{0x00000000c4ffcb18}: 'int java.lang.invoke.DirectMethodHandle$Holder.invokeStaticInit(java.lang.Object, java.lang.Object)'> (0x00000000c4ffcb18) 
thrown [s\open\src\hotspot\share\interpreter\linkResolver.cpp, line 773]
Event: 2.641 Thread 0x0000020087ce5ca0 Exception <a 'java/lang/NoSuchMethodError'{0x00000000c4b742f0}: 'void java.lang.invoke.DirectMethodHandle$Holder.invokeSpecial(java.lang.Object, java.lang.Object, java.lang.Object, java.lang.Object, java.lang.Object, java.lang.Object)'> (0x00000000c4b742f0) 
thrown [s\open\src\hotspot\share\interpreter\linkResolver.cpp, line 773]
Event: 2.729 Thread 0x0000020087ce5ca0 Exception <a 'java/lang/IncompatibleClassChangeError'{0x00000000c4ae54b0}: Found class java.lang.Object, but interface was expected> (0x00000000c4ae54b0) 
thrown [s\open\src\hotspot\share\interpreter\linkResolver.cpp, line 840]
Event: 2.913 Thread 0x0000020087ce5ca0 Exception <a 'java/lang/NoSuchMethodError'{0x00000000c432aa30}: 'int java.lang.invoke.DirectMethodHandle$Holder.invokeSpecial(java.lang.Object, java.lang.Object, int)'> (0x00000000c432aa30) 
thrown [s\open\src\hotspot\share\interpreter\linkResolver.cpp, line 773]
Event: 2.972 Thread 0x0000020087ce5ca0 Exception <a 'java/lang/NoSuchMethodError'{0x00000000c43b1510}: 'java.lang.Object java.lang.invoke.DirectMethodHandle$Holder.newInvokeSpecial(java.lang.Object, java.lang.Object, int)'> (0x00000000c43b1510) 
thrown [s\open\src\hotspot\share\interpreter\linkResolver.cpp, line 773]
Event: 3.037 Thread 0x0000020087ce5ca0 Exception <a 'java/io/FileNotFoundException'{0x00000000c43e8508}> (0x00000000c43e8508) 
thrown [s\open\src\hotspot\share\prims\jni.cpp, line 519]
Event: 3.120 Thread 0x0000020087ce5ca0 Exception <a 'java/lang/NoSuchMethodError'{0x00000000c42bd2d0}: 'java.lang.Object java.lang.invoke.DirectMethodHandle$Holder.newInvokeSpecial(java.lang.Object, double)'> (0x00000000c42bd2d0) 
thrown [s\open\src\hotspot\share\interpreter\linkResolver.cpp, line 773]
Event: 3.270 Thread 0x0000020087ce5ca0 Exception <a 'java/lang/ClassNotFoundException'{0x00000000c40c6728}: com/sun/javafx/scene/control/skin/resources/controls> (0x00000000c40c6728) 
thrown [s\open\src\hotspot\share\prims\jni.cpp, line 538]
Event: 3.274 Thread 0x0000020087ce5ca0 Exception <a 'java/lang/ClassNotFoundException'{0x00000000c40d49a0}: com/sun/javafx/scene/control/skin/resources/controls_en> (0x00000000c40d49a0) 
thrown [s\open\src\hotspot\share\prims\jni.cpp, line 538]
Event: 3.274 Thread 0x0000020087ce5ca0 Exception <a 'java/lang/ClassNotFoundException'{0x00000000c40d5958}: com/sun/javafx/scene/control/skin/resources/controls_en_US> (0x00000000c40d5958) 
thrown [s\open\src\hotspot\share\prims\jni.cpp, line 538]

VM Operations (20 events):
Event: 1.545 Executing VM operation: HandshakeAllThreads
Event: 1.545 Executing VM operation: HandshakeAllThreads done
Event: 1.743 Executing VM operation: G1CollectForAllocation
Event: 1.753 Executing VM operation: G1CollectForAllocation done
Event: 2.034 Executing VM operation: HandshakeAllThreads
Event: 2.034 Executing VM operation: HandshakeAllThreads done
Event: 2.038 Executing VM operation: HandshakeAllThreads
Event: 2.038 Executing VM operation: HandshakeAllThreads done
Event: 2.430 Executing VM operation: HandshakeAllThreads
Event: 2.430 Executing VM operation: HandshakeAllThreads done
Event: 2.521 Executing VM operation: HandshakeAllThreads
Event: 2.521 Executing VM operation: HandshakeAllThreads done
Event: 2.703 Executing VM operation: ICBufferFull
Event: 2.703 Executing VM operation: ICBufferFull done
Event: 3.217 Executing VM operation: HandshakeAllThreads
Event: 3.218 Executing VM operation: HandshakeAllThreads done
Event: 3.219 Executing VM operation: ICBufferFull
Event: 3.219 Executing VM operation: ICBufferFull done
Event: 3.285 Executing VM operation: HandshakeAllThreads
Event: 3.285 Executing VM operation: HandshakeAllThreads done

Events (19 events):
Event: 0.036 Thread 0x00000200e68abf70 Thread added: 0x00000200e68abf70
Event: 0.077 Thread 0x00000200833f1be0 Thread added: 0x00000200833f1be0
Event: 0.078 Thread 0x00000200833f2df0 Thread added: 0x00000200833f2df0
Event: 0.079 Thread 0x00000200833f4080 Thread added: 0x00000200833f4080
Event: 0.079 Thread 0x00000200833f59d0 Thread added: 0x00000200833f59d0
Event: 0.079 Thread 0x00000200833f6310 Thread added: 0x00000200833f6310
Event: 0.079 Thread 0x00000200833ffc70 Thread added: 0x00000200833ffc70
Event: 0.079 Thread 0x0000020083400cf0 Thread added: 0x0000020083400cf0
Event: 0.081 Thread 0x0000020083420340 Thread added: 0x0000020083420340
Event: 0.211 Thread 0x00000200834b8c30 Thread added: 0x00000200834b8c30
Event: 0.464 Thread 0x0000020087929b00 Thread added: 0x0000020087929b00
Event: 0.590 Thread 0x0000020087b697b0 Thread added: 0x0000020087b697b0
Event: 0.814 Thread 0x0000020087929b00 Thread exited: 0x0000020087929b00
Event: 0.915 Thread 0x0000020087b60f30 Thread added: 0x0000020087b60f30
Event: 0.992 Thread 0x0000020087cf0140 Thread added: 0x0000020087cf0140
Event: 1.001 Thread 0x0000020087ce5ca0 Thread added: 0x0000020087ce5ca0
Event: 1.135 Thread 0x0000020087f2af90 Thread added: 0x0000020087f2af90
Event: 1.166 Thread 0x0000020087e66290 Thread added: 0x0000020087e66290
Event: 1.932 Thread 0x0000020087ff5060 Thread added: 0x0000020087ff5060


Dynamic libraries:
0x00007ff635190000 - 0x00007ff6351a0000 	C:\Program Files\Java\jdk-20\bin\javaw.exe
0x00007ffe6a570000 - 0x00007ffe6a768000 	C:\WINDOWS\SYSTEM32\ntdll.dll
0x00007ffe686d0000 - 0x00007ffe6878f000 	C:\WINDOWS\System32\KERNEL32.DLL
0x00007ffe67db0000 - 0x00007ffe680a6000 	C:\WINDOWS\System32\KERNELBASE.dll
0x00007ffe68420000 - 0x00007ffe68520000 	C:\WINDOWS\System32\ucrtbase.dll
0x00007ffe5b350000 - 0x00007ffe5b369000 	C:\Program Files\Java\jdk-20\bin\jli.dll
0x00007ffe688d0000 - 0x00007ffe6897f000 	C:\WINDOWS\System32\ADVAPI32.dll
0x00007ffe68630000 - 0x00007ffe686ce000 	C:\WINDOWS\System32\msvcrt.dll
0x00007ffe68d60000 - 0x00007ffe68dfc000 	C:\WINDOWS\System32\sechost.dll
0x00007ffe56350000 - 0x00007ffe5636b000 	C:\Program Files\Java\jdk-20\bin\VCRUNTIME140.dll
0x00007ffe68ea0000 - 0x00007ffe68fc6000 	C:\WINDOWS\System32\RPCRT4.dll
0x00007ffe69760000 - 0x00007ffe698fd000 	C:\WINDOWS\System32\USER32.dll
0x00007ffe67c50000 - 0x00007ffe67c72000 	C:\WINDOWS\System32\win32u.dll
0x00007ffe66fa0000 - 0x00007ffe6723a000 	C:\WINDOWS\WinSxS\amd64_microsoft.windows.common-controls_6595b64144ccf1df_6.0.19041.1110_none_60b5254171f9507e\COMCTL32.dll
0x00007ffe68e70000 - 0x00007ffe68e9c000 	C:\WINDOWS\System32\GDI32.dll
0x00007ffe68120000 - 0x00007ffe68235000 	C:\WINDOWS\System32\gdi32full.dll
0x00007ffe67c80000 - 0x00007ffe67d1d000 	C:\WINDOWS\System32\msvcp_win.dll
0x00007ffe64d30000 - 0x00007ffe64d3a000 	C:\WINDOWS\SYSTEM32\VERSION.dll
0x00007ffe68790000 - 0x00007ffe687c0000 	C:\WINDOWS\System32\IMM32.DLL
0x00007ffe5c840000 - 0x00007ffe5c84c000 	C:\Program Files\Java\jdk-20\bin\vcruntime140_1.dll
0x00007ffe53140000 - 0x00007ffe531ce000 	C:\Program Files\Java\jdk-20\bin\msvcp140.dll
0x00007ffe26f80000 - 0x00007ffe27c17000 	C:\Program Files\Java\jdk-20\bin\server\jvm.dll
0x00007ffe4d360000 - 0x00007ffe4d387000 	C:\WINDOWS\SYSTEM32\WINMM.dll
0x00007ffe4fcb0000 - 0x00007ffe4fcb9000 	C:\WINDOWS\SYSTEM32\WSOCK32.dll
0x00007ffe68e00000 - 0x00007ffe68e6b000 	C:\WINDOWS\System32\WS2_32.dll
0x00007ffe64cc0000 - 0x00007ffe64cd2000 	C:\WINDOWS\SYSTEM32\kernel.appcore.dll
0x00007ffe5f790000 - 0x00007ffe5f79a000 	C:\Program Files\Java\jdk-20\bin\jimage.dll
0x00007ffe676d0000 - 0x00007ffe678b4000 	C:\WINDOWS\SYSTEM32\DBGHELP.DLL
0x00007ffe67460000 - 0x00007ffe67494000 	C:\WINDOWS\SYSTEM32\dbgcore.DLL
0x00007ffe67d20000 - 0x00007ffe67da2000 	C:\WINDOWS\System32\bcryptPrimitives.dll
0x00007ffe5c400000 - 0x00007ffe5c426000 	C:\Program Files\Java\jdk-20\bin\java.dll
0x00007ffe4d870000 - 0x00007ffe4d947000 	C:\Program Files\Java\jdk-20\bin\jsvml.dll
0x00007ffe69ad0000 - 0x00007ffe6a214000 	C:\WINDOWS\System32\SHELL32.dll
0x00007ffe64f00000 - 0x00007ffe65693000 	C:\WINDOWS\SYSTEM32\windows.storage.dll
0x00007ffe68980000 - 0x00007ffe68cd4000 	C:\WINDOWS\System32\combase.dll
0x00007ffe67240000 - 0x00007ffe6726e000 	C:\WINDOWS\SYSTEM32\Wldp.dll
0x00007ffe687c0000 - 0x00007ffe6886d000 	C:\WINDOWS\System32\SHCORE.dll
0x00007ffe68fd0000 - 0x00007ffe69025000 	C:\WINDOWS\System32\shlwapi.dll
0x00007ffe67b90000 - 0x00007ffe67baf000 	C:\WINDOWS\SYSTEM32\profapi.dll
0x00007ffe5f770000 - 0x00007ffe5f783000 	C:\Program Files\Java\jdk-20\bin\net.dll
0x00007ffe5e780000 - 0x00007ffe5e88a000 	C:\WINDOWS\SYSTEM32\WINHTTP.dll
0x00007ffe66be0000 - 0x00007ffe66c4a000 	C:\WINDOWS\system32\mswsock.dll
0x00007ffe5c4d0000 - 0x00007ffe5c4e6000 	C:\Program Files\Java\jdk-20\bin\nio.dll
0x00007ffe5c4b0000 - 0x00007ffe5c4c8000 	C:\Program Files\Java\jdk-20\bin\zip.dll
0x00000200835d0000 - 0x00000200835d3000 	C:\Users\Melissa Morgan\Documents\javafx-sdk-21\bin\api-ms-win-core-console-l1-1-0.dll
0x00000200835e0000 - 0x00000200835e3000 	C:\Users\Melissa Morgan\Documents\javafx-sdk-21\bin\api-ms-win-core-console-l1-2-0.dll
0x00000200835f0000 - 0x00000200835f3000 	C:\Users\Melissa Morgan\Documents\javafx-sdk-21\bin\api-ms-win-core-datetime-l1-1-0.dll
0x0000020083600000 - 0x0000020083603000 	C:\Users\Melissa Morgan\Documents\javafx-sdk-21\bin\api-ms-win-core-debug-l1-1-0.dll
0x0000020083610000 - 0x0000020083613000 	C:\Users\Melissa Morgan\Documents\javafx-sdk-21\bin\api-ms-win-core-errorhandling-l1-1-0.dll
0x0000020083620000 - 0x0000020083624000 	C:\Users\Melissa Morgan\Documents\javafx-sdk-21\bin\api-ms-win-core-file-l1-1-0.dll
0x0000020083630000 - 0x0000020083633000 	C:\Users\Melissa Morgan\Documents\javafx-sdk-21\bin\api-ms-win-core-file-l1-2-0.dll
0x0000020083640000 - 0x0000020083643000 	C:\Users\Melissa Morgan\Documents\javafx-sdk-21\bin\api-ms-win-core-file-l2-1-0.dll
0x0000020083650000 - 0x0000020083653000 	C:\Users\Melissa Morgan\Documents\javafx-sdk-21\bin\api-ms-win-core-handle-l1-1-0.dll
0x0000020083660000 - 0x0000020083663000 	C:\Users\Melissa Morgan\Documents\javafx-sdk-21\bin\api-ms-win-core-heap-l1-1-0.dll
0x0000020083670000 - 0x0000020083673000 	C:\Users\Melissa Morgan\Documents\javafx-sdk-21\bin\api-ms-win-core-interlocked-l1-1-0.dll
0x0000020083680000 - 0x0000020083683000 	C:\Users\Melissa Morgan\Documents\javafx-sdk-21\bin\api-ms-win-core-libraryloader-l1-1-0.dll
0x0000020083690000 - 0x0000020083693000 	C:\Users\Melissa Morgan\Documents\javafx-sdk-21\bin\api-ms-win-core-localization-l1-2-0.dll
0x00000200836a0000 - 0x00000200836a3000 	C:\Users\Melissa Morgan\Documents\javafx-sdk-21\bin\api-ms-win-core-memory-l1-1-0.dll
0x00000200836b0000 - 0x00000200836b3000 	C:\Users\Melissa Morgan\Documents\javafx-sdk-21\bin\api-ms-win-core-namedpipe-l1-1-0.dll
0x00000200836c0000 - 0x00000200836c3000 	C:\Users\Melissa Morgan\Documents\javafx-sdk-21\bin\api-ms-win-core-processenvironment-l1-1-0.dll
0x00000200836d0000 - 0x00000200836d3000 	C:\Users\Melissa Morgan\Documents\javafx-sdk-21\bin\api-ms-win-core-processthreads-l1-1-0.dll
0x00000200836e0000 - 0x00000200836e3000 	C:\Users\Melissa Morgan\Documents\javafx-sdk-21\bin\api-ms-win-core-processthreads-l1-1-1.dll
0x00000200836f0000 - 0x00000200836f3000 	C:\Users\Melissa Morgan\Documents\javafx-sdk-21\bin\api-ms-win-core-profile-l1-1-0.dll
0x0000020083700000 - 0x0000020083703000 	C:\Users\Melissa Morgan\Documents\javafx-sdk-21\bin\api-ms-win-core-rtlsupport-l1-1-0.dll
0x0000020083710000 - 0x0000020083713000 	C:\Users\Melissa Morgan\Documents\javafx-sdk-21\bin\api-ms-win-core-string-l1-1-0.dll
0x0000020083720000 - 0x0000020083723000 	C:\Users\Melissa Morgan\Documents\javafx-sdk-21\bin\api-ms-win-core-synch-l1-1-0.dll
0x0000020083730000 - 0x0000020083733000 	C:\Users\Melissa Morgan\Documents\javafx-sdk-21\bin\api-ms-win-core-synch-l1-2-0.dll
0x0000020083740000 - 0x0000020083743000 	C:\Users\Melissa Morgan\Documents\javafx-sdk-21\bin\api-ms-win-core-sysinfo-l1-1-0.dll
0x0000020083750000 - 0x0000020083753000 	C:\Users\Melissa Morgan\Documents\javafx-sdk-21\bin\api-ms-win-core-timezone-l1-1-0.dll
0x0000020083760000 - 0x0000020083763000 	C:\Users\Melissa Morgan\Documents\javafx-sdk-21\bin\api-ms-win-core-util-l1-1-0.dll
0x0000020083770000 - 0x0000020083773000 	C:\Users\Melissa Morgan\Documents\javafx-sdk-21\bin\api-ms-win-crt-conio-l1-1-0.dll
0x0000020083780000 - 0x0000020083784000 	C:\Users\Melissa Morgan\Documents\javafx-sdk-21\bin\api-ms-win-crt-convert-l1-1-0.dll
0x0000020083790000 - 0x0000020083793000 	C:\Users\Melissa Morgan\Documents\javafx-sdk-21\bin\api-ms-win-crt-environment-l1-1-0.dll
0x00000200837a0000 - 0x00000200837a3000 	C:\Users\Melissa Morgan\Documents\javafx-sdk-21\bin\api-ms-win-crt-filesystem-l1-1-0.dll
0x00000200837b0000 - 0x00000200837b3000 	C:\Users\Melissa Morgan\Documents\javafx-sdk-21\bin\api-ms-win-crt-heap-l1-1-0.dll
0x00000200837c0000 - 0x00000200837c3000 	C:\Users\Melissa Morgan\Documents\javafx-sdk-21\bin\api-ms-win-crt-locale-l1-1-0.dll
0x00000200837d0000 - 0x00000200837d5000 	C:\Users\Melissa Morgan\Documents\javafx-sdk-21\bin\api-ms-win-crt-math-l1-1-0.dll
0x00000200837e0000 - 0x00000200837e5000 	C:\Users\Melissa Morgan\Documents\javafx-sdk-21\bin\api-ms-win-crt-multibyte-l1-1-0.dll
0x00000200837f0000 - 0x0000020083800000 	C:\Users\Melissa Morgan\Documents\javafx-sdk-21\bin\api-ms-win-crt-private-l1-1-0.dll
0x0000020088400000 - 0x0000020088403000 	C:\Users\Melissa Morgan\Documents\javafx-sdk-21\bin\api-ms-win-crt-process-l1-1-0.dll
0x0000020088410000 - 0x0000020088414000 	C:\Users\Melissa Morgan\Documents\javafx-sdk-21\bin\api-ms-win-crt-runtime-l1-1-0.dll
0x0000020088420000 - 0x0000020088424000 	C:\Users\Melissa Morgan\Documents\javafx-sdk-21\bin\api-ms-win-crt-stdio-l1-1-0.dll
0x0000020088430000 - 0x0000020088434000 	C:\Users\Melissa Morgan\Documents\javafx-sdk-21\bin\api-ms-win-crt-string-l1-1-0.dll
0x0000020088440000 - 0x0000020088443000 	C:\Users\Melissa Morgan\Documents\javafx-sdk-21\bin\api-ms-win-crt-time-l1-1-0.dll
0x0000020088450000 - 0x0000020088453000 	C:\Users\Melissa Morgan\Documents\javafx-sdk-21\bin\api-ms-win-crt-utility-l1-1-0.dll
0x00007ffe2a3e0000 - 0x00007ffe2a4dc000 	C:\Users\Melissa Morgan\Documents\javafx-sdk-21\bin\ucrtbase.dll
0x00007ffe3f9f0000 - 0x00007ffe3fa0b000 	C:\Users\Melissa Morgan\Documents\javafx-sdk-21\bin\vcruntime140.dll
0x00007ffe5f7a0000 - 0x00007ffe5f7ac000 	C:\Users\Melissa Morgan\Documents\javafx-sdk-21\bin\vcruntime140_1.dll
0x00007ffe2bc70000 - 0x00007ffe2bcfe000 	C:\Users\Melissa Morgan\Documents\javafx-sdk-21\bin\msvcp140.dll
0x00007ffe6a220000 - 0x00007ffe6a34a000 	C:\WINDOWS\System32\ole32.dll
0x00007ffe50820000 - 0x00007ffe50829000 	C:\Users\Melissa Morgan\Documents\javafx-sdk-21\bin\msvcp140_1.dll
0x00007ffe3e080000 - 0x00007ffe3e0af000 	C:\Users\Melissa Morgan\Documents\javafx-sdk-21\bin\msvcp140_2.dll
0x00007ffe3d580000 - 0x00007ffe3d5af000 	C:\Users\Melissa Morgan\Documents\javafx-sdk-21\bin\prism_d3d.dll
0x00007ffe268e0000 - 0x00007ffe26aad000 	C:\WINDOWS\system32\d3d9.dll
0x00007ffe64ab0000 - 0x00007ffe64adf000 	C:\WINDOWS\SYSTEM32\dwmapi.dll
0x00007ffe65d80000 - 0x00007ffe65e1e000 	C:\WINDOWS\system32\uxtheme.dll
0x00007ffe2a6d0000 - 0x00007ffe2a833000 	C:\WINDOWS\System32\DriverStore\FileRepository\iigd_dch.inf_amd64_dc16e5f1dbf8051f\igdumdim64.dll
0x00007ffe07450000 - 0x00007ffe0ae54000 	C:\WINDOWS\System32\DriverStore\FileRepository\iigd_dch.inf_amd64_dc16e5f1dbf8051f\igd9dxva64.dll
0x00007ffe6a360000 - 0x00007ffe6a42d000 	C:\WINDOWS\System32\OLEAUT32.dll
0x00007ffe69090000 - 0x00007ffe694f8000 	C:\WINDOWS\System32\SETUPAPI.dll
0x00007ffe683d0000 - 0x00007ffe6841e000 	C:\WINDOWS\System32\cfgmgr32.dll
0x00007ffe68240000 - 0x00007ffe68267000 	C:\WINDOWS\System32\bcrypt.dll
0x00007ffe59760000 - 0x00007ffe5999f000 	C:\WINDOWS\System32\DriverStore\FileRepository\iigd_dch.inf_amd64_dc16e5f1dbf8051f\igdgmm64.dll
0x00007ffe33e10000 - 0x00007ffe33e52000 	C:\Users\Melissa Morgan\Documents\javafx-sdk-21\bin\glass.dll
0x00007ffe6a450000 - 0x00007ffe6a52a000 	C:\WINDOWS\System32\COMDLG32.dll
0x00007ffe699b0000 - 0x00007ffe69ac4000 	C:\WINDOWS\System32\MSCTF.dll
0x00007ffe56230000 - 0x00007ffe56257000 	C:\WINDOWS\System32\DriverStore\FileRepository\iigd_dch.inf_amd64_dc16e5f1dbf8051f\igdinfo64.dll
0x00007ffe563c0000 - 0x00007ffe59022000 	C:\WINDOWS\System32\DriverStore\FileRepository\iigd_dch.inf_amd64_dc16e5f1dbf8051f\igc64.dll
0x00007ffe5b310000 - 0x00007ffe5b34b000 	C:\WINDOWS\SYSTEM32\dxcore.dll
0x00007ffe3dc20000 - 0x00007ffe3dc34000 	C:\Users\Melissa Morgan\Documents\javafx-sdk-21\bin\javafx_font.dll
0x00007ffe53b20000 - 0x00007ffe53d9f000 	C:\WINDOWS\SYSTEM32\dwrite.dll
0x00007ffe69900000 - 0x00007ffe699a9000 	C:\WINDOWS\System32\clbcatq.dll
0x00007ffe5e030000 - 0x00007ffe5e1e4000 	C:\WINDOWS\SYSTEM32\WindowsCodecs.dll
0x00007ffe30ac0000 - 0x00007ffe30afe000 	C:\WINDOWS\system32\dataexchange.dll
0x00007ffe5fce0000 - 0x00007ffe5ff43000 	C:\WINDOWS\system32\d3d11.dll
0x00007ffe60970000 - 0x00007ffe60b53000 	C:\WINDOWS\system32\dcomp.dll
0x00007ffe65e90000 - 0x00007ffe65f83000 	C:\WINDOWS\system32\dxgi.dll
0x00007ffe5e1f0000 - 0x00007ffe5e3f7000 	C:\WINDOWS\system32\twinapi.appcore.dll
0x00007ffe3fa90000 - 0x00007ffe3fac4000 	C:\Program Files\Common Files\Microsoft Shared\Ink\rtscom.dll
0x00007ffe55a60000 - 0x00007ffe55b59000 	C:\WINDOWS\SYSTEM32\textinputframework.dll
0x00007ffe5f980000 - 0x00007ffe5fcde000 	C:\WINDOWS\System32\CoreUIComponents.dll
0x00007ffe658d0000 - 0x00007ffe659c2000 	C:\WINDOWS\System32\CoreMessaging.dll
0x00007ffe679a0000 - 0x00007ffe679d3000 	C:\WINDOWS\SYSTEM32\ntmarta.dll
0x00007ffe5f820000 - 0x00007ffe5f974000 	C:\WINDOWS\SYSTEM32\wintypes.dll
0x00007ffe3ebd0000 - 0x00007ffe3ec36000 	C:\WINDOWS\system32\Oleacc.dll

dbghelp: loaded successfully - version: 4.0.5 - missing functions: none
symbol engine: initialized successfully - sym options: 0x614 - pdb path: .;C:\Program Files\Java\jdk-20\bin;C:\WINDOWS\SYSTEM32;C:\WINDOWS\WinSxS\amd64_microsoft.windows.common-controls_6595b64144ccf1df_6.0.19041.1110_none_60b5254171f9507e;C:\Program Files\Java\jdk-20\bin\server;C:\Users\Melissa Morgan\Documents\javafx-sdk-21\bin;C:\WINDOWS\System32\DriverStore\FileRepository\iigd_dch.inf_amd64_dc16e5f1dbf8051f;C:\Program Files\Common Files\Microsoft Shared\Ink

VM Arguments:
jvm_args: -Dfile.encoding=UTF-8 -Dstdout.encoding=UTF-8 -Dstderr.encoding=UTF-8 --module-path=C:\Users\Melissa Morgan\Documents\GitHub\Pig_CPS261_Final\pig\bin;C:\Users\Melissa Morgan\Documents\javafx-sdk-21\lib\javafx.base.jar;C:\Users\Melissa Morgan\Documents\javafx-sdk-21\lib\javafx.controls.jar;C:\Users\Melissa Morgan\Documents\javafx-sdk-21\lib\javafx.fxml.jar;C:\Users\Melissa Morgan\Documents\javafx-sdk-21\lib\javafx.graphics.jar;C:\Users\Melissa Morgan\Documents\javafx-sdk-21\lib\javafx.media.jar;C:\Users\Melissa Morgan\Documents\javafx-sdk-21\lib\javafx.swing.jar;C:\Users\Melissa Morgan\Documents\javafx-sdk-21\lib\javafx.web.jar;C:\Users\Melissa Morgan\Documents\javafx-sdk-21\lib\javafx-swt.jar;C:\Users\Melissa Morgan\.p2\pool\plugins\org.eclipse.fx.ide.css.jfx8_3.10.0.202303150700.jar -XX:+ShowCodeDetailsInExceptionMessages -Djdk.module.main=pig 
java_command: pig/application.Main
java_class_path (initial): <not set>
Launcher Type: SUN_STANDARD

[Global flags]
     intx CICompilerCount                          = 3                                         {product} {ergonomic}
     uint ConcGCThreads                            = 1                                         {product} {ergonomic}
     uint G1ConcRefinementThreads                  = 4                                         {product} {ergonomic}
   size_t G1HeapRegionSize                         = 1048576                                   {product} {ergonomic}
    uintx GCDrainStackTargetSize                   = 64                                        {product} {ergonomic}
   size_t InitialHeapSize                          = 67108864                                  {product} {ergonomic}
   size_t MarkStackSize                            = 4194304                                   {product} {ergonomic}
   size_t MaxHeapSize                              = 1044381696                                {product} {ergonomic}
   size_t MaxNewSize                               = 625999872                                 {product} {ergonomic}
   size_t MinHeapDeltaBytes                        = 1048576                                   {product} {ergonomic}
   size_t MinHeapSize                              = 8388608                                   {product} {ergonomic}
    uintx NonNMethodCodeHeapSize                   = 5832780                                {pd product} {ergonomic}
    uintx NonProfiledCodeHeapSize                  = 122912730                              {pd product} {ergonomic}
    uintx ProfiledCodeHeapSize                     = 122912730                              {pd product} {ergonomic}
    uintx ReservedCodeCacheSize                    = 251658240                              {pd product} {ergonomic}
     bool SegmentedCodeCache                       = true                                      {product} {ergonomic}
     bool ShowCodeDetailsInExceptionMessages       = true                                   {manageable} {command line}
   size_t SoftMaxHeapSize                          = 1044381696                             {manageable} {ergonomic}
     bool UseCompressedClassPointers               = true                           {product lp64_product} {ergonomic}
     bool UseCompressedOops                        = true                           {product lp64_product} {ergonomic}
     bool UseG1GC                                  = true                                      {product} {ergonomic}
     bool UseLargePagesIndividualAllocation        = false                                  {pd product} {ergonomic}

Logging:
Log output configuration:
 #0: stdout all=warning uptime,level,tags foldmultilines=false
 #1: stderr all=off uptime,level,tags foldmultilines=false

Environment Variables:
PATH=C:/Program Files/Java/jdk-20/bin/server;C:/Program Files/Java/jdk-20/bin;C:\Program Files\Common Files\Oracle\Java\javapath;C:\WINDOWS\system32;C:\WINDOWS;C:\WINDOWS\System32\Wbem;C:\WINDOWS\System32\WindowsPowerShell\v1.0\;C:\WINDOWS\System32\OpenSSH\;C:\Program Files\Git\cmd;C:\Program Files\Microsoft SQL Server\Client SDK\ODBC\170\Tools\Binn\;C:\Program Files (x86)\Microsoft SQL Server\150\Tools\Binn\;C:\Program Files\Microsoft SQL Server\150\Tools\Binn\;C:\Program Files\Microsoft SQL Server\150\DTS\Binn\;C:\Program Files (x86)\Microsoft SQL Server\160\DTS\Binn\;C:\Program Files\Azure Data Studio\bin;C:\Users\Melissa Morgan\AppData\Local\Programs\Python\Python311\Scripts\;C:\Users\Melissa Morgan\AppData\Local\Programs\Python\Python311\;C:\Users\Melissa Morgan\AppData\Local\Microsoft\WindowsApps;C:\msys64\mingw64\bin;C:\Users\Melissa Morgan\AppData\Local\GitHubDesktop\bin;C:\Users\Melissa Morgan\AppData\Local\Programs\Microsoft VS Code\bin;C:\Program Files\Azure Data Studio\bin;C:\WINDOWS\system32;
USERNAME=Melissa Morgan
OS=Windows_NT
PROCESSOR_IDENTIFIER=Intel64 Family 6 Model 142 Stepping 9, GenuineIntel
TMP=C:\Users\MELISS~1\AppData\Local\Temp
TEMP=C:\Users\MELISS~1\AppData\Local\Temp




---------------  S Y S T E M  ---------------

OS:
 Windows 10 , 64 bit Build 19041 (10.0.19041.3031)
OS uptime: 0 days 0:39 hours

CPU: total 4 (initial active 4) (2 cores per cpu, 2 threads per core) family 6 model 142 stepping 9 microcode 0xf0, cx8, cmov, fxsr, ht, mmx, 3dnowpref, sse, sse2, sse3, ssse3, sse4.1, sse4.2, popcnt, lzcnt, tsc, tscinvbit, aes, erms, clmul, clflush, clflushopt, rdtscp

Memory: 4k page, system-wide physical 3980M (323M free)
TotalPageFile size 5380M (AvailPageFile size 4M)
current process WorkingSet (physical memory assigned to process): 143M, peak: 143M
current process commit charge ("private bytes"): 204M, peak: 204M

vm_info: Java HotSpot(TM) 64-Bit Server VM (20.0.1+9-29) for windows-amd64 JRE (20.0.1+9-29), built on 2023-03-07T13:56:11Z by "mach5one" with MS VC++ 17.1 (VS2022)

END.
