#
# There is insufficient memory for the Java Runtime Environment to continue.
# Native memory allocation (malloc) failed to allocate 369936 bytes for Chunk::new
# Possible reasons:
#   The system is out of physical RAM or swap space
#   The process is running with CompressedOops enabled, and the Java Heap may be blocking the growth of the native heap
# Possible solutions:
#   Reduce memory load on the system
#   Increase physical memory or swap space
#   Check if swap backing store is full
#   Decrease Java heap size (-Xmx/-Xms)
#   Decrease number of Java threads
#   Decrease Java thread stack sizes (-Xss)
#   Set larger code cache with -XX:ReservedCodeCacheSize=
#   JVM is running with Unscaled Compressed Oops mode in which the Java heap is
#     placed in the first 4GB address space. The Java Heap base address is the
#     maximum limit for the native heap growth. Please use -XX:HeapBaseMinAddress
#     to set the Java Heap base and to place the Java Heap above 4GB virtual address.
# This output file may be truncated or incomplete.
#
#  Out of Memory Error (arena.cpp:184), pid=17112, tid=14276
#
# JRE version: Java(TM) SE Runtime Environment (20.0.1+9) (build 20.0.1+9-29)
# Java VM: Java HotSpot(TM) 64-Bit Server VM (20.0.1+9-29, mixed mode, sharing, tiered, compressed oops, compressed class ptrs, g1 gc, windows-amd64)
# No core dump will be written. Minidumps are not enabled by default on client versions of Windows
#

---------------  S U M M A R Y ------------

Command Line: -Dfile.encoding=UTF-8 -Dstdout.encoding=UTF-8 -Dstderr.encoding=UTF-8 --module-path=C:\Users\Melissa Morgan\Documents\GitHub\Pig_CPS261_Final\pig\bin;C:\Users\Melissa Morgan\Documents\javafx-sdk-21\lib\javafx.base.jar;C:\Users\Melissa Morgan\Documents\javafx-sdk-21\lib\javafx.controls.jar;C:\Users\Melissa Morgan\Documents\javafx-sdk-21\lib\javafx.fxml.jar;C:\Users\Melissa Morgan\Documents\javafx-sdk-21\lib\javafx.graphics.jar;C:\Users\Melissa Morgan\Documents\javafx-sdk-21\lib\javafx.media.jar;C:\Users\Melissa Morgan\Documents\javafx-sdk-21\lib\javafx.swing.jar;C:\Users\Melissa Morgan\Documents\javafx-sdk-21\lib\javafx.web.jar;C:\Users\Melissa Morgan\Documents\javafx-sdk-21\lib\javafx-swt.jar;C:\Users\Melissa Morgan\.p2\pool\plugins\org.eclipse.fx.ide.css.jfx8_3.10.0.202303150700.jar -XX:+ShowCodeDetailsInExceptionMessages -Djdk.module.main=pig pig/application.Main

Host: Intel(R) Pentium(R) CPU 4415Y @ 1.60GHz, 4 cores, 3G,  Windows 10 , 64 bit Build 19041 (10.0.19041.3031)
Time: Sun Nov 19 18:54:19 2023 Eastern Standard Time elapsed time: 4.711028 seconds (0d 0h 0m 4s)

---------------  T H R E A D  ---------------

Current thread (0x0000021ec7ad5250):  JavaThread "C2 CompilerThread0" daemon [_thread_in_native, id=14276, stack(0x000000c5e9a00000,0x000000c5e9b00000)]


Current CompileTask:
C2:   4711 1058       4       java.io.DataInputStream::readUnsignedShort (38 bytes)

Stack: [0x000000c5e9a00000,0x000000c5e9b00000]
Native frames: (J=compiled Java code, j=interpreted, Vv=VM code, C=native code)
V  [jvm.dll+0x6bb95a]
V  [jvm.dll+0x8485fa]
V  [jvm.dll+0x84a1f5]
V  [jvm.dll+0x84a8f3]
V  [jvm.dll+0x280b0f]
V  [jvm.dll+0xc2b11]
V  [jvm.dll+0xc2e35]
V  [jvm.dll+0x3bb142]
V  [jvm.dll+0x3857f5]
V  [jvm.dll+0x384c6a]
V  [jvm.dll+0x24b259]
V  [jvm.dll+0x24a651]
V  [jvm.dll+0x1ce491]
V  [jvm.dll+0x259e1b]
V  [jvm.dll+0x2584f0]
V  [jvm.dll+0x3f2895]
V  [jvm.dll+0x7f4b56]
V  [jvm.dll+0x6ba5cb]
C  [ucrtbase.dll+0x21bb2]
C  [KERNEL32.DLL+0x17614]
C  [ntdll.dll+0x526f1]


---------------  P R O C E S S  ---------------

Threads class SMR info:
_java_thread_list=0x0000021ecc6d0530, length=16, elements={
0x0000021ead01bed0, 0x0000021ec7acd860, 0x0000021ec7aced00, 0x0000021ec7ad1a10,
0x0000021ec7ad3360, 0x0000021ec7ad3ca0, 0x0000021ec7ad45e0, 0x0000021ec7ad5250,
0x0000021ec7b45060, 0x0000021ec7abc600, 0x0000021ecc0fe3f0, 0x0000021ecc16a680,
0x0000021ecc43d880, 0x0000021ecc43f150, 0x0000021ecc64d9a0, 0x0000021ecc6afd90
}

Java Threads: ( => current thread )
  0x0000021ead01bed0 JavaThread "main" [_thread_blocked, id=14836, stack(0x000000c5e8d00000,0x000000c5e8e00000)]
  0x0000021ec7acd860 JavaThread "Reference Handler" daemon [_thread_blocked, id=10592, stack(0x000000c5e9400000,0x000000c5e9500000)]
  0x0000021ec7aced00 JavaThread "Finalizer" daemon [_thread_blocked, id=9740, stack(0x000000c5e9500000,0x000000c5e9600000)]
  0x0000021ec7ad1a10 JavaThread "Signal Dispatcher" daemon [_thread_blocked, id=15708, stack(0x000000c5e9600000,0x000000c5e9700000)]
  0x0000021ec7ad3360 JavaThread "Attach Listener" daemon [_thread_blocked, id=4164, stack(0x000000c5e9700000,0x000000c5e9800000)]
  0x0000021ec7ad3ca0 JavaThread "Service Thread" daemon [_thread_blocked, id=16216, stack(0x000000c5e9800000,0x000000c5e9900000)]
  0x0000021ec7ad45e0 JavaThread "Monitor Deflation Thread" daemon [_thread_blocked, id=16968, stack(0x000000c5e9900000,0x000000c5e9a00000)]
=>0x0000021ec7ad5250 JavaThread "C2 CompilerThread0" daemon [_thread_in_native, id=14276, stack(0x000000c5e9a00000,0x000000c5e9b00000)]
  0x0000021ec7b45060 JavaThread "C1 CompilerThread0" daemon [_thread_in_vm, id=15528, stack(0x000000c5e9b00000,0x000000c5e9c00000)]
  0x0000021ec7abc600 JavaThread "Common-Cleaner" daemon [_thread_blocked, id=11964, stack(0x000000c5e9c00000,0x000000c5e9d00000)]
  0x0000021ecc0fe3f0 JavaThread "Notification Thread" daemon [_thread_blocked, id=3300, stack(0x000000c5e9d00000,0x000000c5e9e00000)]
  0x0000021ecc16a680 JavaThread "QuantumRenderer-0" daemon [_thread_blocked, id=12672, stack(0x000000c5e9f00000,0x000000c5ea000000)]
  0x0000021ecc43d880 JavaThread "InvokeLaterDispatcher" daemon [_thread_blocked, id=15844, stack(0x000000c5ea000000,0x000000c5ea100000)]
  0x0000021ecc43f150 JavaThread "JavaFX Application Thread" [_thread_in_vm, id=1068, stack(0x000000c5ea100000,0x000000c5ea200000)]
  0x0000021ecc64d9a0 JavaThread "Thread-1" daemon [_thread_blocked, id=17160, stack(0x000000c5ea800000,0x000000c5ea900000)]
  0x0000021ecc6afd90 JavaThread "JavaFX-Launcher" [_thread_blocked, id=17060, stack(0x000000c5ea900000,0x000000c5eaa00000)]

Other Threads:
  0x0000021ead0da5e0 VMThread "VM Thread" [stack: 0x000000c5e9300000,0x000000c5e9400000] [id=15784] _threads_hazard_ptr=0x0000021ecc6d0530
  0x0000021ecc532cb0 WatcherThread "VM Periodic Task Thread" [stack: 0x000000c5e9e00000,0x000000c5e9f00000] [id=15736]
  0x0000021ead05e0f0 WorkerThread "GC Thread#0" [stack: 0x000000c5e8e00000,0x000000c5e8f00000] [id=1460]
  0x0000021ecc6493f0 WorkerThread "GC Thread#1" [stack: 0x000000c5ea500000,0x000000c5ea600000] [id=9544]
  0x0000021ecc64d6d0 WorkerThread "GC Thread#2" [stack: 0x000000c5ea600000,0x000000c5ea700000] [id=13904]
  0x0000021ecc64dfb0 WorkerThread "GC Thread#3" [stack: 0x000000c5ea700000,0x000000c5ea800000] [id=14000]
  0x0000021ead066b90 ConcurrentGCThread "G1 Main Marker" [stack: 0x000000c5e8f00000,0x000000c5e9000000] [id=9468]
  0x0000021ead0674d0 WorkerThread "G1 Conc#0" [stack: 0x000000c5e9000000,0x000000c5e9100000] [id=9960]
  0x0000021ead0b9950 ConcurrentGCThread "G1 Refine#0" [stack: 0x000000c5e9100000,0x000000c5e9200000] [id=15300]
  0x0000021ead0bcac0 ConcurrentGCThread "G1 Service" [stack: 0x000000c5e9200000,0x000000c5e9300000] [id=16428]

Threads with active compile tasks:
C2 CompilerThread0     6590 1058       4       java.io.DataInputStream::readUnsignedShort (38 bytes)
C1 CompilerThread0     6590 1149       3       javafx.css.Rule$Observables::<init> (42 bytes)

VM state: synchronizing (normal execution)

VM Mutex/Monitor currently owned by a thread:  ([mutex/lock_event])
[0x0000021ead0171a0] Metaspace_lock - owner thread: 0x0000021ec7b45060
[0x0000021eaafaaf90] Threads_lock - owner thread: 0x0000021ead0da5e0

Heap address: 0x00000000c1c00000, size: 996 MB, Compressed Oops mode: 32-bit

CDS archive(s) mapped at: [0x0000000800000000-0x0000000800c60000-0x0000000800c60000), size 12976128, SharedBaseAddress: 0x0000000800000000, ArchiveRelocationMode: 0.
Compressed class space mapped at: 0x0000000801000000-0x0000000841000000, reserved size: 1073741824
Narrow klass base: 0x0000000800000000, Narrow klass shift: 0, Narrow klass range: 0x100000000

GC Precious Log:
 CardTable entry size: 512
 Card Set container configuration: InlinePtr #cards 5 size 8 Array Of Cards #cards 12 size 40 Howl #buckets 4 coarsen threshold 1843 Howl Bitmap #cards 512 size 80 coarsen threshold 460 Card regions per heap region 1 cards per card region 2048
 CPUs: 4 total, 4 available
 Memory: 3980M
 Large Page Support: Disabled
 NUMA Support: Disabled
 Compressed Oops: Enabled (32-bit)
 Heap Region Size: 1M
 Heap Min Capacity: 8M
 Heap Initial Capacity: 64M
 Heap Max Capacity: 996M
 Pre-touch: Disabled
 Parallel Workers: 4
 Concurrent Workers: 1
 Concurrent Refinement Workers: 4
 Periodic GC: Disabled

Heap:
 garbage-first heap   total 65536K, used 17092K [0x00000000c1c00000, 0x0000000100000000)
  region size 1024K, 19 young (19456K), 2 survivors (2048K)
 Metaspace       used 8223K, committed 8384K, reserved 1114112K
  class space    used 1018K, committed 1088K, reserved 1048576K

Heap Regions: E=young(eden), S=young(survivor), O=old, HS=humongous(starts), HC=humongous(continues), CS=collection set, F=free, OA=open archive, CA=closed archive, TAMS=top-at-mark-start, PB=parsable bottom
|   0|0x00000000c1c00000, 0x00000000c1c00000, 0x00000000c1d00000|  0%| F|  |TAMS 0x00000000c1c00000| PB 0x00000000c1c00000| Untracked 
|   1|0x00000000c1d00000, 0x00000000c1d00000, 0x00000000c1e00000|  0%| F|  |TAMS 0x00000000c1d00000| PB 0x00000000c1d00000| Untracked 
|   2|0x00000000c1e00000, 0x00000000c1e00000, 0x00000000c1f00000|  0%| F|  |TAMS 0x00000000c1e00000| PB 0x00000000c1e00000| Untracked 
|   3|0x00000000c1f00000, 0x00000000c1f00000, 0x00000000c2000000|  0%| F|  |TAMS 0x00000000c1f00000| PB 0x00000000c1f00000| Untracked 
|   4|0x00000000c2000000, 0x00000000c2000000, 0x00000000c2100000|  0%| F|  |TAMS 0x00000000c2000000| PB 0x00000000c2000000| Untracked 
|   5|0x00000000c2100000, 0x00000000c2100000, 0x00000000c2200000|  0%| F|  |TAMS 0x00000000c2100000| PB 0x00000000c2100000| Untracked 
|   6|0x00000000c2200000, 0x00000000c2200000, 0x00000000c2300000|  0%| F|  |TAMS 0x00000000c2200000| PB 0x00000000c2200000| Untracked 
|   7|0x00000000c2300000, 0x00000000c2300000, 0x00000000c2400000|  0%| F|  |TAMS 0x00000000c2300000| PB 0x00000000c2300000| Untracked 
|   8|0x00000000c2400000, 0x00000000c2400000, 0x00000000c2500000|  0%| F|  |TAMS 0x00000000c2400000| PB 0x00000000c2400000| Untracked 
|   9|0x00000000c2500000, 0x00000000c2500000, 0x00000000c2600000|  0%| F|  |TAMS 0x00000000c2500000| PB 0x00000000c2500000| Untracked 
|  10|0x00000000c2600000, 0x00000000c2600000, 0x00000000c2700000|  0%| F|  |TAMS 0x00000000c2600000| PB 0x00000000c2600000| Untracked 
|  11|0x00000000c2700000, 0x00000000c2700000, 0x00000000c2800000|  0%| F|  |TAMS 0x00000000c2700000| PB 0x00000000c2700000| Untracked 
|  12|0x00000000c2800000, 0x00000000c2800000, 0x00000000c2900000|  0%| F|  |TAMS 0x00000000c2800000| PB 0x00000000c2800000| Untracked 
|  13|0x00000000c2900000, 0x00000000c2900000, 0x00000000c2a00000|  0%| F|  |TAMS 0x00000000c2900000| PB 0x00000000c2900000| Untracked 
|  14|0x00000000c2a00000, 0x00000000c2a00000, 0x00000000c2b00000|  0%| F|  |TAMS 0x00000000c2a00000| PB 0x00000000c2a00000| Untracked 
|  15|0x00000000c2b00000, 0x00000000c2b00000, 0x00000000c2c00000|  0%| F|  |TAMS 0x00000000c2b00000| PB 0x00000000c2b00000| Untracked 
|  16|0x00000000c2c00000, 0x00000000c2c00000, 0x00000000c2d00000|  0%| F|  |TAMS 0x00000000c2c00000| PB 0x00000000c2c00000| Untracked 
|  17|0x00000000c2d00000, 0x00000000c2d00000, 0x00000000c2e00000|  0%| F|  |TAMS 0x00000000c2d00000| PB 0x00000000c2d00000| Untracked 
|  18|0x00000000c2e00000, 0x00000000c2e00000, 0x00000000c2f00000|  0%| F|  |TAMS 0x00000000c2e00000| PB 0x00000000c2e00000| Untracked 
|  19|0x00000000c2f00000, 0x00000000c2f00000, 0x00000000c3000000|  0%| F|  |TAMS 0x00000000c2f00000| PB 0x00000000c2f00000| Untracked 
|  20|0x00000000c3000000, 0x00000000c3000000, 0x00000000c3100000|  0%| F|  |TAMS 0x00000000c3000000| PB 0x00000000c3000000| Untracked 
|  21|0x00000000c3100000, 0x00000000c3100000, 0x00000000c3200000|  0%| F|  |TAMS 0x00000000c3100000| PB 0x00000000c3100000| Untracked 
|  22|0x00000000c3200000, 0x00000000c3200000, 0x00000000c3300000|  0%| F|  |TAMS 0x00000000c3200000| PB 0x00000000c3200000| Untracked 
|  23|0x00000000c3300000, 0x00000000c3300000, 0x00000000c3400000|  0%| F|  |TAMS 0x00000000c3300000| PB 0x00000000c3300000| Untracked 
|  24|0x00000000c3400000, 0x00000000c3400000, 0x00000000c3500000|  0%| F|  |TAMS 0x00000000c3400000| PB 0x00000000c3400000| Untracked 
|  25|0x00000000c3500000, 0x00000000c3500000, 0x00000000c3600000|  0%| F|  |TAMS 0x00000000c3500000| PB 0x00000000c3500000| Untracked 
|  26|0x00000000c3600000, 0x00000000c3600000, 0x00000000c3700000|  0%| F|  |TAMS 0x00000000c3600000| PB 0x00000000c3600000| Untracked 
|  27|0x00000000c3700000, 0x00000000c3700000, 0x00000000c3800000|  0%| F|  |TAMS 0x00000000c3700000| PB 0x00000000c3700000| Untracked 
|  28|0x00000000c3800000, 0x00000000c3800000, 0x00000000c3900000|  0%| F|  |TAMS 0x00000000c3800000| PB 0x00000000c3800000| Untracked 
|  29|0x00000000c3900000, 0x00000000c3900000, 0x00000000c3a00000|  0%| F|  |TAMS 0x00000000c3900000| PB 0x00000000c3900000| Untracked 
|  30|0x00000000c3a00000, 0x00000000c3a00000, 0x00000000c3b00000|  0%| F|  |TAMS 0x00000000c3a00000| PB 0x00000000c3a00000| Untracked 
|  31|0x00000000c3b00000, 0x00000000c3b00000, 0x00000000c3c00000|  0%| F|  |TAMS 0x00000000c3b00000| PB 0x00000000c3b00000| Untracked 
|  32|0x00000000c3c00000, 0x00000000c3c00000, 0x00000000c3d00000|  0%| F|  |TAMS 0x00000000c3c00000| PB 0x00000000c3c00000| Untracked 
|  33|0x00000000c3d00000, 0x00000000c3d00000, 0x00000000c3e00000|  0%| F|  |TAMS 0x00000000c3d00000| PB 0x00000000c3d00000| Untracked 
|  34|0x00000000c3e00000, 0x00000000c3e00000, 0x00000000c3f00000|  0%| F|  |TAMS 0x00000000c3e00000| PB 0x00000000c3e00000| Untracked 
|  35|0x00000000c3f00000, 0x00000000c3f00000, 0x00000000c4000000|  0%| F|  |TAMS 0x00000000c3f00000| PB 0x00000000c3f00000| Untracked 
|  36|0x00000000c4000000, 0x00000000c4000000, 0x00000000c4100000|  0%| F|  |TAMS 0x00000000c4000000| PB 0x00000000c4000000| Untracked 
|  37|0x00000000c4100000, 0x00000000c4100000, 0x00000000c4200000|  0%| F|  |TAMS 0x00000000c4100000| PB 0x00000000c4100000| Untracked 
|  38|0x00000000c4200000, 0x00000000c4200000, 0x00000000c4300000|  0%| F|  |TAMS 0x00000000c4200000| PB 0x00000000c4200000| Untracked 
|  39|0x00000000c4300000, 0x00000000c4300000, 0x00000000c4400000|  0%| F|  |TAMS 0x00000000c4300000| PB 0x00000000c4300000| Untracked 
|  40|0x00000000c4400000, 0x00000000c4400000, 0x00000000c4500000|  0%| F|  |TAMS 0x00000000c4400000| PB 0x00000000c4400000| Untracked 
|  41|0x00000000c4500000, 0x00000000c4500000, 0x00000000c4600000|  0%| F|  |TAMS 0x00000000c4500000| PB 0x00000000c4500000| Untracked 
|  42|0x00000000c4600000, 0x00000000c4600000, 0x00000000c4700000|  0%| F|  |TAMS 0x00000000c4600000| PB 0x00000000c4600000| Untracked 
|  43|0x00000000c4700000, 0x00000000c4700000, 0x00000000c4800000|  0%| F|  |TAMS 0x00000000c4700000| PB 0x00000000c4700000| Untracked 
|  44|0x00000000c4800000, 0x00000000c4800000, 0x00000000c4900000|  0%| F|  |TAMS 0x00000000c4800000| PB 0x00000000c4800000| Untracked 
|  45|0x00000000c4900000, 0x00000000c49a9a48, 0x00000000c4a00000| 66%| E|  |TAMS 0x00000000c4900000| PB 0x00000000c4900000| Complete 
|  46|0x00000000c4a00000, 0x00000000c4b00000, 0x00000000c4b00000|100%| E|CS|TAMS 0x00000000c4a00000| PB 0x00000000c4a00000| Complete 
|  47|0x00000000c4b00000, 0x00000000c4c00000, 0x00000000c4c00000|100%| E|CS|TAMS 0x00000000c4b00000| PB 0x00000000c4b00000| Complete 
|  48|0x00000000c4c00000, 0x00000000c4d00000, 0x00000000c4d00000|100%| E|  |TAMS 0x00000000c4c00000| PB 0x00000000c4c00000| Complete 
|  49|0x00000000c4d00000, 0x00000000c4db1010, 0x00000000c4e00000| 69%| S|CS|TAMS 0x00000000c4d00000| PB 0x00000000c4d00000| Complete 
|  50|0x00000000c4e00000, 0x00000000c4f00000, 0x00000000c4f00000|100%| S|CS|TAMS 0x00000000c4e00000| PB 0x00000000c4e00000| Complete 
|  51|0x00000000c4f00000, 0x00000000c5000000, 0x00000000c5000000|100%| E|CS|TAMS 0x00000000c4f00000| PB 0x00000000c4f00000| Complete 
|  52|0x00000000c5000000, 0x00000000c5100000, 0x00000000c5100000|100%| E|CS|TAMS 0x00000000c5000000| PB 0x00000000c5000000| Complete 
|  53|0x00000000c5100000, 0x00000000c5200000, 0x00000000c5200000|100%| E|CS|TAMS 0x00000000c5100000| PB 0x00000000c5100000| Complete 
|  54|0x00000000c5200000, 0x00000000c5300000, 0x00000000c5300000|100%| E|CS|TAMS 0x00000000c5200000| PB 0x00000000c5200000| Complete 
|  55|0x00000000c5300000, 0x00000000c5400000, 0x00000000c5400000|100%| E|CS|TAMS 0x00000000c5300000| PB 0x00000000c5300000| Complete 
|  56|0x00000000c5400000, 0x00000000c5500000, 0x00000000c5500000|100%| E|CS|TAMS 0x00000000c5400000| PB 0x00000000c5400000| Complete 
|  57|0x00000000c5500000, 0x00000000c5600000, 0x00000000c5600000|100%| E|CS|TAMS 0x00000000c5500000| PB 0x00000000c5500000| Complete 
|  58|0x00000000c5600000, 0x00000000c5700000, 0x00000000c5700000|100%| E|CS|TAMS 0x00000000c5600000| PB 0x00000000c5600000| Complete 
|  59|0x00000000c5700000, 0x00000000c5800000, 0x00000000c5800000|100%| E|CS|TAMS 0x00000000c5700000| PB 0x00000000c5700000| Complete 
|  60|0x00000000c5800000, 0x00000000c5900000, 0x00000000c5900000|100%| E|CS|TAMS 0x00000000c5800000| PB 0x00000000c5800000| Complete 
|  61|0x00000000c5900000, 0x00000000c5a00000, 0x00000000c5a00000|100%| E|CS|TAMS 0x00000000c5900000| PB 0x00000000c5900000| Complete 
|  62|0x00000000c5a00000, 0x00000000c5b00000, 0x00000000c5b00000|100%| E|CS|TAMS 0x00000000c5a00000| PB 0x00000000c5a00000| Complete 
|  63|0x00000000c5b00000, 0x00000000c5c00000, 0x00000000c5c00000|100%| E|CS|TAMS 0x00000000c5b00000| PB 0x00000000c5b00000| Complete 

Card table byte_map: [0x0000021ec42e0000,0x0000021ec44e0000] _byte_map_base: 0x0000021ec3cd2000

Marking Bits: (CMBitMap*) 0x0000021ead05e630
 Bits: [0x0000021ec46e0000, 0x0000021ec5670000)

Polling page: 0x0000021eaae90000

Metaspace:

Usage:
  Non-class:      7.04 MB used.
      Class:   1018.56 KB used.
       Both:      8.03 MB used.

Virtual space:
  Non-class space:       64.00 MB reserved,       7.12 MB ( 11%) committed,  1 nodes.
      Class space:        1.00 GB reserved,       1.06 MB ( <1%) committed,  1 nodes.
             Both:        1.06 GB reserved,       8.19 MB ( <1%) committed. 

Chunk freelists:
   Non-Class:  3.42 MB
       Class:  2.95 MB
        Both:  6.38 MB

MaxMetaspaceSize: unlimited
CompressedClassSpaceSize: 1.00 GB
Initial GC threshold: 21.00 MB
Current GC threshold: 21.00 MB
CDS: on
MetaspaceReclaimPolicy: balanced
 - commit_granule_bytes: 65536.
 - commit_granule_words: 8192.
 - virtual_space_node_default_size: 8388608.
 - enlarge_chunks_in_place: 1.
 - new_chunks_are_fully_committed: 0.
 - uncommit_free_chunks: 1.
 - use_allocation_guard: 0.


Internal statistics:

num_allocs_failed_limit: 0.
num_arena_births: 180.
num_arena_deaths: 0.
num_vsnodes_births: 2.
num_vsnodes_deaths: 0.
num_space_committed: 131.
num_space_uncommitted: 0.
num_chunks_returned_to_freelist: 0.
num_chunks_taken_from_freelist: 412.
num_chunk_merges: 0.
num_chunk_splits: 289.
num_chunks_enlarged: 214.
num_inconsistent_stats: 0.

CodeHeap 'non-profiled nmethods': size=120000Kb used=316Kb max_used=316Kb free=119683Kb
 bounds [0x0000021ebcbb0000, 0x0000021ebce20000, 0x0000021ec40e0000]
CodeHeap 'profiled nmethods': size=120000Kb used=1833Kb max_used=1833Kb free=118166Kb
 bounds [0x0000021eb50e0000, 0x0000021eb5350000, 0x0000021ebc610000]
CodeHeap 'non-nmethods': size=5760Kb used=1574Kb max_used=1589Kb free=4185Kb
 bounds [0x0000021ebc610000, 0x0000021ebc880000, 0x0000021ebcbb0000]
 total_blobs=1726 nmethods=1138 adapters=500
 compilation: enabled
              stopped_count=0, restarted_count=0
 full_count=0

Compilation events (20 events):
Event: 4.296 Thread 0x0000021ec7b45060 1071       3       com.sun.javafx.collections.ObservableListWrapper::size (10 bytes)
Event: 4.296 Thread 0x0000021ec7b45060 nmethod 1071 0x0000021eb5280c10 code [0x0000021eb5280da0, 0x0000021eb5280f70]
Event: 4.347 Thread 0x0000021ec7b45060 1073       1       java.util.AbstractList$ListItr::nextIndex (5 bytes)
Event: 4.347 Thread 0x0000021ec7b45060 nmethod 1073 0x0000021ebcbfd390 code [0x0000021ebcbfd500, 0x0000021ebcbfd5c8]
Event: 4.348 Thread 0x0000021ec7b45060 1074       1       javafx.css.Stylesheet::getUrl (5 bytes)
Event: 4.348 Thread 0x0000021ec7b45060 nmethod 1074 0x0000021ebcbfd690 code [0x0000021ebcbfd800, 0x0000021ebcbfd8c8]
Event: 4.348 Thread 0x0000021ec7b45060 1075       3       java.util.AbstractList$SubList$1::hasNext (20 bytes)
Event: 4.348 Thread 0x0000021ec7b45060 nmethod 1075 0x0000021eb5281010 code [0x0000021eb52811c0, 0x0000021eb5281468]
Event: 4.348 Thread 0x0000021ec7b45060 1076       3       java.util.AbstractList$SubList$1::nextIndex (18 bytes)
Event: 4.349 Thread 0x0000021ec7b45060 nmethod 1076 0x0000021eb5281590 code [0x0000021eb5281720, 0x0000021eb5281908]
Event: 4.349 Thread 0x0000021ec7b45060 1077   !   3       java.util.AbstractList$Itr::next (46 bytes)
Event: 4.350 Thread 0x0000021ec7b45060 nmethod 1077 0x0000021eb5281a10 code [0x0000021eb5281c00, 0x0000021eb5282150]
Event: 4.350 Thread 0x0000021ec7b45060 1078       3       java.util.AbstractList$Itr::checkForComodification (23 bytes)
Event: 4.350 Thread 0x0000021ec7b45060 nmethod 1078 0x0000021eb5282390 code [0x0000021eb5282520, 0x0000021eb52826e8]
Event: 4.350 Thread 0x0000021ec7b45060 1079       3       com.sun.javafx.collections.ObservableListWrapper::get (11 bytes)
Event: 4.350 Thread 0x0000021ec7b45060 nmethod 1079 0x0000021eb5282810 code [0x0000021eb52829a0, 0x0000021eb5282b70]
Event: 4.350 Thread 0x0000021ec7b45060 1080       3       java.util.AbstractList$SubList$1::next (25 bytes)
Event: 4.351 Thread 0x0000021ec7b45060 nmethod 1080 0x0000021eb5282c10 code [0x0000021eb5282de0, 0x0000021eb52832b0]
Event: 4.351 Thread 0x0000021ec7b45060 1081       3       javafx.css.Rule::setStylesheet (76 bytes)
Event: 4.352 Thread 0x0000021ec7b45060 nmethod 1081 0x0000021eb5283490 code [0x0000021eb5283680, 0x0000021eb5283ca8]

GC Heap History (2 events):
Event: 2.745 GC heap before
{Heap before GC invocations=0 (full 0):
 garbage-first heap   total 65536K, used 12288K [0x00000000c1c00000, 0x0000000100000000)
  region size 1024K, 13 young (13312K), 0 survivors (0K)
 Metaspace       used 2762K, committed 2944K, reserved 1114112K
  class space    used 299K, committed 384K, reserved 1048576K
}
Event: 2.766 GC heap after
{Heap after GC invocations=1 (full 0):
 garbage-first heap   total 65536K, used 1732K [0x00000000c1c00000, 0x0000000100000000)
  region size 1024K, 2 young (2048K), 2 survivors (2048K)
 Metaspace       used 2762K, committed 2944K, reserved 1114112K
  class space    used 299K, committed 384K, reserved 1048576K
}

Dll operation events (20 events):
Event: 2.138 Loaded shared library C:\Users\Melissa Morgan\Documents\javafx-sdk-21\bin\api-ms-win-crt-locale-l1-1-0.dll
Event: 2.142 Loaded shared library C:\Users\Melissa Morgan\Documents\javafx-sdk-21\bin\api-ms-win-crt-math-l1-1-0.dll
Event: 2.146 Loaded shared library C:\Users\Melissa Morgan\Documents\javafx-sdk-21\bin\api-ms-win-crt-multibyte-l1-1-0.dll
Event: 2.150 Loaded shared library C:\Users\Melissa Morgan\Documents\javafx-sdk-21\bin\api-ms-win-crt-private-l1-1-0.dll
Event: 2.154 Loaded shared library C:\Users\Melissa Morgan\Documents\javafx-sdk-21\bin\api-ms-win-crt-process-l1-1-0.dll
Event: 2.159 Loaded shared library C:\Users\Melissa Morgan\Documents\javafx-sdk-21\bin\api-ms-win-crt-runtime-l1-1-0.dll
Event: 2.163 Loaded shared library C:\Users\Melissa Morgan\Documents\javafx-sdk-21\bin\api-ms-win-crt-stdio-l1-1-0.dll
Event: 2.168 Loaded shared library C:\Users\Melissa Morgan\Documents\javafx-sdk-21\bin\api-ms-win-crt-string-l1-1-0.dll
Event: 2.171 Loaded shared library C:\Users\Melissa Morgan\Documents\javafx-sdk-21\bin\api-ms-win-crt-time-l1-1-0.dll
Event: 2.177 Loaded shared library C:\Users\Melissa Morgan\Documents\javafx-sdk-21\bin\api-ms-win-crt-utility-l1-1-0.dll
Event: 2.181 Loaded shared library C:\Users\Melissa Morgan\Documents\javafx-sdk-21\bin\ucrtbase.dll
Event: 2.186 Loaded shared library C:\Users\Melissa Morgan\Documents\javafx-sdk-21\bin\vcruntime140.dll
Event: 2.190 Loaded shared library C:\Users\Melissa Morgan\Documents\javafx-sdk-21\bin\vcruntime140_1.dll
Event: 2.197 Loaded shared library C:\Users\Melissa Morgan\Documents\javafx-sdk-21\bin\msvcp140.dll
Event: 2.201 Loaded shared library C:\Users\Melissa Morgan\Documents\javafx-sdk-21\bin\msvcp140_1.dll
Event: 2.206 Loaded shared library C:\Users\Melissa Morgan\Documents\javafx-sdk-21\bin\msvcp140_2.dll
Event: 2.421 Loaded shared library C:\Users\Melissa Morgan\Documents\javafx-sdk-21\bin\prism_d3d.dll
Event: 2.537 Loaded shared library C:\Users\Melissa Morgan\Documents\javafx-sdk-21\bin\glass.dll
Event: 3.164 Loaded shared library C:\Program Files\Java\jdk-20\bin\jimage.dll
Event: 4.192 Loaded shared library C:\Users\Melissa Morgan\Documents\javafx-sdk-21\bin\javafx_font.dll

Deoptimization events (20 events):
Event: 2.571 Thread 0x0000021ead01bed0 Uncommon trap: trap_request=0xffffffde fr.pc=0x0000021ebcbe8fb0 relative=0x0000000000000130
Event: 2.571 Thread 0x0000021ead01bed0 Uncommon trap: reason=class_check action=maybe_recompile pc=0x0000021ebcbe8fb0 method=jdk.internal.misc.Unsafe.allocateUninitializedArray(Ljava/lang/Class;I)Ljava/lang/Object; @ 51 c2
Event: 2.571 Thread 0x0000021ead01bed0 DEOPT PACKING pc=0x0000021ebcbe8fb0 sp=0x000000c5e8dfdd00
Event: 2.571 Thread 0x0000021ead01bed0 DEOPT UNPACKING pc=0x0000021ebc679d1c sp=0x000000c5e8dfdc78 mode 2
Event: 2.572 Thread 0x0000021ead01bed0 Uncommon trap: trap_request=0xffffffde fr.pc=0x0000021ebcbe8fb0 relative=0x0000000000000130
Event: 2.572 Thread 0x0000021ead01bed0 Uncommon trap: reason=class_check action=maybe_recompile pc=0x0000021ebcbe8fb0 method=jdk.internal.misc.Unsafe.allocateUninitializedArray(Ljava/lang/Class;I)Ljava/lang/Object; @ 51 c2
Event: 2.572 Thread 0x0000021ead01bed0 DEOPT PACKING pc=0x0000021ebcbe8fb0 sp=0x000000c5e8dfdb40
Event: 2.572 Thread 0x0000021ead01bed0 DEOPT UNPACKING pc=0x0000021ebc679d1c sp=0x000000c5e8dfdab8 mode 2
Event: 2.572 Thread 0x0000021ead01bed0 Uncommon trap: trap_request=0xffffffde fr.pc=0x0000021ebcbe8fb0 relative=0x0000000000000130
Event: 2.572 Thread 0x0000021ead01bed0 Uncommon trap: reason=class_check action=maybe_recompile pc=0x0000021ebcbe8fb0 method=jdk.internal.misc.Unsafe.allocateUninitializedArray(Ljava/lang/Class;I)Ljava/lang/Object; @ 51 c2
Event: 2.572 Thread 0x0000021ead01bed0 DEOPT PACKING pc=0x0000021ebcbe8fb0 sp=0x000000c5e8dfdc90
Event: 2.572 Thread 0x0000021ead01bed0 DEOPT UNPACKING pc=0x0000021ebc679d1c sp=0x000000c5e8dfdc08 mode 2
Event: 2.573 Thread 0x0000021ead01bed0 Uncommon trap: trap_request=0xffffffde fr.pc=0x0000021ebcbe8fb0 relative=0x0000000000000130
Event: 2.573 Thread 0x0000021ead01bed0 Uncommon trap: reason=class_check action=maybe_recompile pc=0x0000021ebcbe8fb0 method=jdk.internal.misc.Unsafe.allocateUninitializedArray(Ljava/lang/Class;I)Ljava/lang/Object; @ 51 c2
Event: 2.573 Thread 0x0000021ead01bed0 DEOPT PACKING pc=0x0000021ebcbe8fb0 sp=0x000000c5e8dfdc40
Event: 2.573 Thread 0x0000021ead01bed0 DEOPT UNPACKING pc=0x0000021ebc679d1c sp=0x000000c5e8dfdbb8 mode 2
Event: 3.945 Thread 0x0000021ecc43f150 Uncommon trap: trap_request=0xffffff45 fr.pc=0x0000021ebcbc3bc8 relative=0x0000000000000048
Event: 3.945 Thread 0x0000021ecc43f150 Uncommon trap: reason=unstable_if action=reinterpret pc=0x0000021ebcbc3bc8 method=java.lang.StringLatin1.canEncode(I)Z @ 4 c2
Event: 3.945 Thread 0x0000021ecc43f150 DEOPT PACKING pc=0x0000021ebcbc3bc8 sp=0x000000c5ea1fb5f0
Event: 3.945 Thread 0x0000021ecc43f150 DEOPT UNPACKING pc=0x0000021ebc679d1c sp=0x000000c5ea1fb580 mode 2

Classes loaded (20 events):
Event: 4.207 Loading class java/net/JarURLConnection done
Event: 4.207 Loading class sun/net/www/protocol/jar/JarURLConnection done
Event: 4.207 Loading class sun/net/www/protocol/jar/JarFileFactory
Event: 4.210 Loading class sun/net/www/protocol/jar/URLJarFile$URLJarFileCloseController
Event: 4.214 Loading class sun/net/www/protocol/jar/URLJarFile$URLJarFileCloseController done
Event: 4.214 Loading class sun/net/www/protocol/jar/JarFileFactory done
Event: 4.215 Loading class sun/net/www/protocol/jar/URLJarFile
Event: 4.220 Loading class sun/net/www/protocol/jar/URLJarFile done
Event: 4.222 Loading class sun/net/www/protocol/jar/URLJarFile$URLJarFileEntry
Event: 4.222 Loading class sun/net/www/protocol/jar/URLJarFile$URLJarFileEntry done
Event: 4.222 Loading class sun/net/www/protocol/jar/JarURLConnection$JarURLInputStream
Event: 4.222 Loading class sun/net/www/protocol/jar/JarURLConnection$JarURLInputStream done
Event: 4.290 Loading class java/util/AbstractList$RandomAccessSubList
Event: 4.293 Loading class java/util/AbstractList$SubList
Event: 4.293 Loading class java/util/AbstractList$SubList done
Event: 4.293 Loading class java/util/AbstractList$RandomAccessSubList done
Event: 4.294 Loading class java/util/AbstractList$SubList$1
Event: 4.295 Loading class java/util/AbstractList$SubList$1 done
Event: 4.295 Loading class java/util/AbstractList$ListItr
Event: 4.347 Loading class java/util/AbstractList$ListItr done

Classes unloaded (0 events):
No events

Classes redefined (0 events):
No events

Internal exceptions (20 events):
Event: 0.838 Thread 0x0000021ead01bed0 Exception <a 'java/lang/NoSuchMethodError'{0x00000000c5a3b818}: 'java.lang.Object java.lang.invoke.DirectMethodHandle$Holder.invokeInterface(java.lang.Object, java.lang.Object, java.lang.Object)'> (0x00000000c5a3b818) 
thrown [s\open\src\hotspot\share\interpreter\linkResolver.cpp, line 773]
Event: 1.791 Thread 0x0000021ead01bed0 Exception <a 'java/lang/NoSuchMethodError'{0x00000000c54b6af0}: 'void java.lang.invoke.DirectMethodHandle$Holder.invokeStatic(java.lang.Object, java.lang.Object, java.lang.Object, java.lang.Object)'> (0x00000000c54b6af0) 
thrown [s\open\src\hotspot\share\interpreter\linkResolver.cpp, line 773]
Event: 1.792 Thread 0x0000021ead01bed0 Exception <a 'java/lang/NoSuchMethodError'{0x00000000c54ba758}: 'void java.lang.invoke.DirectMethodHandle$Holder.invokeSpecial(java.lang.Object, java.lang.Object, java.lang.Object, java.lang.Object, java.lang.Object)'> (0x00000000c54ba758) 
thrown [s\open\src\hotspot\share\interpreter\linkResolver.cpp, line 773]
Event: 1.806 Thread 0x0000021ead01bed0 Exception <a 'java/lang/NoSuchMethodError'{0x00000000c54d1a88}: 'java.lang.Object java.lang.invoke.Invokers$Holder.invokeExact_MT(java.lang.Object, java.lang.Object, java.lang.Object, java.lang.Object, java.lang.Object, java.lang.Object)'> (0x00000000c54d1a88) 
thrown [s\open\src\hotspot\share\interpreter\linkResolver.cpp, line 773]
Event: 1.842 Thread 0x0000021ead01bed0 Exception <a 'java/lang/NoSuchMethodError'{0x00000000c54e44c0}: 'void java.lang.invoke.DirectMethodHandle$Holder.invokeStatic(java.lang.Object, java.lang.Object)'> (0x00000000c54e44c0) 
thrown [s\open\src\hotspot\share\interpreter\linkResolver.cpp, line 773]
Event: 2.321 Thread 0x0000021ead01bed0 Exception <a 'java/lang/NoSuchMethodError'{0x00000000c51e22a8}: 'void java.lang.invoke.DirectMethodHandle$Holder.invokeSpecial(java.lang.Object, java.lang.Object, java.lang.Object)'> (0x00000000c51e22a8) 
thrown [s\open\src\hotspot\share\interpreter\linkResolver.cpp, line 773]
Event: 2.385 Thread 0x0000021ead01bed0 Exception <a 'java/lang/NoSuchMethodError'{0x00000000c501bfa0}: 'void java.lang.invoke.DirectMethodHandle$Holder.invokeStatic(java.lang.Object, java.lang.Object, java.lang.Object)'> (0x00000000c501bfa0) 
thrown [s\open\src\hotspot\share\interpreter\linkResolver.cpp, line 773]
Event: 2.479 Thread 0x0000021ead01bed0 Exception <a 'java/lang/NoSuchMethodError'{0x00000000c5038148}: 'int java.lang.invoke.DirectMethodHandle$Holder.invokeStaticInit(java.lang.Object, java.lang.Object, java.lang.Object)'> (0x00000000c5038148) 
thrown [s\open\src\hotspot\share\interpreter\linkResolver.cpp, line 773]
Event: 2.554 Thread 0x0000021ead01bed0 Exception <a 'java/lang/NoSuchMethodError'{0x00000000c4f76770}: 'java.lang.Object java.lang.invoke.DirectMethodHandle$Holder.newInvokeSpecial(java.lang.Object, java.lang.Object, int, java.lang.Object)'> (0x00000000c4f76770) 
thrown [s\open\src\hotspot\share\interpreter\linkResolver.cpp, line 773]
Event: 2.557 Thread 0x0000021ead01bed0 Exception <a 'java/lang/NoSuchMethodError'{0x00000000c4f7a8c8}: 'java.lang.Object java.lang.invoke.DirectMethodHandle$Holder.invokeSpecial(java.lang.Object, java.lang.Object, java.lang.Object, int, java.lang.Object)'> (0x00000000c4f7a8c8) 
thrown [s\open\src\hotspot\share\interpreter\linkResolver.cpp, line 773]
Event: 2.914 Thread 0x0000021ecc43f150 Exception <a 'java/lang/NoSuchMethodError'{0x00000000c5934e98}: 'void java.lang.invoke.DirectMethodHandle$Holder.invokeStaticInit(java.lang.Object)'> (0x00000000c5934e98) 
thrown [s\open\src\hotspot\share\interpreter\linkResolver.cpp, line 773]
Event: 2.934 Thread 0x0000021ead01bed0 Exception <a 'java/lang/NoSuchMethodError'{0x00000000c5965580}: 'java.lang.Object java.lang.invoke.DirectMethodHandle$Holder.newInvokeSpecial(java.lang.Object, java.lang.Object, java.lang.Object, java.lang.Object, java.lang.Object, java.lang.Object)'> (0x00000000c5965580) 
thrown [s\open\src\hotspot\share\interpreter\linkResolver.cpp, line 773]
Event: 3.059 Thread 0x0000021ead01bed0 Exception <a 'java/lang/NoSuchMethodError'{0x00000000c58b0740}: 'java.lang.Object java.lang.invoke.DirectMethodHandle$Holder.newInvokeSpecial(java.lang.Object, java.lang.Object, java.lang.Object, java.lang.Object, java.lang.Object)'> (0x00000000c58b0740) 
thrown [s\open\src\hotspot\share\interpreter\linkResolver.cpp, line 773]
Event: 3.233 Thread 0x0000021ecc43f150 Exception <a 'sun/nio/fs/WindowsException'{0x00000000c568be28}> (0x00000000c568be28) 
thrown [s\open\src\hotspot\share\prims\jni.cpp, line 519]
Event: 3.473 Thread 0x0000021ecc43f150 Exception <a 'java/io/FileNotFoundException'{0x00000000c540e0e8}> (0x00000000c540e0e8) 
thrown [s\open\src\hotspot\share\prims\jni.cpp, line 519]
Event: 3.814 Thread 0x0000021ecc43f150 Exception <a 'java/lang/NoSuchMethodError'{0x00000000c52c4878}: 'java.lang.Object java.lang.invoke.DirectMethodHandle$Holder.invokeStaticInit(java.lang.Object, java.lang.Object, java.lang.Object, java.lang.Object)'> (0x00000000c52c4878) 
thrown [s\open\src\hotspot\share\interpreter\linkResolver.cpp, line 773]
Event: 3.818 Thread 0x0000021ecc43f150 Exception <a 'java/lang/NullPointerException'{0x00000000c52d0050}> (0x00000000c52d0050) 
thrown [s\open\src\hotspot\share\interpreter\linkResolver.cpp, line 1373]
Event: 3.998 Thread 0x0000021ecc43f150 Exception <a 'java/lang/ClassNotFoundException'{0x00000000c50b05f8}: com/sun/glass/ui/win/themes> (0x00000000c50b05f8) 
thrown [s\open\src\hotspot\share\prims\jni.cpp, line 538]
Event: 4.009 Thread 0x0000021ecc43f150 Exception <a 'java/lang/ClassNotFoundException'{0x00000000c50bc830}: com/sun/glass/ui/win/themes_en> (0x00000000c50bc830) 
thrown [s\open\src\hotspot\share\prims\jni.cpp, line 538]
Event: 4.010 Thread 0x0000021ecc43f150 Exception <a 'java/lang/ClassNotFoundException'{0x00000000c50c46b0}: com/sun/glass/ui/win/themes_en_US> (0x00000000c50c46b0) 
thrown [s\open\src\hotspot\share\prims\jni.cpp, line 538]

VM Operations (14 events):
Event: 1.180 Executing VM operation: Cleanup
Event: 1.197 Executing VM operation: Cleanup done
Event: 1.593 Executing VM operation: HandshakeAllThreads
Event: 1.593 Executing VM operation: HandshakeAllThreads done
Event: 2.523 Executing VM operation: HandshakeAllThreads
Event: 2.523 Executing VM operation: HandshakeAllThreads done
Event: 2.523 Executing VM operation: Cleanup
Event: 2.523 Executing VM operation: Cleanup done
Event: 2.745 Executing VM operation: G1CollectForAllocation
Event: 2.766 Executing VM operation: G1CollectForAllocation done
Event: 4.220 Executing VM operation: HandshakeAllThreads
Event: 4.220 Executing VM operation: HandshakeAllThreads done
Event: 4.220 Executing VM operation: Cleanup
Event: 4.220 Executing VM operation: Cleanup done

Events (16 events):
Event: 0.158 Thread 0x0000021ead01bed0 Thread added: 0x0000021ead01bed0
Event: 0.341 Thread 0x0000021ec7acd860 Thread added: 0x0000021ec7acd860
Event: 0.345 Thread 0x0000021ec7aced00 Thread added: 0x0000021ec7aced00
Event: 0.351 Thread 0x0000021ec7ad1a10 Thread added: 0x0000021ec7ad1a10
Event: 0.351 Thread 0x0000021ec7ad3360 Thread added: 0x0000021ec7ad3360
Event: 0.352 Thread 0x0000021ec7ad3ca0 Thread added: 0x0000021ec7ad3ca0
Event: 0.354 Thread 0x0000021ec7ad45e0 Thread added: 0x0000021ec7ad45e0
Event: 0.355 Thread 0x0000021ec7ad5250 Thread added: 0x0000021ec7ad5250
Event: 0.423 Thread 0x0000021ec7b45060 Thread added: 0x0000021ec7b45060
Event: 0.654 Thread 0x0000021ec7abc600 Thread added: 0x0000021ec7abc600
Event: 1.695 Thread 0x0000021ecc0fe3f0 Thread added: 0x0000021ecc0fe3f0
Event: 2.389 Thread 0x0000021ecc16a680 Thread added: 0x0000021ecc16a680
Event: 2.546 Thread 0x0000021ecc43d880 Thread added: 0x0000021ecc43d880
Event: 2.577 Thread 0x0000021ecc43f150 Thread added: 0x0000021ecc43f150
Event: 2.960 Thread 0x0000021ecc64d9a0 Thread added: 0x0000021ecc64d9a0
Event: 3.061 Thread 0x0000021ecc6afd90 Thread added: 0x0000021ecc6afd90


Dynamic libraries:
0x00007ff73e3d0000 - 0x00007ff73e3e0000 	C:\Program Files\Java\jdk-20\bin\javaw.exe
0x00007ff902090000 - 0x00007ff902288000 	C:\WINDOWS\SYSTEM32\ntdll.dll
0x00007ff900f00000 - 0x00007ff900fbf000 	C:\WINDOWS\System32\KERNEL32.DLL
0x00007ff8ffb00000 - 0x00007ff8ffdf6000 	C:\WINDOWS\System32\KERNELBASE.dll
0x00007ff8ff770000 - 0x00007ff8ff870000 	C:\WINDOWS\System32\ucrtbase.dll
0x00007ff8f79c0000 - 0x00007ff8f79db000 	C:\Program Files\Java\jdk-20\bin\VCRUNTIME140.dll
0x00007ff8f7c50000 - 0x00007ff8f7c69000 	C:\Program Files\Java\jdk-20\bin\jli.dll
0x00007ff901870000 - 0x00007ff90191f000 	C:\WINDOWS\System32\ADVAPI32.dll
0x00007ff9017d0000 - 0x00007ff90186e000 	C:\WINDOWS\System32\msvcrt.dll
0x00007ff9016b0000 - 0x00007ff90174c000 	C:\WINDOWS\System32\sechost.dll
0x00007ff900670000 - 0x00007ff900796000 	C:\WINDOWS\System32\RPCRT4.dll
0x00007ff9019f0000 - 0x00007ff901b8d000 	C:\WINDOWS\System32\USER32.dll
0x00007ff8ffad0000 - 0x00007ff8ffaf2000 	C:\WINDOWS\System32\win32u.dll
0x00007ff901f90000 - 0x00007ff901fbc000 	C:\WINDOWS\System32\GDI32.dll
0x00007ff8ff9b0000 - 0x00007ff8ffac5000 	C:\WINDOWS\System32\gdi32full.dll
0x00007ff8ffe30000 - 0x00007ff8ffecd000 	C:\WINDOWS\System32\msvcp_win.dll
0x00007ff8e81b0000 - 0x00007ff8e844a000 	C:\WINDOWS\WinSxS\amd64_microsoft.windows.common-controls_6595b64144ccf1df_6.0.19041.1110_none_60b5254171f9507e\COMCTL32.dll
0x00007ff8f31a0000 - 0x00007ff8f31aa000 	C:\WINDOWS\SYSTEM32\VERSION.dll
0x00007ff901c00000 - 0x00007ff901c30000 	C:\WINDOWS\System32\IMM32.DLL
0x00007ff8f7c40000 - 0x00007ff8f7c4c000 	C:\Program Files\Java\jdk-20\bin\vcruntime140_1.dll
0x00007ff8d4410000 - 0x00007ff8d449e000 	C:\Program Files\Java\jdk-20\bin\msvcp140.dll
0x00007ff8b5070000 - 0x00007ff8b5d07000 	C:\Program Files\Java\jdk-20\bin\server\jvm.dll
0x00007ff8e63c0000 - 0x00007ff8e63c9000 	C:\WINDOWS\SYSTEM32\WSOCK32.dll
0x00007ff901b90000 - 0x00007ff901bfb000 	C:\WINDOWS\System32\WS2_32.dll
0x00007ff8e4050000 - 0x00007ff8e4077000 	C:\WINDOWS\SYSTEM32\WINMM.dll
0x00007ff8fd650000 - 0x00007ff8fd662000 	C:\WINDOWS\SYSTEM32\kernel.appcore.dll
0x00007ff8f2f70000 - 0x00007ff8f2f7a000 	C:\Program Files\Java\jdk-20\bin\jimage.dll
0x00007ff8fd020000 - 0x00007ff8fd204000 	C:\WINDOWS\SYSTEM32\DBGHELP.DLL
0x00007ff8ccfd0000 - 0x00007ff8cd004000 	C:\WINDOWS\SYSTEM32\dbgcore.DLL
0x00007ff8ff870000 - 0x00007ff8ff8f2000 	C:\WINDOWS\System32\bcryptPrimitives.dll
0x00007ff8d5fd0000 - 0x00007ff8d5ff6000 	C:\Program Files\Java\jdk-20\bin\java.dll
0x00007ff8d5840000 - 0x00007ff8d5917000 	C:\Program Files\Java\jdk-20\bin\jsvml.dll
0x00007ff9007b0000 - 0x00007ff900ef4000 	C:\WINDOWS\System32\SHELL32.dll
0x00007ff8fd820000 - 0x00007ff8fdfb3000 	C:\WINDOWS\SYSTEM32\windows.storage.dll
0x00007ff901270000 - 0x00007ff9015c4000 	C:\WINDOWS\System32\combase.dll
0x00007ff8ff150000 - 0x00007ff8ff17e000 	C:\WINDOWS\SYSTEM32\Wldp.dll
0x00007ff900150000 - 0x00007ff9001fd000 	C:\WINDOWS\System32\SHCORE.dll
0x00007ff9000f0000 - 0x00007ff900145000 	C:\WINDOWS\System32\shlwapi.dll
0x00007ff8ff6b0000 - 0x00007ff8ff6cf000 	C:\WINDOWS\SYSTEM32\profapi.dll
0x00007ff8f7a60000 - 0x00007ff8f7a73000 	C:\Program Files\Java\jdk-20\bin\net.dll
0x00007ff8f85b0000 - 0x00007ff8f86ba000 	C:\WINDOWS\SYSTEM32\WINHTTP.dll
0x00007ff8feeb0000 - 0x00007ff8fef1a000 	C:\WINDOWS\system32\mswsock.dll
0x00007ff8f7a40000 - 0x00007ff8f7a56000 	C:\Program Files\Java\jdk-20\bin\nio.dll
0x00007ff8f7a20000 - 0x00007ff8f7a38000 	C:\Program Files\Java\jdk-20\bin\zip.dll
0x0000021eab000000 - 0x0000021eab003000 	C:\Users\Melissa Morgan\Documents\javafx-sdk-21\bin\api-ms-win-core-console-l1-1-0.dll
0x0000021eab010000 - 0x0000021eab013000 	C:\Users\Melissa Morgan\Documents\javafx-sdk-21\bin\api-ms-win-core-console-l1-2-0.dll
0x0000021eab020000 - 0x0000021eab023000 	C:\Users\Melissa Morgan\Documents\javafx-sdk-21\bin\api-ms-win-core-datetime-l1-1-0.dll
0x0000021eab030000 - 0x0000021eab033000 	C:\Users\Melissa Morgan\Documents\javafx-sdk-21\bin\api-ms-win-core-debug-l1-1-0.dll
0x0000021eacf20000 - 0x0000021eacf23000 	C:\Users\Melissa Morgan\Documents\javafx-sdk-21\bin\api-ms-win-core-errorhandling-l1-1-0.dll
0x0000021eacf30000 - 0x0000021eacf34000 	C:\Users\Melissa Morgan\Documents\javafx-sdk-21\bin\api-ms-win-core-file-l1-1-0.dll
0x0000021eacf40000 - 0x0000021eacf43000 	C:\Users\Melissa Morgan\Documents\javafx-sdk-21\bin\api-ms-win-core-file-l1-2-0.dll
0x0000021eacf50000 - 0x0000021eacf53000 	C:\Users\Melissa Morgan\Documents\javafx-sdk-21\bin\api-ms-win-core-file-l2-1-0.dll
0x0000021eacf60000 - 0x0000021eacf63000 	C:\Users\Melissa Morgan\Documents\javafx-sdk-21\bin\api-ms-win-core-handle-l1-1-0.dll
0x0000021eacf70000 - 0x0000021eacf73000 	C:\Users\Melissa Morgan\Documents\javafx-sdk-21\bin\api-ms-win-core-heap-l1-1-0.dll
0x0000021eacf80000 - 0x0000021eacf83000 	C:\Users\Melissa Morgan\Documents\javafx-sdk-21\bin\api-ms-win-core-interlocked-l1-1-0.dll
0x0000021eacf90000 - 0x0000021eacf93000 	C:\Users\Melissa Morgan\Documents\javafx-sdk-21\bin\api-ms-win-core-libraryloader-l1-1-0.dll
0x0000021eacfa0000 - 0x0000021eacfa3000 	C:\Users\Melissa Morgan\Documents\javafx-sdk-21\bin\api-ms-win-core-localization-l1-2-0.dll
0x0000021eacfb0000 - 0x0000021eacfb3000 	C:\Users\Melissa Morgan\Documents\javafx-sdk-21\bin\api-ms-win-core-memory-l1-1-0.dll
0x0000021eacfc0000 - 0x0000021eacfc3000 	C:\Users\Melissa Morgan\Documents\javafx-sdk-21\bin\api-ms-win-core-namedpipe-l1-1-0.dll
0x0000021eacfd0000 - 0x0000021eacfd3000 	C:\Users\Melissa Morgan\Documents\javafx-sdk-21\bin\api-ms-win-core-processenvironment-l1-1-0.dll
0x0000021eacfe0000 - 0x0000021eacfe3000 	C:\Users\Melissa Morgan\Documents\javafx-sdk-21\bin\api-ms-win-core-processthreads-l1-1-0.dll
0x0000021ec7ba0000 - 0x0000021ec7ba3000 	C:\Users\Melissa Morgan\Documents\javafx-sdk-21\bin\api-ms-win-core-processthreads-l1-1-1.dll
0x0000021ec7bb0000 - 0x0000021ec7bb3000 	C:\Users\Melissa Morgan\Documents\javafx-sdk-21\bin\api-ms-win-core-profile-l1-1-0.dll
0x0000021ec7bc0000 - 0x0000021ec7bc3000 	C:\Users\Melissa Morgan\Documents\javafx-sdk-21\bin\api-ms-win-core-rtlsupport-l1-1-0.dll
0x0000021ec7bd0000 - 0x0000021ec7bd3000 	C:\Users\Melissa Morgan\Documents\javafx-sdk-21\bin\api-ms-win-core-string-l1-1-0.dll
0x0000021ec7be0000 - 0x0000021ec7be3000 	C:\Users\Melissa Morgan\Documents\javafx-sdk-21\bin\api-ms-win-core-synch-l1-1-0.dll
0x0000021ec7bf0000 - 0x0000021ec7bf3000 	C:\Users\Melissa Morgan\Documents\javafx-sdk-21\bin\api-ms-win-core-synch-l1-2-0.dll
0x0000021ecc900000 - 0x0000021ecc903000 	C:\Users\Melissa Morgan\Documents\javafx-sdk-21\bin\api-ms-win-core-sysinfo-l1-1-0.dll
0x0000021ecc910000 - 0x0000021ecc913000 	C:\Users\Melissa Morgan\Documents\javafx-sdk-21\bin\api-ms-win-core-timezone-l1-1-0.dll
0x0000021ecc920000 - 0x0000021ecc923000 	C:\Users\Melissa Morgan\Documents\javafx-sdk-21\bin\api-ms-win-core-util-l1-1-0.dll
0x0000021ecc930000 - 0x0000021ecc933000 	C:\Users\Melissa Morgan\Documents\javafx-sdk-21\bin\api-ms-win-crt-conio-l1-1-0.dll
0x0000021ecc940000 - 0x0000021ecc944000 	C:\Users\Melissa Morgan\Documents\javafx-sdk-21\bin\api-ms-win-crt-convert-l1-1-0.dll
0x0000021ecc950000 - 0x0000021ecc953000 	C:\Users\Melissa Morgan\Documents\javafx-sdk-21\bin\api-ms-win-crt-environment-l1-1-0.dll
0x0000021ecc960000 - 0x0000021ecc963000 	C:\Users\Melissa Morgan\Documents\javafx-sdk-21\bin\api-ms-win-crt-filesystem-l1-1-0.dll
0x0000021ecc970000 - 0x0000021ecc973000 	C:\Users\Melissa Morgan\Documents\javafx-sdk-21\bin\api-ms-win-crt-heap-l1-1-0.dll
0x0000021ecc980000 - 0x0000021ecc983000 	C:\Users\Melissa Morgan\Documents\javafx-sdk-21\bin\api-ms-win-crt-locale-l1-1-0.dll
0x0000021ecc990000 - 0x0000021ecc995000 	C:\Users\Melissa Morgan\Documents\javafx-sdk-21\bin\api-ms-win-crt-math-l1-1-0.dll
0x0000021ecc9a0000 - 0x0000021ecc9a5000 	C:\Users\Melissa Morgan\Documents\javafx-sdk-21\bin\api-ms-win-crt-multibyte-l1-1-0.dll
0x0000021ecc9b0000 - 0x0000021ecc9c0000 	C:\Users\Melissa Morgan\Documents\javafx-sdk-21\bin\api-ms-win-crt-private-l1-1-0.dll
0x0000021ecc9c0000 - 0x0000021ecc9c3000 	C:\Users\Melissa Morgan\Documents\javafx-sdk-21\bin\api-ms-win-crt-process-l1-1-0.dll
0x0000021ecc9d0000 - 0x0000021ecc9d4000 	C:\Users\Melissa Morgan\Documents\javafx-sdk-21\bin\api-ms-win-crt-runtime-l1-1-0.dll
0x0000021ecc9e0000 - 0x0000021ecc9e4000 	C:\Users\Melissa Morgan\Documents\javafx-sdk-21\bin\api-ms-win-crt-stdio-l1-1-0.dll
0x0000021ecc9f0000 - 0x0000021ecc9f4000 	C:\Users\Melissa Morgan\Documents\javafx-sdk-21\bin\api-ms-win-crt-string-l1-1-0.dll
0x0000021ecca00000 - 0x0000021ecca03000 	C:\Users\Melissa Morgan\Documents\javafx-sdk-21\bin\api-ms-win-crt-time-l1-1-0.dll
0x0000021ecca10000 - 0x0000021ecca13000 	C:\Users\Melissa Morgan\Documents\javafx-sdk-21\bin\api-ms-win-crt-utility-l1-1-0.dll
0x00007ff8c4270000 - 0x00007ff8c436c000 	C:\Users\Melissa Morgan\Documents\javafx-sdk-21\bin\ucrtbase.dll
0x00007ff8f2260000 - 0x00007ff8f227b000 	C:\Users\Melissa Morgan\Documents\javafx-sdk-21\bin\vcruntime140.dll
0x00007ff8f71b0000 - 0x00007ff8f71bc000 	C:\Users\Melissa Morgan\Documents\javafx-sdk-21\bin\vcruntime140_1.dll
0x00007ff8d2d70000 - 0x00007ff8d2dfe000 	C:\Users\Melissa Morgan\Documents\javafx-sdk-21\bin\msvcp140.dll
0x00007ff9010e0000 - 0x00007ff90120a000 	C:\WINDOWS\System32\ole32.dll
0x00007ff8f2f80000 - 0x00007ff8f2f89000 	C:\Users\Melissa Morgan\Documents\javafx-sdk-21\bin\msvcp140_1.dll
0x00007ff8f1a90000 - 0x00007ff8f1abf000 	C:\Users\Melissa Morgan\Documents\javafx-sdk-21\bin\msvcp140_2.dll
0x00007ff8d30a0000 - 0x00007ff8d30cf000 	C:\Users\Melissa Morgan\Documents\javafx-sdk-21\bin\prism_d3d.dll
0x00007ff8b0980000 - 0x00007ff8b0b4d000 	C:\WINDOWS\system32\d3d9.dll
0x00007ff8fd210000 - 0x00007ff8fd23f000 	C:\WINDOWS\SYSTEM32\dwmapi.dll
0x00007ff8fcd60000 - 0x00007ff8fcdfe000 	C:\WINDOWS\system32\uxtheme.dll
0x00007ff8c59b0000 - 0x00007ff8c5b13000 	C:\WINDOWS\System32\DriverStore\FileRepository\iigd_dch.inf_amd64_dc16e5f1dbf8051f\igdumdim64.dll
0x00007ff8b8ad0000 - 0x00007ff8bc4d4000 	C:\WINDOWS\System32\DriverStore\FileRepository\iigd_dch.inf_amd64_dc16e5f1dbf8051f\igd9dxva64.dll
0x00007ff901c30000 - 0x00007ff901cfd000 	C:\WINDOWS\System32\OLEAUT32.dll
0x00007ff900200000 - 0x00007ff900668000 	C:\WINDOWS\System32\SETUPAPI.dll
0x00007ff8ffed0000 - 0x00007ff8fff1e000 	C:\WINDOWS\System32\cfgmgr32.dll
0x00007ff8ffe00000 - 0x00007ff8ffe27000 	C:\WINDOWS\System32\bcrypt.dll
0x00007ff8ec760000 - 0x00007ff8ec99f000 	C:\WINDOWS\System32\DriverStore\FileRepository\iigd_dch.inf_amd64_dc16e5f1dbf8051f\igdgmm64.dll
0x00007ff8d0ce0000 - 0x00007ff8d0d22000 	C:\Users\Melissa Morgan\Documents\javafx-sdk-21\bin\glass.dll
0x00007ff9015d0000 - 0x00007ff9016aa000 	C:\WINDOWS\System32\COMDLG32.dll
0x00007ff900fc0000 - 0x00007ff9010d4000 	C:\WINDOWS\System32\MSCTF.dll
0x00007ff8c2510000 - 0x00007ff8c2537000 	C:\WINDOWS\System32\DriverStore\FileRepository\iigd_dch.inf_amd64_dc16e5f1dbf8051f\igdinfo64.dll
0x00007ff8e9af0000 - 0x00007ff8ec752000 	C:\WINDOWS\System32\DriverStore\FileRepository\iigd_dch.inf_amd64_dc16e5f1dbf8051f\igc64.dll
0x00007ff8ef910000 - 0x00007ff8ef94b000 	C:\WINDOWS\SYSTEM32\dxcore.dll
0x00007ff8e8790000 - 0x00007ff8e87a4000 	C:\Users\Melissa Morgan\Documents\javafx-sdk-21\bin\javafx_font.dll

dbghelp: loaded successfully - version: 4.0.5 - missing functions: none
symbol engine: initialized successfully - sym options: 0x614 - pdb path: .;C:\Program Files\Java\jdk-20\bin;C:\WINDOWS\SYSTEM32;C:\WINDOWS\WinSxS\amd64_microsoft.windows.common-controls_6595b64144ccf1df_6.0.19041.1110_none_60b5254171f9507e;C:\Program Files\Java\jdk-20\bin\server;C:\Users\Melissa Morgan\Documents\javafx-sdk-21\bin;C:\WINDOWS\System32\DriverStore\FileRepository\iigd_dch.inf_amd64_dc16e5f1dbf8051f

VM Arguments:
jvm_args: -Dfile.encoding=UTF-8 -Dstdout.encoding=UTF-8 -Dstderr.encoding=UTF-8 --module-path=C:\Users\Melissa Morgan\Documents\GitHub\Pig_CPS261_Final\pig\bin;C:\Users\Melissa Morgan\Documents\javafx-sdk-21\lib\javafx.base.jar;C:\Users\Melissa Morgan\Documents\javafx-sdk-21\lib\javafx.controls.jar;C:\Users\Melissa Morgan\Documents\javafx-sdk-21\lib\javafx.fxml.jar;C:\Users\Melissa Morgan\Documents\javafx-sdk-21\lib\javafx.graphics.jar;C:\Users\Melissa Morgan\Documents\javafx-sdk-21\lib\javafx.media.jar;C:\Users\Melissa Morgan\Documents\javafx-sdk-21\lib\javafx.swing.jar;C:\Users\Melissa Morgan\Documents\javafx-sdk-21\lib\javafx.web.jar;C:\Users\Melissa Morgan\Documents\javafx-sdk-21\lib\javafx-swt.jar;C:\Users\Melissa Morgan\.p2\pool\plugins\org.eclipse.fx.ide.css.jfx8_3.10.0.202303150700.jar -XX:+ShowCodeDetailsInExceptionMessages -Djdk.module.main=pig 
java_command: pig/application.Main
java_class_path (initial): <not set>
Launcher Type: SUN_STANDARD

[Global flags]
     intx CICompilerCount                          = 3                                         {product} {ergonomic}
     uint ConcGCThreads                            = 1                                         {product} {ergonomic}
     uint G1ConcRefinementThreads                  = 4                                         {product} {ergonomic}
   size_t G1HeapRegionSize                         = 1048576                                   {product} {ergonomic}
    uintx GCDrainStackTargetSize                   = 64                                        {product} {ergonomic}
   size_t InitialHeapSize                          = 67108864                                  {product} {ergonomic}
   size_t MarkStackSize                            = 4194304                                   {product} {ergonomic}
   size_t MaxHeapSize                              = 1044381696                                {product} {ergonomic}
   size_t MaxNewSize                               = 625999872                                 {product} {ergonomic}
   size_t MinHeapDeltaBytes                        = 1048576                                   {product} {ergonomic}
   size_t MinHeapSize                              = 8388608                                   {product} {ergonomic}
    uintx NonNMethodCodeHeapSize                   = 5832780                                {pd product} {ergonomic}
    uintx NonProfiledCodeHeapSize                  = 122912730                              {pd product} {ergonomic}
    uintx ProfiledCodeHeapSize                     = 122912730                              {pd product} {ergonomic}
    uintx ReservedCodeCacheSize                    = 251658240                              {pd product} {ergonomic}
     bool SegmentedCodeCache                       = true                                      {product} {ergonomic}
     bool ShowCodeDetailsInExceptionMessages       = true                                   {manageable} {command line}
   size_t SoftMaxHeapSize                          = 1044381696                             {manageable} {ergonomic}
     bool UseCompressedClassPointers               = true                           {product lp64_product} {ergonomic}
     bool UseCompressedOops                        = true                           {product lp64_product} {ergonomic}
     bool UseG1GC                                  = true                                      {product} {ergonomic}
     bool UseLargePagesIndividualAllocation        = false                                  {pd product} {ergonomic}

Logging:
Log output configuration:
 #0: stdout all=warning uptime,level,tags foldmultilines=false
 #1: stderr all=off uptime,level,tags foldmultilines=false

Environment Variables:
PATH=C:/Program Files/Java/jdk-20/bin/server;C:/Program Files/Java/jdk-20/bin;C:\Program Files\Common Files\Oracle\Java\javapath;C:\WINDOWS\system32;C:\WINDOWS;C:\WINDOWS\System32\Wbem;C:\WINDOWS\System32\WindowsPowerShell\v1.0\;C:\WINDOWS\System32\OpenSSH\;C:\Program Files\Git\cmd;C:\Program Files\Microsoft SQL Server\Client SDK\ODBC\170\Tools\Binn\;C:\Program Files (x86)\Microsoft SQL Server\150\Tools\Binn\;C:\Program Files\Microsoft SQL Server\150\Tools\Binn\;C:\Program Files\Microsoft SQL Server\150\DTS\Binn\;C:\Program Files (x86)\Microsoft SQL Server\160\DTS\Binn\;C:\Program Files\Azure Data Studio\bin;C:\Users\Melissa Morgan\AppData\Local\Programs\Python\Python311\Scripts\;C:\Users\Melissa Morgan\AppData\Local\Programs\Python\Python311\;C:\Users\Melissa Morgan\AppData\Local\Microsoft\WindowsApps;C:\msys64\mingw64\bin;C:\Users\Melissa Morgan\AppData\Local\GitHubDesktop\bin;C:\Users\Melissa Morgan\AppData\Local\Programs\Microsoft VS Code\bin;C:\Program Files\Azure Data Studio\bin;C:\WINDOWS\system32;
USERNAME=Melissa Morgan
OS=Windows_NT
PROCESSOR_IDENTIFIER=Intel64 Family 6 Model 142 Stepping 9, GenuineIntel
TMP=C:\Users\MELISS~1\AppData\Local\Temp
TEMP=C:\Users\MELISS~1\AppData\Local\Temp




---------------  S Y S T E M  ---------------

OS:
 Windows 10 , 64 bit Build 19041 (10.0.19041.3031)
OS uptime: 1 days 8:33 hours

CPU: total 4 (initial active 4) (2 cores per cpu, 2 threads per core) family 6 model 142 stepping 9 microcode 0xf0, cx8, cmov, fxsr, ht, mmx, 3dnowpref, sse, sse2, sse3, ssse3, sse4.1, sse4.2, popcnt, lzcnt, tsc, tscinvbit, aes, erms, clmul, clflush, clflushopt, rdtscp

Memory: 4k page, system-wide physical 3980M (258M free)
TotalPageFile size 11258M (AvailPageFile size 0M)
current process WorkingSet (physical memory assigned to process): 94M, peak: 94M
current process commit charge ("private bytes"): 175M, peak: 175M

vm_info: Java HotSpot(TM) 64-Bit Server VM (20.0.1+9-29) for windows-amd64 JRE (20.0.1+9-29), built on 2023-03-07T13:56:11Z by "mach5one" with MS VC++ 17.1 (VS2022)

END.
