#
# There is insufficient memory for the Java Runtime Environment to continue.
# Native memory allocation (malloc) failed to allocate 32744 bytes for Chunk::new
# Possible reasons:
#   The system is out of physical RAM or swap space
#   The process is running with CompressedOops enabled, and the Java Heap may be blocking the growth of the native heap
# Possible solutions:
#   Reduce memory load on the system
#   Increase physical memory or swap space
#   Check if swap backing store is full
#   Decrease Java heap size (-Xmx/-Xms)
#   Decrease number of Java threads
#   Decrease Java thread stack sizes (-Xss)
#   Set larger code cache with -XX:ReservedCodeCacheSize=
#   JVM is running with Unscaled Compressed Oops mode in which the Java heap is
#     placed in the first 4GB address space. The Java Heap base address is the
#     maximum limit for the native heap growth. Please use -XX:HeapBaseMinAddress
#     to set the Java Heap base and to place the Java Heap above 4GB virtual address.
# This output file may be truncated or incomplete.
#
#  Out of Memory Error (arena.cpp:184), pid=9172, tid=9124
#
# JRE version: Java(TM) SE Runtime Environment (20.0.1+9) (build 20.0.1+9-29)
# Java VM: Java HotSpot(TM) 64-Bit Server VM (20.0.1+9-29, mixed mode, sharing, tiered, compressed oops, compressed class ptrs, g1 gc, windows-amd64)
# No core dump will be written. Minidumps are not enabled by default on client versions of Windows
#

---------------  S U M M A R Y ------------

Command Line: -Dfile.encoding=UTF-8 -Dstdout.encoding=UTF-8 -Dstderr.encoding=UTF-8 --module-path=C:\Users\Melissa Morgan\Documents\GitHub\Pig_CPS261_Final\pig\bin;C:\Users\Melissa Morgan\Documents\javafx-sdk-21\lib\javafx.base.jar;C:\Users\Melissa Morgan\Documents\javafx-sdk-21\lib\javafx.controls.jar;C:\Users\Melissa Morgan\Documents\javafx-sdk-21\lib\javafx.fxml.jar;C:\Users\Melissa Morgan\Documents\javafx-sdk-21\lib\javafx.graphics.jar;C:\Users\Melissa Morgan\Documents\javafx-sdk-21\lib\javafx.media.jar;C:\Users\Melissa Morgan\Documents\javafx-sdk-21\lib\javafx.swing.jar;C:\Users\Melissa Morgan\Documents\javafx-sdk-21\lib\javafx.web.jar;C:\Users\Melissa Morgan\Documents\javafx-sdk-21\lib\javafx-swt.jar;C:\Users\Melissa Morgan\.p2\pool\plugins\org.eclipse.fx.ide.css.jfx8_3.10.0.202303150700.jar -XX:+ShowCodeDetailsInExceptionMessages -Djdk.module.main=pig pig/application.Main

Host: Intel(R) Pentium(R) CPU 4415Y @ 1.60GHz, 4 cores, 3G,  Windows 10 , 64 bit Build 19041 (10.0.19041.3031)
Time: Sun Nov 19 19:44:41 2023 Eastern Standard Time elapsed time: 3.976533 seconds (0d 0h 0m 3s)

---------------  T H R E A D  ---------------

Current thread (0x0000016428858510):  JavaThread "C2 CompilerThread0" daemon [_thread_in_native, id=9124, stack(0x0000006174800000,0x0000006174900000)]


Current CompileTask:
C2:   3976 2079       4       java.lang.invoke.MethodType::makeImpl (109 bytes)

Stack: [0x0000006174800000,0x0000006174900000]
Native frames: (J=compiled Java code, j=interpreted, Vv=VM code, C=native code)
V  [jvm.dll+0x6bb95a]
V  [jvm.dll+0x8485fa]
V  [jvm.dll+0x84a1f5]
V  [jvm.dll+0x84a8f3]
V  [jvm.dll+0x280b0f]
V  [jvm.dll+0xc2b11]
V  [jvm.dll+0xc2e35]
V  [jvm.dll+0x64be64]
V  [jvm.dll+0x64cefc]
V  [jvm.dll+0x64b2b0]
V  [jvm.dll+0x24b0de]
V  [jvm.dll+0x24a651]
V  [jvm.dll+0x1ce491]
V  [jvm.dll+0x259e1b]
V  [jvm.dll+0x2584f0]
V  [jvm.dll+0x3f2895]
V  [jvm.dll+0x7f4b56]
V  [jvm.dll+0x6ba5cb]
C  [ucrtbase.dll+0x21bb2]
C  [KERNEL32.DLL+0x17614]
C  [ntdll.dll+0x526f1]


---------------  P R O C E S S  ---------------

Threads class SMR info:
_java_thread_list=0x000001642d3bf9c0, length=17, elements={
0x000001640dd6ae20, 0x00000164288400a0, 0x0000016428840ab0, 0x0000016428841740,
0x0000016428844cb0, 0x0000016428845200, 0x000001642884e770, 0x0000016428858510,
0x0000016428859ab0, 0x000001642cc2f2c0, 0x000001642cd886c0, 0x000001642cfd1830,
0x000001642d166100, 0x000001642d17ff20, 0x000001642d3c6060, 0x000001642d306f30,
0x000001642d5fcea0
}

Java Threads: ( => current thread )
  0x000001640dd6ae20 JavaThread "main" [_thread_blocked, id=3864, stack(0x0000006173b00000,0x0000006173c00000)]
  0x00000164288400a0 JavaThread "Reference Handler" daemon [_thread_blocked, id=4184, stack(0x0000006174200000,0x0000006174300000)]
  0x0000016428840ab0 JavaThread "Finalizer" daemon [_thread_blocked, id=2456, stack(0x0000006174300000,0x0000006174400000)]
  0x0000016428841740 JavaThread "Signal Dispatcher" daemon [_thread_blocked, id=11360, stack(0x0000006174400000,0x0000006174500000)]
  0x0000016428844cb0 JavaThread "Attach Listener" daemon [_thread_blocked, id=6616, stack(0x0000006174500000,0x0000006174600000)]
  0x0000016428845200 JavaThread "Service Thread" daemon [_thread_blocked, id=8388, stack(0x0000006174600000,0x0000006174700000)]
  0x000001642884e770 JavaThread "Monitor Deflation Thread" daemon [_thread_blocked, id=11840, stack(0x0000006174700000,0x0000006174800000)]
=>0x0000016428858510 JavaThread "C2 CompilerThread0" daemon [_thread_in_native, id=9124, stack(0x0000006174800000,0x0000006174900000)]
  0x0000016428859ab0 JavaThread "C1 CompilerThread0" daemon [_thread_in_native, id=2588, stack(0x0000006174900000,0x0000006174a00000)]
  0x000001642cc2f2c0 JavaThread "Common-Cleaner" daemon [_thread_blocked, id=1828, stack(0x0000006174a00000,0x0000006174b00000)]
  0x000001642cd886c0 JavaThread "Notification Thread" daemon [_thread_blocked, id=9300, stack(0x0000006174b00000,0x0000006174c00000)]
  0x000001642cfd1830 JavaThread "QuantumRenderer-0" daemon [_thread_blocked, id=448, stack(0x0000006174d00000,0x0000006174e00000)]
  0x000001642d166100 JavaThread "InvokeLaterDispatcher" daemon [_thread_blocked, id=1860, stack(0x0000006174e00000,0x0000006174f00000)]
  0x000001642d17ff20 JavaThread "JavaFX Application Thread" [_thread_in_native, id=11260, stack(0x0000006174f00000,0x0000006175000000)]
  0x000001642d3c6060 JavaThread "Thread-1" daemon [_thread_in_native, id=11280, stack(0x0000006175600000,0x0000006175700000)]
  0x000001642d306f30 JavaThread "JavaFX-Launcher" [_thread_blocked, id=2380, stack(0x0000006175700000,0x0000006175800000)]
  0x000001642d5fcea0 JavaThread "Prism Font Disposer" daemon [_thread_blocked, id=1448, stack(0x0000006175800000,0x0000006175900000)]

Other Threads:
  0x0000016428820800 VMThread "VM Thread" [stack: 0x0000006174100000,0x0000006174200000] [id=8316]
  0x000001642cd3ac20 WatcherThread "VM Periodic Task Thread" [stack: 0x0000006174c00000,0x0000006174d00000] [id=2144]
  0x000001640ddaf400 WorkerThread "GC Thread#0" [stack: 0x0000006173c00000,0x0000006173d00000] [id=8280]
  0x000001642d30cf00 WorkerThread "GC Thread#1" [stack: 0x0000006175300000,0x0000006175400000] [id=11312]
  0x000001642d3114f0 WorkerThread "GC Thread#2" [stack: 0x0000006175400000,0x0000006175500000] [id=11532]
  0x000001642d315bf0 WorkerThread "GC Thread#3" [stack: 0x0000006175500000,0x0000006175600000] [id=8164]
  0x000001640ddd68c0 ConcurrentGCThread "G1 Main Marker" [stack: 0x0000006173d00000,0x0000006173e00000] [id=1768]
  0x000001640ddd7200 WorkerThread "G1 Conc#0" [stack: 0x0000006173e00000,0x0000006173f00000] [id=11784]
  0x000001640de30770 ConcurrentGCThread "G1 Refine#0" [stack: 0x0000006173f00000,0x0000006174000000] [id=5716]
  0x000001640de32d40 ConcurrentGCThread "G1 Service" [stack: 0x0000006174000000,0x0000006174100000] [id=3576]

Threads with active compile tasks:
C2 CompilerThread0     4082 2079       4       java.lang.invoke.MethodType::makeImpl (109 bytes)
C1 CompilerThread0     4082 2220       3       javafx.scene.Node::updateLocalToParentTransform (442 bytes)

VM state: not at safepoint (normal execution)

VM Mutex/Monitor currently owned by a thread: None

Heap address: 0x00000000c1c00000, size: 996 MB, Compressed Oops mode: 32-bit

CDS archive(s) mapped at: [0x0000000800000000-0x0000000800c60000-0x0000000800c60000), size 12976128, SharedBaseAddress: 0x0000000800000000, ArchiveRelocationMode: 0.
Compressed class space mapped at: 0x0000000801000000-0x0000000841000000, reserved size: 1073741824
Narrow klass base: 0x0000000800000000, Narrow klass shift: 0, Narrow klass range: 0x100000000

GC Precious Log:
 CardTable entry size: 512
 Card Set container configuration: InlinePtr #cards 5 size 8 Array Of Cards #cards 12 size 40 Howl #buckets 4 coarsen threshold 1843 Howl Bitmap #cards 512 size 80 coarsen threshold 460 Card regions per heap region 1 cards per card region 2048
 CPUs: 4 total, 4 available
 Memory: 3980M
 Large Page Support: Disabled
 NUMA Support: Disabled
 Compressed Oops: Enabled (32-bit)
 Heap Region Size: 1M
 Heap Min Capacity: 8M
 Heap Initial Capacity: 64M
 Heap Max Capacity: 996M
 Pre-touch: Disabled
 Parallel Workers: 4
 Concurrent Workers: 1
 Concurrent Refinement Workers: 4
 Periodic GC: Disabled

Heap:
 garbage-first heap   total 65536K, used 33449K [0x00000000c1c00000, 0x0000000100000000)
  region size 1024K, 32 young (32768K), 3 survivors (3072K)
 Metaspace       used 15981K, committed 16320K, reserved 1114112K
  class space    used 2539K, committed 2688K, reserved 1048576K

Heap Regions: E=young(eden), S=young(survivor), O=old, HS=humongous(starts), HC=humongous(continues), CS=collection set, F=free, OA=open archive, CA=closed archive, TAMS=top-at-mark-start, PB=parsable bottom
|   0|0x00000000c1c00000, 0x00000000c1d00000, 0x00000000c1d00000|100%| O|  |TAMS 0x00000000c1c00000| PB 0x00000000c1c00000| Untracked 
|   1|0x00000000c1d00000, 0x00000000c1daa600, 0x00000000c1e00000| 66%| O|  |TAMS 0x00000000c1d00000| PB 0x00000000c1d00000| Untracked 
|   2|0x00000000c1e00000, 0x00000000c1e00000, 0x00000000c1f00000|  0%| F|  |TAMS 0x00000000c1e00000| PB 0x00000000c1e00000| Untracked 
|   3|0x00000000c1f00000, 0x00000000c1f00000, 0x00000000c2000000|  0%| F|  |TAMS 0x00000000c1f00000| PB 0x00000000c1f00000| Untracked 
|   4|0x00000000c2000000, 0x00000000c2000000, 0x00000000c2100000|  0%| F|  |TAMS 0x00000000c2000000| PB 0x00000000c2000000| Untracked 
|   5|0x00000000c2100000, 0x00000000c2100000, 0x00000000c2200000|  0%| F|  |TAMS 0x00000000c2100000| PB 0x00000000c2100000| Untracked 
|   6|0x00000000c2200000, 0x00000000c2200000, 0x00000000c2300000|  0%| F|  |TAMS 0x00000000c2200000| PB 0x00000000c2200000| Untracked 
|   7|0x00000000c2300000, 0x00000000c2300000, 0x00000000c2400000|  0%| F|  |TAMS 0x00000000c2300000| PB 0x00000000c2300000| Untracked 
|   8|0x00000000c2400000, 0x00000000c2400000, 0x00000000c2500000|  0%| F|  |TAMS 0x00000000c2400000| PB 0x00000000c2400000| Untracked 
|   9|0x00000000c2500000, 0x00000000c2500000, 0x00000000c2600000|  0%| F|  |TAMS 0x00000000c2500000| PB 0x00000000c2500000| Untracked 
|  10|0x00000000c2600000, 0x00000000c2600000, 0x00000000c2700000|  0%| F|  |TAMS 0x00000000c2600000| PB 0x00000000c2600000| Untracked 
|  11|0x00000000c2700000, 0x00000000c2700000, 0x00000000c2800000|  0%| F|  |TAMS 0x00000000c2700000| PB 0x00000000c2700000| Untracked 
|  12|0x00000000c2800000, 0x00000000c2800000, 0x00000000c2900000|  0%| F|  |TAMS 0x00000000c2800000| PB 0x00000000c2800000| Untracked 
|  13|0x00000000c2900000, 0x00000000c2900000, 0x00000000c2a00000|  0%| F|  |TAMS 0x00000000c2900000| PB 0x00000000c2900000| Untracked 
|  14|0x00000000c2a00000, 0x00000000c2a00000, 0x00000000c2b00000|  0%| F|  |TAMS 0x00000000c2a00000| PB 0x00000000c2a00000| Untracked 
|  15|0x00000000c2b00000, 0x00000000c2b00000, 0x00000000c2c00000|  0%| F|  |TAMS 0x00000000c2b00000| PB 0x00000000c2b00000| Untracked 
|  16|0x00000000c2c00000, 0x00000000c2c00000, 0x00000000c2d00000|  0%| F|  |TAMS 0x00000000c2c00000| PB 0x00000000c2c00000| Untracked 
|  17|0x00000000c2d00000, 0x00000000c2d00000, 0x00000000c2e00000|  0%| F|  |TAMS 0x00000000c2d00000| PB 0x00000000c2d00000| Untracked 
|  18|0x00000000c2e00000, 0x00000000c2e00000, 0x00000000c2f00000|  0%| F|  |TAMS 0x00000000c2e00000| PB 0x00000000c2e00000| Untracked 
|  19|0x00000000c2f00000, 0x00000000c2f00000, 0x00000000c3000000|  0%| F|  |TAMS 0x00000000c2f00000| PB 0x00000000c2f00000| Untracked 
|  20|0x00000000c3000000, 0x00000000c3000000, 0x00000000c3100000|  0%| F|  |TAMS 0x00000000c3000000| PB 0x00000000c3000000| Untracked 
|  21|0x00000000c3100000, 0x00000000c3100000, 0x00000000c3200000|  0%| F|  |TAMS 0x00000000c3100000| PB 0x00000000c3100000| Untracked 
|  22|0x00000000c3200000, 0x00000000c3200000, 0x00000000c3300000|  0%| F|  |TAMS 0x00000000c3200000| PB 0x00000000c3200000| Untracked 
|  23|0x00000000c3300000, 0x00000000c3300000, 0x00000000c3400000|  0%| F|  |TAMS 0x00000000c3300000| PB 0x00000000c3300000| Untracked 
|  24|0x00000000c3400000, 0x00000000c3400000, 0x00000000c3500000|  0%| F|  |TAMS 0x00000000c3400000| PB 0x00000000c3400000| Untracked 
|  25|0x00000000c3500000, 0x00000000c3500000, 0x00000000c3600000|  0%| F|  |TAMS 0x00000000c3500000| PB 0x00000000c3500000| Untracked 
|  26|0x00000000c3600000, 0x00000000c3600000, 0x00000000c3700000|  0%| F|  |TAMS 0x00000000c3600000| PB 0x00000000c3600000| Untracked 
|  27|0x00000000c3700000, 0x00000000c3700000, 0x00000000c3800000|  0%| F|  |TAMS 0x00000000c3700000| PB 0x00000000c3700000| Untracked 
|  28|0x00000000c3800000, 0x00000000c3800000, 0x00000000c3900000|  0%| F|  |TAMS 0x00000000c3800000| PB 0x00000000c3800000| Untracked 
|  29|0x00000000c3900000, 0x00000000c3900000, 0x00000000c3a00000|  0%| F|  |TAMS 0x00000000c3900000| PB 0x00000000c3900000| Untracked 
|  30|0x00000000c3a00000, 0x00000000c3a00000, 0x00000000c3b00000|  0%| F|  |TAMS 0x00000000c3a00000| PB 0x00000000c3a00000| Untracked 
|  31|0x00000000c3b00000, 0x00000000c3b00000, 0x00000000c3c00000|  0%| F|  |TAMS 0x00000000c3b00000| PB 0x00000000c3b00000| Untracked 
|  32|0x00000000c3c00000, 0x00000000c3cd05b0, 0x00000000c3d00000| 81%| E|  |TAMS 0x00000000c3c00000| PB 0x00000000c3c00000| Complete 
|  33|0x00000000c3d00000, 0x00000000c3e00000, 0x00000000c3e00000|100%| E|CS|TAMS 0x00000000c3d00000| PB 0x00000000c3d00000| Complete 
|  34|0x00000000c3e00000, 0x00000000c3f00000, 0x00000000c3f00000|100%| E|CS|TAMS 0x00000000c3e00000| PB 0x00000000c3e00000| Complete 
|  35|0x00000000c3f00000, 0x00000000c4000000, 0x00000000c4000000|100%| E|CS|TAMS 0x00000000c3f00000| PB 0x00000000c3f00000| Complete 
|  36|0x00000000c4000000, 0x00000000c4100000, 0x00000000c4100000|100%| E|CS|TAMS 0x00000000c4000000| PB 0x00000000c4000000| Complete 
|  37|0x00000000c4100000, 0x00000000c4200000, 0x00000000c4200000|100%| E|CS|TAMS 0x00000000c4100000| PB 0x00000000c4100000| Complete 
|  38|0x00000000c4200000, 0x00000000c4300000, 0x00000000c4300000|100%| E|CS|TAMS 0x00000000c4200000| PB 0x00000000c4200000| Complete 
|  39|0x00000000c4300000, 0x00000000c4400000, 0x00000000c4400000|100%| E|CS|TAMS 0x00000000c4300000| PB 0x00000000c4300000| Complete 
|  40|0x00000000c4400000, 0x00000000c4500000, 0x00000000c4500000|100%| E|CS|TAMS 0x00000000c4400000| PB 0x00000000c4400000| Complete 
|  41|0x00000000c4500000, 0x00000000c4600000, 0x00000000c4600000|100%| S|CS|TAMS 0x00000000c4500000| PB 0x00000000c4500000| Complete 
|  42|0x00000000c4600000, 0x00000000c4700000, 0x00000000c4700000|100%| S|CS|TAMS 0x00000000c4600000| PB 0x00000000c4600000| Complete 
|  43|0x00000000c4700000, 0x00000000c4800000, 0x00000000c4800000|100%| S|CS|TAMS 0x00000000c4700000| PB 0x00000000c4700000| Complete 
|  44|0x00000000c4800000, 0x00000000c4900000, 0x00000000c4900000|100%| E|CS|TAMS 0x00000000c4800000| PB 0x00000000c4800000| Complete 
|  45|0x00000000c4900000, 0x00000000c4a00000, 0x00000000c4a00000|100%| E|CS|TAMS 0x00000000c4900000| PB 0x00000000c4900000| Complete 
|  46|0x00000000c4a00000, 0x00000000c4b00000, 0x00000000c4b00000|100%| E|CS|TAMS 0x00000000c4a00000| PB 0x00000000c4a00000| Complete 
|  47|0x00000000c4b00000, 0x00000000c4c00000, 0x00000000c4c00000|100%| E|CS|TAMS 0x00000000c4b00000| PB 0x00000000c4b00000| Complete 
|  48|0x00000000c4c00000, 0x00000000c4d00000, 0x00000000c4d00000|100%| E|CS|TAMS 0x00000000c4c00000| PB 0x00000000c4c00000| Complete 
|  49|0x00000000c4d00000, 0x00000000c4e00000, 0x00000000c4e00000|100%| E|CS|TAMS 0x00000000c4d00000| PB 0x00000000c4d00000| Complete 
|  50|0x00000000c4e00000, 0x00000000c4f00000, 0x00000000c4f00000|100%| E|CS|TAMS 0x00000000c4e00000| PB 0x00000000c4e00000| Complete 
|  51|0x00000000c4f00000, 0x00000000c5000000, 0x00000000c5000000|100%| E|CS|TAMS 0x00000000c4f00000| PB 0x00000000c4f00000| Complete 
|  52|0x00000000c5000000, 0x00000000c5100000, 0x00000000c5100000|100%| E|CS|TAMS 0x00000000c5000000| PB 0x00000000c5000000| Complete 
|  53|0x00000000c5100000, 0x00000000c5200000, 0x00000000c5200000|100%| E|CS|TAMS 0x00000000c5100000| PB 0x00000000c5100000| Complete 
|  54|0x00000000c5200000, 0x00000000c5300000, 0x00000000c5300000|100%| E|CS|TAMS 0x00000000c5200000| PB 0x00000000c5200000| Complete 
|  55|0x00000000c5300000, 0x00000000c5400000, 0x00000000c5400000|100%| E|CS|TAMS 0x00000000c5300000| PB 0x00000000c5300000| Complete 
|  56|0x00000000c5400000, 0x00000000c5500000, 0x00000000c5500000|100%| E|CS|TAMS 0x00000000c5400000| PB 0x00000000c5400000| Complete 
|  57|0x00000000c5500000, 0x00000000c5600000, 0x00000000c5600000|100%| E|CS|TAMS 0x00000000c5500000| PB 0x00000000c5500000| Complete 
|  58|0x00000000c5600000, 0x00000000c5700000, 0x00000000c5700000|100%| E|CS|TAMS 0x00000000c5600000| PB 0x00000000c5600000| Complete 
|  59|0x00000000c5700000, 0x00000000c5800000, 0x00000000c5800000|100%| E|CS|TAMS 0x00000000c5700000| PB 0x00000000c5700000| Complete 
|  60|0x00000000c5800000, 0x00000000c5900000, 0x00000000c5900000|100%| E|CS|TAMS 0x00000000c5800000| PB 0x00000000c5800000| Complete 
|  61|0x00000000c5900000, 0x00000000c5a00000, 0x00000000c5a00000|100%| E|CS|TAMS 0x00000000c5900000| PB 0x00000000c5900000| Complete 
|  62|0x00000000c5a00000, 0x00000000c5b00000, 0x00000000c5b00000|100%| E|CS|TAMS 0x00000000c5a00000| PB 0x00000000c5a00000| Complete 
|  63|0x00000000c5b00000, 0x00000000c5c00000, 0x00000000c5c00000|100%| E|CS|TAMS 0x00000000c5b00000| PB 0x00000000c5b00000| Complete 

Card table byte_map: [0x0000016425030000,0x0000016425230000] _byte_map_base: 0x0000016424a22000

Marking Bits: (CMBitMap*) 0x000001640ddaf940
 Bits: [0x0000016425430000, 0x00000164263c0000)

Polling page: 0x000001640bb80000

Metaspace:

Usage:
  Non-class:     13.13 MB used.
      Class:      2.48 MB used.
       Both:     15.61 MB used.

Virtual space:
  Non-class space:       64.00 MB reserved,      13.31 MB ( 21%) committed,  1 nodes.
      Class space:        1.00 GB reserved,       2.62 MB ( <1%) committed,  1 nodes.
             Both:        1.06 GB reserved,      15.94 MB (  1%) committed. 

Chunk freelists:
   Non-Class:  2.58 MB
       Class:  1.28 MB
        Both:  3.86 MB

MaxMetaspaceSize: unlimited
CompressedClassSpaceSize: 1.00 GB
Initial GC threshold: 21.00 MB
Current GC threshold: 21.00 MB
CDS: on
MetaspaceReclaimPolicy: balanced
 - commit_granule_bytes: 65536.
 - commit_granule_words: 8192.
 - virtual_space_node_default_size: 8388608.
 - enlarge_chunks_in_place: 1.
 - new_chunks_are_fully_committed: 0.
 - uncommit_free_chunks: 1.
 - use_allocation_guard: 0.


Internal statistics:

num_allocs_failed_limit: 0.
num_arena_births: 374.
num_arena_deaths: 0.
num_vsnodes_births: 2.
num_vsnodes_deaths: 0.
num_space_committed: 255.
num_space_uncommitted: 0.
num_chunks_returned_to_freelist: 0.
num_chunks_taken_from_freelist: 917.
num_chunk_merges: 0.
num_chunk_splits: 624.
num_chunks_enlarged: 450.
num_inconsistent_stats: 0.

CodeHeap 'non-profiled nmethods': size=120000Kb used=670Kb max_used=670Kb free=119329Kb
 bounds [0x000001641d900000, 0x000001641db70000, 0x0000016424e30000]
CodeHeap 'profiled nmethods': size=120000Kb used=4152Kb max_used=4152Kb free=115847Kb
 bounds [0x0000016415e30000, 0x0000016416240000, 0x000001641d360000]
CodeHeap 'non-nmethods': size=5760Kb used=1777Kb max_used=1787Kb free=3982Kb
 bounds [0x000001641d360000, 0x000001641d5d0000, 0x000001641d900000]
 total_blobs=2955 nmethods=2209 adapters=657
 compilation: enabled
              stopped_count=0, restarted_count=0
 full_count=0

Compilation events (20 events):
Event: 3.958 Thread 0x0000016428859ab0 nmethod 2209 0x000001641d9a6510 code [0x000001641d9a6680, 0x000001641d9a6748]
Event: 3.958 Thread 0x0000016428859ab0 2210       1       com.sun.javafx.geom.transform.BaseTransform::getMxx (2 bytes)
Event: 3.958 Thread 0x0000016428859ab0 nmethod 2210 0x000001641d9a6810 code [0x000001641d9a69c0, 0x000001641d9a6a90]
Event: 3.958 Thread 0x0000016428859ab0 2214       1       com.sun.javafx.text.TextLine::getBounds (5 bytes)
Event: 3.958 Thread 0x0000016428859ab0 nmethod 2214 0x000001641d9a6b10 code [0x000001641d9a6c80, 0x000001641d9a6d48]
Event: 3.958 Thread 0x0000016428859ab0 2211       1       com.sun.javafx.geom.transform.BaseTransform::getMxy (2 bytes)
Event: 3.959 Thread 0x0000016428859ab0 nmethod 2211 0x000001641d9a6e10 code [0x000001641d9a6f80, 0x000001641d9a7048]
Event: 3.959 Thread 0x0000016428859ab0 2212       1       com.sun.javafx.geom.transform.BaseTransform::getMyx (2 bytes)
Event: 3.959 Thread 0x0000016428859ab0 nmethod 2212 0x000001641d9a7110 code [0x000001641d9a7280, 0x000001641d9a7348]
Event: 3.959 Thread 0x0000016428859ab0 2213       1       com.sun.javafx.geom.transform.BaseTransform::getMyy (2 bytes)
Event: 3.959 Thread 0x0000016428859ab0 nmethod 2213 0x000001641d9a7410 code [0x000001641d9a75c0, 0x000001641d9a7690]
Event: 3.959 Thread 0x0000016428859ab0 2217       3       java.lang.ThreadLocal::get (47 bytes)
Event: 3.960 Thread 0x0000016428859ab0 nmethod 2217 0x000001641623d090 code [0x000001641623d260, 0x000001641623d6a8]
Event: 3.960 Thread 0x0000016428859ab0 2216       1       com.sun.javafx.font.PrismFontFile::getDefaultAAMode (2 bytes)
Event: 3.960 Thread 0x0000016428859ab0 nmethod 2216 0x000001641d9a7710 code [0x000001641d9a7880, 0x000001641d9a7948]
Event: 3.962 Thread 0x0000016428859ab0 2218       3       com.sun.javafx.geom.RectBounds::deriveWithNewBounds (80 bytes)
Event: 3.963 Thread 0x0000016428859ab0 nmethod 2218 0x000001641623d810 code [0x000001641623d9c0, 0x000001641623de48]
Event: 3.963 Thread 0x0000016428859ab0 2219       3       javafx.scene.Node::getAutomaticOrientation (5 bytes)
Event: 3.963 Thread 0x0000016428859ab0 nmethod 2219 0x000001641623df90 code [0x000001641623e120, 0x000001641623e218]
Event: 3.963 Thread 0x0000016428859ab0 2220       3       javafx.scene.Node::updateLocalToParentTransform (442 bytes)

GC Heap History (4 events):
Event: 1.041 GC heap before
{Heap before GC invocations=0 (full 0):
 garbage-first heap   total 65536K, used 13312K [0x00000000c1c00000, 0x0000000100000000)
  region size 1024K, 13 young (13312K), 0 survivors (0K)
 Metaspace       used 2752K, committed 2944K, reserved 1114112K
  class space    used 299K, committed 384K, reserved 1048576K
}
Event: 1.048 GC heap after
{Heap after GC invocations=1 (full 0):
 garbage-first heap   total 65536K, used 1965K [0x00000000c1c00000, 0x0000000100000000)
  region size 1024K, 2 young (2048K), 2 survivors (2048K)
 Metaspace       used 2752K, committed 2944K, reserved 1114112K
  class space    used 299K, committed 384K, reserved 1048576K
}
Event: 1.810 GC heap before
{Heap before GC invocations=1 (full 0):
 garbage-first heap   total 65536K, used 19373K [0x00000000c1c00000, 0x0000000100000000)
  region size 1024K, 20 young (20480K), 2 survivors (2048K)
 Metaspace       used 8531K, committed 8768K, reserved 1114112K
  class space    used 1077K, committed 1216K, reserved 1048576K
}
Event: 1.822 GC heap after
{Heap after GC invocations=2 (full 0):
 garbage-first heap   total 65536K, used 4777K [0x00000000c1c00000, 0x0000000100000000)
  region size 1024K, 3 young (3072K), 3 survivors (3072K)
 Metaspace       used 8531K, committed 8768K, reserved 1114112K
  class space    used 1077K, committed 1216K, reserved 1048576K
}

Dll operation events (20 events):
Event: 0.772 Loaded shared library C:\Users\Melissa Morgan\Documents\javafx-sdk-21\bin\api-ms-win-crt-locale-l1-1-0.dll
Event: 0.775 Loaded shared library C:\Users\Melissa Morgan\Documents\javafx-sdk-21\bin\api-ms-win-crt-math-l1-1-0.dll
Event: 0.777 Loaded shared library C:\Users\Melissa Morgan\Documents\javafx-sdk-21\bin\api-ms-win-crt-multibyte-l1-1-0.dll
Event: 0.780 Loaded shared library C:\Users\Melissa Morgan\Documents\javafx-sdk-21\bin\api-ms-win-crt-private-l1-1-0.dll
Event: 0.783 Loaded shared library C:\Users\Melissa Morgan\Documents\javafx-sdk-21\bin\api-ms-win-crt-process-l1-1-0.dll
Event: 0.785 Loaded shared library C:\Users\Melissa Morgan\Documents\javafx-sdk-21\bin\api-ms-win-crt-runtime-l1-1-0.dll
Event: 0.788 Loaded shared library C:\Users\Melissa Morgan\Documents\javafx-sdk-21\bin\api-ms-win-crt-stdio-l1-1-0.dll
Event: 0.790 Loaded shared library C:\Users\Melissa Morgan\Documents\javafx-sdk-21\bin\api-ms-win-crt-string-l1-1-0.dll
Event: 0.793 Loaded shared library C:\Users\Melissa Morgan\Documents\javafx-sdk-21\bin\api-ms-win-crt-time-l1-1-0.dll
Event: 0.795 Loaded shared library C:\Users\Melissa Morgan\Documents\javafx-sdk-21\bin\api-ms-win-crt-utility-l1-1-0.dll
Event: 0.798 Loaded shared library C:\Users\Melissa Morgan\Documents\javafx-sdk-21\bin\ucrtbase.dll
Event: 0.800 Loaded shared library C:\Users\Melissa Morgan\Documents\javafx-sdk-21\bin\vcruntime140.dll
Event: 0.803 Loaded shared library C:\Users\Melissa Morgan\Documents\javafx-sdk-21\bin\vcruntime140_1.dll
Event: 0.808 Loaded shared library C:\Users\Melissa Morgan\Documents\javafx-sdk-21\bin\msvcp140.dll
Event: 0.811 Loaded shared library C:\Users\Melissa Morgan\Documents\javafx-sdk-21\bin\msvcp140_1.dll
Event: 0.814 Loaded shared library C:\Users\Melissa Morgan\Documents\javafx-sdk-21\bin\msvcp140_2.dll
Event: 0.914 Loaded shared library C:\Users\Melissa Morgan\Documents\javafx-sdk-21\bin\prism_d3d.dll
Event: 0.977 Loaded shared library C:\Users\Melissa Morgan\Documents\javafx-sdk-21\bin\glass.dll
Event: 1.226 Loaded shared library C:\Program Files\Java\jdk-20\bin\jimage.dll
Event: 1.601 Loaded shared library C:\Users\Melissa Morgan\Documents\javafx-sdk-21\bin\javafx_font.dll

Deoptimization events (20 events):
Event: 3.395 Thread 0x000001642d17ff20 DEOPT PACKING pc=0x0000016415f71e3e sp=0x0000006174ffd5f0
Event: 3.395 Thread 0x000001642d17ff20 DEOPT UNPACKING pc=0x000001641d3ca4a3 sp=0x0000006174ffca80 mode 0
Event: 3.396 Thread 0x000001642d17ff20 DEOPT PACKING pc=0x0000016415f71e3e sp=0x0000006174ffd5f0
Event: 3.396 Thread 0x000001642d17ff20 DEOPT UNPACKING pc=0x000001641d3ca4a3 sp=0x0000006174ffca80 mode 0
Event: 3.397 Thread 0x000001642d17ff20 DEOPT PACKING pc=0x0000016415f71e3e sp=0x0000006174ffd5f0
Event: 3.397 Thread 0x000001642d17ff20 DEOPT UNPACKING pc=0x000001641d3ca4a3 sp=0x0000006174ffca80 mode 0
Event: 3.397 Thread 0x000001642d17ff20 DEOPT PACKING pc=0x0000016415f71e3e sp=0x0000006174ffd5f0
Event: 3.397 Thread 0x000001642d17ff20 DEOPT UNPACKING pc=0x000001641d3ca4a3 sp=0x0000006174ffca80 mode 0
Event: 3.398 Thread 0x000001642d17ff20 DEOPT PACKING pc=0x0000016415f71e3e sp=0x0000006174ffd5f0
Event: 3.398 Thread 0x000001642d17ff20 DEOPT UNPACKING pc=0x000001641d3ca4a3 sp=0x0000006174ffca80 mode 0
Event: 3.401 Thread 0x000001642d17ff20 DEOPT PACKING pc=0x0000016415f71e3e sp=0x0000006174ffd5f0
Event: 3.401 Thread 0x000001642d17ff20 DEOPT UNPACKING pc=0x000001641d3ca4a3 sp=0x0000006174ffca80 mode 0
Event: 3.402 Thread 0x000001642d17ff20 DEOPT PACKING pc=0x0000016415f71e3e sp=0x0000006174ffd5f0
Event: 3.402 Thread 0x000001642d17ff20 DEOPT UNPACKING pc=0x000001641d3ca4a3 sp=0x0000006174ffca80 mode 0
Event: 3.402 Thread 0x000001642d17ff20 DEOPT PACKING pc=0x0000016415f71e3e sp=0x0000006174ffd5f0
Event: 3.402 Thread 0x000001642d17ff20 DEOPT UNPACKING pc=0x000001641d3ca4a3 sp=0x0000006174ffca80 mode 0
Event: 3.602 Thread 0x000001642d17ff20 Uncommon trap: trap_request=0xffffff45 fr.pc=0x000001641d96a870 relative=0x0000000000000070
Event: 3.602 Thread 0x000001642d17ff20 Uncommon trap: reason=unstable_if action=reinterpret pc=0x000001641d96a870 method=java.util.stream.StreamOpFlag.fromCharacteristics(Ljava/util/Spliterator;)I @ 10 c2
Event: 3.602 Thread 0x000001642d17ff20 DEOPT PACKING pc=0x000001641d96a870 sp=0x0000006174ffd2a0
Event: 3.602 Thread 0x000001642d17ff20 DEOPT UNPACKING pc=0x000001641d3c9d1c sp=0x0000006174ffd238 mode 2

Classes loaded (20 events):
Event: 3.229 Loading class jdk/internal/icu/text/UTF16
Event: 3.230 Loading class jdk/internal/icu/text/UTF16 done
Event: 3.230 Loading class jdk/internal/icu/text/BidiLine
Event: 3.230 Loading class jdk/internal/icu/text/BidiLine done
Event: 3.251 Loading class java/util/BitSet
Event: 3.252 Loading class java/util/BitSet done
Event: 3.600 Loading class java/util/BitSet$1BitSetSpliterator
Event: 3.600 Loading class java/util/BitSet$1BitSetSpliterator done
Event: 3.604 Loading class java/util/stream/IntPipeline$1
Event: 3.604 Loading class java/util/stream/IntPipeline$1 done
Event: 3.605 Loading class java/util/stream/IntPipeline$1$1
Event: 3.605 Loading class java/util/stream/IntPipeline$1$1 done
Event: 3.682 Loading class java/lang/ArrayIndexOutOfBoundsException
Event: 3.683 Loading class java/lang/ArrayIndexOutOfBoundsException done
Event: 3.876 Loading class java/util/EnumMap$Values
Event: 3.877 Loading class java/util/EnumMap$Values done
Event: 3.877 Loading class java/util/EnumMap$ValueIterator
Event: 3.877 Loading class java/util/EnumMap$EnumMapIterator
Event: 3.877 Loading class java/util/EnumMap$EnumMapIterator done
Event: 3.877 Loading class java/util/EnumMap$ValueIterator done

Classes unloaded (0 events):
No events

Classes redefined (0 events):
No events

Internal exceptions (20 events):
Event: 1.943 Thread 0x000001642d17ff20 Exception <a 'java/lang/NoSuchMethodError'{0x00000000c5aad870}: 'void java.lang.invoke.Invokers$Holder.invokeExact_MT(java.lang.Object, java.lang.Object, java.lang.Object, java.lang.Object)'> (0x00000000c5aad870) 
thrown [s\open\src\hotspot\share\interpreter\linkResolver.cpp, line 773]
Event: 1.998 Thread 0x000001642d17ff20 Exception <a 'sun/nio/fs/WindowsException'{0x00000000c59918a8}> (0x00000000c59918a8) 
thrown [s\open\src\hotspot\share\prims\jni.cpp, line 519]
Event: 2.158 Thread 0x000001642d17ff20 Exception <a 'java/lang/NoSuchMethodError'{0x00000000c5626138}: 'java.lang.Object java.lang.invoke.DelegatingMethodHandle$Holder.reinvoke_L(java.lang.Object, double, double, double, double)'> (0x00000000c5626138) 
thrown [s\open\src\hotspot\share\interpreter\linkResolver.cpp, line 773]
Event: 2.161 Thread 0x000001642d17ff20 Exception <a 'java/lang/NoSuchMethodError'{0x00000000c5630e78}: 'java.lang.Object java.lang.invoke.DirectMethodHandle$Holder.invokeStatic(java.lang.Object, java.lang.Object, int)'> (0x00000000c5630e78) 
thrown [s\open\src\hotspot\share\interpreter\linkResolver.cpp, line 773]
Event: 2.161 Thread 0x000001642d17ff20 Exception <a 'java/lang/NoSuchMethodError'{0x00000000c5634a50}: 'void java.lang.invoke.DirectMethodHandle$Holder.invokeStatic(java.lang.Object, java.lang.Object, int, java.lang.Object)'> (0x00000000c5634a50) 
thrown [s\open\src\hotspot\share\interpreter\linkResolver.cpp, line 773]
Event: 2.162 Thread 0x000001642d17ff20 Exception <a 'java/lang/NoSuchMethodError'{0x00000000c563b708}: 'void java.lang.invoke.DelegatingMethodHandle$Holder.delegate(java.lang.Object, java.lang.Object, int, java.lang.Object)'> (0x00000000c563b708) 
thrown [s\open\src\hotspot\share\interpreter\linkResolver.cpp, line 773]
Event: 2.259 Thread 0x000001642d17ff20 Exception <a 'sun/nio/fs/WindowsException'{0x00000000c5482530}> (0x00000000c5482530) 
thrown [s\open\src\hotspot\share\prims\jni.cpp, line 519]
Event: 2.280 Thread 0x000001642d17ff20 Implicit null exception at 0x000001641d922fe7 to 0x000001641d92321c
Event: 2.543 Thread 0x000001642d17ff20 Implicit null exception at 0x000001641d9563f2 to 0x000001641d956a20
Event: 2.561 Thread 0x000001642d17ff20 Exception <a 'java/io/FileNotFoundException'{0x00000000c50c75d8}> (0x00000000c50c75d8) 
thrown [s\open\src\hotspot\share\prims\jni.cpp, line 519]
Event: 2.642 Thread 0x000001642d17ff20 Exception <a 'java/lang/NoSuchMethodError'{0x00000000c4e012c8}: 'int java.lang.invoke.DirectMethodHandle$Holder.invokeStaticInit(java.lang.Object, java.lang.Object)'> (0x00000000c4e012c8) 
thrown [s\open\src\hotspot\share\interpreter\linkResolver.cpp, line 773]
Event: 2.825 Thread 0x000001642d17ff20 Exception <a 'java/lang/NoSuchMethodError'{0x00000000c4b78060}: 'void java.lang.invoke.DirectMethodHandle$Holder.invokeSpecial(java.lang.Object, java.lang.Object, java.lang.Object, java.lang.Object, java.lang.Object, java.lang.Object)'> (0x00000000c4b78060) 
thrown [s\open\src\hotspot\share\interpreter\linkResolver.cpp, line 773]
Event: 2.907 Thread 0x000001642d17ff20 Exception <a 'java/lang/IncompatibleClassChangeError'{0x00000000c4ae84a0}: Found class java.lang.Object, but interface was expected> (0x00000000c4ae84a0) 
thrown [s\open\src\hotspot\share\interpreter\linkResolver.cpp, line 840]
Event: 3.237 Thread 0x000001642d17ff20 Exception <a 'java/lang/NoSuchMethodError'{0x00000000c432d838}: 'int java.lang.invoke.DirectMethodHandle$Holder.invokeSpecial(java.lang.Object, java.lang.Object, int)'> (0x00000000c432d838) 
thrown [s\open\src\hotspot\share\interpreter\linkResolver.cpp, line 773]
Event: 3.314 Thread 0x000001642d17ff20 Exception <a 'java/lang/NoSuchMethodError'{0x00000000c43b4f28}: 'java.lang.Object java.lang.invoke.DirectMethodHandle$Holder.newInvokeSpecial(java.lang.Object, java.lang.Object, int)'> (0x00000000c43b4f28) 
thrown [s\open\src\hotspot\share\interpreter\linkResolver.cpp, line 773]
Event: 3.386 Thread 0x000001642d17ff20 Exception <a 'java/io/FileNotFoundException'{0x00000000c43ebc58}> (0x00000000c43ebc58) 
thrown [s\open\src\hotspot\share\prims\jni.cpp, line 519]
Event: 3.491 Thread 0x000001642d17ff20 Exception <a 'java/lang/NoSuchMethodError'{0x00000000c42d0a30}: 'java.lang.Object java.lang.invoke.DirectMethodHandle$Holder.newInvokeSpecial(java.lang.Object, double)'> (0x00000000c42d0a30) 
thrown [s\open\src\hotspot\share\interpreter\linkResolver.cpp, line 773]
Event: 3.665 Thread 0x000001642d17ff20 Exception <a 'java/lang/ClassNotFoundException'{0x00000000c40b0228}: com/sun/javafx/scene/control/skin/resources/controls> (0x00000000c40b0228) 
thrown [s\open\src\hotspot\share\prims\jni.cpp, line 538]
Event: 3.668 Thread 0x000001642d17ff20 Exception <a 'java/lang/ClassNotFoundException'{0x00000000c40be4a0}: com/sun/javafx/scene/control/skin/resources/controls_en> (0x00000000c40be4a0) 
thrown [s\open\src\hotspot\share\prims\jni.cpp, line 538]
Event: 3.669 Thread 0x000001642d17ff20 Exception <a 'java/lang/ClassNotFoundException'{0x00000000c40bf458}: com/sun/javafx/scene/control/skin/resources/controls_en_US> (0x00000000c40bf458) 
thrown [s\open\src\hotspot\share\prims\jni.cpp, line 538]

VM Operations (20 events):
Event: 1.612 Executing VM operation: HandshakeAllThreads
Event: 1.613 Executing VM operation: HandshakeAllThreads done
Event: 1.810 Executing VM operation: G1CollectForAllocation
Event: 1.822 Executing VM operation: G1CollectForAllocation done
Event: 2.156 Executing VM operation: HandshakeAllThreads
Event: 2.156 Executing VM operation: HandshakeAllThreads done
Event: 2.160 Executing VM operation: HandshakeAllThreads
Event: 2.160 Executing VM operation: HandshakeAllThreads done
Event: 2.565 Executing VM operation: HandshakeAllThreads
Event: 2.565 Executing VM operation: HandshakeAllThreads done
Event: 2.663 Executing VM operation: HandshakeAllThreads
Event: 2.663 Executing VM operation: HandshakeAllThreads done
Event: 2.825 Executing VM operation: ICBufferFull
Event: 2.825 Executing VM operation: ICBufferFull done
Event: 3.380 Executing VM operation: ICBufferFull
Event: 3.381 Executing VM operation: ICBufferFull done
Event: 3.604 Executing VM operation: HandshakeAllThreads
Event: 3.604 Executing VM operation: HandshakeAllThreads done
Event: 3.683 Executing VM operation: HandshakeAllThreads
Event: 3.683 Executing VM operation: HandshakeAllThreads done

Events (17 events):
Event: 0.039 Thread 0x000001640dd6ae20 Thread added: 0x000001640dd6ae20
Event: 0.071 Thread 0x00000164288400a0 Thread added: 0x00000164288400a0
Event: 0.072 Thread 0x0000016428840ab0 Thread added: 0x0000016428840ab0
Event: 0.072 Thread 0x0000016428841740 Thread added: 0x0000016428841740
Event: 0.073 Thread 0x0000016428844cb0 Thread added: 0x0000016428844cb0
Event: 0.073 Thread 0x0000016428845200 Thread added: 0x0000016428845200
Event: 0.073 Thread 0x000001642884e770 Thread added: 0x000001642884e770
Event: 0.073 Thread 0x0000016428858510 Thread added: 0x0000016428858510
Event: 0.073 Thread 0x0000016428859ab0 Thread added: 0x0000016428859ab0
Event: 0.135 Thread 0x000001642cc2f2c0 Thread added: 0x000001642cc2f2c0
Event: 0.479 Thread 0x000001642cd886c0 Thread added: 0x000001642cd886c0
Event: 0.899 Thread 0x000001642cfd1830 Thread added: 0x000001642cfd1830
Event: 0.980 Thread 0x000001642d166100 Thread added: 0x000001642d166100
Event: 0.989 Thread 0x000001642d17ff20 Thread added: 0x000001642d17ff20
Event: 1.125 Thread 0x000001642d3c6060 Thread added: 0x000001642d3c6060
Event: 1.155 Thread 0x000001642d306f30 Thread added: 0x000001642d306f30
Event: 2.054 Thread 0x000001642d5fcea0 Thread added: 0x000001642d5fcea0


Dynamic libraries:
0x00007ff715f10000 - 0x00007ff715f20000 	C:\Program Files\Java\jdk-20\bin\javaw.exe
0x00007ffe6a570000 - 0x00007ffe6a768000 	C:\WINDOWS\SYSTEM32\ntdll.dll
0x00007ffe686d0000 - 0x00007ffe6878f000 	C:\WINDOWS\System32\KERNEL32.DLL
0x00007ffe67db0000 - 0x00007ffe680a6000 	C:\WINDOWS\System32\KERNELBASE.dll
0x00007ffe68420000 - 0x00007ffe68520000 	C:\WINDOWS\System32\ucrtbase.dll
0x00007ffe5b350000 - 0x00007ffe5b369000 	C:\Program Files\Java\jdk-20\bin\jli.dll
0x00007ffe688d0000 - 0x00007ffe6897f000 	C:\WINDOWS\System32\ADVAPI32.dll
0x00007ffe68630000 - 0x00007ffe686ce000 	C:\WINDOWS\System32\msvcrt.dll
0x00007ffe68d60000 - 0x00007ffe68dfc000 	C:\WINDOWS\System32\sechost.dll
0x00007ffe68ea0000 - 0x00007ffe68fc6000 	C:\WINDOWS\System32\RPCRT4.dll
0x00007ffe69760000 - 0x00007ffe698fd000 	C:\WINDOWS\System32\USER32.dll
0x00007ffe67c50000 - 0x00007ffe67c72000 	C:\WINDOWS\System32\win32u.dll
0x00007ffe68e70000 - 0x00007ffe68e9c000 	C:\WINDOWS\System32\GDI32.dll
0x00007ffe68120000 - 0x00007ffe68235000 	C:\WINDOWS\System32\gdi32full.dll
0x00007ffe67c80000 - 0x00007ffe67d1d000 	C:\WINDOWS\System32\msvcp_win.dll
0x00007ffe56350000 - 0x00007ffe5636b000 	C:\Program Files\Java\jdk-20\bin\VCRUNTIME140.dll
0x00007ffe66fa0000 - 0x00007ffe6723a000 	C:\WINDOWS\WinSxS\amd64_microsoft.windows.common-controls_6595b64144ccf1df_6.0.19041.1110_none_60b5254171f9507e\COMCTL32.dll
0x00007ffe64d30000 - 0x00007ffe64d3a000 	C:\WINDOWS\SYSTEM32\VERSION.dll
0x00007ffe68790000 - 0x00007ffe687c0000 	C:\WINDOWS\System32\IMM32.DLL
0x00007ffe5cf40000 - 0x00007ffe5cf4c000 	C:\Program Files\Java\jdk-20\bin\vcruntime140_1.dll
0x00007ffe53140000 - 0x00007ffe531ce000 	C:\Program Files\Java\jdk-20\bin\msvcp140.dll
0x00007ffe26f80000 - 0x00007ffe27c17000 	C:\Program Files\Java\jdk-20\bin\server\jvm.dll
0x00007ffe4d360000 - 0x00007ffe4d387000 	C:\WINDOWS\SYSTEM32\WINMM.dll
0x00007ffe4fcb0000 - 0x00007ffe4fcb9000 	C:\WINDOWS\SYSTEM32\WSOCK32.dll
0x00007ffe68e00000 - 0x00007ffe68e6b000 	C:\WINDOWS\System32\WS2_32.dll
0x00007ffe64cc0000 - 0x00007ffe64cd2000 	C:\WINDOWS\SYSTEM32\kernel.appcore.dll
0x00007ffe5f790000 - 0x00007ffe5f79a000 	C:\Program Files\Java\jdk-20\bin\jimage.dll
0x00007ffe676d0000 - 0x00007ffe678b4000 	C:\WINDOWS\SYSTEM32\DBGHELP.DLL
0x00007ffe67460000 - 0x00007ffe67494000 	C:\WINDOWS\SYSTEM32\dbgcore.DLL
0x00007ffe67d20000 - 0x00007ffe67da2000 	C:\WINDOWS\System32\bcryptPrimitives.dll
0x00007ffe5c400000 - 0x00007ffe5c426000 	C:\Program Files\Java\jdk-20\bin\java.dll
0x00007ffe4d870000 - 0x00007ffe4d947000 	C:\Program Files\Java\jdk-20\bin\jsvml.dll
0x00007ffe69ad0000 - 0x00007ffe6a214000 	C:\WINDOWS\System32\SHELL32.dll
0x00007ffe64f00000 - 0x00007ffe65693000 	C:\WINDOWS\SYSTEM32\windows.storage.dll
0x00007ffe68980000 - 0x00007ffe68cd4000 	C:\WINDOWS\System32\combase.dll
0x00007ffe67240000 - 0x00007ffe6726e000 	C:\WINDOWS\SYSTEM32\Wldp.dll
0x00007ffe687c0000 - 0x00007ffe6886d000 	C:\WINDOWS\System32\SHCORE.dll
0x00007ffe68fd0000 - 0x00007ffe69025000 	C:\WINDOWS\System32\shlwapi.dll
0x00007ffe67b90000 - 0x00007ffe67baf000 	C:\WINDOWS\SYSTEM32\profapi.dll
0x00007ffe5f770000 - 0x00007ffe5f783000 	C:\Program Files\Java\jdk-20\bin\net.dll
0x00007ffe5e780000 - 0x00007ffe5e88a000 	C:\WINDOWS\SYSTEM32\WINHTTP.dll
0x00007ffe66be0000 - 0x00007ffe66c4a000 	C:\WINDOWS\system32\mswsock.dll
0x00007ffe5c4d0000 - 0x00007ffe5c4e6000 	C:\Program Files\Java\jdk-20\bin\nio.dll
0x00007ffe5c4b0000 - 0x00007ffe5c4c8000 	C:\Program Files\Java\jdk-20\bin\zip.dll
0x000001640bcf0000 - 0x000001640bcf3000 	C:\Users\Melissa Morgan\Documents\javafx-sdk-21\bin\api-ms-win-core-console-l1-1-0.dll
0x000001640bd00000 - 0x000001640bd03000 	C:\Users\Melissa Morgan\Documents\javafx-sdk-21\bin\api-ms-win-core-console-l1-2-0.dll
0x000001640bd10000 - 0x000001640bd13000 	C:\Users\Melissa Morgan\Documents\javafx-sdk-21\bin\api-ms-win-core-datetime-l1-1-0.dll
0x000001640bd20000 - 0x000001640bd23000 	C:\Users\Melissa Morgan\Documents\javafx-sdk-21\bin\api-ms-win-core-debug-l1-1-0.dll
0x000001640bd30000 - 0x000001640bd33000 	C:\Users\Melissa Morgan\Documents\javafx-sdk-21\bin\api-ms-win-core-errorhandling-l1-1-0.dll
0x000001640bd40000 - 0x000001640bd44000 	C:\Users\Melissa Morgan\Documents\javafx-sdk-21\bin\api-ms-win-core-file-l1-1-0.dll
0x000001640bd50000 - 0x000001640bd53000 	C:\Users\Melissa Morgan\Documents\javafx-sdk-21\bin\api-ms-win-core-file-l1-2-0.dll
0x000001640bd60000 - 0x000001640bd63000 	C:\Users\Melissa Morgan\Documents\javafx-sdk-21\bin\api-ms-win-core-file-l2-1-0.dll
0x000001640bd70000 - 0x000001640bd73000 	C:\Users\Melissa Morgan\Documents\javafx-sdk-21\bin\api-ms-win-core-handle-l1-1-0.dll
0x000001640bd80000 - 0x000001640bd83000 	C:\Users\Melissa Morgan\Documents\javafx-sdk-21\bin\api-ms-win-core-heap-l1-1-0.dll
0x000001640dc70000 - 0x000001640dc73000 	C:\Users\Melissa Morgan\Documents\javafx-sdk-21\bin\api-ms-win-core-interlocked-l1-1-0.dll
0x000001640dc80000 - 0x000001640dc83000 	C:\Users\Melissa Morgan\Documents\javafx-sdk-21\bin\api-ms-win-core-libraryloader-l1-1-0.dll
0x000001640dc90000 - 0x000001640dc93000 	C:\Users\Melissa Morgan\Documents\javafx-sdk-21\bin\api-ms-win-core-localization-l1-2-0.dll
0x000001640dca0000 - 0x000001640dca3000 	C:\Users\Melissa Morgan\Documents\javafx-sdk-21\bin\api-ms-win-core-memory-l1-1-0.dll
0x000001640dcb0000 - 0x000001640dcb3000 	C:\Users\Melissa Morgan\Documents\javafx-sdk-21\bin\api-ms-win-core-namedpipe-l1-1-0.dll
0x000001640dcc0000 - 0x000001640dcc3000 	C:\Users\Melissa Morgan\Documents\javafx-sdk-21\bin\api-ms-win-core-processenvironment-l1-1-0.dll
0x000001640dcd0000 - 0x000001640dcd3000 	C:\Users\Melissa Morgan\Documents\javafx-sdk-21\bin\api-ms-win-core-processthreads-l1-1-0.dll
0x000001640dce0000 - 0x000001640dce3000 	C:\Users\Melissa Morgan\Documents\javafx-sdk-21\bin\api-ms-win-core-processthreads-l1-1-1.dll
0x000001640dcf0000 - 0x000001640dcf3000 	C:\Users\Melissa Morgan\Documents\javafx-sdk-21\bin\api-ms-win-core-profile-l1-1-0.dll
0x000001640dd00000 - 0x000001640dd03000 	C:\Users\Melissa Morgan\Documents\javafx-sdk-21\bin\api-ms-win-core-rtlsupport-l1-1-0.dll
0x000001640dd10000 - 0x000001640dd13000 	C:\Users\Melissa Morgan\Documents\javafx-sdk-21\bin\api-ms-win-core-string-l1-1-0.dll
0x000001640dd20000 - 0x000001640dd23000 	C:\Users\Melissa Morgan\Documents\javafx-sdk-21\bin\api-ms-win-core-synch-l1-1-0.dll
0x000001640dd30000 - 0x000001640dd33000 	C:\Users\Melissa Morgan\Documents\javafx-sdk-21\bin\api-ms-win-core-synch-l1-2-0.dll
0x00000164289f0000 - 0x00000164289f3000 	C:\Users\Melissa Morgan\Documents\javafx-sdk-21\bin\api-ms-win-core-sysinfo-l1-1-0.dll
0x0000016428a00000 - 0x0000016428a03000 	C:\Users\Melissa Morgan\Documents\javafx-sdk-21\bin\api-ms-win-core-timezone-l1-1-0.dll
0x0000016428a10000 - 0x0000016428a13000 	C:\Users\Melissa Morgan\Documents\javafx-sdk-21\bin\api-ms-win-core-util-l1-1-0.dll
0x0000016428a20000 - 0x0000016428a23000 	C:\Users\Melissa Morgan\Documents\javafx-sdk-21\bin\api-ms-win-crt-conio-l1-1-0.dll
0x0000016428a30000 - 0x0000016428a34000 	C:\Users\Melissa Morgan\Documents\javafx-sdk-21\bin\api-ms-win-crt-convert-l1-1-0.dll
0x0000016428a40000 - 0x0000016428a43000 	C:\Users\Melissa Morgan\Documents\javafx-sdk-21\bin\api-ms-win-crt-environment-l1-1-0.dll
0x0000016428a50000 - 0x0000016428a53000 	C:\Users\Melissa Morgan\Documents\javafx-sdk-21\bin\api-ms-win-crt-filesystem-l1-1-0.dll
0x0000016428a60000 - 0x0000016428a63000 	C:\Users\Melissa Morgan\Documents\javafx-sdk-21\bin\api-ms-win-crt-heap-l1-1-0.dll
0x0000016428a70000 - 0x0000016428a73000 	C:\Users\Melissa Morgan\Documents\javafx-sdk-21\bin\api-ms-win-crt-locale-l1-1-0.dll
0x0000016428a80000 - 0x0000016428a85000 	C:\Users\Melissa Morgan\Documents\javafx-sdk-21\bin\api-ms-win-crt-math-l1-1-0.dll
0x0000016428a90000 - 0x0000016428a95000 	C:\Users\Melissa Morgan\Documents\javafx-sdk-21\bin\api-ms-win-crt-multibyte-l1-1-0.dll
0x0000016428aa0000 - 0x0000016428ab0000 	C:\Users\Melissa Morgan\Documents\javafx-sdk-21\bin\api-ms-win-crt-private-l1-1-0.dll
0x0000016428ab0000 - 0x0000016428ab3000 	C:\Users\Melissa Morgan\Documents\javafx-sdk-21\bin\api-ms-win-crt-process-l1-1-0.dll
0x0000016428ac0000 - 0x0000016428ac4000 	C:\Users\Melissa Morgan\Documents\javafx-sdk-21\bin\api-ms-win-crt-runtime-l1-1-0.dll
0x0000016428ad0000 - 0x0000016428ad4000 	C:\Users\Melissa Morgan\Documents\javafx-sdk-21\bin\api-ms-win-crt-stdio-l1-1-0.dll
0x0000016428ae0000 - 0x0000016428ae4000 	C:\Users\Melissa Morgan\Documents\javafx-sdk-21\bin\api-ms-win-crt-string-l1-1-0.dll
0x0000016428af0000 - 0x0000016428af3000 	C:\Users\Melissa Morgan\Documents\javafx-sdk-21\bin\api-ms-win-crt-time-l1-1-0.dll
0x0000016428b00000 - 0x0000016428b03000 	C:\Users\Melissa Morgan\Documents\javafx-sdk-21\bin\api-ms-win-crt-utility-l1-1-0.dll
0x00007ffe28430000 - 0x00007ffe2852c000 	C:\Users\Melissa Morgan\Documents\javafx-sdk-21\bin\ucrtbase.dll
0x00007ffe5f7c0000 - 0x00007ffe5f7db000 	C:\Users\Melissa Morgan\Documents\javafx-sdk-21\bin\vcruntime140.dll
0x00007ffe5f7b0000 - 0x00007ffe5f7bc000 	C:\Users\Melissa Morgan\Documents\javafx-sdk-21\bin\vcruntime140_1.dll
0x00007ffe33ea0000 - 0x00007ffe33f2e000 	C:\Users\Melissa Morgan\Documents\javafx-sdk-21\bin\msvcp140.dll
0x00007ffe6a220000 - 0x00007ffe6a34a000 	C:\WINDOWS\System32\ole32.dll
0x00007ffe5f7a0000 - 0x00007ffe5f7a9000 	C:\Users\Melissa Morgan\Documents\javafx-sdk-21\bin\msvcp140_1.dll
0x00007ffe4d520000 - 0x00007ffe4d54f000 	C:\Users\Melissa Morgan\Documents\javafx-sdk-21\bin\msvcp140_2.dll
0x00007ffe4d4f0000 - 0x00007ffe4d51f000 	C:\Users\Melissa Morgan\Documents\javafx-sdk-21\bin\prism_d3d.dll
0x00007ffe268e0000 - 0x00007ffe26aad000 	C:\WINDOWS\system32\d3d9.dll
0x00007ffe64ab0000 - 0x00007ffe64adf000 	C:\WINDOWS\SYSTEM32\dwmapi.dll
0x00007ffe65d80000 - 0x00007ffe65e1e000 	C:\WINDOWS\system32\uxtheme.dll
0x00007ffe28650000 - 0x00007ffe287b3000 	C:\WINDOWS\System32\DriverStore\FileRepository\iigd_dch.inf_amd64_dc16e5f1dbf8051f\igdumdim64.dll
0x00007ffe07450000 - 0x00007ffe0ae54000 	C:\WINDOWS\System32\DriverStore\FileRepository\iigd_dch.inf_amd64_dc16e5f1dbf8051f\igd9dxva64.dll
0x00007ffe6a360000 - 0x00007ffe6a42d000 	C:\WINDOWS\System32\OLEAUT32.dll
0x00007ffe69090000 - 0x00007ffe694f8000 	C:\WINDOWS\System32\SETUPAPI.dll
0x00007ffe683d0000 - 0x00007ffe6841e000 	C:\WINDOWS\System32\cfgmgr32.dll
0x00007ffe68240000 - 0x00007ffe68267000 	C:\WINDOWS\System32\bcrypt.dll
0x00007ffe59760000 - 0x00007ffe5999f000 	C:\WINDOWS\System32\DriverStore\FileRepository\iigd_dch.inf_amd64_dc16e5f1dbf8051f\igdgmm64.dll
0x00007ffe32250000 - 0x00007ffe32292000 	C:\Users\Melissa Morgan\Documents\javafx-sdk-21\bin\glass.dll
0x00007ffe6a450000 - 0x00007ffe6a52a000 	C:\WINDOWS\System32\COMDLG32.dll
0x00007ffe699b0000 - 0x00007ffe69ac4000 	C:\WINDOWS\System32\MSCTF.dll
0x00007ffe56230000 - 0x00007ffe56257000 	C:\WINDOWS\System32\DriverStore\FileRepository\iigd_dch.inf_amd64_dc16e5f1dbf8051f\igdinfo64.dll
0x00007ffe563c0000 - 0x00007ffe59022000 	C:\WINDOWS\System32\DriverStore\FileRepository\iigd_dch.inf_amd64_dc16e5f1dbf8051f\igc64.dll
0x00007ffe5b310000 - 0x00007ffe5b34b000 	C:\WINDOWS\SYSTEM32\dxcore.dll
0x00007ffe3fa70000 - 0x00007ffe3fa84000 	C:\Users\Melissa Morgan\Documents\javafx-sdk-21\bin\javafx_font.dll
0x00007ffe53b20000 - 0x00007ffe53d9f000 	C:\WINDOWS\SYSTEM32\dwrite.dll
0x00007ffe69900000 - 0x00007ffe699a9000 	C:\WINDOWS\System32\clbcatq.dll
0x00007ffe5e030000 - 0x00007ffe5e1e4000 	C:\WINDOWS\SYSTEM32\WindowsCodecs.dll
0x00007ffe30ac0000 - 0x00007ffe30afe000 	C:\WINDOWS\system32\dataexchange.dll
0x00007ffe5fce0000 - 0x00007ffe5ff43000 	C:\WINDOWS\system32\d3d11.dll
0x00007ffe60970000 - 0x00007ffe60b53000 	C:\WINDOWS\system32\dcomp.dll
0x00007ffe65e90000 - 0x00007ffe65f83000 	C:\WINDOWS\system32\dxgi.dll
0x00007ffe5e1f0000 - 0x00007ffe5e3f7000 	C:\WINDOWS\system32\twinapi.appcore.dll
0x00007ffe41680000 - 0x00007ffe416b4000 	C:\Program Files\Common Files\Microsoft Shared\Ink\rtscom.dll
0x00007ffe55a60000 - 0x00007ffe55b59000 	C:\WINDOWS\SYSTEM32\textinputframework.dll
0x00007ffe658d0000 - 0x00007ffe659c2000 	C:\WINDOWS\System32\CoreMessaging.dll
0x00007ffe5f980000 - 0x00007ffe5fcde000 	C:\WINDOWS\System32\CoreUIComponents.dll
0x00007ffe679a0000 - 0x00007ffe679d3000 	C:\WINDOWS\SYSTEM32\ntmarta.dll
0x00007ffe5f820000 - 0x00007ffe5f974000 	C:\WINDOWS\SYSTEM32\wintypes.dll
0x00007ffe3ebd0000 - 0x00007ffe3ec36000 	C:\WINDOWS\system32\Oleacc.dll

dbghelp: loaded successfully - version: 4.0.5 - missing functions: none
symbol engine: initialized successfully - sym options: 0x614 - pdb path: .;C:\Program Files\Java\jdk-20\bin;C:\WINDOWS\SYSTEM32;C:\WINDOWS\WinSxS\amd64_microsoft.windows.common-controls_6595b64144ccf1df_6.0.19041.1110_none_60b5254171f9507e;C:\Program Files\Java\jdk-20\bin\server;C:\Users\Melissa Morgan\Documents\javafx-sdk-21\bin;C:\WINDOWS\System32\DriverStore\FileRepository\iigd_dch.inf_amd64_dc16e5f1dbf8051f;C:\Program Files\Common Files\Microsoft Shared\Ink

VM Arguments:
jvm_args: -Dfile.encoding=UTF-8 -Dstdout.encoding=UTF-8 -Dstderr.encoding=UTF-8 --module-path=C:\Users\Melissa Morgan\Documents\GitHub\Pig_CPS261_Final\pig\bin;C:\Users\Melissa Morgan\Documents\javafx-sdk-21\lib\javafx.base.jar;C:\Users\Melissa Morgan\Documents\javafx-sdk-21\lib\javafx.controls.jar;C:\Users\Melissa Morgan\Documents\javafx-sdk-21\lib\javafx.fxml.jar;C:\Users\Melissa Morgan\Documents\javafx-sdk-21\lib\javafx.graphics.jar;C:\Users\Melissa Morgan\Documents\javafx-sdk-21\lib\javafx.media.jar;C:\Users\Melissa Morgan\Documents\javafx-sdk-21\lib\javafx.swing.jar;C:\Users\Melissa Morgan\Documents\javafx-sdk-21\lib\javafx.web.jar;C:\Users\Melissa Morgan\Documents\javafx-sdk-21\lib\javafx-swt.jar;C:\Users\Melissa Morgan\.p2\pool\plugins\org.eclipse.fx.ide.css.jfx8_3.10.0.202303150700.jar -XX:+ShowCodeDetailsInExceptionMessages -Djdk.module.main=pig 
java_command: pig/application.Main
java_class_path (initial): <not set>
Launcher Type: SUN_STANDARD

[Global flags]
     intx CICompilerCount                          = 3                                         {product} {ergonomic}
     uint ConcGCThreads                            = 1                                         {product} {ergonomic}
     uint G1ConcRefinementThreads                  = 4                                         {product} {ergonomic}
   size_t G1HeapRegionSize                         = 1048576                                   {product} {ergonomic}
    uintx GCDrainStackTargetSize                   = 64                                        {product} {ergonomic}
   size_t InitialHeapSize                          = 67108864                                  {product} {ergonomic}
   size_t MarkStackSize                            = 4194304                                   {product} {ergonomic}
   size_t MaxHeapSize                              = 1044381696                                {product} {ergonomic}
   size_t MaxNewSize                               = 625999872                                 {product} {ergonomic}
   size_t MinHeapDeltaBytes                        = 1048576                                   {product} {ergonomic}
   size_t MinHeapSize                              = 8388608                                   {product} {ergonomic}
    uintx NonNMethodCodeHeapSize                   = 5832780                                {pd product} {ergonomic}
    uintx NonProfiledCodeHeapSize                  = 122912730                              {pd product} {ergonomic}
    uintx ProfiledCodeHeapSize                     = 122912730                              {pd product} {ergonomic}
    uintx ReservedCodeCacheSize                    = 251658240                              {pd product} {ergonomic}
     bool SegmentedCodeCache                       = true                                      {product} {ergonomic}
     bool ShowCodeDetailsInExceptionMessages       = true                                   {manageable} {command line}
   size_t SoftMaxHeapSize                          = 1044381696                             {manageable} {ergonomic}
     bool UseCompressedClassPointers               = true                           {product lp64_product} {ergonomic}
     bool UseCompressedOops                        = true                           {product lp64_product} {ergonomic}
     bool UseG1GC                                  = true                                      {product} {ergonomic}
     bool UseLargePagesIndividualAllocation        = false                                  {pd product} {ergonomic}

Logging:
Log output configuration:
 #0: stdout all=warning uptime,level,tags foldmultilines=false
 #1: stderr all=off uptime,level,tags foldmultilines=false

Environment Variables:
PATH=C:/Program Files/Java/jdk-20/bin/server;C:/Program Files/Java/jdk-20/bin;C:\Program Files\Common Files\Oracle\Java\javapath;C:\WINDOWS\system32;C:\WINDOWS;C:\WINDOWS\System32\Wbem;C:\WINDOWS\System32\WindowsPowerShell\v1.0\;C:\WINDOWS\System32\OpenSSH\;C:\Program Files\Git\cmd;C:\Program Files\Microsoft SQL Server\Client SDK\ODBC\170\Tools\Binn\;C:\Program Files (x86)\Microsoft SQL Server\150\Tools\Binn\;C:\Program Files\Microsoft SQL Server\150\Tools\Binn\;C:\Program Files\Microsoft SQL Server\150\DTS\Binn\;C:\Program Files (x86)\Microsoft SQL Server\160\DTS\Binn\;C:\Program Files\Azure Data Studio\bin;C:\Users\Melissa Morgan\AppData\Local\Programs\Python\Python311\Scripts\;C:\Users\Melissa Morgan\AppData\Local\Programs\Python\Python311\;C:\Users\Melissa Morgan\AppData\Local\Microsoft\WindowsApps;C:\msys64\mingw64\bin;C:\Users\Melissa Morgan\AppData\Local\GitHubDesktop\bin;C:\Users\Melissa Morgan\AppData\Local\Programs\Microsoft VS Code\bin;C:\Program Files\Azure Data Studio\bin;C:\WINDOWS\system32;
USERNAME=Melissa Morgan
OS=Windows_NT
PROCESSOR_IDENTIFIER=Intel64 Family 6 Model 142 Stepping 9, GenuineIntel
TMP=C:\Users\MELISS~1\AppData\Local\Temp
TEMP=C:\Users\MELISS~1\AppData\Local\Temp




---------------  S Y S T E M  ---------------

OS:
 Windows 10 , 64 bit Build 19041 (10.0.19041.3031)
OS uptime: 0 days 0:32 hours

CPU: total 4 (initial active 4) (2 cores per cpu, 2 threads per core) family 6 model 142 stepping 9 microcode 0xf0, cx8, cmov, fxsr, ht, mmx, 3dnowpref, sse, sse2, sse3, ssse3, sse4.1, sse4.2, popcnt, lzcnt, tsc, tscinvbit, aes, erms, clmul, clflush, clflushopt, rdtscp

Memory: 4k page, system-wide physical 3980M (243M free)
TotalPageFile size 5380M (AvailPageFile size 0M)
current process WorkingSet (physical memory assigned to process): 133M, peak: 133M
current process commit charge ("private bytes"): 194M, peak: 196M

vm_info: Java HotSpot(TM) 64-Bit Server VM (20.0.1+9-29) for windows-amd64 JRE (20.0.1+9-29), built on 2023-03-07T13:56:11Z by "mach5one" with MS VC++ 17.1 (VS2022)

END.
