#
# There is insufficient memory for the Java Runtime Environment to continue.
# Native memory allocation (malloc) failed to allocate 810736 bytes for Chunk::new
# Possible reasons:
#   The system is out of physical RAM or swap space
#   The process is running with CompressedOops enabled, and the Java Heap may be blocking the growth of the native heap
# Possible solutions:
#   Reduce memory load on the system
#   Increase physical memory or swap space
#   Check if swap backing store is full
#   Decrease Java heap size (-Xmx/-Xms)
#   Decrease number of Java threads
#   Decrease Java thread stack sizes (-Xss)
#   Set larger code cache with -XX:ReservedCodeCacheSize=
#   JVM is running with Unscaled Compressed Oops mode in which the Java heap is
#     placed in the first 4GB address space. The Java Heap base address is the
#     maximum limit for the native heap growth. Please use -XX:HeapBaseMinAddress
#     to set the Java Heap base and to place the Java Heap above 4GB virtual address.
# This output file may be truncated or incomplete.
#
#  Out of Memory Error (arena.cpp:184), pid=3248, tid=9280
#
# JRE version: Java(TM) SE Runtime Environment (20.0.1+9) (build 20.0.1+9-29)
# Java VM: Java HotSpot(TM) 64-Bit Server VM (20.0.1+9-29, mixed mode, sharing, tiered, compressed oops, compressed class ptrs, g1 gc, windows-amd64)
# No core dump will be written. Minidumps are not enabled by default on client versions of Windows
#

---------------  S U M M A R Y ------------

Command Line: -Dfile.encoding=UTF-8 -Dstdout.encoding=UTF-8 -Dstderr.encoding=UTF-8 --module-path=C:\Users\Melissa Morgan\Documents\GitHub\Pig_CPS261_Final\pig\bin;C:\Users\Melissa Morgan\Documents\javafx-sdk-21\lib\javafx.base.jar;C:\Users\Melissa Morgan\Documents\javafx-sdk-21\lib\javafx.controls.jar;C:\Users\Melissa Morgan\Documents\javafx-sdk-21\lib\javafx.fxml.jar;C:\Users\Melissa Morgan\Documents\javafx-sdk-21\lib\javafx.graphics.jar;C:\Users\Melissa Morgan\Documents\javafx-sdk-21\lib\javafx.media.jar;C:\Users\Melissa Morgan\Documents\javafx-sdk-21\lib\javafx.swing.jar;C:\Users\Melissa Morgan\Documents\javafx-sdk-21\lib\javafx.web.jar;C:\Users\Melissa Morgan\Documents\javafx-sdk-21\lib\javafx-swt.jar;C:\Users\Melissa Morgan\.p2\pool\plugins\org.eclipse.fx.ide.css.jfx8_3.10.0.202303150700.jar -XX:+ShowCodeDetailsInExceptionMessages -Djdk.module.main=pig pig/application.Main

Host: Intel(R) Pentium(R) CPU 4415Y @ 1.60GHz, 4 cores, 3G,  Windows 10 , 64 bit Build 19041 (10.0.19041.3031)
Time: Mon Nov 20 13:39:29 2023 Eastern Standard Time elapsed time: 1.656232 seconds (0d 0h 0m 1s)

---------------  T H R E A D  ---------------

Current thread (0x000002709dae31b0):  JavaThread "C2 CompilerThread0" daemon [_thread_in_native, id=9280, stack(0x000000b478e00000,0x000000b478f00000)]


Current CompileTask:
C2:   1656  300       4       java.util.stream.ReferencePipeline$3$1::accept (23 bytes)

Stack: [0x000000b478e00000,0x000000b478f00000]
Native frames: (J=compiled Java code, j=interpreted, Vv=VM code, C=native code)
V  [jvm.dll+0x6bb95a]
V  [jvm.dll+0x8485fa]
V  [jvm.dll+0x84a1f5]
V  [jvm.dll+0x84a8f3]
V  [jvm.dll+0x280b0f]
V  [jvm.dll+0xc2b11]
V  [jvm.dll+0xc2e35]
V  [jvm.dll+0x3bb142]
V  [jvm.dll+0x3857f5]
V  [jvm.dll+0x384c6a]
V  [jvm.dll+0x24b259]
V  [jvm.dll+0x24a651]
V  [jvm.dll+0x1ce491]
V  [jvm.dll+0x259e1b]
V  [jvm.dll+0x2584f0]
V  [jvm.dll+0x3f2895]
V  [jvm.dll+0x7f4b56]
V  [jvm.dll+0x6ba5cb]
C  [ucrtbase.dll+0x21bb2]
C  [KERNEL32.DLL+0x17614]
C  [ntdll.dll+0x526f1]


---------------  P R O C E S S  ---------------

Threads class SMR info:
_java_thread_list=0x00000270a1dae270, length=11, elements={
0x000002708300a7c0, 0x000002709dada960, 0x000002709dadc0a0, 0x000002709dadf970,
0x000002709dae12c0, 0x000002709dae1c00, 0x000002709dae2540, 0x000002709dae31b0,
0x000002709db511b0, 0x00000270a1d4c0c0, 0x00000270a23aa760
}

Java Threads: ( => current thread )
  0x000002708300a7c0 JavaThread "main" [_thread_in_vm, id=8380, stack(0x000000b478100000,0x000000b478200000)]
  0x000002709dada960 JavaThread "Reference Handler" daemon [_thread_blocked, id=3468, stack(0x000000b478800000,0x000000b478900000)]
  0x000002709dadc0a0 JavaThread "Finalizer" daemon [_thread_blocked, id=7632, stack(0x000000b478900000,0x000000b478a00000)]
  0x000002709dadf970 JavaThread "Signal Dispatcher" daemon [_thread_blocked, id=5996, stack(0x000000b478a00000,0x000000b478b00000)]
  0x000002709dae12c0 JavaThread "Attach Listener" daemon [_thread_blocked, id=8276, stack(0x000000b478b00000,0x000000b478c00000)]
  0x000002709dae1c00 JavaThread "Service Thread" daemon [_thread_blocked, id=2268, stack(0x000000b478c00000,0x000000b478d00000)]
  0x000002709dae2540 JavaThread "Monitor Deflation Thread" daemon [_thread_blocked, id=2100, stack(0x000000b478d00000,0x000000b478e00000)]
=>0x000002709dae31b0 JavaThread "C2 CompilerThread0" daemon [_thread_in_native, id=9280, stack(0x000000b478e00000,0x000000b478f00000)]
  0x000002709db511b0 JavaThread "C1 CompilerThread0" daemon [_thread_blocked, id=7540, stack(0x000000b478f00000,0x000000b479000000)]
  0x00000270a1d4c0c0 JavaThread "Common-Cleaner" daemon [_thread_blocked, id=1624, stack(0x000000b479000000,0x000000b479100000)]
  0x00000270a23aa760 JavaThread "Notification Thread" daemon [_thread_new, id=8584, stack(0x0000000000000000,0x0000000000000000)]

Other Threads:
  0x00000270830cc8e0 VMThread "VM Thread" [stack: 0x000000b478700000,0x000000b478800000] [id=11448]
  0x00000270a1f07bc0 WatcherThread "VM Periodic Task Thread" [stack: 0x000000b479200000,0x000000b479300000] [id=12616]
  0x000002708304ce00 WorkerThread "GC Thread#0" [stack: 0x000000b478200000,0x000000b478300000] [id=9552]
  0x0000027083055920 ConcurrentGCThread "G1 Main Marker" [stack: 0x000000b478300000,0x000000b478400000] [id=10324]
  0x0000027083056260 WorkerThread "G1 Conc#0" [stack: 0x000000b478400000,0x000000b478500000] [id=8348]
  0x00000270830a82e0 ConcurrentGCThread "G1 Refine#0" [stack: 0x000000b478500000,0x000000b478600000] [id=10436]
  0x00000270830a8c90 ConcurrentGCThread "G1 Service" [stack: 0x000000b478600000,0x000000b478700000] [id=9284]

Threads with active compile tasks:
C2 CompilerThread0     1751  300       4       java.util.stream.ReferencePipeline$3$1::accept (23 bytes)

VM state: not at safepoint (normal execution)

VM Mutex/Monitor currently owned by a thread: None

Heap address: 0x00000000c1c00000, size: 996 MB, Compressed Oops mode: 32-bit

CDS archive(s) mapped at: [0x0000000800000000-0x0000000800c60000-0x0000000800c60000), size 12976128, SharedBaseAddress: 0x0000000800000000, ArchiveRelocationMode: 0.
Compressed class space mapped at: 0x0000000801000000-0x0000000841000000, reserved size: 1073741824
Narrow klass base: 0x0000000800000000, Narrow klass shift: 0, Narrow klass range: 0x100000000

GC Precious Log:
 CardTable entry size: 512
 Card Set container configuration: InlinePtr #cards 5 size 8 Array Of Cards #cards 12 size 40 Howl #buckets 4 coarsen threshold 1843 Howl Bitmap #cards 512 size 80 coarsen threshold 460 Card regions per heap region 1 cards per card region 2048
 CPUs: 4 total, 4 available
 Memory: 3980M
 Large Page Support: Disabled
 NUMA Support: Disabled
 Compressed Oops: Enabled (32-bit)
 Heap Region Size: 1M
 Heap Min Capacity: 8M
 Heap Initial Capacity: 64M
 Heap Max Capacity: 996M
 Pre-touch: Disabled
 Parallel Workers: 4
 Concurrent Workers: 1
 Concurrent Refinement Workers: 4
 Periodic GC: Disabled

Heap:
 garbage-first heap   total 65536K, used 6144K [0x00000000c1c00000, 0x0000000100000000)
  region size 1024K, 8 young (8192K), 0 survivors (0K)
 Metaspace       used 851K, committed 1088K, reserved 1114112K
  class space    used 68K, committed 192K, reserved 1048576K

Heap Regions: E=young(eden), S=young(survivor), O=old, HS=humongous(starts), HC=humongous(continues), CS=collection set, F=free, OA=open archive, CA=closed archive, TAMS=top-at-mark-start, PB=parsable bottom
|   0|0x00000000c1c00000, 0x00000000c1c00000, 0x00000000c1d00000|  0%| F|  |TAMS 0x00000000c1c00000| PB 0x00000000c1c00000| Untracked 
|   1|0x00000000c1d00000, 0x00000000c1d00000, 0x00000000c1e00000|  0%| F|  |TAMS 0x00000000c1d00000| PB 0x00000000c1d00000| Untracked 
|   2|0x00000000c1e00000, 0x00000000c1e00000, 0x00000000c1f00000|  0%| F|  |TAMS 0x00000000c1e00000| PB 0x00000000c1e00000| Untracked 
|   3|0x00000000c1f00000, 0x00000000c1f00000, 0x00000000c2000000|  0%| F|  |TAMS 0x00000000c1f00000| PB 0x00000000c1f00000| Untracked 
|   4|0x00000000c2000000, 0x00000000c2000000, 0x00000000c2100000|  0%| F|  |TAMS 0x00000000c2000000| PB 0x00000000c2000000| Untracked 
|   5|0x00000000c2100000, 0x00000000c2100000, 0x00000000c2200000|  0%| F|  |TAMS 0x00000000c2100000| PB 0x00000000c2100000| Untracked 
|   6|0x00000000c2200000, 0x00000000c2200000, 0x00000000c2300000|  0%| F|  |TAMS 0x00000000c2200000| PB 0x00000000c2200000| Untracked 
|   7|0x00000000c2300000, 0x00000000c2300000, 0x00000000c2400000|  0%| F|  |TAMS 0x00000000c2300000| PB 0x00000000c2300000| Untracked 
|   8|0x00000000c2400000, 0x00000000c2400000, 0x00000000c2500000|  0%| F|  |TAMS 0x00000000c2400000| PB 0x00000000c2400000| Untracked 
|   9|0x00000000c2500000, 0x00000000c2500000, 0x00000000c2600000|  0%| F|  |TAMS 0x00000000c2500000| PB 0x00000000c2500000| Untracked 
|  10|0x00000000c2600000, 0x00000000c2600000, 0x00000000c2700000|  0%| F|  |TAMS 0x00000000c2600000| PB 0x00000000c2600000| Untracked 
|  11|0x00000000c2700000, 0x00000000c2700000, 0x00000000c2800000|  0%| F|  |TAMS 0x00000000c2700000| PB 0x00000000c2700000| Untracked 
|  12|0x00000000c2800000, 0x00000000c2800000, 0x00000000c2900000|  0%| F|  |TAMS 0x00000000c2800000| PB 0x00000000c2800000| Untracked 
|  13|0x00000000c2900000, 0x00000000c2900000, 0x00000000c2a00000|  0%| F|  |TAMS 0x00000000c2900000| PB 0x00000000c2900000| Untracked 
|  14|0x00000000c2a00000, 0x00000000c2a00000, 0x00000000c2b00000|  0%| F|  |TAMS 0x00000000c2a00000| PB 0x00000000c2a00000| Untracked 
|  15|0x00000000c2b00000, 0x00000000c2b00000, 0x00000000c2c00000|  0%| F|  |TAMS 0x00000000c2b00000| PB 0x00000000c2b00000| Untracked 
|  16|0x00000000c2c00000, 0x00000000c2c00000, 0x00000000c2d00000|  0%| F|  |TAMS 0x00000000c2c00000| PB 0x00000000c2c00000| Untracked 
|  17|0x00000000c2d00000, 0x00000000c2d00000, 0x00000000c2e00000|  0%| F|  |TAMS 0x00000000c2d00000| PB 0x00000000c2d00000| Untracked 
|  18|0x00000000c2e00000, 0x00000000c2e00000, 0x00000000c2f00000|  0%| F|  |TAMS 0x00000000c2e00000| PB 0x00000000c2e00000| Untracked 
|  19|0x00000000c2f00000, 0x00000000c2f00000, 0x00000000c3000000|  0%| F|  |TAMS 0x00000000c2f00000| PB 0x00000000c2f00000| Untracked 
|  20|0x00000000c3000000, 0x00000000c3000000, 0x00000000c3100000|  0%| F|  |TAMS 0x00000000c3000000| PB 0x00000000c3000000| Untracked 
|  21|0x00000000c3100000, 0x00000000c3100000, 0x00000000c3200000|  0%| F|  |TAMS 0x00000000c3100000| PB 0x00000000c3100000| Untracked 
|  22|0x00000000c3200000, 0x00000000c3200000, 0x00000000c3300000|  0%| F|  |TAMS 0x00000000c3200000| PB 0x00000000c3200000| Untracked 
|  23|0x00000000c3300000, 0x00000000c3300000, 0x00000000c3400000|  0%| F|  |TAMS 0x00000000c3300000| PB 0x00000000c3300000| Untracked 
|  24|0x00000000c3400000, 0x00000000c3400000, 0x00000000c3500000|  0%| F|  |TAMS 0x00000000c3400000| PB 0x00000000c3400000| Untracked 
|  25|0x00000000c3500000, 0x00000000c3500000, 0x00000000c3600000|  0%| F|  |TAMS 0x00000000c3500000| PB 0x00000000c3500000| Untracked 
|  26|0x00000000c3600000, 0x00000000c3600000, 0x00000000c3700000|  0%| F|  |TAMS 0x00000000c3600000| PB 0x00000000c3600000| Untracked 
|  27|0x00000000c3700000, 0x00000000c3700000, 0x00000000c3800000|  0%| F|  |TAMS 0x00000000c3700000| PB 0x00000000c3700000| Untracked 
|  28|0x00000000c3800000, 0x00000000c3800000, 0x00000000c3900000|  0%| F|  |TAMS 0x00000000c3800000| PB 0x00000000c3800000| Untracked 
|  29|0x00000000c3900000, 0x00000000c3900000, 0x00000000c3a00000|  0%| F|  |TAMS 0x00000000c3900000| PB 0x00000000c3900000| Untracked 
|  30|0x00000000c3a00000, 0x00000000c3a00000, 0x00000000c3b00000|  0%| F|  |TAMS 0x00000000c3a00000| PB 0x00000000c3a00000| Untracked 
|  31|0x00000000c3b00000, 0x00000000c3b00000, 0x00000000c3c00000|  0%| F|  |TAMS 0x00000000c3b00000| PB 0x00000000c3b00000| Untracked 
|  32|0x00000000c3c00000, 0x00000000c3c00000, 0x00000000c3d00000|  0%| F|  |TAMS 0x00000000c3c00000| PB 0x00000000c3c00000| Untracked 
|  33|0x00000000c3d00000, 0x00000000c3d00000, 0x00000000c3e00000|  0%| F|  |TAMS 0x00000000c3d00000| PB 0x00000000c3d00000| Untracked 
|  34|0x00000000c3e00000, 0x00000000c3e00000, 0x00000000c3f00000|  0%| F|  |TAMS 0x00000000c3e00000| PB 0x00000000c3e00000| Untracked 
|  35|0x00000000c3f00000, 0x00000000c3f00000, 0x00000000c4000000|  0%| F|  |TAMS 0x00000000c3f00000| PB 0x00000000c3f00000| Untracked 
|  36|0x00000000c4000000, 0x00000000c4000000, 0x00000000c4100000|  0%| F|  |TAMS 0x00000000c4000000| PB 0x00000000c4000000| Untracked 
|  37|0x00000000c4100000, 0x00000000c4100000, 0x00000000c4200000|  0%| F|  |TAMS 0x00000000c4100000| PB 0x00000000c4100000| Untracked 
|  38|0x00000000c4200000, 0x00000000c4200000, 0x00000000c4300000|  0%| F|  |TAMS 0x00000000c4200000| PB 0x00000000c4200000| Untracked 
|  39|0x00000000c4300000, 0x00000000c4300000, 0x00000000c4400000|  0%| F|  |TAMS 0x00000000c4300000| PB 0x00000000c4300000| Untracked 
|  40|0x00000000c4400000, 0x00000000c4400000, 0x00000000c4500000|  0%| F|  |TAMS 0x00000000c4400000| PB 0x00000000c4400000| Untracked 
|  41|0x00000000c4500000, 0x00000000c4500000, 0x00000000c4600000|  0%| F|  |TAMS 0x00000000c4500000| PB 0x00000000c4500000| Untracked 
|  42|0x00000000c4600000, 0x00000000c4600000, 0x00000000c4700000|  0%| F|  |TAMS 0x00000000c4600000| PB 0x00000000c4600000| Untracked 
|  43|0x00000000c4700000, 0x00000000c4700000, 0x00000000c4800000|  0%| F|  |TAMS 0x00000000c4700000| PB 0x00000000c4700000| Untracked 
|  44|0x00000000c4800000, 0x00000000c4800000, 0x00000000c4900000|  0%| F|  |TAMS 0x00000000c4800000| PB 0x00000000c4800000| Untracked 
|  45|0x00000000c4900000, 0x00000000c4900000, 0x00000000c4a00000|  0%| F|  |TAMS 0x00000000c4900000| PB 0x00000000c4900000| Untracked 
|  46|0x00000000c4a00000, 0x00000000c4a00000, 0x00000000c4b00000|  0%| F|  |TAMS 0x00000000c4a00000| PB 0x00000000c4a00000| Untracked 
|  47|0x00000000c4b00000, 0x00000000c4b00000, 0x00000000c4c00000|  0%| F|  |TAMS 0x00000000c4b00000| PB 0x00000000c4b00000| Untracked 
|  48|0x00000000c4c00000, 0x00000000c4c00000, 0x00000000c4d00000|  0%| F|  |TAMS 0x00000000c4c00000| PB 0x00000000c4c00000| Untracked 
|  49|0x00000000c4d00000, 0x00000000c4d00000, 0x00000000c4e00000|  0%| F|  |TAMS 0x00000000c4d00000| PB 0x00000000c4d00000| Untracked 
|  50|0x00000000c4e00000, 0x00000000c4e00000, 0x00000000c4f00000|  0%| F|  |TAMS 0x00000000c4e00000| PB 0x00000000c4e00000| Untracked 
|  51|0x00000000c4f00000, 0x00000000c4f00000, 0x00000000c5000000|  0%| F|  |TAMS 0x00000000c4f00000| PB 0x00000000c4f00000| Untracked 
|  52|0x00000000c5000000, 0x00000000c5000000, 0x00000000c5100000|  0%| F|  |TAMS 0x00000000c5000000| PB 0x00000000c5000000| Untracked 
|  53|0x00000000c5100000, 0x00000000c5100000, 0x00000000c5200000|  0%| F|  |TAMS 0x00000000c5100000| PB 0x00000000c5100000| Untracked 
|  54|0x00000000c5200000, 0x00000000c5200000, 0x00000000c5300000|  0%| F|  |TAMS 0x00000000c5200000| PB 0x00000000c5200000| Untracked 
|  55|0x00000000c5300000, 0x00000000c5300000, 0x00000000c5400000|  0%| F|  |TAMS 0x00000000c5300000| PB 0x00000000c5300000| Untracked 
|  56|0x00000000c5400000, 0x00000000c548cc98, 0x00000000c5500000| 54%| E|  |TAMS 0x00000000c5400000| PB 0x00000000c5400000| Complete 
|  57|0x00000000c5500000, 0x00000000c5600000, 0x00000000c5600000|100%| E|CS|TAMS 0x00000000c5500000| PB 0x00000000c5500000| Complete 
|  58|0x00000000c5600000, 0x00000000c5700000, 0x00000000c5700000|100%| E|CS|TAMS 0x00000000c5600000| PB 0x00000000c5600000| Complete 
|  59|0x00000000c5700000, 0x00000000c5800000, 0x00000000c5800000|100%| E|CS|TAMS 0x00000000c5700000| PB 0x00000000c5700000| Complete 
|  60|0x00000000c5800000, 0x00000000c5900000, 0x00000000c5900000|100%| E|  |TAMS 0x00000000c5800000| PB 0x00000000c5800000| Complete 
|  61|0x00000000c5900000, 0x00000000c5a00000, 0x00000000c5a00000|100%| E|CS|TAMS 0x00000000c5900000| PB 0x00000000c5900000| Complete 
|  62|0x00000000c5a00000, 0x00000000c5b00000, 0x00000000c5b00000|100%| E|CS|TAMS 0x00000000c5a00000| PB 0x00000000c5a00000| Complete 
|  63|0x00000000c5b00000, 0x00000000c5c00000, 0x00000000c5c00000|100%| E|CS|TAMS 0x00000000c5b00000| PB 0x00000000c5b00000| Complete 

Card table byte_map: [0x000002709a2d0000,0x000002709a4d0000] _byte_map_base: 0x0000027099cc2000

Marking Bits: (CMBitMap*) 0x000002708304d340
 Bits: [0x000002709a6d0000, 0x000002709b660000)

Polling page: 0x00000270827e0000

Metaspace:

Usage:
  Non-class:    784.01 KB used.
      Class:     68.22 KB used.
       Both:    852.23 KB used.

Virtual space:
  Non-class space:       64.00 MB reserved,     896.00 KB (  1%) committed,  1 nodes.
      Class space:        1.00 GB reserved,     192.00 KB ( <1%) committed,  1 nodes.
             Both:        1.06 GB reserved,       1.06 MB ( <1%) committed. 

Chunk freelists:
   Non-Class:  3.98 MB
       Class:  3.74 MB
        Both:  7.72 MB

MaxMetaspaceSize: unlimited
CompressedClassSpaceSize: 1.00 GB
Initial GC threshold: 21.00 MB
Current GC threshold: 21.00 MB
CDS: on
MetaspaceReclaimPolicy: balanced
 - commit_granule_bytes: 65536.
 - commit_granule_words: 8192.
 - virtual_space_node_default_size: 8388608.
 - enlarge_chunks_in_place: 1.
 - new_chunks_are_fully_committed: 0.
 - uncommit_free_chunks: 1.
 - use_allocation_guard: 0.


Internal statistics:

num_allocs_failed_limit: 0.
num_arena_births: 14.
num_arena_deaths: 0.
num_vsnodes_births: 2.
num_vsnodes_deaths: 0.
num_space_committed: 17.
num_space_uncommitted: 0.
num_chunks_returned_to_freelist: 0.
num_chunks_taken_from_freelist: 17.
num_chunk_merges: 0.
num_chunk_splits: 9.
num_chunks_enlarged: 5.
num_inconsistent_stats: 0.

CodeHeap 'non-profiled nmethods': size=120000Kb used=111Kb max_used=111Kb free=119888Kb
 bounds [0x0000027092ba0000, 0x0000027092e10000, 0x000002709a0d0000]
CodeHeap 'profiled nmethods': size=120000Kb used=573Kb max_used=573Kb free=119426Kb
 bounds [0x000002708b0d0000, 0x000002708b340000, 0x0000027092600000]
CodeHeap 'non-nmethods': size=5760Kb used=1344Kb max_used=1355Kb free=4415Kb
 bounds [0x0000027092600000, 0x0000027092870000, 0x0000027092ba0000]
 total_blobs=799 nmethods=400 adapters=311
 compilation: enabled
              stopped_count=0, restarted_count=0
 full_count=0

Compilation events (20 events):
Event: 1.576 Thread 0x000002709db511b0  391       1       java.lang.module.ModuleDescriptor::isAutomatic (5 bytes)
Event: 1.576 Thread 0x000002709db511b0 nmethod 391 0x0000027092bb9e90 code [0x0000027092bba000, 0x0000027092bba0d0]
Event: 1.577 Thread 0x000002709db511b0  392       1       java.lang.module.ModuleDescriptor::provides (5 bytes)
Event: 1.577 Thread 0x000002709db511b0 nmethod 392 0x0000027092bba190 code [0x0000027092bba300, 0x0000027092bba3c8]
Event: 1.580 Thread 0x000002709db511b0  393       2       java.lang.String::lastIndexOf (10 bytes)
Event: 1.580 Thread 0x000002709db511b0 nmethod 393 0x000002708b15d390 code [0x000002708b15d520, 0x000002708b15d650]
Event: 1.583 Thread 0x000002709db511b0  395       3       java.util.HashSet::<init> (16 bytes)
Event: 1.583 Thread 0x000002709db511b0 nmethod 395 0x000002708b15d710 code [0x000002708b15d8c0, 0x000002708b15dcd0]
Event: 1.583 Thread 0x000002709db511b0  396       1       java.util.HashMap$Node::getKey (5 bytes)
Event: 1.584 Thread 0x000002709db511b0 nmethod 396 0x0000027092bba490 code [0x0000027092bba600, 0x0000027092bba6c8]
Event: 1.584 Thread 0x000002709db511b0  397       1       java.util.HashMap$Node::getValue (5 bytes)
Event: 1.584 Thread 0x000002709db511b0 nmethod 397 0x0000027092bba790 code [0x0000027092bba900, 0x0000027092bba9c8]
Event: 1.585 Thread 0x000002709db511b0  398       1       java.util.KeyValueHolder::getKey (5 bytes)
Event: 1.585 Thread 0x000002709db511b0 nmethod 398 0x0000027092bbaa90 code [0x0000027092bbac00, 0x0000027092bbacc8]
Event: 1.585 Thread 0x000002709db511b0  399       1       java.util.KeyValueHolder::getValue (5 bytes)
Event: 1.585 Thread 0x000002709db511b0 nmethod 399 0x0000027092bbad90 code [0x0000027092bbaf00, 0x0000027092bbafc8]
Event: 1.589 Thread 0x000002709db511b0  400       1       java.lang.module.ModuleDescriptor::packages (5 bytes)
Event: 1.589 Thread 0x000002709db511b0 nmethod 400 0x0000027092bbb090 code [0x0000027092bbb200, 0x0000027092bbb2c8]
Event: 1.589 Thread 0x000002709db511b0  401       1       java.lang.module.ResolvedModule::reference (5 bytes)
Event: 1.590 Thread 0x000002709db511b0 nmethod 401 0x0000027092bbb390 code [0x0000027092bbb500, 0x0000027092bbb5c8]

GC Heap History (0 events):
No events

Dll operation events (5 events):
Event: 0.060 Loaded shared library C:\Program Files\Java\jdk-20\bin\java.dll
Event: 0.082 Loaded shared library C:\Program Files\Java\jdk-20\bin\jsvml.dll
Event: 0.825 Loaded shared library C:\Program Files\Java\jdk-20\bin\net.dll
Event: 0.854 Loaded shared library C:\Program Files\Java\jdk-20\bin\nio.dll
Event: 1.089 Loaded shared library C:\Program Files\Java\jdk-20\bin\zip.dll

Deoptimization events (20 events):
Event: 1.367 Thread 0x000002708300a7c0 DEOPT PACKING pc=0x000002708b1145c7 sp=0x000000b4781fda70
Event: 1.367 Thread 0x000002708300a7c0 DEOPT UNPACKING pc=0x000002709266a4a3 sp=0x000000b4781fcef0 mode 0
Event: 1.368 Thread 0x000002708300a7c0 DEOPT PACKING pc=0x000002708b1145c7 sp=0x000000b4781fda70
Event: 1.368 Thread 0x000002708300a7c0 DEOPT UNPACKING pc=0x000002709266a4a3 sp=0x000000b4781fcef0 mode 0
Event: 1.397 Thread 0x000002708300a7c0 DEOPT PACKING pc=0x000002708b0d29d7 sp=0x000000b4781fdaf0
Event: 1.397 Thread 0x000002708300a7c0 DEOPT UNPACKING pc=0x000002709266a4a3 sp=0x000000b4781fcf10 mode 0
Event: 1.441 Thread 0x000002708300a7c0 DEOPT PACKING pc=0x000002708b0d29d7 sp=0x000000b4781fdaf0
Event: 1.441 Thread 0x000002708300a7c0 DEOPT UNPACKING pc=0x000002709266a4a3 sp=0x000000b4781fcf10 mode 0
Event: 1.570 Thread 0x000002708300a7c0 Uncommon trap: trap_request=0xffffff45 fr.pc=0x0000027092bb34c8 relative=0x0000000000000608
Event: 1.570 Thread 0x000002708300a7c0 Uncommon trap: reason=unstable_if action=reinterpret pc=0x0000027092bb34c8 method=java.util.ImmutableCollections$SetN.probe(Ljava/lang/Object;)I @ 34 c2
Event: 1.570 Thread 0x000002708300a7c0 DEOPT PACKING pc=0x0000027092bb34c8 sp=0x000000b4781fea00
Event: 1.571 Thread 0x000002708300a7c0 DEOPT UNPACKING pc=0x0000027092669d1c sp=0x000000b4781fe9a0 mode 2
Event: 1.588 Thread 0x000002708300a7c0 Uncommon trap: trap_request=0xffffff45 fr.pc=0x0000027092bb476c relative=0x000000000000044c
Event: 1.588 Thread 0x000002708300a7c0 Uncommon trap: reason=unstable_if action=reinterpret pc=0x0000027092bb476c method=java.lang.StringLatin1.newString([BII)Ljava/lang/String; @ 1 c2
Event: 1.588 Thread 0x000002708300a7c0 DEOPT PACKING pc=0x0000027092bb476c sp=0x000000b4781fe850
Event: 1.588 Thread 0x000002708300a7c0 DEOPT UNPACKING pc=0x0000027092669d1c sp=0x000000b4781fe7b0 mode 2
Event: 1.589 Thread 0x000002708300a7c0 Uncommon trap: trap_request=0xffffff45 fr.pc=0x0000027092bb4f68 relative=0x0000000000000348
Event: 1.589 Thread 0x000002708300a7c0 Uncommon trap: reason=unstable_if action=reinterpret pc=0x0000027092bb4f68 method=java.lang.StringLatin1.newString([BII)Ljava/lang/String; @ 1 c2
Event: 1.589 Thread 0x000002708300a7c0 DEOPT PACKING pc=0x0000027092bb4f68 sp=0x000000b4781fe7d0
Event: 1.589 Thread 0x000002708300a7c0 DEOPT UNPACKING pc=0x0000027092669d1c sp=0x000000b4781fe7b0 mode 2

Classes loaded (20 events):
Event: 0.997 Loading class java/nio/file/DirectoryStream done
Event: 0.997 Loading class sun/nio/fs/WindowsDirectoryStream done
Event: 0.997 Loading class java/nio/file/FileTreeWalker$DirectoryNode
Event: 0.997 Loading class java/nio/file/FileTreeWalker$DirectoryNode done
Event: 0.997 Loading class sun/nio/fs/WindowsDirectoryStream$WindowsDirectoryIterator
Event: 0.998 Loading class sun/nio/fs/WindowsDirectoryStream$WindowsDirectoryIterator done
Event: 0.998 Loading class java/nio/file/FileTreeWalker$Event
Event: 0.998 Loading class java/nio/file/FileTreeWalker$Event done
Event: 0.998 Loading class java/nio/file/FileTreeWalker$EventType
Event: 0.998 Loading class java/nio/file/FileTreeWalker$EventType done
Event: 1.033 Loading class sun/nio/fs/WindowsPath$WindowsPathWithAttributes
Event: 1.033 Loading class sun/nio/fs/BasicFileAttributesHolder
Event: 1.033 Loading class sun/nio/fs/BasicFileAttributesHolder done
Event: 1.033 Loading class sun/nio/fs/WindowsPath$WindowsPathWithAttributes done
Event: 1.215 Loading class java/util/WeakHashMap$KeyIterator
Event: 1.216 Loading class java/util/WeakHashMap$HashIterator
Event: 1.216 Loading class java/util/WeakHashMap$HashIterator done
Event: 1.216 Loading class java/util/WeakHashMap$KeyIterator done
Event: 1.563 Loading class jdk/internal/module/ModuleReferenceImpl$CachedHash
Event: 1.564 Loading class jdk/internal/module/ModuleReferenceImpl$CachedHash done

Classes unloaded (0 events):
No events

Classes redefined (0 events):
No events

Internal exceptions (2 events):
Event: 0.999 Thread 0x000002708300a7c0 Exception <a 'java/lang/NoSuchMethodError'{0x00000000c5a2f750}: 'void java.lang.invoke.DirectMethodHandle$Holder.invokeVirtual(java.lang.Object, java.lang.Object)'> (0x00000000c5a2f750) 
thrown [s\open\src\hotspot\share\interpreter\linkResolver.cpp, line 773]
Event: 1.014 Thread 0x000002708300a7c0 Exception <a 'java/lang/NoSuchMethodError'{0x00000000c5a3b818}: 'java.lang.Object java.lang.invoke.DirectMethodHandle$Holder.invokeInterface(java.lang.Object, java.lang.Object, java.lang.Object)'> (0x00000000c5a3b818) 
thrown [s\open\src\hotspot\share\interpreter\linkResolver.cpp, line 773]

VM Operations (6 events):
Event: 1.092 Executing VM operation: Cleanup
Event: 1.092 Executing VM operation: Cleanup done
Event: 1.449 Executing VM operation: HandshakeAllThreads
Event: 1.449 Executing VM operation: HandshakeAllThreads done
Event: 1.558 Executing VM operation: HandshakeAllThreads
Event: 1.558 Executing VM operation: HandshakeAllThreads done

Events (10 events):
Event: 0.083 Thread 0x000002708300a7c0 Thread added: 0x000002708300a7c0
Event: 0.135 Thread 0x000002709dada960 Thread added: 0x000002709dada960
Event: 0.135 Thread 0x000002709dadc0a0 Thread added: 0x000002709dadc0a0
Event: 0.137 Thread 0x000002709dadf970 Thread added: 0x000002709dadf970
Event: 0.137 Thread 0x000002709dae12c0 Thread added: 0x000002709dae12c0
Event: 0.137 Thread 0x000002709dae1c00 Thread added: 0x000002709dae1c00
Event: 0.138 Thread 0x000002709dae2540 Thread added: 0x000002709dae2540
Event: 0.138 Thread 0x000002709dae31b0 Thread added: 0x000002709dae31b0
Event: 0.182 Thread 0x000002709db511b0 Thread added: 0x000002709db511b0
Event: 0.586 Thread 0x00000270a1d4c0c0 Thread added: 0x00000270a1d4c0c0


Dynamic libraries:
0x00007ff687bf0000 - 0x00007ff687c00000 	C:\Program Files\Java\jdk-20\bin\javaw.exe
0x00007ffe6a570000 - 0x00007ffe6a768000 	C:\WINDOWS\SYSTEM32\ntdll.dll
0x00007ffe686d0000 - 0x00007ffe6878f000 	C:\WINDOWS\System32\KERNEL32.DLL
0x00007ffe67db0000 - 0x00007ffe680a6000 	C:\WINDOWS\System32\KERNELBASE.dll
0x00007ffe68420000 - 0x00007ffe68520000 	C:\WINDOWS\System32\ucrtbase.dll
0x00007ffe5b460000 - 0x00007ffe5b479000 	C:\Program Files\Java\jdk-20\bin\jli.dll
0x00007ffe688d0000 - 0x00007ffe6897f000 	C:\WINDOWS\System32\ADVAPI32.dll
0x00007ffe68630000 - 0x00007ffe686ce000 	C:\WINDOWS\System32\msvcrt.dll
0x00007ffe68d60000 - 0x00007ffe68dfc000 	C:\WINDOWS\System32\sechost.dll
0x00007ffe68ea0000 - 0x00007ffe68fc6000 	C:\WINDOWS\System32\RPCRT4.dll
0x00007ffe69760000 - 0x00007ffe698fd000 	C:\WINDOWS\System32\USER32.dll
0x00007ffe67c50000 - 0x00007ffe67c72000 	C:\WINDOWS\System32\win32u.dll
0x00007ffe68e70000 - 0x00007ffe68e9c000 	C:\WINDOWS\System32\GDI32.dll
0x00007ffe68120000 - 0x00007ffe68235000 	C:\WINDOWS\System32\gdi32full.dll
0x00007ffe67c80000 - 0x00007ffe67d1d000 	C:\WINDOWS\System32\msvcp_win.dll
0x00007ffe563a0000 - 0x00007ffe563bb000 	C:\Program Files\Java\jdk-20\bin\VCRUNTIME140.dll
0x00007ffe66fa0000 - 0x00007ffe6723a000 	C:\WINDOWS\WinSxS\amd64_microsoft.windows.common-controls_6595b64144ccf1df_6.0.19041.1110_none_60b5254171f9507e\COMCTL32.dll
0x00007ffe64d30000 - 0x00007ffe64d3a000 	C:\WINDOWS\SYSTEM32\VERSION.dll
0x00007ffe68790000 - 0x00007ffe687c0000 	C:\WINDOWS\System32\IMM32.DLL
0x00007ffe5f7b0000 - 0x00007ffe5f7bc000 	C:\Program Files\Java\jdk-20\bin\vcruntime140_1.dll
0x00007ffe39fd0000 - 0x00007ffe3a05e000 	C:\Program Files\Java\jdk-20\bin\msvcp140.dll
0x00007ffe26f80000 - 0x00007ffe27c17000 	C:\Program Files\Java\jdk-20\bin\server\jvm.dll
0x00007ffe4fcb0000 - 0x00007ffe4fcb9000 	C:\WINDOWS\SYSTEM32\WSOCK32.dll
0x00007ffe68e00000 - 0x00007ffe68e6b000 	C:\WINDOWS\System32\WS2_32.dll
0x00007ffe4d360000 - 0x00007ffe4d387000 	C:\WINDOWS\SYSTEM32\WINMM.dll
0x00007ffe64cc0000 - 0x00007ffe64cd2000 	C:\WINDOWS\SYSTEM32\kernel.appcore.dll
0x00007ffe65750000 - 0x00007ffe6575a000 	C:\Program Files\Java\jdk-20\bin\jimage.dll
0x00007ffe676d0000 - 0x00007ffe678b4000 	C:\WINDOWS\SYSTEM32\DBGHELP.DLL
0x00007ffe67460000 - 0x00007ffe67494000 	C:\WINDOWS\SYSTEM32\dbgcore.DLL
0x00007ffe67d20000 - 0x00007ffe67da2000 	C:\WINDOWS\System32\bcryptPrimitives.dll
0x00007ffe5c950000 - 0x00007ffe5c976000 	C:\Program Files\Java\jdk-20\bin\java.dll
0x00007ffe5b4c0000 - 0x00007ffe5b597000 	C:\Program Files\Java\jdk-20\bin\jsvml.dll
0x00007ffe69ad0000 - 0x00007ffe6a214000 	C:\WINDOWS\System32\SHELL32.dll
0x00007ffe64f00000 - 0x00007ffe65693000 	C:\WINDOWS\SYSTEM32\windows.storage.dll
0x00007ffe68980000 - 0x00007ffe68cd4000 	C:\WINDOWS\System32\combase.dll
0x00007ffe67240000 - 0x00007ffe6726e000 	C:\WINDOWS\SYSTEM32\Wldp.dll
0x00007ffe687c0000 - 0x00007ffe6886d000 	C:\WINDOWS\System32\SHCORE.dll
0x00007ffe68fd0000 - 0x00007ffe69025000 	C:\WINDOWS\System32\shlwapi.dll
0x00007ffe67b90000 - 0x00007ffe67baf000 	C:\WINDOWS\SYSTEM32\profapi.dll
0x00007ffe5c930000 - 0x00007ffe5c943000 	C:\Program Files\Java\jdk-20\bin\net.dll
0x00007ffe5e780000 - 0x00007ffe5e88a000 	C:\WINDOWS\SYSTEM32\WINHTTP.dll
0x00007ffe66be0000 - 0x00007ffe66c4a000 	C:\WINDOWS\system32\mswsock.dll
0x00007ffe5c910000 - 0x00007ffe5c926000 	C:\Program Files\Java\jdk-20\bin\nio.dll
0x00007ffe5c8f0000 - 0x00007ffe5c908000 	C:\Program Files\Java\jdk-20\bin\zip.dll

dbghelp: loaded successfully - version: 4.0.5 - missing functions: none
symbol engine: initialized successfully - sym options: 0x614 - pdb path: .;C:\Program Files\Java\jdk-20\bin;C:\WINDOWS\SYSTEM32;C:\WINDOWS\WinSxS\amd64_microsoft.windows.common-controls_6595b64144ccf1df_6.0.19041.1110_none_60b5254171f9507e;C:\Program Files\Java\jdk-20\bin\server

VM Arguments:
jvm_args: -Dfile.encoding=UTF-8 -Dstdout.encoding=UTF-8 -Dstderr.encoding=UTF-8 --module-path=C:\Users\Melissa Morgan\Documents\GitHub\Pig_CPS261_Final\pig\bin;C:\Users\Melissa Morgan\Documents\javafx-sdk-21\lib\javafx.base.jar;C:\Users\Melissa Morgan\Documents\javafx-sdk-21\lib\javafx.controls.jar;C:\Users\Melissa Morgan\Documents\javafx-sdk-21\lib\javafx.fxml.jar;C:\Users\Melissa Morgan\Documents\javafx-sdk-21\lib\javafx.graphics.jar;C:\Users\Melissa Morgan\Documents\javafx-sdk-21\lib\javafx.media.jar;C:\Users\Melissa Morgan\Documents\javafx-sdk-21\lib\javafx.swing.jar;C:\Users\Melissa Morgan\Documents\javafx-sdk-21\lib\javafx.web.jar;C:\Users\Melissa Morgan\Documents\javafx-sdk-21\lib\javafx-swt.jar;C:\Users\Melissa Morgan\.p2\pool\plugins\org.eclipse.fx.ide.css.jfx8_3.10.0.202303150700.jar -XX:+ShowCodeDetailsInExceptionMessages -Djdk.module.main=pig 
java_command: pig/application.Main
java_class_path (initial): <not set>
Launcher Type: SUN_STANDARD

[Global flags]
     intx CICompilerCount                          = 3                                         {product} {ergonomic}
     uint ConcGCThreads                            = 1                                         {product} {ergonomic}
     uint G1ConcRefinementThreads                  = 4                                         {product} {ergonomic}
   size_t G1HeapRegionSize                         = 1048576                                   {product} {ergonomic}
    uintx GCDrainStackTargetSize                   = 64                                        {product} {ergonomic}
   size_t InitialHeapSize                          = 67108864                                  {product} {ergonomic}
   size_t MarkStackSize                            = 4194304                                   {product} {ergonomic}
   size_t MaxHeapSize                              = 1044381696                                {product} {ergonomic}
   size_t MaxNewSize                               = 625999872                                 {product} {ergonomic}
   size_t MinHeapDeltaBytes                        = 1048576                                   {product} {ergonomic}
   size_t MinHeapSize                              = 8388608                                   {product} {ergonomic}
    uintx NonNMethodCodeHeapSize                   = 5832780                                {pd product} {ergonomic}
    uintx NonProfiledCodeHeapSize                  = 122912730                              {pd product} {ergonomic}
    uintx ProfiledCodeHeapSize                     = 122912730                              {pd product} {ergonomic}
    uintx ReservedCodeCacheSize                    = 251658240                              {pd product} {ergonomic}
     bool SegmentedCodeCache                       = true                                      {product} {ergonomic}
     bool ShowCodeDetailsInExceptionMessages       = true                                   {manageable} {command line}
   size_t SoftMaxHeapSize                          = 1044381696                             {manageable} {ergonomic}
     bool UseCompressedClassPointers               = true                           {product lp64_product} {ergonomic}
     bool UseCompressedOops                        = true                           {product lp64_product} {ergonomic}
     bool UseG1GC                                  = true                                      {product} {ergonomic}
     bool UseLargePagesIndividualAllocation        = false                                  {pd product} {ergonomic}

Logging:
Log output configuration:
 #0: stdout all=warning uptime,level,tags foldmultilines=false
 #1: stderr all=off uptime,level,tags foldmultilines=false

Environment Variables:
PATH=C:/Program Files/Java/jdk-20/bin/server;C:/Program Files/Java/jdk-20/bin;C:\Program Files\Common Files\Oracle\Java\javapath;C:\WINDOWS\system32;C:\WINDOWS;C:\WINDOWS\System32\Wbem;C:\WINDOWS\System32\WindowsPowerShell\v1.0\;C:\WINDOWS\System32\OpenSSH\;C:\Program Files\Git\cmd;C:\Program Files\Microsoft SQL Server\Client SDK\ODBC\170\Tools\Binn\;C:\Program Files (x86)\Microsoft SQL Server\150\Tools\Binn\;C:\Program Files\Microsoft SQL Server\150\Tools\Binn\;C:\Program Files\Microsoft SQL Server\150\DTS\Binn\;C:\Program Files (x86)\Microsoft SQL Server\160\DTS\Binn\;C:\Program Files\Azure Data Studio\bin;C:\Users\Melissa Morgan\AppData\Local\Programs\Python\Python311\Scripts\;C:\Users\Melissa Morgan\AppData\Local\Programs\Python\Python311\;C:\Users\Melissa Morgan\AppData\Local\Microsoft\WindowsApps;C:\msys64\mingw64\bin;C:\Users\Melissa Morgan\AppData\Local\GitHubDesktop\bin;C:\Users\Melissa Morgan\AppData\Local\Programs\Microsoft VS Code\bin;C:\Program Files\Azure Data Studio\bin;C:\WINDOWS\system32;
USERNAME=Melissa Morgan
OS=Windows_NT
PROCESSOR_IDENTIFIER=Intel64 Family 6 Model 142 Stepping 9, GenuineIntel
TMP=C:\Users\MELISS~1\AppData\Local\Temp
TEMP=C:\Users\MELISS~1\AppData\Local\Temp




---------------  S Y S T E M  ---------------

OS:
 Windows 10 , 64 bit Build 19041 (10.0.19041.3031)
OS uptime: 0 days 18:27 hours

CPU: total 4 (initial active 4) (2 cores per cpu, 2 threads per core) family 6 model 142 stepping 9 microcode 0xf0, cx8, cmov, fxsr, ht, mmx, 3dnowpref, sse, sse2, sse3, ssse3, sse4.1, sse4.2, popcnt, lzcnt, tsc, tscinvbit, aes, erms, clmul, clflush, clflushopt, rdtscp

Memory: 4k page, system-wide physical 3980M (291M free)
TotalPageFile size 5380M (AvailPageFile size 1M)
current process WorkingSet (physical memory assigned to process): 44M, peak: 44M
current process commit charge ("private bytes"): 140M, peak: 141M

vm_info: Java HotSpot(TM) 64-Bit Server VM (20.0.1+9-29) for windows-amd64 JRE (20.0.1+9-29), built on 2023-03-07T13:56:11Z by "mach5one" with MS VC++ 17.1 (VS2022)

END.
