#
# There is insufficient memory for the Java Runtime Environment to continue.
# Native memory allocation (mmap) failed to map 75497472 bytes for G1 virtual space
# Possible reasons:
#   The system is out of physical RAM or swap space
#   The process is running with CompressedOops enabled, and the Java Heap may be blocking the growth of the native heap
# Possible solutions:
#   Reduce memory load on the system
#   Increase physical memory or swap space
#   Check if swap backing store is full
#   Decrease Java heap size (-Xmx/-Xms)
#   Decrease number of Java threads
#   Decrease Java thread stack sizes (-Xss)
#   Set larger code cache with -XX:ReservedCodeCacheSize=
#   JVM is running with Unscaled Compressed Oops mode in which the Java heap is
#     placed in the first 4GB address space. The Java Heap base address is the
#     maximum limit for the native heap growth. Please use -XX:HeapBaseMinAddress
#     to set the Java Heap base and to place the Java Heap above 4GB virtual address.
# This output file may be truncated or incomplete.
#
#  Out of Memory Error (os_windows.cpp:3528), pid=9080, tid=5324
#
# JRE version: Java(TM) SE Runtime Environment (20.0.1+9) (build 20.0.1+9-29)
# Java VM: Java HotSpot(TM) 64-Bit Server VM (20.0.1+9-29, mixed mode, sharing, tiered, compressed oops, compressed class ptrs, g1 gc, windows-amd64)
# No core dump will be written. Minidumps are not enabled by default on client versions of Windows
#

---------------  S U M M A R Y ------------

Command Line: -Dfile.encoding=UTF-8 -Dstdout.encoding=UTF-8 -Dstderr.encoding=UTF-8 --module-path=C:\Users\Melissa Morgan\Documents\GitHub\Pig_CPS261_Final\pig\bin;C:\Users\Melissa Morgan\Documents\javafx-sdk-21\lib\javafx.base.jar;C:\Users\Melissa Morgan\Documents\javafx-sdk-21\lib\javafx.controls.jar;C:\Users\Melissa Morgan\Documents\javafx-sdk-21\lib\javafx.fxml.jar;C:\Users\Melissa Morgan\Documents\javafx-sdk-21\lib\javafx.graphics.jar;C:\Users\Melissa Morgan\Documents\javafx-sdk-21\lib\javafx.media.jar;C:\Users\Melissa Morgan\Documents\javafx-sdk-21\lib\javafx.swing.jar;C:\Users\Melissa Morgan\Documents\javafx-sdk-21\lib\javafx.web.jar;C:\Users\Melissa Morgan\Documents\javafx-sdk-21\lib\javafx-swt.jar;C:\Users\Melissa Morgan\.p2\pool\plugins\org.eclipse.fx.ide.css.jfx8_3.10.0.202303150700.jar -XX:+ShowCodeDetailsInExceptionMessages -Djdk.module.main=pig pig/application.Main

Host: Intel(R) Pentium(R) CPU 4415Y @ 1.60GHz, 4 cores, 3G,  Windows 10 , 64 bit Build 19041 (10.0.19041.3031)
Time: Tue Nov 21 23:05:08 2023 Eastern Standard Time elapsed time: 11.724926 seconds (0d 0h 0m 11s)

---------------  T H R E A D  ---------------

Current thread (0x0000021fe2eff450):  VMThread "VM Thread" [stack: 0x000000de9a200000,0x000000de9a300000] [id=5324]

Stack: [0x000000de9a200000,0x000000de9a300000]
Native frames: (J=compiled Java code, j=interpreted, Vv=VM code, C=native code)
V  [jvm.dll+0x6bb95a]
V  [jvm.dll+0x8485fa]
V  [jvm.dll+0x84a1f5]
V  [jvm.dll+0x84a8f3]
V  [jvm.dll+0x280b0f]
V  [jvm.dll+0x6b86e9]
V  [jvm.dll+0x6ad2da]
V  [jvm.dll+0x35adf5]
V  [jvm.dll+0x363016]
V  [jvm.dll+0x3b3b3e]
V  [jvm.dll+0x3b3dc5]
V  [jvm.dll+0x32b50a]
V  [jvm.dll+0x32e126]
V  [jvm.dll+0x3381ee]
V  [jvm.dll+0x371a5a]
V  [jvm.dll+0x85023e]
V  [jvm.dll+0x851351]
V  [jvm.dll+0x851859]
V  [jvm.dll+0x851ad3]
V  [jvm.dll+0x7f4b56]
V  [jvm.dll+0x6ba5cb]
C  [ucrtbase.dll+0x21bb2]
C  [KERNEL32.DLL+0x17614]
C  [ntdll.dll+0x526f1]

VM_Operation (0x000000de99eff380): G1PauseRemark, mode: safepoint, requested by thread 0x0000021fe2e86260


---------------  P R O C E S S  ---------------

Threads class SMR info:
_java_thread_list=0x0000021ffe611e30, length=18, elements={
0x0000021fe2e3a7c0, 0x0000021ffd8fdff0, 0x0000021ffd8ff0d0, 0x0000021ffd900430,
0x0000021ffd901510, 0x0000021ffd901e50, 0x0000021ffd9037a0, 0x0000021ffd90ac60,
0x0000021ffd917d10, 0x0000021ffd9ce500, 0x0000021ffdd0d550, 0x0000021ffe14b990,
0x0000021ffdf72a00, 0x0000021ffe14a450, 0x0000021ffe32bbc0, 0x0000021ffe307fa0,
0x0000021ffee84120, 0x0000021fff129e00
}

Java Threads: ( => current thread )
  0x0000021fe2e3a7c0 JavaThread "main" [_thread_blocked, id=9600, stack(0x000000de99c00000,0x000000de99d00000)]
  0x0000021ffd8fdff0 JavaThread "Reference Handler" daemon [_thread_blocked, id=4192, stack(0x000000de9a300000,0x000000de9a400000)]
  0x0000021ffd8ff0d0 JavaThread "Finalizer" daemon [_thread_blocked, id=9544, stack(0x000000de9a400000,0x000000de9a500000)]
  0x0000021ffd900430 JavaThread "Signal Dispatcher" daemon [_thread_blocked, id=10868, stack(0x000000de9a500000,0x000000de9a600000)]
  0x0000021ffd901510 JavaThread "Attach Listener" daemon [_thread_blocked, id=10712, stack(0x000000de9a600000,0x000000de9a700000)]
  0x0000021ffd901e50 JavaThread "Service Thread" daemon [_thread_blocked, id=8212, stack(0x000000de9a700000,0x000000de9a800000)]
  0x0000021ffd9037a0 JavaThread "Monitor Deflation Thread" daemon [_thread_blocked, id=10356, stack(0x000000de9a800000,0x000000de9a900000)]
  0x0000021ffd90ac60 JavaThread "C2 CompilerThread0" daemon [_thread_blocked, id=11548, stack(0x000000de9a900000,0x000000de9aa00000)]
  0x0000021ffd917d10 JavaThread "C1 CompilerThread0" daemon [_thread_blocked, id=10440, stack(0x000000de9aa00000,0x000000de9ab00000)]
  0x0000021ffd9ce500 JavaThread "Common-Cleaner" daemon [_thread_blocked, id=4544, stack(0x000000de9ab00000,0x000000de9ac00000)]
  0x0000021ffdd0d550 JavaThread "Notification Thread" daemon [_thread_blocked, id=12160, stack(0x000000de9ad00000,0x000000de9ae00000)]
  0x0000021ffe14b990 JavaThread "QuantumRenderer-0" daemon [_thread_blocked, id=1260, stack(0x000000de9af00000,0x000000de9b000000)]
  0x0000021ffdf72a00 JavaThread "InvokeLaterDispatcher" daemon [_thread_blocked, id=216, stack(0x000000de9b100000,0x000000de9b200000)]
  0x0000021ffe14a450 JavaThread "JavaFX Application Thread" [_thread_blocked, id=8452, stack(0x000000de9b200000,0x000000de9b300000)]
  0x0000021ffe32bbc0 JavaThread "Thread-1" daemon [_thread_blocked, id=9232, stack(0x000000de9b600000,0x000000de9b700000)]
  0x0000021ffe307fa0 JavaThread "JavaFX-Launcher" [_thread_blocked, id=8924, stack(0x000000de9b700000,0x000000de9b800000)]
  0x0000021ffee84120 JavaThread "Prism Font Disposer" daemon [_thread_blocked, id=8120, stack(0x000000de9b800000,0x000000de9b900000)]
  0x0000021fff129e00 JavaThread "C2 CompilerThread1" daemon [_thread_blocked, id=9588, stack(0x000000de9ac00000,0x000000de9ad00000)]

Other Threads:
=>0x0000021fe2eff450 VMThread "VM Thread" [stack: 0x000000de9a200000,0x000000de9a300000] [id=5324]
  0x0000021ffdb8d2a0 WatcherThread "VM Periodic Task Thread" [stack: 0x000000de9ae00000,0x000000de9af00000] [id=3344]
  0x0000021fe2e7ce00 WorkerThread "GC Thread#0" [stack: 0x000000de99d00000,0x000000de99e00000] [id=764]
  0x0000021ffe43b670 WorkerThread "GC Thread#1" [stack: 0x000000de9b300000,0x000000de9b400000] [id=2572]
  0x0000021ffe43b940 WorkerThread "GC Thread#2" [stack: 0x000000de9b400000,0x000000de9b500000] [id=9496]
  0x0000021ffe43c420 WorkerThread "GC Thread#3" [stack: 0x000000de9b500000,0x000000de9b600000] [id=10936]
  0x0000021fe2e86260 ConcurrentGCThread "G1 Main Marker" [stack: 0x000000de99e00000,0x000000de99f00000] [id=11928]
  0x0000021fe2e86ba0 WorkerThread "G1 Conc#0" [stack: 0x000000de99f00000,0x000000de9a000000] [id=1292]
  0x0000021fe2eda570 ConcurrentGCThread "G1 Refine#0" [stack: 0x000000de9a000000,0x000000de9a100000] [id=11212]
  0x0000021fe2edaf20 ConcurrentGCThread "G1 Service" [stack: 0x000000de9a100000,0x000000de9a200000] [id=864]

Threads with active compile tasks:
C2 CompilerThread1    11803 3235       4       com.sun.javafx.fxml.builder.ProxyBuilder::scanForSetters (372 bytes)

VM state: at safepoint (normal execution)

VM Mutex/Monitor currently owned by a thread:  ([mutex/lock_event])
[0x0000021fe2e23b70] Threads_lock - owner thread: 0x0000021fe2eff450
[0x0000021fe2e227c0] Heap_lock - owner thread: 0x0000021fe2e86260

Heap address: 0x00000000c1c00000, size: 996 MB, Compressed Oops mode: 32-bit

CDS archive(s) mapped at: [0x0000000800000000-0x0000000800c60000-0x0000000800c60000), size 12976128, SharedBaseAddress: 0x0000000800000000, ArchiveRelocationMode: 0.
Compressed class space mapped at: 0x0000000801000000-0x0000000841000000, reserved size: 1073741824
Narrow klass base: 0x0000000800000000, Narrow klass shift: 0, Narrow klass range: 0x100000000

GC Precious Log:
 CardTable entry size: 512
 Card Set container configuration: InlinePtr #cards 5 size 8 Array Of Cards #cards 12 size 40 Howl #buckets 4 coarsen threshold 1843 Howl Bitmap #cards 512 size 80 coarsen threshold 460 Card regions per heap region 1 cards per card region 2048
 CPUs: 4 total, 4 available
 Memory: 3980M
 Large Page Support: Disabled
 NUMA Support: Disabled
 Compressed Oops: Enabled (32-bit)
 Heap Region Size: 1M
 Heap Min Capacity: 8M
 Heap Initial Capacity: 64M
 Heap Max Capacity: 996M
 Pre-touch: Disabled
 Parallel Workers: 4
 Concurrent Workers: 1
 Concurrent Refinement Workers: 4
 Periodic GC: Disabled

Heap:
 garbage-first heap   total 150528K, used 132720K [0x00000000c1c00000, 0x0000000100000000)
  region size 1024K, 12 young (12288K), 3 survivors (3072K)
 Metaspace       used 11383K, committed 11776K, reserved 1114112K
  class space    used 1414K, committed 1600K, reserved 1048576K

Heap Regions: E=young(eden), S=young(survivor), O=old, HS=humongous(starts), HC=humongous(continues), CS=collection set, F=free, OA=open archive, CA=closed archive, TAMS=top-at-mark-start, PB=parsable bottom
|   0|0x00000000c1c00000, 0x00000000c1d00000, 0x00000000c1d00000|100%| O|  |TAMS 0x00000000c1d00000| PB 0x00000000c1d00000| Untracked 
|   1|0x00000000c1d00000, 0x00000000c1e00000, 0x00000000c1e00000|100%| O|  |TAMS 0x00000000c1e00000| PB 0x00000000c1e00000| Untracked 
|   2|0x00000000c1e00000, 0x00000000c1f00000, 0x00000000c1f00000|100%| O|  |TAMS 0x00000000c1f00000| PB 0x00000000c1f00000| Untracked 
|   3|0x00000000c1f00000, 0x00000000c2000000, 0x00000000c2000000|100%| O|  |TAMS 0x00000000c2000000| PB 0x00000000c2000000| Untracked 
|   4|0x00000000c2000000, 0x00000000c2100000, 0x00000000c2100000|100%| O|  |TAMS 0x00000000c2100000| PB 0x00000000c2100000| Untracked 
|   5|0x00000000c2100000, 0x00000000c2200000, 0x00000000c2200000|100%| O|  |TAMS 0x00000000c2200000| PB 0x00000000c2200000| Updating 
|   6|0x00000000c2200000, 0x00000000c2300000, 0x00000000c2300000|100%| O|  |TAMS 0x00000000c2300000| PB 0x00000000c2300000| Untracked 
|   7|0x00000000c2300000, 0x00000000c2400000, 0x00000000c2400000|100%| O|  |TAMS 0x00000000c2400000| PB 0x00000000c2400000| Updating 
|   8|0x00000000c2400000, 0x00000000c2500000, 0x00000000c2500000|100%| O|  |TAMS 0x00000000c2500000| PB 0x00000000c2500000| Untracked 
|   9|0x00000000c2500000, 0x00000000c2600000, 0x00000000c2600000|100%| O|  |TAMS 0x00000000c2600000| PB 0x00000000c2600000| Updating 
|  10|0x00000000c2600000, 0x00000000c2700000, 0x00000000c2700000|100%| O|  |TAMS 0x00000000c2700000| PB 0x00000000c2700000| Untracked 
|  11|0x00000000c2700000, 0x00000000c2800000, 0x00000000c2800000|100%| O|  |TAMS 0x00000000c2800000| PB 0x00000000c2800000| Updating 
|  12|0x00000000c2800000, 0x00000000c2900000, 0x00000000c2900000|100%| O|  |TAMS 0x00000000c2900000| PB 0x00000000c2900000| Untracked 
|  13|0x00000000c2900000, 0x00000000c2a00000, 0x00000000c2a00000|100%| O|  |TAMS 0x00000000c2a00000| PB 0x00000000c2a00000| Untracked 
|  14|0x00000000c2a00000, 0x00000000c2b00000, 0x00000000c2b00000|100%| O|  |TAMS 0x00000000c2b00000| PB 0x00000000c2b00000| Updating 
|  15|0x00000000c2b00000, 0x00000000c2c00000, 0x00000000c2c00000|100%| O|  |TAMS 0x00000000c2c00000| PB 0x00000000c2c00000| Untracked 
|  16|0x00000000c2c00000, 0x00000000c2d00000, 0x00000000c2d00000|100%| O|  |TAMS 0x00000000c2d00000| PB 0x00000000c2d00000| Untracked 
|  17|0x00000000c2d00000, 0x00000000c2e00000, 0x00000000c2e00000|100%| O|  |TAMS 0x00000000c2e00000| PB 0x00000000c2e00000| Untracked 
|  18|0x00000000c2e00000, 0x00000000c2f00000, 0x00000000c2f00000|100%| O|  |TAMS 0x00000000c2f00000| PB 0x00000000c2f00000| Updating 
|  19|0x00000000c2f00000, 0x00000000c3000000, 0x00000000c3000000|100%| O|  |TAMS 0x00000000c3000000| PB 0x00000000c3000000| Untracked 
|  20|0x00000000c3000000, 0x00000000c3100000, 0x00000000c3100000|100%| O|  |TAMS 0x00000000c3100000| PB 0x00000000c3100000| Updating 
|  21|0x00000000c3100000, 0x00000000c3200000, 0x00000000c3200000|100%| O|  |TAMS 0x00000000c3200000| PB 0x00000000c3200000| Updating 
|  22|0x00000000c3200000, 0x00000000c3300000, 0x00000000c3300000|100%| O|  |TAMS 0x00000000c3300000| PB 0x00000000c3300000| Untracked 
|  23|0x00000000c3300000, 0x00000000c3400000, 0x00000000c3400000|100%| O|  |TAMS 0x00000000c3400000| PB 0x00000000c3400000| Untracked 
|  24|0x00000000c3400000, 0x00000000c3500000, 0x00000000c3500000|100%| O|  |TAMS 0x00000000c3500000| PB 0x00000000c3500000| Untracked 
|  25|0x00000000c3500000, 0x00000000c3600000, 0x00000000c3600000|100%| O|  |TAMS 0x00000000c3600000| PB 0x00000000c3600000| Untracked 
|  26|0x00000000c3600000, 0x00000000c3700000, 0x00000000c3700000|100%| O|  |TAMS 0x00000000c3700000| PB 0x00000000c3700000| Untracked 
|  27|0x00000000c3700000, 0x00000000c3800000, 0x00000000c3800000|100%| O|  |TAMS 0x00000000c3800000| PB 0x00000000c3800000| Untracked 
|  28|0x00000000c3800000, 0x00000000c3900000, 0x00000000c3900000|100%| O|  |TAMS 0x00000000c3900000| PB 0x00000000c3900000| Untracked 
|  29|0x00000000c3900000, 0x00000000c3a00000, 0x00000000c3a00000|100%| O|  |TAMS 0x00000000c3a00000| PB 0x00000000c3a00000| Untracked 
|  30|0x00000000c3a00000, 0x00000000c3b00000, 0x00000000c3b00000|100%| O|  |TAMS 0x00000000c3b00000| PB 0x00000000c3b00000| Updating 
|  31|0x00000000c3b00000, 0x00000000c3c00000, 0x00000000c3c00000|100%| O|  |TAMS 0x00000000c3c00000| PB 0x00000000c3c00000| Untracked 
|  32|0x00000000c3c00000, 0x00000000c3d00000, 0x00000000c3d00000|100%| O|  |TAMS 0x00000000c3d00000| PB 0x00000000c3d00000| Untracked 
|  33|0x00000000c3d00000, 0x00000000c3e00000, 0x00000000c3e00000|100%| O|  |TAMS 0x00000000c3e00000| PB 0x00000000c3e00000| Untracked 
|  34|0x00000000c3e00000, 0x00000000c3f00000, 0x00000000c3f00000|100%| O|  |TAMS 0x00000000c3f00000| PB 0x00000000c3f00000| Updating 
|  35|0x00000000c3f00000, 0x00000000c4000000, 0x00000000c4000000|100%| O|  |TAMS 0x00000000c4000000| PB 0x00000000c4000000| Untracked 
|  36|0x00000000c4000000, 0x00000000c4100000, 0x00000000c4100000|100%| O|  |TAMS 0x00000000c4100000| PB 0x00000000c4100000| Untracked 
|  37|0x00000000c4100000, 0x00000000c4200000, 0x00000000c4200000|100%| O|  |TAMS 0x00000000c4200000| PB 0x00000000c4200000| Updating 
|  38|0x00000000c4200000, 0x00000000c4300000, 0x00000000c4300000|100%| O|  |TAMS 0x00000000c4300000| PB 0x00000000c4300000| Untracked 
|  39|0x00000000c4300000, 0x00000000c4400000, 0x00000000c4400000|100%| O|  |TAMS 0x00000000c4400000| PB 0x00000000c4400000| Untracked 
|  40|0x00000000c4400000, 0x00000000c4500000, 0x00000000c4500000|100%| O|  |TAMS 0x00000000c4500000| PB 0x00000000c4500000| Untracked 
|  41|0x00000000c4500000, 0x00000000c4600000, 0x00000000c4600000|100%| O|  |TAMS 0x00000000c4600000| PB 0x00000000c4600000| Updating 
|  42|0x00000000c4600000, 0x00000000c4700000, 0x00000000c4700000|100%| O|  |TAMS 0x00000000c4700000| PB 0x00000000c4700000| Untracked 
|  43|0x00000000c4700000, 0x00000000c4800000, 0x00000000c4800000|100%| O|  |TAMS 0x00000000c4800000| PB 0x00000000c4800000| Updating 
|  44|0x00000000c4800000, 0x00000000c4900000, 0x00000000c4900000|100%| O|  |TAMS 0x00000000c4900000| PB 0x00000000c4900000| Untracked 
|  45|0x00000000c4900000, 0x00000000c4a00000, 0x00000000c4a00000|100%| O|  |TAMS 0x00000000c4a00000| PB 0x00000000c4a00000| Untracked 
|  46|0x00000000c4a00000, 0x00000000c4b00000, 0x00000000c4b00000|100%| O|  |TAMS 0x00000000c4b00000| PB 0x00000000c4b00000| Untracked 
|  47|0x00000000c4b00000, 0x00000000c4c00000, 0x00000000c4c00000|100%| O|  |TAMS 0x00000000c4c00000| PB 0x00000000c4c00000| Untracked 
|  48|0x00000000c4c00000, 0x00000000c4d00000, 0x00000000c4d00000|100%| O|  |TAMS 0x00000000c4d00000| PB 0x00000000c4d00000| Untracked 
|  49|0x00000000c4d00000, 0x00000000c4e00000, 0x00000000c4e00000|100%| O|  |TAMS 0x00000000c4e00000| PB 0x00000000c4e00000| Updating 
|  50|0x00000000c4e00000, 0x00000000c4f00000, 0x00000000c4f00000|100%| O|  |TAMS 0x00000000c4f00000| PB 0x00000000c4f00000| Untracked 
|  51|0x00000000c4f00000, 0x00000000c5000000, 0x00000000c5000000|100%| O|  |TAMS 0x00000000c5000000| PB 0x00000000c5000000| Updating 
|  52|0x00000000c5000000, 0x00000000c5100000, 0x00000000c5100000|100%| O|  |TAMS 0x00000000c5100000| PB 0x00000000c5100000| Untracked 
|  53|0x00000000c5100000, 0x00000000c5200000, 0x00000000c5200000|100%| O|  |TAMS 0x00000000c5200000| PB 0x00000000c5200000| Untracked 
|  54|0x00000000c5200000, 0x00000000c5300000, 0x00000000c5300000|100%| O|  |TAMS 0x00000000c5300000| PB 0x00000000c5300000| Untracked 
|  55|0x00000000c5300000, 0x00000000c5400000, 0x00000000c5400000|100%| O|  |TAMS 0x00000000c5400000| PB 0x00000000c5400000| Untracked 
|  56|0x00000000c5400000, 0x00000000c5500000, 0x00000000c5500000|100%| O|  |TAMS 0x00000000c5500000| PB 0x00000000c5500000| Updating 
|  57|0x00000000c5500000, 0x00000000c5600000, 0x00000000c5600000|100%| O|  |TAMS 0x00000000c5600000| PB 0x00000000c5600000| Untracked 
|  58|0x00000000c5600000, 0x00000000c5700000, 0x00000000c5700000|100%| O|  |TAMS 0x00000000c5700000| PB 0x00000000c5700000| Untracked 
|  59|0x00000000c5700000, 0x00000000c5800000, 0x00000000c5800000|100%| O|  |TAMS 0x00000000c5800000| PB 0x00000000c5800000| Untracked 
|  60|0x00000000c5800000, 0x00000000c5900000, 0x00000000c5900000|100%| O|  |TAMS 0x00000000c5900000| PB 0x00000000c5900000| Untracked 
|  61|0x00000000c5900000, 0x00000000c5a00000, 0x00000000c5a00000|100%| O|  |TAMS 0x00000000c5a00000| PB 0x00000000c5a00000| Untracked 
|  62|0x00000000c5a00000, 0x00000000c5b00000, 0x00000000c5b00000|100%| O|  |TAMS 0x00000000c5b00000| PB 0x00000000c5b00000| Untracked 
|  63|0x00000000c5b00000, 0x00000000c5c00000, 0x00000000c5c00000|100%| O|  |TAMS 0x00000000c5c00000| PB 0x00000000c5c00000| Untracked 
|  64|0x00000000c5c00000, 0x00000000c5d00000, 0x00000000c5d00000|100%| O|  |TAMS 0x00000000c5d00000| PB 0x00000000c5d00000| Untracked 
|  65|0x00000000c5d00000, 0x00000000c5e00000, 0x00000000c5e00000|100%| O|  |TAMS 0x00000000c5e00000| PB 0x00000000c5e00000| Untracked 
|  66|0x00000000c5e00000, 0x00000000c5f00000, 0x00000000c5f00000|100%| O|  |TAMS 0x00000000c5f00000| PB 0x00000000c5f00000| Untracked 
|  67|0x00000000c5f00000, 0x00000000c6000000, 0x00000000c6000000|100%| O|  |TAMS 0x00000000c6000000| PB 0x00000000c6000000| Untracked 
|  68|0x00000000c6000000, 0x00000000c6100000, 0x00000000c6100000|100%| O|  |TAMS 0x00000000c6100000| PB 0x00000000c6100000| Untracked 
|  69|0x00000000c6100000, 0x00000000c6200000, 0x00000000c6200000|100%| O|  |TAMS 0x00000000c6200000| PB 0x00000000c6200000| Untracked 
|  70|0x00000000c6200000, 0x00000000c6300000, 0x00000000c6300000|100%| O|  |TAMS 0x00000000c6300000| PB 0x00000000c6300000| Untracked 
|  71|0x00000000c6300000, 0x00000000c6400000, 0x00000000c6400000|100%| O|  |TAMS 0x00000000c6400000| PB 0x00000000c6400000| Untracked 
|  72|0x00000000c6400000, 0x00000000c6500000, 0x00000000c6500000|100%| O|  |TAMS 0x00000000c6500000| PB 0x00000000c6500000| Updating 
|  73|0x00000000c6500000, 0x00000000c6600000, 0x00000000c6600000|100%| O|  |TAMS 0x00000000c6600000| PB 0x00000000c6600000| Updating 
|  74|0x00000000c6600000, 0x00000000c6700000, 0x00000000c6700000|100%| O|  |TAMS 0x00000000c6700000| PB 0x00000000c6700000| Untracked 
|  75|0x00000000c6700000, 0x00000000c6800000, 0x00000000c6800000|100%| O|  |TAMS 0x00000000c6800000| PB 0x00000000c6800000| Untracked 
|  76|0x00000000c6800000, 0x00000000c6900000, 0x00000000c6900000|100%| O|  |TAMS 0x00000000c6900000| PB 0x00000000c6900000| Untracked 
|  77|0x00000000c6900000, 0x00000000c6a00000, 0x00000000c6a00000|100%| O|  |TAMS 0x00000000c6a00000| PB 0x00000000c6a00000| Untracked 
|  78|0x00000000c6a00000, 0x00000000c6b00000, 0x00000000c6b00000|100%| O|  |TAMS 0x00000000c6b00000| PB 0x00000000c6b00000| Untracked 
|  79|0x00000000c6b00000, 0x00000000c6c00000, 0x00000000c6c00000|100%| O|  |TAMS 0x00000000c6c00000| PB 0x00000000c6c00000| Untracked 
|  80|0x00000000c6c00000, 0x00000000c6d00000, 0x00000000c6d00000|100%| O|  |TAMS 0x00000000c6d00000| PB 0x00000000c6d00000| Untracked 
|  81|0x00000000c6d00000, 0x00000000c6e00000, 0x00000000c6e00000|100%| O|  |TAMS 0x00000000c6e00000| PB 0x00000000c6e00000| Untracked 
|  82|0x00000000c6e00000, 0x00000000c6f00000, 0x00000000c6f00000|100%| O|  |TAMS 0x00000000c6f00000| PB 0x00000000c6f00000| Untracked 
|  83|0x00000000c6f00000, 0x00000000c7000000, 0x00000000c7000000|100%| O|  |TAMS 0x00000000c7000000| PB 0x00000000c7000000| Untracked 
|  84|0x00000000c7000000, 0x00000000c7100000, 0x00000000c7100000|100%| O|  |TAMS 0x00000000c7100000| PB 0x00000000c7100000| Untracked 
|  85|0x00000000c7100000, 0x00000000c7200000, 0x00000000c7200000|100%| O|  |TAMS 0x00000000c7200000| PB 0x00000000c7200000| Untracked 
|  86|0x00000000c7200000, 0x00000000c7300000, 0x00000000c7300000|100%| O|  |TAMS 0x00000000c7300000| PB 0x00000000c7300000| Updating 
|  87|0x00000000c7300000, 0x00000000c7400000, 0x00000000c7400000|100%| O|  |TAMS 0x00000000c7400000| PB 0x00000000c7400000| Updating 
|  88|0x00000000c7400000, 0x00000000c7500000, 0x00000000c7500000|100%| O|  |TAMS 0x00000000c7500000| PB 0x00000000c7500000| Updating 
|  89|0x00000000c7500000, 0x00000000c7600000, 0x00000000c7600000|100%| O|  |TAMS 0x00000000c7600000| PB 0x00000000c7600000| Updating 
|  90|0x00000000c7600000, 0x00000000c7700000, 0x00000000c7700000|100%| O|  |TAMS 0x00000000c7700000| PB 0x00000000c7700000| Updating 
|  91|0x00000000c7700000, 0x00000000c7800000, 0x00000000c7800000|100%| O|  |TAMS 0x00000000c7800000| PB 0x00000000c7800000| Updating 
|  92|0x00000000c7800000, 0x00000000c7900000, 0x00000000c7900000|100%| O|  |TAMS 0x00000000c7900000| PB 0x00000000c7900000| Untracked 
|  93|0x00000000c7900000, 0x00000000c7a00000, 0x00000000c7a00000|100%| O|  |TAMS 0x00000000c7a00000| PB 0x00000000c7a00000| Untracked 
|  94|0x00000000c7a00000, 0x00000000c7b00000, 0x00000000c7b00000|100%| O|  |TAMS 0x00000000c7b00000| PB 0x00000000c7b00000| Untracked 
|  95|0x00000000c7b00000, 0x00000000c7c00000, 0x00000000c7c00000|100%| O|  |TAMS 0x00000000c7c00000| PB 0x00000000c7c00000| Updating 
|  96|0x00000000c7c00000, 0x00000000c7d00000, 0x00000000c7d00000|100%| O|  |TAMS 0x00000000c7d00000| PB 0x00000000c7d00000| Untracked 
|  97|0x00000000c7d00000, 0x00000000c7e00000, 0x00000000c7e00000|100%| O|  |TAMS 0x00000000c7e00000| PB 0x00000000c7e00000| Untracked 
|  98|0x00000000c7e00000, 0x00000000c7f00000, 0x00000000c7f00000|100%| O|  |TAMS 0x00000000c7f00000| PB 0x00000000c7f00000| Updating 
|  99|0x00000000c7f00000, 0x00000000c8000000, 0x00000000c8000000|100%| O|  |TAMS 0x00000000c8000000| PB 0x00000000c8000000| Untracked 
| 100|0x00000000c8000000, 0x00000000c8100000, 0x00000000c8100000|100%| O|  |TAMS 0x00000000c8100000| PB 0x00000000c8100000| Untracked 
| 101|0x00000000c8100000, 0x00000000c8200000, 0x00000000c8200000|100%| O|  |TAMS 0x00000000c8200000| PB 0x00000000c8200000| Updating 
| 102|0x00000000c8200000, 0x00000000c8300000, 0x00000000c8300000|100%| O|  |TAMS 0x00000000c8300000| PB 0x00000000c8300000| Untracked 
| 103|0x00000000c8300000, 0x00000000c8400000, 0x00000000c8400000|100%| O|  |TAMS 0x00000000c8400000| PB 0x00000000c8400000| Updating 
| 104|0x00000000c8400000, 0x00000000c8500000, 0x00000000c8500000|100%| O|  |TAMS 0x00000000c8500000| PB 0x00000000c8500000| Untracked 
| 105|0x00000000c8500000, 0x00000000c8600000, 0x00000000c8600000|100%| O|  |TAMS 0x00000000c8600000| PB 0x00000000c8600000| Untracked 
| 106|0x00000000c8600000, 0x00000000c8700000, 0x00000000c8700000|100%| O|  |TAMS 0x00000000c8700000| PB 0x00000000c8700000| Untracked 
| 107|0x00000000c8700000, 0x00000000c8800000, 0x00000000c8800000|100%| O|  |TAMS 0x00000000c8800000| PB 0x00000000c8800000| Untracked 
| 108|0x00000000c8800000, 0x00000000c8900000, 0x00000000c8900000|100%| O|  |TAMS 0x00000000c8900000| PB 0x00000000c8900000| Untracked 
| 109|0x00000000c8900000, 0x00000000c8a00000, 0x00000000c8a00000|100%| O|  |TAMS 0x00000000c8a00000| PB 0x00000000c8a00000| Updating 
| 110|0x00000000c8a00000, 0x00000000c8b00000, 0x00000000c8b00000|100%| O|  |TAMS 0x00000000c8b00000| PB 0x00000000c8b00000| Updating 
| 111|0x00000000c8b00000, 0x00000000c8c00000, 0x00000000c8c00000|100%| O|  |TAMS 0x00000000c8c00000| PB 0x00000000c8c00000| Untracked 
| 112|0x00000000c8c00000, 0x00000000c8d00000, 0x00000000c8d00000|100%| O|  |TAMS 0x00000000c8d00000| PB 0x00000000c8d00000| Untracked 
| 113|0x00000000c8d00000, 0x00000000c8e00000, 0x00000000c8e00000|100%| O|  |TAMS 0x00000000c8d54400| PB 0x00000000c8d54400| Untracked 
| 114|0x00000000c8e00000, 0x00000000c8f00000, 0x00000000c8f00000|100%| O|  |TAMS 0x00000000c8e00000| PB 0x00000000c8e00000| Untracked 
| 115|0x00000000c8f00000, 0x00000000c9000000, 0x00000000c9000000|100%| O|  |TAMS 0x00000000c8f00000| PB 0x00000000c8f00000| Untracked 
| 116|0x00000000c9000000, 0x00000000c9100000, 0x00000000c9100000|100%| O|  |TAMS 0x00000000c9000000| PB 0x00000000c9000000| Untracked 
| 117|0x00000000c9100000, 0x00000000c9200000, 0x00000000c9200000|100%| O|  |TAMS 0x00000000c9100000| PB 0x00000000c9100000| Untracked 
| 118|0x00000000c9200000, 0x00000000c929c000, 0x00000000c9300000| 60%| O|  |TAMS 0x00000000c9200000| PB 0x00000000c9200000| Updating 
| 119|0x00000000c9300000, 0x00000000c9300000, 0x00000000c9400000|  0%| F|  |TAMS 0x00000000c9300000| PB 0x00000000c9300000| Untracked 
| 120|0x00000000c9400000, 0x00000000c9400000, 0x00000000c9500000|  0%| F|  |TAMS 0x00000000c9400000| PB 0x00000000c9400000| Untracked 
| 121|0x00000000c9500000, 0x00000000c9500000, 0x00000000c9600000|  0%| F|  |TAMS 0x00000000c9500000| PB 0x00000000c9500000| Untracked 
| 122|0x00000000c9600000, 0x00000000c9600000, 0x00000000c9700000|  0%| F|  |TAMS 0x00000000c9600000| PB 0x00000000c9600000| Untracked 
| 123|0x00000000c9700000, 0x00000000c9700000, 0x00000000c9800000|  0%| F|  |TAMS 0x00000000c9700000| PB 0x00000000c9700000| Untracked 
| 124|0x00000000c9800000, 0x00000000c9800000, 0x00000000c9900000|  0%| F|  |TAMS 0x00000000c9800000| PB 0x00000000c9800000| Untracked 
| 125|0x00000000c9900000, 0x00000000c9900000, 0x00000000c9a00000|  0%| F|  |TAMS 0x00000000c9900000| PB 0x00000000c9900000| Untracked 
| 126|0x00000000c9a00000, 0x00000000c9a00000, 0x00000000c9b00000|  0%| F|  |TAMS 0x00000000c9a00000| PB 0x00000000c9a00000| Untracked 
| 127|0x00000000c9b00000, 0x00000000c9c00000, 0x00000000c9c00000|100%| S|CS|TAMS 0x00000000c9b00000| PB 0x00000000c9b00000| Complete 
| 128|0x00000000c9c00000, 0x00000000c9d00000, 0x00000000c9d00000|100%| S|CS|TAMS 0x00000000c9c00000| PB 0x00000000c9c00000| Complete 
| 129|0x00000000c9d00000, 0x00000000c9e00000, 0x00000000c9e00000|100%| S|CS|TAMS 0x00000000c9d00000| PB 0x00000000c9d00000| Complete 
| 130|0x00000000c9e00000, 0x00000000c9e00000, 0x00000000c9f00000|  0%| F|  |TAMS 0x00000000c9e00000| PB 0x00000000c9e00000| Untracked 
| 131|0x00000000c9f00000, 0x00000000c9f00000, 0x00000000ca000000|  0%| F|  |TAMS 0x00000000c9f00000| PB 0x00000000c9f00000| Untracked 
| 132|0x00000000ca000000, 0x00000000ca000000, 0x00000000ca100000|  0%| F|  |TAMS 0x00000000ca000000| PB 0x00000000ca000000| Untracked 
| 133|0x00000000ca100000, 0x00000000ca100000, 0x00000000ca200000|  0%| F|  |TAMS 0x00000000ca100000| PB 0x00000000ca100000| Untracked 
| 134|0x00000000ca200000, 0x00000000ca200000, 0x00000000ca300000|  0%| F|  |TAMS 0x00000000ca200000| PB 0x00000000ca200000| Untracked 
| 135|0x00000000ca300000, 0x00000000ca300000, 0x00000000ca400000|  0%| F|  |TAMS 0x00000000ca300000| PB 0x00000000ca300000| Untracked 
| 136|0x00000000ca400000, 0x00000000ca400000, 0x00000000ca500000|  0%| F|  |TAMS 0x00000000ca400000| PB 0x00000000ca400000| Untracked 
| 137|0x00000000ca500000, 0x00000000ca500000, 0x00000000ca600000|  0%| F|  |TAMS 0x00000000ca500000| PB 0x00000000ca500000| Untracked 
| 138|0x00000000ca600000, 0x00000000ca640010, 0x00000000ca700000| 25%| E|  |TAMS 0x00000000ca600000| PB 0x00000000ca600000| Complete 
| 139|0x00000000ca700000, 0x00000000ca800000, 0x00000000ca800000|100%| E|CS|TAMS 0x00000000ca700000| PB 0x00000000ca700000| Complete 
| 140|0x00000000ca800000, 0x00000000ca900000, 0x00000000ca900000|100%| E|CS|TAMS 0x00000000ca800000| PB 0x00000000ca800000| Complete 
| 141|0x00000000ca900000, 0x00000000caa00000, 0x00000000caa00000|100%| E|CS|TAMS 0x00000000ca900000| PB 0x00000000ca900000| Complete 
| 142|0x00000000caa00000, 0x00000000cab00000, 0x00000000cab00000|100%| E|CS|TAMS 0x00000000caa00000| PB 0x00000000caa00000| Complete 
| 143|0x00000000cab00000, 0x00000000cac00000, 0x00000000cac00000|100%| E|CS|TAMS 0x00000000cab00000| PB 0x00000000cab00000| Complete 
| 144|0x00000000cac00000, 0x00000000cad00000, 0x00000000cad00000|100%| E|CS|TAMS 0x00000000cac00000| PB 0x00000000cac00000| Complete 
| 145|0x00000000cad00000, 0x00000000cae00000, 0x00000000cae00000|100%| E|CS|TAMS 0x00000000cad00000| PB 0x00000000cad00000| Complete 
| 146|0x00000000cae00000, 0x00000000caf00000, 0x00000000caf00000|100%| E|CS|TAMS 0x00000000cae00000| PB 0x00000000cae00000| Complete 

Card table byte_map: [0x0000021ffa100000,0x0000021ffa300000] _byte_map_base: 0x0000021ff9af2000

Marking Bits: (CMBitMap*) 0x0000021fe2e7d340
 Bits: [0x0000021ffa500000, 0x0000021ffb490000)

Polling page: 0x0000021fe0ca0000

Metaspace:

Usage:
  Non-class:      9.74 MB used.
      Class:      1.38 MB used.
       Both:     11.12 MB used.

Virtual space:
  Non-class space:       64.00 MB reserved,       9.94 MB ( 16%) committed,  1 nodes.
      Class space:        1.00 GB reserved,       1.56 MB ( <1%) committed,  1 nodes.
             Both:        1.06 GB reserved,      11.50 MB (  1%) committed. 

Chunk freelists:
   Non-Class:  1.85 MB
       Class:  2.29 MB
        Both:  4.14 MB

MaxMetaspaceSize: unlimited
CompressedClassSpaceSize: 1.00 GB
Initial GC threshold: 21.00 MB
Current GC threshold: 21.00 MB
CDS: on
MetaspaceReclaimPolicy: balanced
 - commit_granule_bytes: 65536.
 - commit_granule_words: 8192.
 - virtual_space_node_default_size: 8388608.
 - enlarge_chunks_in_place: 1.
 - new_chunks_are_fully_committed: 0.
 - uncommit_free_chunks: 1.
 - use_allocation_guard: 0.


Internal statistics:

num_allocs_failed_limit: 0.
num_arena_births: 402.
num_arena_deaths: 0.
num_vsnodes_births: 2.
num_vsnodes_deaths: 0.
num_space_committed: 184.
num_space_uncommitted: 0.
num_chunks_returned_to_freelist: 0.
num_chunks_taken_from_freelist: 820.
num_chunk_merges: 0.
num_chunk_splits: 522.
num_chunks_enlarged: 316.
num_inconsistent_stats: 0.

CodeHeap 'non-profiled nmethods': size=120000Kb used=1620Kb max_used=1637Kb free=118379Kb
 bounds [0x0000021ff29d0000, 0x0000021ff2c40000, 0x0000021ff9f00000]
CodeHeap 'profiled nmethods': size=120000Kb used=5541Kb max_used=5882Kb free=114458Kb
 bounds [0x0000021feaf00000, 0x0000021feb4f0000, 0x0000021ff2430000]
CodeHeap 'non-nmethods': size=5760Kb used=1619Kb max_used=1713Kb free=4140Kb
 bounds [0x0000021ff2430000, 0x0000021ff26a0000, 0x0000021ff29d0000]
 total_blobs=3423 nmethods=2800 adapters=534
 compilation: enabled
              stopped_count=0, restarted_count=0
 full_count=0

Compilation events (20 events):
Event: 11.434 Thread 0x0000021ffd90ac60 3236       4       java.lang.Class::copyMethods (36 bytes)
Event: 11.461 Thread 0x0000021ffd90ac60 nmethod 3236 0x0000021ff2b64d10 code [0x0000021ff2b64ea0, 0x0000021ff2b65530]
Event: 11.462 Thread 0x0000021ffd90ac60 3237       4       java.lang.invoke.DirectMethodHandle$Holder::invokeStatic (17 bytes)
Event: 11.464 Thread 0x0000021ffd90ac60 nmethod 3237 0x0000021ff2b65810 code [0x0000021ff2b65980, 0x0000021ff2b65a50]
Event: 11.464 Thread 0x0000021ffd90ac60 3238       4       java.lang.invoke.LambdaForm$MH/0x0000000801028800::invoke (32 bytes)
Event: 11.466 Thread 0x0000021ffd90ac60 nmethod 3238 0x0000021ff2b65b90 code [0x0000021ff2b65d20, 0x0000021ff2b65e58]
Event: 11.479 Thread 0x0000021ffd90ac60 3243   !   4       jdk.internal.loader.BuiltinClassLoader::loadClassOrNull (143 bytes)
Event: 11.499 Thread 0x0000021ffd90ac60 nmethod 3243 0x0000021ff2b65f90 code [0x0000021ff2b661a0, 0x0000021ff2b669b8]
Event: 11.500 Thread 0x0000021ffd90ac60 3244       4       jdk.internal.loader.ClassLoaders$AppClassLoader::loadClass (40 bytes)
Event: 11.523 Thread 0x0000021ffd90ac60 nmethod 3244 0x0000021ff2b67190 code [0x0000021ff2b673c0, 0x0000021ff2b67ce0]
Event: 11.630 Thread 0x0000021ffd90ac60 3245       4       javafx.collections.ListChangeBuilder::endChange (32 bytes)
Event: 11.633 Thread 0x0000021ffd90ac60 nmethod 3245 0x0000021ff2b68590 code [0x0000021ff2b68700, 0x0000021ff2b687d0]
Event: 11.637 Thread 0x0000021ffd90ac60 3246       4       java.lang.invoke.DirectMethodHandle$Holder::invokeStatic (17 bytes)
Event: 11.639 Thread 0x0000021ffd90ac60 nmethod 3246 0x0000021ff2b68890 code [0x0000021ff2b68a00, 0x0000021ff2b68ad0]
Event: 11.651 Thread 0x0000021ffd917d10 3247       3       sun.nio.fs.WindowsFileSystemProvider::getFileAttributeView (118 bytes)
Event: 11.653 Thread 0x0000021ffd917d10 nmethod 3247 0x0000021feb16ab90 code [0x0000021feb16ae80, 0x0000021feb16be68]
Event: 11.699 Thread 0x0000021ffd90ac60 3248       4       com.sun.org.apache.xerces.internal.utils.XMLSecurityPropertyManager::getIndex (45 bytes)
Event: 11.706 Thread 0x0000021ffd90ac60 nmethod 3248 0x0000021ff2b68c10 code [0x0000021ff2b68d80, 0x0000021ff2b690b0]
Event: 11.706 Thread 0x0000021ffd90ac60 3249       4       javafx.scene.shape.Shape::doMarkDirty (40 bytes)
Event: 11.707 Thread 0x0000021ffd90ac60 nmethod 3249 0x0000021ff2b69290 code [0x0000021ff2b69400, 0x0000021ff2b694a8]

GC Heap History (20 events):
Event: 7.482 GC heap before
{Heap before GC invocations=14 (full 0):
 garbage-first heap   total 94208K, used 80781K [0x00000000c1c00000, 0x0000000100000000)
  region size 1024K, 21 young (21504K), 3 survivors (3072K)
 Metaspace       used 11154K, committed 11520K, reserved 1114112K
  class space    used 1413K, committed 1600K, reserved 1048576K
}
Event: 7.487 GC heap after
{Heap after GC invocations=15 (full 0):
 garbage-first heap   total 113664K, used 67893K [0x00000000c1c00000, 0x0000000100000000)
  region size 1024K, 3 young (3072K), 3 survivors (3072K)
 Metaspace       used 11154K, committed 11520K, reserved 1114112K
  class space    used 1413K, committed 1600K, reserved 1048576K
}
Event: 8.081 GC heap before
{Heap before GC invocations=16 (full 0):
 garbage-first heap   total 119808K, used 95541K [0x00000000c1c00000, 0x0000000100000000)
  region size 1024K, 30 young (30720K), 3 survivors (3072K)
 Metaspace       used 11192K, committed 11584K, reserved 1114112K
  class space    used 1414K, committed 1600K, reserved 1048576K
}
Event: 8.088 GC heap after
{Heap after GC invocations=17 (full 0):
 garbage-first heap   total 119808K, used 75020K [0x00000000c1c00000, 0x0000000100000000)
  region size 1024K, 4 young (4096K), 4 survivors (4096K)
 Metaspace       used 11192K, committed 11584K, reserved 1114112K
  class space    used 1414K, committed 1600K, reserved 1048576K
}
Event: 8.775 GC heap before
{Heap before GC invocations=17 (full 0):
 garbage-first heap   total 119808K, used 101644K [0x00000000c1c00000, 0x0000000100000000)
  region size 1024K, 30 young (30720K), 4 survivors (4096K)
 Metaspace       used 11199K, committed 11584K, reserved 1114112K
  class space    used 1414K, committed 1600K, reserved 1048576K
}
Event: 8.788 GC heap after
{Heap after GC invocations=18 (full 0):
 garbage-first heap   total 119808K, used 81270K [0x00000000c1c00000, 0x0000000100000000)
  region size 1024K, 4 young (4096K), 4 survivors (4096K)
 Metaspace       used 11199K, committed 11584K, reserved 1114112K
  class space    used 1414K, committed 1600K, reserved 1048576K
}
Event: 9.161 GC heap before
{Heap before GC invocations=18 (full 0):
 garbage-first heap   total 119808K, used 103798K [0x00000000c1c00000, 0x0000000100000000)
  region size 1024K, 26 young (26624K), 4 survivors (4096K)
 Metaspace       used 11210K, committed 11584K, reserved 1114112K
  class space    used 1414K, committed 1600K, reserved 1048576K
}
Event: 9.168 GC heap after
{Heap after GC invocations=19 (full 0):
 garbage-first heap   total 119808K, used 87020K [0x00000000c1c00000, 0x0000000100000000)
  region size 1024K, 4 young (4096K), 4 survivors (4096K)
 Metaspace       used 11210K, committed 11584K, reserved 1114112K
  class space    used 1414K, committed 1600K, reserved 1048576K
}
Event: 9.618 GC heap before
{Heap before GC invocations=20 (full 0):
 garbage-first heap   total 150528K, used 105452K [0x00000000c1c00000, 0x0000000100000000)
  region size 1024K, 23 young (23552K), 4 survivors (4096K)
 Metaspace       used 11261K, committed 11648K, reserved 1114112K
  class space    used 1414K, committed 1600K, reserved 1048576K
}
Event: 9.628 GC heap after
{Heap after GC invocations=21 (full 0):
 garbage-first heap   total 150528K, used 91736K [0x00000000c1c00000, 0x0000000100000000)
  region size 1024K, 3 young (3072K), 3 survivors (3072K)
 Metaspace       used 11261K, committed 11648K, reserved 1114112K
  class space    used 1414K, committed 1600K, reserved 1048576K
}
Event: 10.229 GC heap before
{Heap before GC invocations=21 (full 0):
 garbage-first heap   total 150528K, used 125528K [0x00000000c1c00000, 0x0000000100000000)
  region size 1024K, 37 young (37888K), 3 survivors (3072K)
 Metaspace       used 11359K, committed 11712K, reserved 1114112K
  class space    used 1414K, committed 1600K, reserved 1048576K
}
Event: 10.236 GC heap after
{Heap after GC invocations=22 (full 0):
 garbage-first heap   total 150528K, used 100608K [0x00000000c1c00000, 0x0000000100000000)
  region size 1024K, 5 young (5120K), 5 survivors (5120K)
 Metaspace       used 11359K, committed 11712K, reserved 1114112K
  class space    used 1414K, committed 1600K, reserved 1048576K
}
Event: 10.631 GC heap before
{Heap before GC invocations=22 (full 0):
 garbage-first heap   total 150528K, used 130304K [0x00000000c1c00000, 0x0000000100000000)
  region size 1024K, 34 young (34816K), 5 survivors (5120K)
 Metaspace       used 11363K, committed 11776K, reserved 1114112K
  class space    used 1414K, committed 1600K, reserved 1048576K
}
Event: 10.638 GC heap after
{Heap after GC invocations=23 (full 0):
 garbage-first heap   total 150528K, used 108451K [0x00000000c1c00000, 0x0000000100000000)
  region size 1024K, 5 young (5120K), 5 survivors (5120K)
 Metaspace       used 11363K, committed 11776K, reserved 1114112K
  class space    used 1414K, committed 1600K, reserved 1048576K
}
Event: 10.976 GC heap before
{Heap before GC invocations=23 (full 0):
 garbage-first heap   total 150528K, used 134051K [0x00000000c1c00000, 0x0000000100000000)
  region size 1024K, 30 young (30720K), 5 survivors (5120K)
 Metaspace       used 11365K, committed 11776K, reserved 1114112K
  class space    used 1414K, committed 1600K, reserved 1048576K
}
Event: 10.983 GC heap after
{Heap after GC invocations=24 (full 0):
 garbage-first heap   total 150528K, used 114548K [0x00000000c1c00000, 0x0000000100000000)
  region size 1024K, 4 young (4096K), 4 survivors (4096K)
 Metaspace       used 11365K, committed 11776K, reserved 1114112K
  class space    used 1414K, committed 1600K, reserved 1048576K
}
Event: 11.300 GC heap before
{Heap before GC invocations=24 (full 0):
 garbage-first heap   total 150528K, used 136052K [0x00000000c1c00000, 0x0000000100000000)
  region size 1024K, 25 young (25600K), 4 survivors (4096K)
 Metaspace       used 11376K, committed 11776K, reserved 1114112K
  class space    used 1414K, committed 1600K, reserved 1048576K
}
Event: 11.306 GC heap after
{Heap after GC invocations=25 (full 0):
 garbage-first heap   total 150528K, used 120145K [0x00000000c1c00000, 0x0000000100000000)
  region size 1024K, 4 young (4096K), 4 survivors (4096K)
 Metaspace       used 11376K, committed 11776K, reserved 1114112K
  class space    used 1414K, committed 1600K, reserved 1048576K
}
Event: 11.554 GC heap before
{Heap before GC invocations=25 (full 0):
 garbage-first heap   total 150528K, used 136529K [0x00000000c1c00000, 0x0000000100000000)
  region size 1024K, 21 young (21504K), 4 survivors (4096K)
 Metaspace       used 11381K, committed 11776K, reserved 1114112K
  class space    used 1414K, committed 1600K, reserved 1048576K
}
Event: 11.560 GC heap after
{Heap after GC invocations=26 (full 0):
 garbage-first heap   total 150528K, used 124528K [0x00000000c1c00000, 0x0000000100000000)
  region size 1024K, 3 young (3072K), 3 survivors (3072K)
 Metaspace       used 11381K, committed 11776K, reserved 1114112K
  class space    used 1414K, committed 1600K, reserved 1048576K
}

Dll operation events (20 events):
Event: 0.885 Loaded shared library C:\Users\Melissa Morgan\Documents\javafx-sdk-21\bin\api-ms-win-crt-locale-l1-1-0.dll
Event: 0.888 Loaded shared library C:\Users\Melissa Morgan\Documents\javafx-sdk-21\bin\api-ms-win-crt-math-l1-1-0.dll
Event: 0.890 Loaded shared library C:\Users\Melissa Morgan\Documents\javafx-sdk-21\bin\api-ms-win-crt-multibyte-l1-1-0.dll
Event: 0.893 Loaded shared library C:\Users\Melissa Morgan\Documents\javafx-sdk-21\bin\api-ms-win-crt-private-l1-1-0.dll
Event: 0.896 Loaded shared library C:\Users\Melissa Morgan\Documents\javafx-sdk-21\bin\api-ms-win-crt-process-l1-1-0.dll
Event: 0.898 Loaded shared library C:\Users\Melissa Morgan\Documents\javafx-sdk-21\bin\api-ms-win-crt-runtime-l1-1-0.dll
Event: 0.901 Loaded shared library C:\Users\Melissa Morgan\Documents\javafx-sdk-21\bin\api-ms-win-crt-stdio-l1-1-0.dll
Event: 0.903 Loaded shared library C:\Users\Melissa Morgan\Documents\javafx-sdk-21\bin\api-ms-win-crt-string-l1-1-0.dll
Event: 0.905 Loaded shared library C:\Users\Melissa Morgan\Documents\javafx-sdk-21\bin\api-ms-win-crt-time-l1-1-0.dll
Event: 0.908 Loaded shared library C:\Users\Melissa Morgan\Documents\javafx-sdk-21\bin\api-ms-win-crt-utility-l1-1-0.dll
Event: 0.912 Loaded shared library C:\Users\Melissa Morgan\Documents\javafx-sdk-21\bin\ucrtbase.dll
Event: 0.914 Loaded shared library C:\Users\Melissa Morgan\Documents\javafx-sdk-21\bin\vcruntime140.dll
Event: 0.917 Loaded shared library C:\Users\Melissa Morgan\Documents\javafx-sdk-21\bin\vcruntime140_1.dll
Event: 0.921 Loaded shared library C:\Users\Melissa Morgan\Documents\javafx-sdk-21\bin\msvcp140.dll
Event: 0.924 Loaded shared library C:\Users\Melissa Morgan\Documents\javafx-sdk-21\bin\msvcp140_1.dll
Event: 0.926 Loaded shared library C:\Users\Melissa Morgan\Documents\javafx-sdk-21\bin\msvcp140_2.dll
Event: 1.010 Loaded shared library C:\Users\Melissa Morgan\Documents\javafx-sdk-21\bin\prism_d3d.dll
Event: 1.050 Loaded shared library C:\Users\Melissa Morgan\Documents\javafx-sdk-21\bin\glass.dll
Event: 1.256 Loaded shared library C:\Program Files\Java\jdk-20\bin\jimage.dll
Event: 1.584 Loaded shared library C:\Users\Melissa Morgan\Documents\javafx-sdk-21\bin\javafx_font.dll

Deoptimization events (20 events):
Event: 7.686 Thread 0x0000021ffe14a450 Uncommon trap: trap_request=0xfffffff4 fr.pc=0x0000021ff2ae5b50 relative=0x00000000000023d0
Event: 7.686 Thread 0x0000021ffe14a450 Uncommon trap: reason=null_check action=make_not_entrant pc=0x0000021ff2ae5b50 method=javafx.fxml.FXMLLoader$Element.processValue(Ljava/lang/Class;Ljava/lang/String;Ljava/lang/String;)Z @ 51 c2
Event: 7.686 Thread 0x0000021ffe14a450 DEOPT PACKING pc=0x0000021ff2ae5b50 sp=0x000000de9b27a1f0
Event: 7.686 Thread 0x0000021ffe14a450 DEOPT UNPACKING pc=0x0000021ff2499d1c sp=0x000000de9b27a1f0 mode 2
Event: 9.547 Thread 0x0000021ffe14a450 DEOPT PACKING pc=0x0000021feb374fe0 sp=0x000000de9b2550b0
Event: 9.547 Thread 0x0000021ffe14a450 DEOPT UNPACKING pc=0x0000021ff249a4a3 sp=0x000000de9b254608 mode 0
Event: 10.385 Thread 0x0000021ffe14a450 Uncommon trap: trap_request=0xffffffcc fr.pc=0x0000021ff2b495a0 relative=0x00000000000002a0
Event: 10.386 Thread 0x0000021ffe14a450 Uncommon trap: reason=intrinsic_or_type_checked_inlining action=make_not_entrant pc=0x0000021ff2b495a0 method=java.util.ArrayList.toArray([Ljava/lang/Object;)[Ljava/lang/Object; @ 36 c2
Event: 10.386 Thread 0x0000021ffe14a450 DEOPT PACKING pc=0x0000021ff2b495a0 sp=0x000000de9b2455f0
Event: 10.386 Thread 0x0000021ffe14a450 DEOPT UNPACKING pc=0x0000021ff2499d1c sp=0x000000de9b2455a0 mode 2
Event: 10.478 Thread 0x0000021ffe14a450 Uncommon trap: trap_request=0xffffffdc fr.pc=0x0000021ff2b4ef48 relative=0x00000000000001c8
Event: 10.478 Thread 0x0000021ffe14a450 Uncommon trap: reason=class_check action=make_not_entrant pc=0x0000021ff2b4ef48 method=java.util.ArrayList.toArray([Ljava/lang/Object;)[Ljava/lang/Object; @ 21 c2
Event: 10.478 Thread 0x0000021ffe14a450 DEOPT PACKING pc=0x0000021ff2b4ef48 sp=0x000000de9b243830
Event: 10.478 Thread 0x0000021ffe14a450 DEOPT UNPACKING pc=0x0000021ff2499d1c sp=0x000000de9b2437f0 mode 2
Event: 11.076 Thread 0x0000021ffe14a450 DEOPT PACKING pc=0x0000021feb472b10 sp=0x000000de9b235300
Event: 11.076 Thread 0x0000021ffe14a450 DEOPT UNPACKING pc=0x0000021ff249a4a3 sp=0x000000de9b2347c8 mode 0
Event: 11.220 Thread 0x0000021ffe14a450 Uncommon trap: trap_request=0xfffffff4 fr.pc=0x0000021ff2b5caec relative=0x00000000000039cc
Event: 11.220 Thread 0x0000021ffe14a450 Uncommon trap: reason=null_check action=make_not_entrant pc=0x0000021ff2b5caec method=com.sun.javafx.fxml.builder.ProxyBuilder.scanForSetters()Ljava/util/Map; @ 332 c2
Event: 11.220 Thread 0x0000021ffe14a450 DEOPT PACKING pc=0x0000021ff2b5caec sp=0x000000de9b2331e0
Event: 11.220 Thread 0x0000021ffe14a450 DEOPT UNPACKING pc=0x0000021ff2499d1c sp=0x000000de9b2331a0 mode 2

Classes loaded (20 events):
Event: 2.151 Loading class java/lang/Byte$ByteCache
Event: 2.151 Loading class java/lang/Byte$ByteCache done
Event: 2.151 Loading class java/lang/Short$ShortCache
Event: 2.151 Loading class java/lang/Short$ShortCache done
Event: 2.154 Loading class java/util/LinkedHashMap$LinkedKeySet
Event: 2.154 Loading class java/util/LinkedHashMap$LinkedKeySet done
Event: 2.155 Loading class java/util/LinkedHashMap$LinkedKeyIterator
Event: 2.155 Loading class java/util/LinkedHashMap$LinkedKeyIterator done
Event: 2.207 Loading class com/sun/org/apache/xerces/internal/impl/io/MalformedByteSequenceException
Event: 2.207 Loading class java/io/CharConversionException
Event: 2.207 Loading class java/io/CharConversionException done
Event: 2.207 Loading class com/sun/org/apache/xerces/internal/impl/io/MalformedByteSequenceException done
Event: 4.147 Loading class jdk/internal/foreign/MemorySessionImpl
Event: 4.149 Loading class java/lang/foreign/SegmentScope
Event: 4.150 Loading class java/lang/foreign/SegmentScope done
Event: 4.150 Loading class java/lang/foreign/SegmentAllocator
Event: 4.151 Loading class java/lang/foreign/SegmentAllocator done
Event: 4.151 Loading class jdk/internal/foreign/MemorySessionImpl done
Event: 7.366 Loading class java/lang/foreign/MemorySegment
Event: 7.367 Loading class java/lang/foreign/MemorySegment done

Classes unloaded (0 events):
No events

Classes redefined (0 events):
No events

Internal exceptions (20 events):
Event: 11.300 Thread 0x0000021ffe14a450 Exception <a 'java/io/FileNotFoundException'{0x00000000c9af88a0}> (0x00000000c9af88a0) 
thrown [s\open\src\hotspot\share\prims\jni.cpp, line 519]
Event: 11.322 Thread 0x0000021ffe14a450 Exception <a 'java/io/FileNotFoundException'{0x00000000cad49fb8}> (0x00000000cad49fb8) 
thrown [s\open\src\hotspot\share\prims\jni.cpp, line 519]
Event: 11.339 Thread 0x0000021ffe14a450 Exception <a 'java/io/FileNotFoundException'{0x00000000cac9a188}> (0x00000000cac9a188) 
thrown [s\open\src\hotspot\share\prims\jni.cpp, line 519]
Event: 11.361 Thread 0x0000021ffe14a450 Exception <a 'java/io/FileNotFoundException'{0x00000000cabea0b0}> (0x00000000cabea0b0) 
thrown [s\open\src\hotspot\share\prims\jni.cpp, line 519]
Event: 11.379 Thread 0x0000021ffe14a450 Exception <a 'java/io/FileNotFoundException'{0x00000000ca93a1e8}> (0x00000000ca93a1e8) 
thrown [s\open\src\hotspot\share\prims\jni.cpp, line 519]
Event: 11.399 Thread 0x0000021ffe14a450 Exception <a 'java/io/FileNotFoundException'{0x00000000ca88a290}> (0x00000000ca88a290) 
thrown [s\open\src\hotspot\share\prims\jni.cpp, line 519]
Event: 11.418 Thread 0x0000021ffe14a450 Exception <a 'java/io/FileNotFoundException'{0x00000000ca7da6c8}> (0x00000000ca7da6c8) 
thrown [s\open\src\hotspot\share\prims\jni.cpp, line 519]
Event: 11.440 Thread 0x0000021ffe14a450 Exception <a 'java/io/FileNotFoundException'{0x00000000ca52a808}> (0x00000000ca52a808) 
thrown [s\open\src\hotspot\share\prims\jni.cpp, line 519]
Event: 11.460 Thread 0x0000021ffe14a450 Exception <a 'java/io/FileNotFoundException'{0x00000000ca47a8e8}> (0x00000000ca47a8e8) 
thrown [s\open\src\hotspot\share\prims\jni.cpp, line 519]
Event: 11.480 Thread 0x0000021ffe14a450 Exception <a 'java/io/FileNotFoundException'{0x00000000ca3cada8}> (0x00000000ca3cada8) 
thrown [s\open\src\hotspot\share\prims\jni.cpp, line 519]
Event: 11.500 Thread 0x0000021ffe14a450 Exception <a 'java/io/FileNotFoundException'{0x00000000ca11b198}> (0x00000000ca11b198) 
thrown [s\open\src\hotspot\share\prims\jni.cpp, line 519]
Event: 11.520 Thread 0x0000021ffe14a450 Exception <a 'java/io/FileNotFoundException'{0x00000000ca06b360}> (0x00000000ca06b360) 
thrown [s\open\src\hotspot\share\prims\jni.cpp, line 519]
Event: 11.538 Thread 0x0000021ffe14a450 Exception <a 'java/io/FileNotFoundException'{0x00000000c9fbb770}> (0x00000000c9fbb770) 
thrown [s\open\src\hotspot\share\prims\jni.cpp, line 519]
Event: 11.564 Thread 0x0000021ffe14a450 Exception <a 'java/io/FileNotFoundException'{0x00000000cae0bad8}> (0x00000000cae0bad8) 
thrown [s\open\src\hotspot\share\prims\jni.cpp, line 519]
Event: 11.585 Thread 0x0000021ffe14a450 Exception <a 'java/io/FileNotFoundException'{0x00000000cad5bce8}> (0x00000000cad5bce8) 
thrown [s\open\src\hotspot\share\prims\jni.cpp, line 519]
Event: 11.606 Thread 0x0000021ffe14a450 Exception <a 'java/io/FileNotFoundException'{0x00000000cacac0b8}> (0x00000000cacac0b8) 
thrown [s\open\src\hotspot\share\prims\jni.cpp, line 519]
Event: 11.626 Thread 0x0000021ffe14a450 Exception <a 'java/io/FileNotFoundException'{0x00000000cabfc450}> (0x00000000cabfc450) 
thrown [s\open\src\hotspot\share\prims\jni.cpp, line 519]
Event: 11.657 Thread 0x0000021ffe14a450 Exception <a 'java/io/FileNotFoundException'{0x00000000ca94cab8}> (0x00000000ca94cab8) 
thrown [s\open\src\hotspot\share\prims\jni.cpp, line 519]
Event: 11.682 Thread 0x0000021ffe14a450 Exception <a 'java/io/FileNotFoundException'{0x00000000ca89ce10}> (0x00000000ca89ce10) 
thrown [s\open\src\hotspot\share\prims\jni.cpp, line 519]
Event: 11.701 Thread 0x0000021ffe14a450 Exception <a 'java/io/FileNotFoundException'{0x00000000ca7ed2e0}> (0x00000000ca7ed2e0) 
thrown [s\open\src\hotspot\share\prims\jni.cpp, line 519]

VM Operations (20 events):
Event: 8.788 Executing VM operation: G1CollectForAllocation done
Event: 9.161 Executing VM operation: G1CollectForAllocation
Event: 9.168 Executing VM operation: G1CollectForAllocation done
Event: 9.271 Executing VM operation: G1PauseRemark
Event: 9.278 Executing VM operation: G1PauseRemark done
Event: 9.318 Executing VM operation: G1PauseCleanup
Event: 9.319 Executing VM operation: G1PauseCleanup done
Event: 9.618 Executing VM operation: G1CollectForAllocation
Event: 9.628 Executing VM operation: G1CollectForAllocation done
Event: 10.228 Executing VM operation: G1CollectForAllocation
Event: 10.236 Executing VM operation: G1CollectForAllocation done
Event: 10.631 Executing VM operation: G1CollectForAllocation
Event: 10.638 Executing VM operation: G1CollectForAllocation done
Event: 10.976 Executing VM operation: G1CollectForAllocation
Event: 10.985 Executing VM operation: G1CollectForAllocation done
Event: 11.300 Executing VM operation: G1CollectForAllocation
Event: 11.306 Executing VM operation: G1CollectForAllocation done
Event: 11.554 Executing VM operation: G1CollectForAllocation
Event: 11.560 Executing VM operation: G1CollectForAllocation done
Event: 11.710 Executing VM operation: G1PauseRemark

Events (20 events):
Event: 11.714 Thread 0x0000021fe2eff450 flushing nmethod 0x0000021feb23f890
Event: 11.714 Thread 0x0000021fe2eff450 flushing nmethod 0x0000021feb23f410
Event: 11.714 Thread 0x0000021fe2eff450 flushing nmethod 0x0000021feb209b10
Event: 11.714 Thread 0x0000021fe2eff450 flushing nmethod 0x0000021feb242c10
Event: 11.714 Thread 0x0000021fe2eff450 flushing nmethod 0x0000021feb217d90
Event: 11.714 Thread 0x0000021fe2eff450 flushing nmethod 0x0000021feb1f3e10
Event: 11.714 Thread 0x0000021fe2eff450 flushing nmethod 0x0000021feb1e0910
Event: 11.714 Thread 0x0000021fe2eff450 flushing nmethod 0x0000021feb1e0090
Event: 11.714 Thread 0x0000021fe2eff450 flushing nmethod 0x0000021feb1e2f10
Event: 11.714 Thread 0x0000021fe2eff450 flushing nmethod 0x0000021feb1e2a90
Event: 11.714 Thread 0x0000021fe2eff450 flushing nmethod 0x0000021feb1b3310
Event: 11.714 Thread 0x0000021fe2eff450 flushing nmethod 0x0000021feb147c90
Event: 11.714 Thread 0x0000021fe2eff450 flushing nmethod 0x0000021feb16e910
Event: 11.714 Thread 0x0000021fe2eff450 flushing nmethod 0x0000021feb134310
Event: 11.714 Thread 0x0000021fe2eff450 flushing nmethod 0x0000021feb0f7d90
Event: 11.714 Thread 0x0000021fe2eff450 flushing nmethod 0x0000021feb0a1d10
Event: 11.714 Thread 0x0000021fe2eff450 flushing nmethod 0x0000021feb090310
Event: 11.714 Thread 0x0000021fe2eff450 flushing nmethod 0x0000021feb07ef10
Event: 11.714 Thread 0x0000021fe2eff450 flushing nmethod 0x0000021feaf86290
Event: 11.714 Thread 0x0000021fe2eff450 flushing nmethod 0x0000021ff2ae3410


Dynamic libraries:
0x00007ff775360000 - 0x00007ff775370000 	C:\Program Files\Java\jdk-20\bin\javaw.exe
0x00007ffc21890000 - 0x00007ffc21a88000 	C:\WINDOWS\SYSTEM32\ntdll.dll
0x00007ffc21170000 - 0x00007ffc2122f000 	C:\WINDOWS\System32\KERNEL32.DLL
0x00007ffc1efe0000 - 0x00007ffc1f2d6000 	C:\WINDOWS\System32\KERNELBASE.dll
0x00007ffc1f720000 - 0x00007ffc1f820000 	C:\WINDOWS\System32\ucrtbase.dll
0x00007ffc12c80000 - 0x00007ffc12c99000 	C:\Program Files\Java\jdk-20\bin\jli.dll
0x00007ffc21360000 - 0x00007ffc2140f000 	C:\WINDOWS\System32\ADVAPI32.dll
0x00007ffc21230000 - 0x00007ffc212ce000 	C:\WINDOWS\System32\msvcrt.dll
0x00007ffc1fa00000 - 0x00007ffc1fa9c000 	C:\WINDOWS\System32\sechost.dll
0x00007ffc1fc70000 - 0x00007ffc1fd96000 	C:\WINDOWS\System32\RPCRT4.dll
0x00007ffc1fac0000 - 0x00007ffc1fc5d000 	C:\WINDOWS\System32\USER32.dll
0x00007ffc1f820000 - 0x00007ffc1f842000 	C:\WINDOWS\System32\win32u.dll
0x00007ffc21330000 - 0x00007ffc2135c000 	C:\WINDOWS\System32\GDI32.dll
0x00007ffc1f370000 - 0x00007ffc1f485000 	C:\WINDOWS\System32\gdi32full.dll
0x00007ffc1f850000 - 0x00007ffc1f8ed000 	C:\WINDOWS\System32\msvcp_win.dll
0x00007ffc12b40000 - 0x00007ffc12b5b000 	C:\Program Files\Java\jdk-20\bin\VCRUNTIME140.dll
0x00007ffc03870000 - 0x00007ffc03b0a000 	C:\WINDOWS\WinSxS\amd64_microsoft.windows.common-controls_6595b64144ccf1df_6.0.19041.1110_none_60b5254171f9507e\COMCTL32.dll
0x00007ffc12430000 - 0x00007ffc1243a000 	C:\WINDOWS\SYSTEM32\VERSION.dll
0x00007ffc1fda0000 - 0x00007ffc1fdd0000 	C:\WINDOWS\System32\IMM32.DLL
0x00007ffc12f30000 - 0x00007ffc12f3c000 	C:\Program Files\Java\jdk-20\bin\vcruntime140_1.dll
0x00007ffc03320000 - 0x00007ffc033ae000 	C:\Program Files\Java\jdk-20\bin\msvcp140.dll
0x00007ffbddca0000 - 0x00007ffbde937000 	C:\Program Files\Java\jdk-20\bin\server\jvm.dll
0x00007ffc01d20000 - 0x00007ffc01d29000 	C:\WINDOWS\SYSTEM32\WSOCK32.dll
0x00007ffc20540000 - 0x00007ffc205ab000 	C:\WINDOWS\System32\WS2_32.dll
0x00007ffbfa500000 - 0x00007ffbfa527000 	C:\WINDOWS\SYSTEM32\WINMM.dll
0x00007ffc1ce00000 - 0x00007ffc1ce12000 	C:\WINDOWS\SYSTEM32\kernel.appcore.dll
0x00007ffc1aa20000 - 0x00007ffc1aa2a000 	C:\Program Files\Java\jdk-20\bin\jimage.dll
0x00007ffc18520000 - 0x00007ffc18704000 	C:\WINDOWS\SYSTEM32\DBGHELP.DLL
0x00007ffc0e330000 - 0x00007ffc0e364000 	C:\WINDOWS\SYSTEM32\dbgcore.DLL
0x00007ffc1f2e0000 - 0x00007ffc1f362000 	C:\WINDOWS\System32\bcryptPrimitives.dll
0x00007ffc13020000 - 0x00007ffc13046000 	C:\Program Files\Java\jdk-20\bin\java.dll
0x00007ffc12f40000 - 0x00007ffc13017000 	C:\Program Files\Java\jdk-20\bin\jsvml.dll
0x00007ffc20a20000 - 0x00007ffc21164000 	C:\WINDOWS\System32\SHELL32.dll
0x00007ffc1d020000 - 0x00007ffc1d7b3000 	C:\WINDOWS\SYSTEM32\windows.storage.dll
0x00007ffc21410000 - 0x00007ffc21764000 	C:\WINDOWS\System32\combase.dll
0x00007ffc1e950000 - 0x00007ffc1e97e000 	C:\WINDOWS\SYSTEM32\Wldp.dll
0x00007ffc1f950000 - 0x00007ffc1f9fd000 	C:\WINDOWS\System32\SHCORE.dll
0x00007ffc20190000 - 0x00007ffc201e5000 	C:\WINDOWS\System32\shlwapi.dll
0x00007ffc1eeb0000 - 0x00007ffc1eecf000 	C:\WINDOWS\SYSTEM32\profapi.dll
0x00007ffc13190000 - 0x00007ffc131a3000 	C:\Program Files\Java\jdk-20\bin\net.dll
0x00007ffc18900000 - 0x00007ffc18a0a000 	C:\WINDOWS\SYSTEM32\WINHTTP.dll
0x00007ffc1e6b0000 - 0x00007ffc1e71a000 	C:\WINDOWS\system32\mswsock.dll
0x00007ffc13170000 - 0x00007ffc13186000 	C:\Program Files\Java\jdk-20\bin\nio.dll
0x00007ffc12ed0000 - 0x00007ffc12ee8000 	C:\Program Files\Java\jdk-20\bin\zip.dll
0x0000021fe0e10000 - 0x0000021fe0e13000 	C:\Users\Melissa Morgan\Documents\javafx-sdk-21\bin\api-ms-win-core-console-l1-1-0.dll
0x0000021fe0e20000 - 0x0000021fe0e23000 	C:\Users\Melissa Morgan\Documents\javafx-sdk-21\bin\api-ms-win-core-console-l1-2-0.dll
0x0000021fe0e30000 - 0x0000021fe0e33000 	C:\Users\Melissa Morgan\Documents\javafx-sdk-21\bin\api-ms-win-core-datetime-l1-1-0.dll
0x0000021fe0e40000 - 0x0000021fe0e43000 	C:\Users\Melissa Morgan\Documents\javafx-sdk-21\bin\api-ms-win-core-debug-l1-1-0.dll
0x0000021fe0e50000 - 0x0000021fe0e53000 	C:\Users\Melissa Morgan\Documents\javafx-sdk-21\bin\api-ms-win-core-errorhandling-l1-1-0.dll
0x0000021fe2d50000 - 0x0000021fe2d54000 	C:\Users\Melissa Morgan\Documents\javafx-sdk-21\bin\api-ms-win-core-file-l1-1-0.dll
0x0000021fe2d60000 - 0x0000021fe2d63000 	C:\Users\Melissa Morgan\Documents\javafx-sdk-21\bin\api-ms-win-core-file-l1-2-0.dll
0x0000021fe2d70000 - 0x0000021fe2d73000 	C:\Users\Melissa Morgan\Documents\javafx-sdk-21\bin\api-ms-win-core-file-l2-1-0.dll
0x0000021fe2d80000 - 0x0000021fe2d83000 	C:\Users\Melissa Morgan\Documents\javafx-sdk-21\bin\api-ms-win-core-handle-l1-1-0.dll
0x0000021fe2d90000 - 0x0000021fe2d93000 	C:\Users\Melissa Morgan\Documents\javafx-sdk-21\bin\api-ms-win-core-heap-l1-1-0.dll
0x0000021fe2da0000 - 0x0000021fe2da3000 	C:\Users\Melissa Morgan\Documents\javafx-sdk-21\bin\api-ms-win-core-interlocked-l1-1-0.dll
0x0000021fe2db0000 - 0x0000021fe2db3000 	C:\Users\Melissa Morgan\Documents\javafx-sdk-21\bin\api-ms-win-core-libraryloader-l1-1-0.dll
0x0000021fe2dc0000 - 0x0000021fe2dc3000 	C:\Users\Melissa Morgan\Documents\javafx-sdk-21\bin\api-ms-win-core-localization-l1-2-0.dll
0x0000021fe2dd0000 - 0x0000021fe2dd3000 	C:\Users\Melissa Morgan\Documents\javafx-sdk-21\bin\api-ms-win-core-memory-l1-1-0.dll
0x0000021fe2de0000 - 0x0000021fe2de3000 	C:\Users\Melissa Morgan\Documents\javafx-sdk-21\bin\api-ms-win-core-namedpipe-l1-1-0.dll
0x0000021fe2df0000 - 0x0000021fe2df3000 	C:\Users\Melissa Morgan\Documents\javafx-sdk-21\bin\api-ms-win-core-processenvironment-l1-1-0.dll
0x0000021fe2e00000 - 0x0000021fe2e03000 	C:\Users\Melissa Morgan\Documents\javafx-sdk-21\bin\api-ms-win-core-processthreads-l1-1-0.dll
0x0000021ffe6d0000 - 0x0000021ffe6d3000 	C:\Users\Melissa Morgan\Documents\javafx-sdk-21\bin\api-ms-win-core-processthreads-l1-1-1.dll
0x0000021ffe6e0000 - 0x0000021ffe6e3000 	C:\Users\Melissa Morgan\Documents\javafx-sdk-21\bin\api-ms-win-core-profile-l1-1-0.dll
0x0000021ffe6f0000 - 0x0000021ffe6f3000 	C:\Users\Melissa Morgan\Documents\javafx-sdk-21\bin\api-ms-win-core-rtlsupport-l1-1-0.dll
0x0000021ffe700000 - 0x0000021ffe703000 	C:\Users\Melissa Morgan\Documents\javafx-sdk-21\bin\api-ms-win-core-string-l1-1-0.dll
0x0000021ffe710000 - 0x0000021ffe713000 	C:\Users\Melissa Morgan\Documents\javafx-sdk-21\bin\api-ms-win-core-synch-l1-1-0.dll
0x0000021ffe720000 - 0x0000021ffe723000 	C:\Users\Melissa Morgan\Documents\javafx-sdk-21\bin\api-ms-win-core-synch-l1-2-0.dll
0x0000021ffe730000 - 0x0000021ffe733000 	C:\Users\Melissa Morgan\Documents\javafx-sdk-21\bin\api-ms-win-core-sysinfo-l1-1-0.dll
0x0000021ffe740000 - 0x0000021ffe743000 	C:\Users\Melissa Morgan\Documents\javafx-sdk-21\bin\api-ms-win-core-timezone-l1-1-0.dll
0x0000021ffe750000 - 0x0000021ffe753000 	C:\Users\Melissa Morgan\Documents\javafx-sdk-21\bin\api-ms-win-core-util-l1-1-0.dll
0x0000021ffe760000 - 0x0000021ffe763000 	C:\Users\Melissa Morgan\Documents\javafx-sdk-21\bin\api-ms-win-crt-conio-l1-1-0.dll
0x0000021ffe770000 - 0x0000021ffe774000 	C:\Users\Melissa Morgan\Documents\javafx-sdk-21\bin\api-ms-win-crt-convert-l1-1-0.dll
0x0000021ffe780000 - 0x0000021ffe783000 	C:\Users\Melissa Morgan\Documents\javafx-sdk-21\bin\api-ms-win-crt-environment-l1-1-0.dll
0x0000021ffe790000 - 0x0000021ffe793000 	C:\Users\Melissa Morgan\Documents\javafx-sdk-21\bin\api-ms-win-crt-filesystem-l1-1-0.dll
0x0000021ffe7a0000 - 0x0000021ffe7a3000 	C:\Users\Melissa Morgan\Documents\javafx-sdk-21\bin\api-ms-win-crt-heap-l1-1-0.dll
0x0000021ffe7b0000 - 0x0000021ffe7b3000 	C:\Users\Melissa Morgan\Documents\javafx-sdk-21\bin\api-ms-win-crt-locale-l1-1-0.dll
0x0000021ffe7c0000 - 0x0000021ffe7c5000 	C:\Users\Melissa Morgan\Documents\javafx-sdk-21\bin\api-ms-win-crt-math-l1-1-0.dll
0x0000021ffe7d0000 - 0x0000021ffe7d5000 	C:\Users\Melissa Morgan\Documents\javafx-sdk-21\bin\api-ms-win-crt-multibyte-l1-1-0.dll
0x0000021ffe7e0000 - 0x0000021ffe7f0000 	C:\Users\Melissa Morgan\Documents\javafx-sdk-21\bin\api-ms-win-crt-private-l1-1-0.dll
0x0000021ffe7f0000 - 0x0000021ffe7f3000 	C:\Users\Melissa Morgan\Documents\javafx-sdk-21\bin\api-ms-win-crt-process-l1-1-0.dll
0x0000021ffe800000 - 0x0000021ffe804000 	C:\Users\Melissa Morgan\Documents\javafx-sdk-21\bin\api-ms-win-crt-runtime-l1-1-0.dll
0x0000021ffe810000 - 0x0000021ffe814000 	C:\Users\Melissa Morgan\Documents\javafx-sdk-21\bin\api-ms-win-crt-stdio-l1-1-0.dll
0x0000021ffe820000 - 0x0000021ffe824000 	C:\Users\Melissa Morgan\Documents\javafx-sdk-21\bin\api-ms-win-crt-string-l1-1-0.dll
0x0000021ffe830000 - 0x0000021ffe833000 	C:\Users\Melissa Morgan\Documents\javafx-sdk-21\bin\api-ms-win-crt-time-l1-1-0.dll
0x0000021ffe840000 - 0x0000021ffe843000 	C:\Users\Melissa Morgan\Documents\javafx-sdk-21\bin\api-ms-win-crt-utility-l1-1-0.dll
0x00007ffbf9990000 - 0x00007ffbf9a8c000 	C:\Users\Melissa Morgan\Documents\javafx-sdk-21\bin\ucrtbase.dll
0x00007ffc12110000 - 0x00007ffc1212b000 	C:\Users\Melissa Morgan\Documents\javafx-sdk-21\bin\vcruntime140.dll
0x00007ffc12c70000 - 0x00007ffc12c7c000 	C:\Users\Melissa Morgan\Documents\javafx-sdk-21\bin\vcruntime140_1.dll
0x00007ffbf1150000 - 0x00007ffbf11de000 	C:\Users\Melissa Morgan\Documents\javafx-sdk-21\bin\msvcp140.dll
0x00007ffc1ff80000 - 0x00007ffc200aa000 	C:\WINDOWS\System32\ole32.dll
0x00007ffc12100000 - 0x00007ffc12109000 	C:\Users\Melissa Morgan\Documents\javafx-sdk-21\bin\msvcp140_1.dll
0x00007ffc07d20000 - 0x00007ffc07d4f000 	C:\Users\Melissa Morgan\Documents\javafx-sdk-21\bin\msvcp140_2.dll
0x00007ffc07bd0000 - 0x00007ffc07bff000 	C:\Users\Melissa Morgan\Documents\javafx-sdk-21\bin\prism_d3d.dll
0x00007ffbe5660000 - 0x00007ffbe582d000 	C:\WINDOWS\system32\d3d9.dll
0x00007ffc1cb10000 - 0x00007ffc1cb3f000 	C:\WINDOWS\SYSTEM32\dwmapi.dll
0x00007ffc1c930000 - 0x00007ffc1c9ce000 	C:\WINDOWS\system32\uxtheme.dll
0x00007ffc179a0000 - 0x00007ffc18096000 	C:\WINDOWS\SYSTEM32\d3d10warp.dll
0x00007ffc07af0000 - 0x00007ffc07b32000 	C:\Users\Melissa Morgan\Documents\javafx-sdk-21\bin\glass.dll
0x00007ffc200b0000 - 0x00007ffc2018a000 	C:\WINDOWS\System32\COMDLG32.dll
0x00007ffc21780000 - 0x00007ffc2184d000 	C:\WINDOWS\System32\OLEAUT32.dll
0x00007ffc20300000 - 0x00007ffc20414000 	C:\WINDOWS\System32\MSCTF.dll
0x00007ffc17960000 - 0x00007ffc1799b000 	C:\WINDOWS\SYSTEM32\dxcore.dll
0x00007ffc1f5f0000 - 0x00007ffc1f63e000 	C:\WINDOWS\System32\cfgmgr32.dll
0x00007ffc120e0000 - 0x00007ffc120f4000 	C:\Users\Melissa Morgan\Documents\javafx-sdk-21\bin\javafx_font.dll
0x00007ffc04d50000 - 0x00007ffc04fcf000 	C:\WINDOWS\SYSTEM32\dwrite.dll

dbghelp: loaded successfully - version: 4.0.5 - missing functions: none
symbol engine: initialized successfully - sym options: 0x614 - pdb path: .;C:\Program Files\Java\jdk-20\bin;C:\WINDOWS\SYSTEM32;C:\WINDOWS\WinSxS\amd64_microsoft.windows.common-controls_6595b64144ccf1df_6.0.19041.1110_none_60b5254171f9507e;C:\Program Files\Java\jdk-20\bin\server;C:\Users\Melissa Morgan\Documents\javafx-sdk-21\bin

VM Arguments:
jvm_args: -Dfile.encoding=UTF-8 -Dstdout.encoding=UTF-8 -Dstderr.encoding=UTF-8 --module-path=C:\Users\Melissa Morgan\Documents\GitHub\Pig_CPS261_Final\pig\bin;C:\Users\Melissa Morgan\Documents\javafx-sdk-21\lib\javafx.base.jar;C:\Users\Melissa Morgan\Documents\javafx-sdk-21\lib\javafx.controls.jar;C:\Users\Melissa Morgan\Documents\javafx-sdk-21\lib\javafx.fxml.jar;C:\Users\Melissa Morgan\Documents\javafx-sdk-21\lib\javafx.graphics.jar;C:\Users\Melissa Morgan\Documents\javafx-sdk-21\lib\javafx.media.jar;C:\Users\Melissa Morgan\Documents\javafx-sdk-21\lib\javafx.swing.jar;C:\Users\Melissa Morgan\Documents\javafx-sdk-21\lib\javafx.web.jar;C:\Users\Melissa Morgan\Documents\javafx-sdk-21\lib\javafx-swt.jar;C:\Users\Melissa Morgan\.p2\pool\plugins\org.eclipse.fx.ide.css.jfx8_3.10.0.202303150700.jar -XX:+ShowCodeDetailsInExceptionMessages -Djdk.module.main=pig 
java_command: pig/application.Main
java_class_path (initial): <not set>
Launcher Type: SUN_STANDARD

[Global flags]
     intx CICompilerCount                          = 3                                         {product} {ergonomic}
     uint ConcGCThreads                            = 1                                         {product} {ergonomic}
     uint G1ConcRefinementThreads                  = 4                                         {product} {ergonomic}
   size_t G1HeapRegionSize                         = 1048576                                   {product} {ergonomic}
    uintx GCDrainStackTargetSize                   = 64                                        {product} {ergonomic}
   size_t InitialHeapSize                          = 67108864                                  {product} {ergonomic}
   size_t MarkStackSize                            = 4194304                                   {product} {ergonomic}
   size_t MaxHeapSize                              = 1044381696                                {product} {ergonomic}
   size_t MaxNewSize                               = 625999872                                 {product} {ergonomic}
   size_t MinHeapDeltaBytes                        = 1048576                                   {product} {ergonomic}
   size_t MinHeapSize                              = 8388608                                   {product} {ergonomic}
    uintx NonNMethodCodeHeapSize                   = 5832780                                {pd product} {ergonomic}
    uintx NonProfiledCodeHeapSize                  = 122912730                              {pd product} {ergonomic}
    uintx ProfiledCodeHeapSize                     = 122912730                              {pd product} {ergonomic}
    uintx ReservedCodeCacheSize                    = 251658240                              {pd product} {ergonomic}
     bool SegmentedCodeCache                       = true                                      {product} {ergonomic}
     bool ShowCodeDetailsInExceptionMessages       = true                                   {manageable} {command line}
   size_t SoftMaxHeapSize                          = 1044381696                             {manageable} {ergonomic}
     bool UseCompressedClassPointers               = true                           {product lp64_product} {ergonomic}
     bool UseCompressedOops                        = true                           {product lp64_product} {ergonomic}
     bool UseG1GC                                  = true                                      {product} {ergonomic}
     bool UseLargePagesIndividualAllocation        = false                                  {pd product} {ergonomic}

Logging:
Log output configuration:
 #0: stdout all=warning uptime,level,tags foldmultilines=false
 #1: stderr all=off uptime,level,tags foldmultilines=false

Environment Variables:
PATH=C:/Program Files/Java/jdk-20/bin/server;C:/Program Files/Java/jdk-20/bin;C:\Program Files\Common Files\Oracle\Java\javapath;C:\WINDOWS\system32;C:\WINDOWS;C:\WINDOWS\System32\Wbem;C:\WINDOWS\System32\WindowsPowerShell\v1.0\;C:\WINDOWS\System32\OpenSSH\;C:\Program Files\Git\cmd;C:\Program Files\Microsoft SQL Server\Client SDK\ODBC\170\Tools\Binn\;C:\Program Files (x86)\Microsoft SQL Server\150\Tools\Binn\;C:\Program Files\Microsoft SQL Server\150\Tools\Binn\;C:\Program Files\Microsoft SQL Server\150\DTS\Binn\;C:\Program Files (x86)\Microsoft SQL Server\160\DTS\Binn\;C:\Program Files\Azure Data Studio\bin;C:\Users\Melissa Morgan\AppData\Local\Programs\Python\Python311\Scripts\;C:\Users\Melissa Morgan\AppData\Local\Programs\Python\Python311\;C:\Users\Melissa Morgan\AppData\Local\Microsoft\WindowsApps;C:\msys64\mingw64\bin;C:\Users\Melissa Morgan\AppData\Local\GitHubDesktop\bin;C:\Users\Melissa Morgan\AppData\Local\Programs\Microsoft VS Code\bin;C:\Program Files\Azure Data Studio\bin;C:\WINDOWS\system32;
USERNAME=Melissa Morgan
OS=Windows_NT
PROCESSOR_IDENTIFIER=Intel64 Family 6 Model 142 Stepping 9, GenuineIntel
TMP=C:\Users\MELISS~1\AppData\Local\Temp
TEMP=C:\Users\MELISS~1\AppData\Local\Temp




---------------  S Y S T E M  ---------------

OS:
 Windows 10 , 64 bit Build 19041 (10.0.19041.3031)
OS uptime: 0 days 0:40 hours

CPU: total 4 (initial active 4) (2 cores per cpu, 2 threads per core) family 6 model 142 stepping 9 microcode 0xf0, cx8, cmov, fxsr, ht, mmx, 3dnowpref, sse, sse2, sse3, ssse3, sse4.1, sse4.2, popcnt, lzcnt, tsc, tscinvbit, aes, erms, clmul, clflush, clflushopt, rdtscp

Memory: 4k page, system-wide physical 3980M (419M free)
TotalPageFile size 5380M (AvailPageFile size 59M)
current process WorkingSet (physical memory assigned to process): 228M, peak: 242M
current process commit charge ("private bytes"): 267M, peak: 339M

vm_info: Java HotSpot(TM) 64-Bit Server VM (20.0.1+9-29) for windows-amd64 JRE (20.0.1+9-29), built on 2023-03-07T13:56:11Z by "mach5one" with MS VC++ 17.1 (VS2022)

END.
